[2024-05-05T10:22:49.632+0000] {local_task_job_runner.py:120} INFO - ::group::Pre task execution logs
[2024-05-05T10:22:49.905+0000] {taskinstance.py:2073} INFO - Dependencies all met for dep_context=non-requeueable deps ti=<TaskInstance: example_complex.create_tag_template_result manual__2024-05-05T10:22:28.612296+00:00 [queued]>
[2024-05-05T10:22:49.951+0000] {taskinstance.py:2073} INFO - Dependencies all met for dep_context=requeueable deps ti=<TaskInstance: example_complex.create_tag_template_result manual__2024-05-05T10:22:28.612296+00:00 [queued]>
[2024-05-05T10:22:49.951+0000] {taskinstance.py:2303} INFO - Starting attempt 1 of 1
[2024-05-05T10:22:50.027+0000] {taskinstance.py:2327} INFO - Executing <Task(BashOperator): create_tag_template_result> on 2024-05-05 10:22:28.612296+00:00
[2024-05-05T10:22:50.080+0000] {standard_task_runner.py:90} INFO - Running: ['***', 'tasks', 'run', 'example_complex', 'create_tag_template_result', 'manual__2024-05-05T10:22:28.612296+00:00', '--job-id', '17', '--raw', '--subdir', '/home/***/.local/lib/python3.12/site-packages/***/example_dags/example_complex.py', '--cfg-path', '/tmp/tmpd_z6wypi']
[2024-05-05T10:22:50.100+0000] {logging_mixin.py:188} WARNING - /home/***/.local/lib/python3.12/site-packages/***/task/task_runner/standard_task_runner.py:61 DeprecationWarning: This process (pid=2045) is multi-threaded, use of fork() may lead to deadlocks in the child.
[2024-05-05T10:22:50.101+0000] {standard_task_runner.py:63} INFO - Started process 2073 to run task
[2024-05-05T10:22:50.099+0000] {standard_task_runner.py:91} INFO - Job 17: Subtask create_tag_template_result
[2024-05-05T10:22:50.401+0000] {task_command.py:426} INFO - Running <TaskInstance: example_complex.create_tag_template_result manual__2024-05-05T10:22:28.612296+00:00 [running]> on host b2b5d11d7cf5
[2024-05-05T10:22:50.713+0000] {taskinstance.py:2644} INFO - Exporting env vars: AIRFLOW_CTX_DAG_OWNER='***' AIRFLOW_CTX_DAG_ID='example_complex' AIRFLOW_CTX_TASK_ID='create_tag_template_result' AIRFLOW_CTX_EXECUTION_DATE='2024-05-05T10:22:28.612296+00:00' AIRFLOW_CTX_TRY_NUMBER='1' AIRFLOW_CTX_DAG_RUN_ID='manual__2024-05-05T10:22:28.612296+00:00'
[2024-05-05T10:22:50.718+0000] {taskinstance.py:430} INFO - ::endgroup::
[2024-05-05T10:22:50.719+0000] {subprocess.py:63} INFO - Tmp dir root location: /tmp
[2024-05-05T10:22:50.720+0000] {subprocess.py:75} INFO - Running command: ['/usr/bin/bash', '-c', 'echo create_tag_template_result']
[2024-05-05T10:22:50.779+0000] {subprocess.py:86} INFO - Output:
[2024-05-05T10:22:50.801+0000] {subprocess.py:93} INFO - create_tag_template_result
[2024-05-05T10:22:50.815+0000] {subprocess.py:97} INFO - Command exited with return code 0
[2024-05-05T10:22:50.815+0000] {taskinstance.py:441} INFO - ::group::Post task execution logs
[2024-05-05T10:22:50.880+0000] {taskinstance.py:1205} INFO - Marking task as SUCCESS. dag_id=example_complex, task_id=create_tag_template_result, execution_date=20240505T102228, start_date=20240505T102249, end_date=20240505T102250
[2024-05-05T10:22:50.960+0000] {local_task_job_runner.py:240} INFO - Task exited with return code 0
[2024-05-05T10:22:50.992+0000] {taskinstance.py:3482} INFO - 0 downstream tasks scheduled from follow-on schedule check
[2024-05-05T10:22:51.007+0000] {local_task_job_runner.py:222} INFO - ::endgroup::
