[2024-05-05T10:22:49.851+0000] {local_task_job_runner.py:120} INFO - ::group::Pre task execution logs
[2024-05-05T10:22:50.015+0000] {taskinstance.py:2073} INFO - Dependencies all met for dep_context=non-requeueable deps ti=<TaskInstance: example_complex.lookup_entry_result manual__2024-05-05T10:22:28.612296+00:00 [queued]>
[2024-05-05T10:22:50.076+0000] {taskinstance.py:2073} INFO - Dependencies all met for dep_context=requeueable deps ti=<TaskInstance: example_complex.lookup_entry_result manual__2024-05-05T10:22:28.612296+00:00 [queued]>
[2024-05-05T10:22:50.076+0000] {taskinstance.py:2303} INFO - Starting attempt 1 of 1
[2024-05-05T10:22:50.127+0000] {taskinstance.py:2327} INFO - Executing <Task(BashOperator): lookup_entry_result> on 2024-05-05 10:22:28.612296+00:00
[2024-05-05T10:22:50.214+0000] {logging_mixin.py:188} WARNING - /home/***/.local/lib/python3.12/site-packages/***/task/task_runner/standard_task_runner.py:61 DeprecationWarning: This process (pid=2044) is multi-threaded, use of fork() may lead to deadlocks in the child.
[2024-05-05T10:22:50.220+0000] {standard_task_runner.py:63} INFO - Started process 2074 to run task
[2024-05-05T10:22:50.284+0000] {standard_task_runner.py:90} INFO - Running: ['***', 'tasks', 'run', 'example_complex', 'lookup_entry_result', 'manual__2024-05-05T10:22:28.612296+00:00', '--job-id', '19', '--raw', '--subdir', '/home/***/.local/lib/python3.12/site-packages/***/example_dags/example_complex.py', '--cfg-path', '/tmp/tmp7cb57wpx']
[2024-05-05T10:22:50.312+0000] {standard_task_runner.py:91} INFO - Job 19: Subtask lookup_entry_result
[2024-05-05T10:22:50.478+0000] {task_command.py:426} INFO - Running <TaskInstance: example_complex.lookup_entry_result manual__2024-05-05T10:22:28.612296+00:00 [running]> on host b2b5d11d7cf5
[2024-05-05T10:22:50.784+0000] {taskinstance.py:2644} INFO - Exporting env vars: AIRFLOW_CTX_DAG_OWNER='***' AIRFLOW_CTX_DAG_ID='example_complex' AIRFLOW_CTX_TASK_ID='lookup_entry_result' AIRFLOW_CTX_EXECUTION_DATE='2024-05-05T10:22:28.612296+00:00' AIRFLOW_CTX_TRY_NUMBER='1' AIRFLOW_CTX_DAG_RUN_ID='manual__2024-05-05T10:22:28.612296+00:00'
[2024-05-05T10:22:50.786+0000] {taskinstance.py:430} INFO - ::endgroup::
[2024-05-05T10:22:50.787+0000] {subprocess.py:63} INFO - Tmp dir root location: /tmp
[2024-05-05T10:22:50.788+0000] {subprocess.py:75} INFO - Running command: ['/usr/bin/bash', '-c', 'echo lookup_entry_result']
[2024-05-05T10:22:50.915+0000] {subprocess.py:86} INFO - Output:
[2024-05-05T10:22:50.948+0000] {subprocess.py:93} INFO - lookup_entry_result
[2024-05-05T10:22:50.956+0000] {subprocess.py:97} INFO - Command exited with return code 0
[2024-05-05T10:22:50.957+0000] {taskinstance.py:441} INFO - ::group::Post task execution logs
[2024-05-05T10:22:51.025+0000] {taskinstance.py:1205} INFO - Marking task as SUCCESS. dag_id=example_complex, task_id=lookup_entry_result, execution_date=20240505T102228, start_date=20240505T102250, end_date=20240505T102251
[2024-05-05T10:22:51.099+0000] {local_task_job_runner.py:240} INFO - Task exited with return code 0
[2024-05-05T10:22:51.120+0000] {taskinstance.py:3482} INFO - 0 downstream tasks scheduled from follow-on schedule check
[2024-05-05T10:22:51.130+0000] {local_task_job_runner.py:222} INFO - ::endgroup::
