[2024-05-05T10:39:17.205+0000] {processor.py:161} INFO - Started process (PID=10750) to work on /opt/airflow/dags/hello.py
[2024-05-05T10:39:17.206+0000] {processor.py:830} INFO - Processing file /opt/airflow/dags/hello.py for tasks to queue
[2024-05-05T10:39:17.208+0000] {logging_mixin.py:188} INFO - [2024-05-05T10:39:17.207+0000] {dagbag.py:540} INFO - Filling up the DagBag from /opt/airflow/dags/hello.py
[2024-05-05T10:39:17.217+0000] {processor.py:840} INFO - DAG(s) 'hello' retrieved from /opt/airflow/dags/hello.py
[2024-05-05T10:39:17.376+0000] {logging_mixin.py:188} INFO - [2024-05-05T10:39:17.375+0000] {override.py:1829} INFO - Created Permission View: can delete on DAG:hello
[2024-05-05T10:39:17.406+0000] {logging_mixin.py:188} INFO - [2024-05-05T10:39:17.406+0000] {override.py:1829} INFO - Created Permission View: can edit on DAG:hello
[2024-05-05T10:39:17.422+0000] {logging_mixin.py:188} INFO - [2024-05-05T10:39:17.422+0000] {override.py:1829} INFO - Created Permission View: can read on DAG:hello
[2024-05-05T10:39:17.423+0000] {logging_mixin.py:188} INFO - [2024-05-05T10:39:17.423+0000] {dag.py:3096} INFO - Sync 1 DAGs
[2024-05-05T10:39:17.439+0000] {logging_mixin.py:188} INFO - [2024-05-05T10:39:17.438+0000] {dag.py:3118} INFO - Creating ORM DAG for hello
[2024-05-05T10:39:17.439+0000] {logging_mixin.py:188} INFO - [2024-05-05T10:39:17.439+0000] {dag.py:3954} INFO - Setting next_dagrun for hello to None, run_after=None
[2024-05-05T10:39:17.462+0000] {processor.py:183} INFO - Processing /opt/airflow/dags/hello.py took 0.263 seconds
[2024-05-05T10:39:21.761+0000] {processor.py:161} INFO - Started process (PID=10833) to work on /opt/airflow/dags/hello.py
[2024-05-05T10:39:21.762+0000] {processor.py:830} INFO - Processing file /opt/airflow/dags/hello.py for tasks to queue
[2024-05-05T10:39:21.764+0000] {logging_mixin.py:188} INFO - [2024-05-05T10:39:21.764+0000] {dagbag.py:540} INFO - Filling up the DagBag from /opt/airflow/dags/hello.py
[2024-05-05T10:39:21.772+0000] {processor.py:840} INFO - DAG(s) 'hello' retrieved from /opt/airflow/dags/hello.py
[2024-05-05T10:39:21.784+0000] {logging_mixin.py:188} INFO - [2024-05-05T10:39:21.784+0000] {dag.py:3096} INFO - Sync 1 DAGs
[2024-05-05T10:39:21.797+0000] {logging_mixin.py:188} INFO - [2024-05-05T10:39:21.797+0000] {dag.py:3954} INFO - Setting next_dagrun for hello to None, run_after=None
[2024-05-05T10:39:21.823+0000] {processor.py:183} INFO - Processing /opt/airflow/dags/hello.py took 0.069 seconds
[2024-05-05T10:39:52.207+0000] {processor.py:161} INFO - Started process (PID=11101) to work on /opt/airflow/dags/hello.py
[2024-05-05T10:39:52.210+0000] {processor.py:830} INFO - Processing file /opt/airflow/dags/hello.py for tasks to queue
[2024-05-05T10:39:52.211+0000] {logging_mixin.py:188} INFO - [2024-05-05T10:39:52.211+0000] {dagbag.py:540} INFO - Filling up the DagBag from /opt/airflow/dags/hello.py
[2024-05-05T10:39:52.221+0000] {processor.py:840} INFO - DAG(s) 'hello' retrieved from /opt/airflow/dags/hello.py
[2024-05-05T10:39:52.382+0000] {logging_mixin.py:188} INFO - [2024-05-05T10:39:52.382+0000] {dag.py:3096} INFO - Sync 1 DAGs
[2024-05-05T10:39:52.397+0000] {logging_mixin.py:188} INFO - [2024-05-05T10:39:52.396+0000] {dag.py:3954} INFO - Setting next_dagrun for hello to None, run_after=None
[2024-05-05T10:39:52.422+0000] {processor.py:183} INFO - Processing /opt/airflow/dags/hello.py took 0.222 seconds
[2024-05-05T10:40:22.542+0000] {processor.py:161} INFO - Started process (PID=11350) to work on /opt/airflow/dags/hello.py
[2024-05-05T10:40:22.543+0000] {processor.py:830} INFO - Processing file /opt/airflow/dags/hello.py for tasks to queue
[2024-05-05T10:40:22.545+0000] {logging_mixin.py:188} INFO - [2024-05-05T10:40:22.545+0000] {dagbag.py:540} INFO - Filling up the DagBag from /opt/airflow/dags/hello.py
[2024-05-05T10:40:22.551+0000] {processor.py:840} INFO - DAG(s) 'hello' retrieved from /opt/airflow/dags/hello.py
[2024-05-05T10:40:22.575+0000] {logging_mixin.py:188} INFO - [2024-05-05T10:40:22.574+0000] {dag.py:3096} INFO - Sync 1 DAGs
[2024-05-05T10:40:22.590+0000] {logging_mixin.py:188} INFO - [2024-05-05T10:40:22.590+0000] {dag.py:3954} INFO - Setting next_dagrun for hello to None, run_after=None
[2024-05-05T10:40:22.615+0000] {processor.py:183} INFO - Processing /opt/airflow/dags/hello.py took 0.079 seconds
[2024-05-05T10:40:33.192+0000] {processor.py:161} INFO - Started process (PID=11466) to work on /opt/airflow/dags/hello.py
[2024-05-05T10:40:33.193+0000] {processor.py:830} INFO - Processing file /opt/airflow/dags/hello.py for tasks to queue
[2024-05-05T10:40:33.195+0000] {logging_mixin.py:188} INFO - [2024-05-05T10:40:33.195+0000] {dagbag.py:540} INFO - Filling up the DagBag from /opt/airflow/dags/hello.py
[2024-05-05T10:40:33.200+0000] {processor.py:840} INFO - DAG(s) 'hello' retrieved from /opt/airflow/dags/hello.py
[2024-05-05T10:40:33.215+0000] {logging_mixin.py:188} INFO - [2024-05-05T10:40:33.215+0000] {dag.py:3096} INFO - Sync 1 DAGs
[2024-05-05T10:40:33.225+0000] {logging_mixin.py:188} INFO - [2024-05-05T10:40:33.225+0000] {dag.py:3954} INFO - Setting next_dagrun for hello to None, run_after=None
[2024-05-05T10:40:33.260+0000] {processor.py:183} INFO - Processing /opt/airflow/dags/hello.py took 0.073 seconds
[2024-05-05T10:40:41.866+0000] {processor.py:161} INFO - Started process (PID=11521) to work on /opt/airflow/dags/hello.py
[2024-05-05T10:40:41.867+0000] {processor.py:830} INFO - Processing file /opt/airflow/dags/hello.py for tasks to queue
[2024-05-05T10:40:41.869+0000] {logging_mixin.py:188} INFO - [2024-05-05T10:40:41.868+0000] {dagbag.py:540} INFO - Filling up the DagBag from /opt/airflow/dags/hello.py
[2024-05-05T10:40:41.875+0000] {processor.py:840} INFO - DAG(s) 'hello' retrieved from /opt/airflow/dags/hello.py
[2024-05-05T10:40:41.891+0000] {logging_mixin.py:188} INFO - [2024-05-05T10:40:41.891+0000] {dag.py:3096} INFO - Sync 1 DAGs
[2024-05-05T10:40:41.902+0000] {logging_mixin.py:188} INFO - [2024-05-05T10:40:41.901+0000] {dag.py:3954} INFO - Setting next_dagrun for hello to None, run_after=None
[2024-05-05T10:40:41.923+0000] {processor.py:183} INFO - Processing /opt/airflow/dags/hello.py took 0.062 seconds
[2024-05-05T10:40:47.443+0000] {processor.py:161} INFO - Started process (PID=11572) to work on /opt/airflow/dags/hello.py
[2024-05-05T10:40:47.443+0000] {processor.py:830} INFO - Processing file /opt/airflow/dags/hello.py for tasks to queue
[2024-05-05T10:40:47.445+0000] {logging_mixin.py:188} INFO - [2024-05-05T10:40:47.445+0000] {dagbag.py:540} INFO - Filling up the DagBag from /opt/airflow/dags/hello.py
[2024-05-05T10:40:47.452+0000] {processor.py:840} INFO - DAG(s) 'hello' retrieved from /opt/airflow/dags/hello.py
[2024-05-05T10:40:47.476+0000] {logging_mixin.py:188} INFO - [2024-05-05T10:40:47.475+0000] {dag.py:3096} INFO - Sync 1 DAGs
[2024-05-05T10:40:47.492+0000] {logging_mixin.py:188} INFO - [2024-05-05T10:40:47.492+0000] {dag.py:3954} INFO - Setting next_dagrun for hello to None, run_after=None
[2024-05-05T10:40:47.520+0000] {processor.py:183} INFO - Processing /opt/airflow/dags/hello.py took 0.084 seconds
[2024-05-05T10:40:49.752+0000] {processor.py:161} INFO - Started process (PID=11597) to work on /opt/airflow/dags/hello.py
[2024-05-05T10:40:49.755+0000] {processor.py:830} INFO - Processing file /opt/airflow/dags/hello.py for tasks to queue
[2024-05-05T10:40:49.757+0000] {logging_mixin.py:188} INFO - [2024-05-05T10:40:49.756+0000] {dagbag.py:540} INFO - Filling up the DagBag from /opt/airflow/dags/hello.py
[2024-05-05T10:40:49.765+0000] {processor.py:840} INFO - DAG(s) 'hello' retrieved from /opt/airflow/dags/hello.py
[2024-05-05T10:40:49.793+0000] {logging_mixin.py:188} INFO - [2024-05-05T10:40:49.793+0000] {dag.py:3096} INFO - Sync 1 DAGs
[2024-05-05T10:40:49.809+0000] {logging_mixin.py:188} INFO - [2024-05-05T10:40:49.809+0000] {dag.py:3954} INFO - Setting next_dagrun for hello to None, run_after=None
[2024-05-05T10:40:49.836+0000] {processor.py:183} INFO - Processing /opt/airflow/dags/hello.py took 0.096 seconds
[2024-05-05T10:41:13.478+0000] {processor.py:161} INFO - Started process (PID=11804) to work on /opt/airflow/dags/hello.py
[2024-05-05T10:41:13.478+0000] {processor.py:830} INFO - Processing file /opt/airflow/dags/hello.py for tasks to queue
[2024-05-05T10:41:13.480+0000] {logging_mixin.py:188} INFO - [2024-05-05T10:41:13.480+0000] {dagbag.py:540} INFO - Filling up the DagBag from /opt/airflow/dags/hello.py
[2024-05-05T10:41:13.487+0000] {processor.py:840} INFO - DAG(s) 'hello' retrieved from /opt/airflow/dags/hello.py
[2024-05-05T10:41:13.513+0000] {logging_mixin.py:188} INFO - [2024-05-05T10:41:13.513+0000] {dag.py:3096} INFO - Sync 1 DAGs
[2024-05-05T10:41:13.528+0000] {logging_mixin.py:188} INFO - [2024-05-05T10:41:13.528+0000] {dag.py:3954} INFO - Setting next_dagrun for hello to None, run_after=None
[2024-05-05T10:41:13.556+0000] {processor.py:183} INFO - Processing /opt/airflow/dags/hello.py took 0.084 seconds
[2024-05-05T10:41:44.020+0000] {processor.py:161} INFO - Started process (PID=12083) to work on /opt/airflow/dags/hello.py
[2024-05-05T10:41:44.020+0000] {processor.py:830} INFO - Processing file /opt/airflow/dags/hello.py for tasks to queue
[2024-05-05T10:41:44.022+0000] {logging_mixin.py:188} INFO - [2024-05-05T10:41:44.022+0000] {dagbag.py:540} INFO - Filling up the DagBag from /opt/airflow/dags/hello.py
[2024-05-05T10:41:44.028+0000] {processor.py:840} INFO - DAG(s) 'hello' retrieved from /opt/airflow/dags/hello.py
[2024-05-05T10:41:44.053+0000] {logging_mixin.py:188} INFO - [2024-05-05T10:41:44.053+0000] {dag.py:3096} INFO - Sync 1 DAGs
[2024-05-05T10:41:44.075+0000] {logging_mixin.py:188} INFO - [2024-05-05T10:41:44.075+0000] {dag.py:3954} INFO - Setting next_dagrun for hello to None, run_after=None
[2024-05-05T10:41:44.101+0000] {processor.py:183} INFO - Processing /opt/airflow/dags/hello.py took 0.088 seconds
[2024-05-05T10:42:14.831+0000] {processor.py:161} INFO - Started process (PID=12355) to work on /opt/airflow/dags/hello.py
[2024-05-05T10:42:14.832+0000] {processor.py:830} INFO - Processing file /opt/airflow/dags/hello.py for tasks to queue
[2024-05-05T10:42:14.833+0000] {logging_mixin.py:188} INFO - [2024-05-05T10:42:14.833+0000] {dagbag.py:540} INFO - Filling up the DagBag from /opt/airflow/dags/hello.py
[2024-05-05T10:42:14.840+0000] {processor.py:840} INFO - DAG(s) 'hello' retrieved from /opt/airflow/dags/hello.py
[2024-05-05T10:42:14.863+0000] {logging_mixin.py:188} INFO - [2024-05-05T10:42:14.863+0000] {dag.py:3096} INFO - Sync 1 DAGs
[2024-05-05T10:42:14.881+0000] {logging_mixin.py:188} INFO - [2024-05-05T10:42:14.881+0000] {dag.py:3954} INFO - Setting next_dagrun for hello to None, run_after=None
[2024-05-05T10:42:14.906+0000] {processor.py:183} INFO - Processing /opt/airflow/dags/hello.py took 0.082 seconds
[2024-05-05T10:42:45.741+0000] {processor.py:161} INFO - Started process (PID=12634) to work on /opt/airflow/dags/hello.py
[2024-05-05T10:42:45.742+0000] {processor.py:830} INFO - Processing file /opt/airflow/dags/hello.py for tasks to queue
[2024-05-05T10:42:45.744+0000] {logging_mixin.py:188} INFO - [2024-05-05T10:42:45.744+0000] {dagbag.py:540} INFO - Filling up the DagBag from /opt/airflow/dags/hello.py
[2024-05-05T10:42:45.750+0000] {processor.py:840} INFO - DAG(s) 'hello' retrieved from /opt/airflow/dags/hello.py
[2024-05-05T10:42:45.773+0000] {logging_mixin.py:188} INFO - [2024-05-05T10:42:45.773+0000] {dag.py:3096} INFO - Sync 1 DAGs
[2024-05-05T10:42:45.789+0000] {logging_mixin.py:188} INFO - [2024-05-05T10:42:45.789+0000] {dag.py:3954} INFO - Setting next_dagrun for hello to None, run_after=None
[2024-05-05T10:42:45.814+0000] {processor.py:183} INFO - Processing /opt/airflow/dags/hello.py took 0.079 seconds
[2024-05-05T10:43:16.505+0000] {processor.py:161} INFO - Started process (PID=12907) to work on /opt/airflow/dags/hello.py
[2024-05-05T10:43:16.506+0000] {processor.py:830} INFO - Processing file /opt/airflow/dags/hello.py for tasks to queue
[2024-05-05T10:43:16.507+0000] {logging_mixin.py:188} INFO - [2024-05-05T10:43:16.507+0000] {dagbag.py:540} INFO - Filling up the DagBag from /opt/airflow/dags/hello.py
[2024-05-05T10:43:16.513+0000] {processor.py:840} INFO - DAG(s) 'hello' retrieved from /opt/airflow/dags/hello.py
[2024-05-05T10:43:16.538+0000] {logging_mixin.py:188} INFO - [2024-05-05T10:43:16.537+0000] {dag.py:3096} INFO - Sync 1 DAGs
[2024-05-05T10:43:16.553+0000] {logging_mixin.py:188} INFO - [2024-05-05T10:43:16.553+0000] {dag.py:3954} INFO - Setting next_dagrun for hello to None, run_after=None
[2024-05-05T10:43:16.578+0000] {processor.py:183} INFO - Processing /opt/airflow/dags/hello.py took 0.080 seconds
[2024-05-05T10:43:47.207+0000] {processor.py:161} INFO - Started process (PID=13179) to work on /opt/airflow/dags/hello.py
[2024-05-05T10:43:47.208+0000] {processor.py:830} INFO - Processing file /opt/airflow/dags/hello.py for tasks to queue
[2024-05-05T10:43:47.226+0000] {logging_mixin.py:188} INFO - [2024-05-05T10:43:47.226+0000] {dagbag.py:540} INFO - Filling up the DagBag from /opt/airflow/dags/hello.py
[2024-05-05T10:43:47.232+0000] {processor.py:840} INFO - DAG(s) 'hello' retrieved from /opt/airflow/dags/hello.py
[2024-05-05T10:43:47.258+0000] {logging_mixin.py:188} INFO - [2024-05-05T10:43:47.258+0000] {dag.py:3096} INFO - Sync 1 DAGs
[2024-05-05T10:43:47.274+0000] {logging_mixin.py:188} INFO - [2024-05-05T10:43:47.274+0000] {dag.py:3954} INFO - Setting next_dagrun for hello to None, run_after=None
[2024-05-05T10:43:47.301+0000] {processor.py:183} INFO - Processing /opt/airflow/dags/hello.py took 0.100 seconds
[2024-05-05T10:44:17.946+0000] {processor.py:161} INFO - Started process (PID=13451) to work on /opt/airflow/dags/hello.py
[2024-05-05T10:44:17.947+0000] {processor.py:830} INFO - Processing file /opt/airflow/dags/hello.py for tasks to queue
[2024-05-05T10:44:17.949+0000] {logging_mixin.py:188} INFO - [2024-05-05T10:44:17.948+0000] {dagbag.py:540} INFO - Filling up the DagBag from /opt/airflow/dags/hello.py
[2024-05-05T10:44:17.955+0000] {processor.py:840} INFO - DAG(s) 'hello' retrieved from /opt/airflow/dags/hello.py
[2024-05-05T10:44:17.978+0000] {logging_mixin.py:188} INFO - [2024-05-05T10:44:17.978+0000] {dag.py:3096} INFO - Sync 1 DAGs
[2024-05-05T10:44:17.995+0000] {logging_mixin.py:188} INFO - [2024-05-05T10:44:17.995+0000] {dag.py:3954} INFO - Setting next_dagrun for hello to None, run_after=None
[2024-05-05T10:44:18.025+0000] {processor.py:183} INFO - Processing /opt/airflow/dags/hello.py took 0.085 seconds
[2024-05-05T10:44:48.544+0000] {processor.py:161} INFO - Started process (PID=13724) to work on /opt/airflow/dags/hello.py
[2024-05-05T10:44:48.545+0000] {processor.py:830} INFO - Processing file /opt/airflow/dags/hello.py for tasks to queue
[2024-05-05T10:44:48.547+0000] {logging_mixin.py:188} INFO - [2024-05-05T10:44:48.546+0000] {dagbag.py:540} INFO - Filling up the DagBag from /opt/airflow/dags/hello.py
[2024-05-05T10:44:48.553+0000] {processor.py:840} INFO - DAG(s) 'hello' retrieved from /opt/airflow/dags/hello.py
[2024-05-05T10:44:48.583+0000] {logging_mixin.py:188} INFO - [2024-05-05T10:44:48.582+0000] {dag.py:3096} INFO - Sync 1 DAGs
[2024-05-05T10:44:48.598+0000] {logging_mixin.py:188} INFO - [2024-05-05T10:44:48.598+0000] {dag.py:3954} INFO - Setting next_dagrun for hello to None, run_after=None
[2024-05-05T10:44:48.623+0000] {processor.py:183} INFO - Processing /opt/airflow/dags/hello.py took 0.085 seconds
[2024-05-05T10:45:19.036+0000] {processor.py:161} INFO - Started process (PID=13996) to work on /opt/airflow/dags/hello.py
[2024-05-05T10:45:19.037+0000] {processor.py:830} INFO - Processing file /opt/airflow/dags/hello.py for tasks to queue
[2024-05-05T10:45:19.039+0000] {logging_mixin.py:188} INFO - [2024-05-05T10:45:19.038+0000] {dagbag.py:540} INFO - Filling up the DagBag from /opt/airflow/dags/hello.py
[2024-05-05T10:45:19.045+0000] {processor.py:840} INFO - DAG(s) 'hello' retrieved from /opt/airflow/dags/hello.py
[2024-05-05T10:45:19.069+0000] {logging_mixin.py:188} INFO - [2024-05-05T10:45:19.069+0000] {dag.py:3096} INFO - Sync 1 DAGs
[2024-05-05T10:45:19.084+0000] {logging_mixin.py:188} INFO - [2024-05-05T10:45:19.084+0000] {dag.py:3954} INFO - Setting next_dagrun for hello to None, run_after=None
[2024-05-05T10:45:19.111+0000] {processor.py:183} INFO - Processing /opt/airflow/dags/hello.py took 0.081 seconds
[2024-05-05T10:45:49.973+0000] {processor.py:161} INFO - Started process (PID=14268) to work on /opt/airflow/dags/hello.py
[2024-05-05T10:45:49.974+0000] {processor.py:830} INFO - Processing file /opt/airflow/dags/hello.py for tasks to queue
[2024-05-05T10:45:49.975+0000] {logging_mixin.py:188} INFO - [2024-05-05T10:45:49.975+0000] {dagbag.py:540} INFO - Filling up the DagBag from /opt/airflow/dags/hello.py
[2024-05-05T10:45:49.986+0000] {processor.py:840} INFO - DAG(s) 'hello' retrieved from /opt/airflow/dags/hello.py
[2024-05-05T10:45:50.010+0000] {logging_mixin.py:188} INFO - [2024-05-05T10:45:50.010+0000] {dag.py:3096} INFO - Sync 1 DAGs
[2024-05-05T10:45:50.027+0000] {logging_mixin.py:188} INFO - [2024-05-05T10:45:50.027+0000] {dag.py:3954} INFO - Setting next_dagrun for hello to None, run_after=None
[2024-05-05T10:45:50.068+0000] {processor.py:183} INFO - Processing /opt/airflow/dags/hello.py took 0.104 seconds
[2024-05-05T10:46:20.102+0000] {processor.py:161} INFO - Started process (PID=14540) to work on /opt/airflow/dags/hello.py
[2024-05-05T10:46:20.103+0000] {processor.py:830} INFO - Processing file /opt/airflow/dags/hello.py for tasks to queue
[2024-05-05T10:46:20.104+0000] {logging_mixin.py:188} INFO - [2024-05-05T10:46:20.104+0000] {dagbag.py:540} INFO - Filling up the DagBag from /opt/airflow/dags/hello.py
[2024-05-05T10:46:20.109+0000] {processor.py:840} INFO - DAG(s) 'hello' retrieved from /opt/airflow/dags/hello.py
[2024-05-05T10:46:20.126+0000] {logging_mixin.py:188} INFO - [2024-05-05T10:46:20.126+0000] {dag.py:3096} INFO - Sync 1 DAGs
[2024-05-05T10:46:20.136+0000] {logging_mixin.py:188} INFO - [2024-05-05T10:46:20.136+0000] {dag.py:3954} INFO - Setting next_dagrun for hello to None, run_after=None
[2024-05-05T10:46:20.157+0000] {processor.py:183} INFO - Processing /opt/airflow/dags/hello.py took 0.059 seconds
[2024-05-05T10:46:50.301+0000] {processor.py:161} INFO - Started process (PID=14812) to work on /opt/airflow/dags/hello.py
[2024-05-05T10:46:50.302+0000] {processor.py:830} INFO - Processing file /opt/airflow/dags/hello.py for tasks to queue
[2024-05-05T10:46:50.304+0000] {logging_mixin.py:188} INFO - [2024-05-05T10:46:50.303+0000] {dagbag.py:540} INFO - Filling up the DagBag from /opt/airflow/dags/hello.py
[2024-05-05T10:46:50.310+0000] {processor.py:840} INFO - DAG(s) 'hello' retrieved from /opt/airflow/dags/hello.py
[2024-05-05T10:46:50.334+0000] {logging_mixin.py:188} INFO - [2024-05-05T10:46:50.334+0000] {dag.py:3096} INFO - Sync 1 DAGs
[2024-05-05T10:46:50.351+0000] {logging_mixin.py:188} INFO - [2024-05-05T10:46:50.350+0000] {dag.py:3954} INFO - Setting next_dagrun for hello to None, run_after=None
[2024-05-05T10:46:50.376+0000] {processor.py:183} INFO - Processing /opt/airflow/dags/hello.py took 0.082 seconds
[2024-05-05T10:47:21.348+0000] {processor.py:161} INFO - Started process (PID=15084) to work on /opt/airflow/dags/hello.py
[2024-05-05T10:47:21.349+0000] {processor.py:830} INFO - Processing file /opt/airflow/dags/hello.py for tasks to queue
[2024-05-05T10:47:21.351+0000] {logging_mixin.py:188} INFO - [2024-05-05T10:47:21.350+0000] {dagbag.py:540} INFO - Filling up the DagBag from /opt/airflow/dags/hello.py
[2024-05-05T10:47:21.358+0000] {processor.py:840} INFO - DAG(s) 'hello' retrieved from /opt/airflow/dags/hello.py
[2024-05-05T10:47:21.404+0000] {logging_mixin.py:188} INFO - [2024-05-05T10:47:21.404+0000] {dag.py:3096} INFO - Sync 1 DAGs
[2024-05-05T10:47:21.454+0000] {logging_mixin.py:188} INFO - [2024-05-05T10:47:21.454+0000] {dag.py:3954} INFO - Setting next_dagrun for hello to None, run_after=None
[2024-05-05T10:47:21.495+0000] {processor.py:183} INFO - Processing /opt/airflow/dags/hello.py took 0.154 seconds
[2024-05-05T10:47:51.549+0000] {processor.py:161} INFO - Started process (PID=15356) to work on /opt/airflow/dags/hello.py
[2024-05-05T10:47:51.550+0000] {processor.py:830} INFO - Processing file /opt/airflow/dags/hello.py for tasks to queue
[2024-05-05T10:47:51.552+0000] {logging_mixin.py:188} INFO - [2024-05-05T10:47:51.552+0000] {dagbag.py:540} INFO - Filling up the DagBag from /opt/airflow/dags/hello.py
[2024-05-05T10:47:51.558+0000] {processor.py:840} INFO - DAG(s) 'hello' retrieved from /opt/airflow/dags/hello.py
[2024-05-05T10:47:51.582+0000] {logging_mixin.py:188} INFO - [2024-05-05T10:47:51.582+0000] {dag.py:3096} INFO - Sync 1 DAGs
[2024-05-05T10:47:51.598+0000] {logging_mixin.py:188} INFO - [2024-05-05T10:47:51.598+0000] {dag.py:3954} INFO - Setting next_dagrun for hello to None, run_after=None
[2024-05-05T10:47:51.625+0000] {processor.py:183} INFO - Processing /opt/airflow/dags/hello.py took 0.082 seconds
[2024-05-05T10:48:21.679+0000] {processor.py:161} INFO - Started process (PID=15628) to work on /opt/airflow/dags/hello.py
[2024-05-05T10:48:21.681+0000] {processor.py:830} INFO - Processing file /opt/airflow/dags/hello.py for tasks to queue
[2024-05-05T10:48:21.683+0000] {logging_mixin.py:188} INFO - [2024-05-05T10:48:21.682+0000] {dagbag.py:540} INFO - Filling up the DagBag from /opt/airflow/dags/hello.py
[2024-05-05T10:48:21.689+0000] {processor.py:840} INFO - DAG(s) 'hello' retrieved from /opt/airflow/dags/hello.py
[2024-05-05T10:48:21.715+0000] {logging_mixin.py:188} INFO - [2024-05-05T10:48:21.715+0000] {dag.py:3096} INFO - Sync 1 DAGs
[2024-05-05T10:48:21.731+0000] {logging_mixin.py:188} INFO - [2024-05-05T10:48:21.731+0000] {dag.py:3954} INFO - Setting next_dagrun for hello to None, run_after=None
[2024-05-05T10:48:21.760+0000] {processor.py:183} INFO - Processing /opt/airflow/dags/hello.py took 0.087 seconds
[2024-05-05T10:48:52.445+0000] {processor.py:161} INFO - Started process (PID=15900) to work on /opt/airflow/dags/hello.py
[2024-05-05T10:48:52.446+0000] {processor.py:830} INFO - Processing file /opt/airflow/dags/hello.py for tasks to queue
[2024-05-05T10:48:52.448+0000] {logging_mixin.py:188} INFO - [2024-05-05T10:48:52.448+0000] {dagbag.py:540} INFO - Filling up the DagBag from /opt/airflow/dags/hello.py
[2024-05-05T10:48:52.454+0000] {processor.py:840} INFO - DAG(s) 'hello' retrieved from /opt/airflow/dags/hello.py
[2024-05-05T10:48:52.479+0000] {logging_mixin.py:188} INFO - [2024-05-05T10:48:52.479+0000] {dag.py:3096} INFO - Sync 1 DAGs
[2024-05-05T10:48:52.494+0000] {logging_mixin.py:188} INFO - [2024-05-05T10:48:52.494+0000] {dag.py:3954} INFO - Setting next_dagrun for hello to None, run_after=None
[2024-05-05T10:48:52.520+0000] {processor.py:183} INFO - Processing /opt/airflow/dags/hello.py took 0.081 seconds
[2024-05-05T10:49:23.348+0000] {processor.py:161} INFO - Started process (PID=16177) to work on /opt/airflow/dags/hello.py
[2024-05-05T10:49:23.349+0000] {processor.py:830} INFO - Processing file /opt/airflow/dags/hello.py for tasks to queue
[2024-05-05T10:49:23.351+0000] {logging_mixin.py:188} INFO - [2024-05-05T10:49:23.350+0000] {dagbag.py:540} INFO - Filling up the DagBag from /opt/airflow/dags/hello.py
[2024-05-05T10:49:23.357+0000] {processor.py:840} INFO - DAG(s) 'hello' retrieved from /opt/airflow/dags/hello.py
[2024-05-05T10:49:23.381+0000] {logging_mixin.py:188} INFO - [2024-05-05T10:49:23.381+0000] {dag.py:3096} INFO - Sync 1 DAGs
[2024-05-05T10:49:23.396+0000] {logging_mixin.py:188} INFO - [2024-05-05T10:49:23.396+0000] {dag.py:3954} INFO - Setting next_dagrun for hello to None, run_after=None
[2024-05-05T10:49:23.424+0000] {processor.py:183} INFO - Processing /opt/airflow/dags/hello.py took 0.082 seconds
[2024-05-05T10:49:53.652+0000] {processor.py:161} INFO - Started process (PID=16454) to work on /opt/airflow/dags/hello.py
[2024-05-05T10:49:53.653+0000] {processor.py:830} INFO - Processing file /opt/airflow/dags/hello.py for tasks to queue
[2024-05-05T10:49:53.655+0000] {logging_mixin.py:188} INFO - [2024-05-05T10:49:53.654+0000] {dagbag.py:540} INFO - Filling up the DagBag from /opt/airflow/dags/hello.py
[2024-05-05T10:49:53.661+0000] {processor.py:840} INFO - DAG(s) 'hello' retrieved from /opt/airflow/dags/hello.py
[2024-05-05T10:49:53.684+0000] {logging_mixin.py:188} INFO - [2024-05-05T10:49:53.684+0000] {dag.py:3096} INFO - Sync 1 DAGs
[2024-05-05T10:49:53.702+0000] {logging_mixin.py:188} INFO - [2024-05-05T10:49:53.702+0000] {dag.py:3954} INFO - Setting next_dagrun for hello to None, run_after=None
[2024-05-05T10:49:53.726+0000] {processor.py:183} INFO - Processing /opt/airflow/dags/hello.py took 0.081 seconds
[2024-05-05T10:50:24.397+0000] {processor.py:161} INFO - Started process (PID=16731) to work on /opt/airflow/dags/hello.py
[2024-05-05T10:50:24.398+0000] {processor.py:830} INFO - Processing file /opt/airflow/dags/hello.py for tasks to queue
[2024-05-05T10:50:24.400+0000] {logging_mixin.py:188} INFO - [2024-05-05T10:50:24.399+0000] {dagbag.py:540} INFO - Filling up the DagBag from /opt/airflow/dags/hello.py
[2024-05-05T10:50:24.406+0000] {processor.py:840} INFO - DAG(s) 'hello' retrieved from /opt/airflow/dags/hello.py
[2024-05-05T10:50:24.433+0000] {logging_mixin.py:188} INFO - [2024-05-05T10:50:24.432+0000] {dag.py:3096} INFO - Sync 1 DAGs
[2024-05-05T10:50:24.449+0000] {logging_mixin.py:188} INFO - [2024-05-05T10:50:24.449+0000] {dag.py:3954} INFO - Setting next_dagrun for hello to None, run_after=None
[2024-05-05T10:50:24.474+0000] {processor.py:183} INFO - Processing /opt/airflow/dags/hello.py took 0.083 seconds
[2024-05-05T10:50:54.913+0000] {processor.py:161} INFO - Started process (PID=17008) to work on /opt/airflow/dags/hello.py
[2024-05-05T10:50:54.914+0000] {processor.py:830} INFO - Processing file /opt/airflow/dags/hello.py for tasks to queue
[2024-05-05T10:50:54.916+0000] {logging_mixin.py:188} INFO - [2024-05-05T10:50:54.916+0000] {dagbag.py:540} INFO - Filling up the DagBag from /opt/airflow/dags/hello.py
[2024-05-05T10:50:54.922+0000] {processor.py:840} INFO - DAG(s) 'hello' retrieved from /opt/airflow/dags/hello.py
[2024-05-05T10:50:54.967+0000] {logging_mixin.py:188} INFO - [2024-05-05T10:50:54.967+0000] {dag.py:3096} INFO - Sync 1 DAGs
[2024-05-05T10:50:54.984+0000] {logging_mixin.py:188} INFO - [2024-05-05T10:50:54.983+0000] {dag.py:3954} INFO - Setting next_dagrun for hello to None, run_after=None
[2024-05-05T10:50:55.008+0000] {processor.py:183} INFO - Processing /opt/airflow/dags/hello.py took 0.102 seconds
[2024-05-05T10:51:25.731+0000] {processor.py:161} INFO - Started process (PID=17285) to work on /opt/airflow/dags/hello.py
[2024-05-05T10:51:25.732+0000] {processor.py:830} INFO - Processing file /opt/airflow/dags/hello.py for tasks to queue
[2024-05-05T10:51:25.733+0000] {logging_mixin.py:188} INFO - [2024-05-05T10:51:25.733+0000] {dagbag.py:540} INFO - Filling up the DagBag from /opt/airflow/dags/hello.py
[2024-05-05T10:51:25.739+0000] {processor.py:840} INFO - DAG(s) 'hello' retrieved from /opt/airflow/dags/hello.py
[2024-05-05T10:51:25.763+0000] {logging_mixin.py:188} INFO - [2024-05-05T10:51:25.763+0000] {dag.py:3096} INFO - Sync 1 DAGs
[2024-05-05T10:51:25.790+0000] {logging_mixin.py:188} INFO - [2024-05-05T10:51:25.790+0000] {dag.py:3954} INFO - Setting next_dagrun for hello to None, run_after=None
[2024-05-05T10:51:25.840+0000] {processor.py:183} INFO - Processing /opt/airflow/dags/hello.py took 0.116 seconds
[2024-05-05T10:51:55.904+0000] {processor.py:161} INFO - Started process (PID=17562) to work on /opt/airflow/dags/hello.py
[2024-05-05T10:51:55.905+0000] {processor.py:830} INFO - Processing file /opt/airflow/dags/hello.py for tasks to queue
[2024-05-05T10:51:55.906+0000] {logging_mixin.py:188} INFO - [2024-05-05T10:51:55.906+0000] {dagbag.py:540} INFO - Filling up the DagBag from /opt/airflow/dags/hello.py
[2024-05-05T10:51:55.911+0000] {processor.py:840} INFO - DAG(s) 'hello' retrieved from /opt/airflow/dags/hello.py
[2024-05-05T10:51:55.927+0000] {logging_mixin.py:188} INFO - [2024-05-05T10:51:55.927+0000] {dag.py:3096} INFO - Sync 1 DAGs
[2024-05-05T10:51:55.938+0000] {logging_mixin.py:188} INFO - [2024-05-05T10:51:55.937+0000] {dag.py:3954} INFO - Setting next_dagrun for hello to None, run_after=None
[2024-05-05T10:51:55.959+0000] {processor.py:183} INFO - Processing /opt/airflow/dags/hello.py took 0.060 seconds
[2024-05-05T10:52:27.483+0000] {processor.py:161} INFO - Started process (PID=17819) to work on /opt/airflow/dags/hello.py
[2024-05-05T10:52:27.500+0000] {processor.py:830} INFO - Processing file /opt/airflow/dags/hello.py for tasks to queue
[2024-05-05T10:52:27.518+0000] {logging_mixin.py:188} INFO - [2024-05-05T10:52:27.518+0000] {dagbag.py:540} INFO - Filling up the DagBag from /opt/airflow/dags/hello.py
[2024-05-05T10:52:27.559+0000] {processor.py:840} INFO - DAG(s) 'hello' retrieved from /opt/airflow/dags/hello.py
[2024-05-05T10:52:27.786+0000] {logging_mixin.py:188} INFO - [2024-05-05T10:52:27.785+0000] {dag.py:3096} INFO - Sync 1 DAGs
[2024-05-05T10:52:27.930+0000] {logging_mixin.py:188} INFO - [2024-05-05T10:52:27.923+0000] {dag.py:3954} INFO - Setting next_dagrun for hello to None, run_after=None
[2024-05-05T10:52:28.099+0000] {processor.py:183} INFO - Processing /opt/airflow/dags/hello.py took 0.635 seconds
[2024-05-05T10:52:58.855+0000] {processor.py:161} INFO - Started process (PID=18134) to work on /opt/airflow/dags/hello.py
[2024-05-05T10:52:58.855+0000] {processor.py:830} INFO - Processing file /opt/airflow/dags/hello.py for tasks to queue
[2024-05-05T10:52:58.857+0000] {logging_mixin.py:188} INFO - [2024-05-05T10:52:58.856+0000] {dagbag.py:540} INFO - Filling up the DagBag from /opt/airflow/dags/hello.py
[2024-05-05T10:52:58.861+0000] {processor.py:840} INFO - DAG(s) 'hello' retrieved from /opt/airflow/dags/hello.py
[2024-05-05T10:52:58.877+0000] {logging_mixin.py:188} INFO - [2024-05-05T10:52:58.877+0000] {dag.py:3096} INFO - Sync 1 DAGs
[2024-05-05T10:52:58.888+0000] {logging_mixin.py:188} INFO - [2024-05-05T10:52:58.888+0000] {dag.py:3954} INFO - Setting next_dagrun for hello to None, run_after=None
[2024-05-05T10:52:58.908+0000] {processor.py:183} INFO - Processing /opt/airflow/dags/hello.py took 0.059 seconds
[2024-05-05T10:53:29.629+0000] {processor.py:161} INFO - Started process (PID=18411) to work on /opt/airflow/dags/hello.py
[2024-05-05T10:53:29.630+0000] {processor.py:830} INFO - Processing file /opt/airflow/dags/hello.py for tasks to queue
[2024-05-05T10:53:29.631+0000] {logging_mixin.py:188} INFO - [2024-05-05T10:53:29.631+0000] {dagbag.py:540} INFO - Filling up the DagBag from /opt/airflow/dags/hello.py
[2024-05-05T10:53:29.637+0000] {processor.py:840} INFO - DAG(s) 'hello' retrieved from /opt/airflow/dags/hello.py
[2024-05-05T10:53:29.667+0000] {logging_mixin.py:188} INFO - [2024-05-05T10:53:29.667+0000] {dag.py:3096} INFO - Sync 1 DAGs
[2024-05-05T10:53:29.685+0000] {logging_mixin.py:188} INFO - [2024-05-05T10:53:29.684+0000] {dag.py:3954} INFO - Setting next_dagrun for hello to None, run_after=None
[2024-05-05T10:53:29.709+0000] {processor.py:183} INFO - Processing /opt/airflow/dags/hello.py took 0.085 seconds
[2024-05-05T10:53:59.921+0000] {processor.py:161} INFO - Started process (PID=18694) to work on /opt/airflow/dags/hello.py
[2024-05-05T10:53:59.922+0000] {processor.py:830} INFO - Processing file /opt/airflow/dags/hello.py for tasks to queue
[2024-05-05T10:53:59.923+0000] {logging_mixin.py:188} INFO - [2024-05-05T10:53:59.923+0000] {dagbag.py:540} INFO - Filling up the DagBag from /opt/airflow/dags/hello.py
[2024-05-05T10:53:59.928+0000] {processor.py:840} INFO - DAG(s) 'hello' retrieved from /opt/airflow/dags/hello.py
[2024-05-05T10:53:59.943+0000] {logging_mixin.py:188} INFO - [2024-05-05T10:53:59.943+0000] {dag.py:3096} INFO - Sync 1 DAGs
[2024-05-05T10:53:59.953+0000] {logging_mixin.py:188} INFO - [2024-05-05T10:53:59.953+0000] {dag.py:3954} INFO - Setting next_dagrun for hello to None, run_after=None
[2024-05-05T10:53:59.973+0000] {processor.py:183} INFO - Processing /opt/airflow/dags/hello.py took 0.056 seconds
[2024-05-05T10:54:34.853+0000] {processor.py:161} INFO - Started process (PID=19015) to work on /opt/airflow/dags/hello.py
[2024-05-05T10:54:34.864+0000] {processor.py:830} INFO - Processing file /opt/airflow/dags/hello.py for tasks to queue
[2024-05-05T10:54:34.872+0000] {logging_mixin.py:188} INFO - [2024-05-05T10:54:34.872+0000] {dagbag.py:540} INFO - Filling up the DagBag from /opt/airflow/dags/hello.py
[2024-05-05T10:54:34.923+0000] {processor.py:840} INFO - DAG(s) 'hello' retrieved from /opt/airflow/dags/hello.py
[2024-05-05T10:54:35.057+0000] {logging_mixin.py:188} INFO - [2024-05-05T10:54:35.057+0000] {dag.py:3096} INFO - Sync 1 DAGs
[2024-05-05T10:54:35.197+0000] {logging_mixin.py:188} INFO - [2024-05-05T10:54:35.197+0000] {dag.py:3954} INFO - Setting next_dagrun for hello to None, run_after=None
[2024-05-05T10:54:35.320+0000] {processor.py:183} INFO - Processing /opt/airflow/dags/hello.py took 0.514 seconds
[2024-05-05T10:55:05.760+0000] {processor.py:161} INFO - Started process (PID=19286) to work on /opt/airflow/dags/hello.py
[2024-05-05T10:55:05.761+0000] {processor.py:830} INFO - Processing file /opt/airflow/dags/hello.py for tasks to queue
[2024-05-05T10:55:05.762+0000] {logging_mixin.py:188} INFO - [2024-05-05T10:55:05.762+0000] {dagbag.py:540} INFO - Filling up the DagBag from /opt/airflow/dags/hello.py
[2024-05-05T10:55:05.768+0000] {processor.py:840} INFO - DAG(s) 'hello' retrieved from /opt/airflow/dags/hello.py
[2024-05-05T10:55:05.790+0000] {logging_mixin.py:188} INFO - [2024-05-05T10:55:05.790+0000] {dag.py:3096} INFO - Sync 1 DAGs
[2024-05-05T10:55:05.809+0000] {logging_mixin.py:188} INFO - [2024-05-05T10:55:05.809+0000] {dag.py:3954} INFO - Setting next_dagrun for hello to None, run_after=None
[2024-05-05T10:55:05.834+0000] {processor.py:183} INFO - Processing /opt/airflow/dags/hello.py took 0.080 seconds
[2024-05-05T10:55:36.285+0000] {processor.py:161} INFO - Started process (PID=19562) to work on /opt/airflow/dags/hello.py
[2024-05-05T10:55:36.286+0000] {processor.py:830} INFO - Processing file /opt/airflow/dags/hello.py for tasks to queue
[2024-05-05T10:55:36.288+0000] {logging_mixin.py:188} INFO - [2024-05-05T10:55:36.288+0000] {dagbag.py:540} INFO - Filling up the DagBag from /opt/airflow/dags/hello.py
[2024-05-05T10:55:36.294+0000] {processor.py:840} INFO - DAG(s) 'hello' retrieved from /opt/airflow/dags/hello.py
[2024-05-05T10:55:36.317+0000] {logging_mixin.py:188} INFO - [2024-05-05T10:55:36.317+0000] {dag.py:3096} INFO - Sync 1 DAGs
[2024-05-05T10:55:36.333+0000] {logging_mixin.py:188} INFO - [2024-05-05T10:55:36.333+0000] {dag.py:3954} INFO - Setting next_dagrun for hello to None, run_after=None
[2024-05-05T10:55:36.359+0000] {processor.py:183} INFO - Processing /opt/airflow/dags/hello.py took 0.080 seconds
[2024-05-05T10:56:06.849+0000] {processor.py:161} INFO - Started process (PID=19839) to work on /opt/airflow/dags/hello.py
[2024-05-05T10:56:06.850+0000] {processor.py:830} INFO - Processing file /opt/airflow/dags/hello.py for tasks to queue
[2024-05-05T10:56:06.852+0000] {logging_mixin.py:188} INFO - [2024-05-05T10:56:06.851+0000] {dagbag.py:540} INFO - Filling up the DagBag from /opt/airflow/dags/hello.py
[2024-05-05T10:56:06.858+0000] {processor.py:840} INFO - DAG(s) 'hello' retrieved from /opt/airflow/dags/hello.py
[2024-05-05T10:56:06.884+0000] {logging_mixin.py:188} INFO - [2024-05-05T10:56:06.884+0000] {dag.py:3096} INFO - Sync 1 DAGs
[2024-05-05T10:56:06.901+0000] {logging_mixin.py:188} INFO - [2024-05-05T10:56:06.900+0000] {dag.py:3954} INFO - Setting next_dagrun for hello to None, run_after=None
[2024-05-05T10:56:06.927+0000] {processor.py:183} INFO - Processing /opt/airflow/dags/hello.py took 0.085 seconds
[2024-05-05T10:56:37.483+0000] {processor.py:161} INFO - Started process (PID=20116) to work on /opt/airflow/dags/hello.py
[2024-05-05T10:56:37.484+0000] {processor.py:830} INFO - Processing file /opt/airflow/dags/hello.py for tasks to queue
[2024-05-05T10:56:37.485+0000] {logging_mixin.py:188} INFO - [2024-05-05T10:56:37.485+0000] {dagbag.py:540} INFO - Filling up the DagBag from /opt/airflow/dags/hello.py
[2024-05-05T10:56:37.491+0000] {processor.py:840} INFO - DAG(s) 'hello' retrieved from /opt/airflow/dags/hello.py
[2024-05-05T10:56:37.518+0000] {logging_mixin.py:188} INFO - [2024-05-05T10:56:37.518+0000] {dag.py:3096} INFO - Sync 1 DAGs
[2024-05-05T10:56:37.535+0000] {logging_mixin.py:188} INFO - [2024-05-05T10:56:37.534+0000] {dag.py:3954} INFO - Setting next_dagrun for hello to None, run_after=None
[2024-05-05T10:56:37.561+0000] {processor.py:183} INFO - Processing /opt/airflow/dags/hello.py took 0.089 seconds
[2024-05-05T10:57:07.705+0000] {processor.py:161} INFO - Started process (PID=20393) to work on /opt/airflow/dags/hello.py
[2024-05-05T10:57:07.705+0000] {processor.py:830} INFO - Processing file /opt/airflow/dags/hello.py for tasks to queue
[2024-05-05T10:57:07.707+0000] {logging_mixin.py:188} INFO - [2024-05-05T10:57:07.707+0000] {dagbag.py:540} INFO - Filling up the DagBag from /opt/airflow/dags/hello.py
[2024-05-05T10:57:07.713+0000] {processor.py:840} INFO - DAG(s) 'hello' retrieved from /opt/airflow/dags/hello.py
[2024-05-05T10:57:07.737+0000] {logging_mixin.py:188} INFO - [2024-05-05T10:57:07.737+0000] {dag.py:3096} INFO - Sync 1 DAGs
[2024-05-05T10:57:07.753+0000] {logging_mixin.py:188} INFO - [2024-05-05T10:57:07.753+0000] {dag.py:3954} INFO - Setting next_dagrun for hello to None, run_after=None
[2024-05-05T10:57:07.779+0000] {processor.py:183} INFO - Processing /opt/airflow/dags/hello.py took 0.081 seconds
[2024-05-05T10:57:37.845+0000] {processor.py:161} INFO - Started process (PID=20671) to work on /opt/airflow/dags/hello.py
[2024-05-05T10:57:37.846+0000] {processor.py:830} INFO - Processing file /opt/airflow/dags/hello.py for tasks to queue
[2024-05-05T10:57:37.847+0000] {logging_mixin.py:188} INFO - [2024-05-05T10:57:37.847+0000] {dagbag.py:540} INFO - Filling up the DagBag from /opt/airflow/dags/hello.py
[2024-05-05T10:57:37.851+0000] {processor.py:840} INFO - DAG(s) 'hello' retrieved from /opt/airflow/dags/hello.py
[2024-05-05T10:57:37.868+0000] {logging_mixin.py:188} INFO - [2024-05-05T10:57:37.867+0000] {dag.py:3096} INFO - Sync 1 DAGs
[2024-05-05T10:57:37.881+0000] {logging_mixin.py:188} INFO - [2024-05-05T10:57:37.881+0000] {dag.py:3954} INFO - Setting next_dagrun for hello to None, run_after=None
[2024-05-05T10:57:37.905+0000] {processor.py:183} INFO - Processing /opt/airflow/dags/hello.py took 0.064 seconds
[2024-05-05T10:58:08.317+0000] {processor.py:161} INFO - Started process (PID=20958) to work on /opt/airflow/dags/hello.py
[2024-05-05T10:58:08.318+0000] {processor.py:830} INFO - Processing file /opt/airflow/dags/hello.py for tasks to queue
[2024-05-05T10:58:08.320+0000] {logging_mixin.py:188} INFO - [2024-05-05T10:58:08.319+0000] {dagbag.py:540} INFO - Filling up the DagBag from /opt/airflow/dags/hello.py
[2024-05-05T10:58:08.325+0000] {processor.py:840} INFO - DAG(s) 'hello' retrieved from /opt/airflow/dags/hello.py
[2024-05-05T10:58:08.348+0000] {logging_mixin.py:188} INFO - [2024-05-05T10:58:08.348+0000] {dag.py:3096} INFO - Sync 1 DAGs
[2024-05-05T10:58:08.364+0000] {logging_mixin.py:188} INFO - [2024-05-05T10:58:08.364+0000] {dag.py:3954} INFO - Setting next_dagrun for hello to None, run_after=None
[2024-05-05T10:58:08.391+0000] {processor.py:183} INFO - Processing /opt/airflow/dags/hello.py took 0.080 seconds
[2024-05-05T10:58:38.989+0000] {processor.py:161} INFO - Started process (PID=21246) to work on /opt/airflow/dags/hello.py
[2024-05-05T10:58:38.990+0000] {processor.py:830} INFO - Processing file /opt/airflow/dags/hello.py for tasks to queue
[2024-05-05T10:58:38.992+0000] {logging_mixin.py:188} INFO - [2024-05-05T10:58:38.992+0000] {dagbag.py:540} INFO - Filling up the DagBag from /opt/airflow/dags/hello.py
[2024-05-05T10:58:38.998+0000] {processor.py:840} INFO - DAG(s) 'hello' retrieved from /opt/airflow/dags/hello.py
[2024-05-05T10:58:39.021+0000] {logging_mixin.py:188} INFO - [2024-05-05T10:58:39.020+0000] {dag.py:3096} INFO - Sync 1 DAGs
[2024-05-05T10:58:39.037+0000] {logging_mixin.py:188} INFO - [2024-05-05T10:58:39.037+0000] {dag.py:3954} INFO - Setting next_dagrun for hello to None, run_after=None
[2024-05-05T10:58:39.065+0000] {processor.py:183} INFO - Processing /opt/airflow/dags/hello.py took 0.083 seconds
[2024-05-05T10:59:09.204+0000] {processor.py:161} INFO - Started process (PID=21585) to work on /opt/airflow/dags/hello.py
[2024-05-05T10:59:09.205+0000] {processor.py:830} INFO - Processing file /opt/airflow/dags/hello.py for tasks to queue
[2024-05-05T10:59:09.206+0000] {logging_mixin.py:188} INFO - [2024-05-05T10:59:09.206+0000] {dagbag.py:540} INFO - Filling up the DagBag from /opt/airflow/dags/hello.py
[2024-05-05T10:59:09.211+0000] {processor.py:840} INFO - DAG(s) 'hello' retrieved from /opt/airflow/dags/hello.py
[2024-05-05T10:59:09.227+0000] {logging_mixin.py:188} INFO - [2024-05-05T10:59:09.227+0000] {dag.py:3096} INFO - Sync 1 DAGs
[2024-05-05T10:59:09.238+0000] {logging_mixin.py:188} INFO - [2024-05-05T10:59:09.238+0000] {dag.py:3954} INFO - Setting next_dagrun for hello to None, run_after=None
[2024-05-05T10:59:09.257+0000] {processor.py:183} INFO - Processing /opt/airflow/dags/hello.py took 0.057 seconds
[2024-05-05T10:59:39.339+0000] {processor.py:161} INFO - Started process (PID=21863) to work on /opt/airflow/dags/hello.py
[2024-05-05T10:59:39.340+0000] {processor.py:830} INFO - Processing file /opt/airflow/dags/hello.py for tasks to queue
[2024-05-05T10:59:39.341+0000] {logging_mixin.py:188} INFO - [2024-05-05T10:59:39.341+0000] {dagbag.py:540} INFO - Filling up the DagBag from /opt/airflow/dags/hello.py
[2024-05-05T10:59:39.347+0000] {processor.py:840} INFO - DAG(s) 'hello' retrieved from /opt/airflow/dags/hello.py
[2024-05-05T10:59:39.373+0000] {logging_mixin.py:188} INFO - [2024-05-05T10:59:39.373+0000] {dag.py:3096} INFO - Sync 1 DAGs
[2024-05-05T10:59:39.388+0000] {logging_mixin.py:188} INFO - [2024-05-05T10:59:39.388+0000] {dag.py:3954} INFO - Setting next_dagrun for hello to None, run_after=None
[2024-05-05T10:59:39.414+0000] {processor.py:183} INFO - Processing /opt/airflow/dags/hello.py took 0.081 seconds
