[2024-05-05T10:29:16.200+0000] {processor.py:161} INFO - Started process (PID=5545) to work on /opt/airflow/dags/my_first_dag.py
[2024-05-05T10:29:16.201+0000] {processor.py:830} INFO - Processing file /opt/airflow/dags/my_first_dag.py for tasks to queue
[2024-05-05T10:29:16.202+0000] {logging_mixin.py:188} INFO - [2024-05-05T10:29:16.202+0000] {dagbag.py:540} INFO - Filling up the DagBag from /opt/airflow/dags/my_first_dag.py
[2024-05-05T10:29:16.206+0000] {processor.py:840} INFO - DAG(s) 'my_first_dag' retrieved from /opt/airflow/dags/my_first_dag.py
[2024-05-05T10:29:16.312+0000] {logging_mixin.py:188} INFO - [2024-05-05T10:29:16.312+0000] {override.py:1829} INFO - Created Permission View: can delete on DAG:my_first_dag
[2024-05-05T10:29:16.326+0000] {logging_mixin.py:188} INFO - [2024-05-05T10:29:16.325+0000] {override.py:1829} INFO - Created Permission View: can edit on DAG:my_first_dag
[2024-05-05T10:29:16.337+0000] {logging_mixin.py:188} INFO - [2024-05-05T10:29:16.337+0000] {override.py:1829} INFO - Created Permission View: can read on DAG:my_first_dag
[2024-05-05T10:29:16.338+0000] {logging_mixin.py:188} INFO - [2024-05-05T10:29:16.338+0000] {dag.py:3096} INFO - Sync 1 DAGs
[2024-05-05T10:29:16.346+0000] {logging_mixin.py:188} INFO - [2024-05-05T10:29:16.346+0000] {dag.py:3118} INFO - Creating ORM DAG for my_first_dag
[2024-05-05T10:29:16.347+0000] {logging_mixin.py:188} INFO - [2024-05-05T10:29:16.347+0000] {dag.py:3954} INFO - Setting next_dagrun for my_first_dag to None, run_after=None
[2024-05-05T10:29:16.365+0000] {processor.py:183} INFO - Processing /opt/airflow/dags/my_first_dag.py took 0.169 seconds
[2024-05-05T10:29:40.228+0000] {processor.py:161} INFO - Started process (PID=5792) to work on /opt/airflow/dags/my_first_dag.py
[2024-05-05T10:29:40.228+0000] {processor.py:830} INFO - Processing file /opt/airflow/dags/my_first_dag.py for tasks to queue
[2024-05-05T10:29:40.230+0000] {logging_mixin.py:188} INFO - [2024-05-05T10:29:40.230+0000] {dagbag.py:540} INFO - Filling up the DagBag from /opt/airflow/dags/my_first_dag.py
[2024-05-05T10:29:40.236+0000] {processor.py:840} INFO - DAG(s) 'my_first_dag' retrieved from /opt/airflow/dags/my_first_dag.py
[2024-05-05T10:29:40.252+0000] {logging_mixin.py:188} INFO - [2024-05-05T10:29:40.251+0000] {dag.py:3096} INFO - Sync 1 DAGs
[2024-05-05T10:29:40.267+0000] {logging_mixin.py:188} INFO - [2024-05-05T10:29:40.267+0000] {dag.py:3954} INFO - Setting next_dagrun for my_first_dag to None, run_after=None
[2024-05-05T10:29:40.300+0000] {processor.py:183} INFO - Processing /opt/airflow/dags/my_first_dag.py took 0.079 seconds
[2024-05-05T10:29:59.187+0000] {processor.py:161} INFO - Started process (PID=5868) to work on /opt/airflow/dags/my_first_dag.py
[2024-05-05T10:29:59.188+0000] {processor.py:830} INFO - Processing file /opt/airflow/dags/my_first_dag.py for tasks to queue
[2024-05-05T10:29:59.189+0000] {logging_mixin.py:188} INFO - [2024-05-05T10:29:59.189+0000] {dagbag.py:540} INFO - Filling up the DagBag from /opt/airflow/dags/my_first_dag.py
[2024-05-05T10:29:59.194+0000] {processor.py:840} INFO - DAG(s) 'my_first_dag' retrieved from /opt/airflow/dags/my_first_dag.py
[2024-05-05T10:29:59.216+0000] {logging_mixin.py:188} INFO - [2024-05-05T10:29:59.216+0000] {dag.py:3096} INFO - Sync 1 DAGs
[2024-05-05T10:29:59.232+0000] {logging_mixin.py:188} INFO - [2024-05-05T10:29:59.232+0000] {dag.py:3954} INFO - Setting next_dagrun for my_first_dag to None, run_after=None
[2024-05-05T10:29:59.259+0000] {processor.py:183} INFO - Processing /opt/airflow/dags/my_first_dag.py took 0.078 seconds
[2024-05-05T10:30:01.321+0000] {processor.py:161} INFO - Started process (PID=5883) to work on /opt/airflow/dags/my_first_dag.py
[2024-05-05T10:30:01.321+0000] {processor.py:830} INFO - Processing file /opt/airflow/dags/my_first_dag.py for tasks to queue
[2024-05-05T10:30:01.323+0000] {logging_mixin.py:188} INFO - [2024-05-05T10:30:01.323+0000] {dagbag.py:540} INFO - Filling up the DagBag from /opt/airflow/dags/my_first_dag.py
[2024-05-05T10:30:01.328+0000] {processor.py:840} INFO - DAG(s) 'my_first_dag' retrieved from /opt/airflow/dags/my_first_dag.py
[2024-05-05T10:30:01.350+0000] {logging_mixin.py:188} INFO - [2024-05-05T10:30:01.350+0000] {dag.py:3096} INFO - Sync 1 DAGs
[2024-05-05T10:30:01.365+0000] {logging_mixin.py:188} INFO - [2024-05-05T10:30:01.365+0000] {dag.py:3954} INFO - Setting next_dagrun for my_first_dag to None, run_after=None
[2024-05-05T10:30:01.396+0000] {processor.py:183} INFO - Processing /opt/airflow/dags/my_first_dag.py took 0.083 seconds
[2024-05-05T10:30:22.182+0000] {processor.py:161} INFO - Started process (PID=6088) to work on /opt/airflow/dags/my_first_dag.py
[2024-05-05T10:30:22.183+0000] {processor.py:830} INFO - Processing file /opt/airflow/dags/my_first_dag.py for tasks to queue
[2024-05-05T10:30:22.184+0000] {logging_mixin.py:188} INFO - [2024-05-05T10:30:22.184+0000] {dagbag.py:540} INFO - Filling up the DagBag from /opt/airflow/dags/my_first_dag.py
[2024-05-05T10:30:22.188+0000] {processor.py:840} INFO - DAG(s) 'my_first_dag' retrieved from /opt/airflow/dags/my_first_dag.py
[2024-05-05T10:30:22.203+0000] {logging_mixin.py:188} INFO - [2024-05-05T10:30:22.203+0000] {dag.py:3096} INFO - Sync 1 DAGs
[2024-05-05T10:30:22.213+0000] {logging_mixin.py:188} INFO - [2024-05-05T10:30:22.213+0000] {dag.py:3954} INFO - Setting next_dagrun for my_first_dag to None, run_after=None
[2024-05-05T10:30:22.236+0000] {processor.py:183} INFO - Processing /opt/airflow/dags/my_first_dag.py took 0.059 seconds
[2024-05-05T10:30:52.281+0000] {processor.py:161} INFO - Started process (PID=6355) to work on /opt/airflow/dags/my_first_dag.py
[2024-05-05T10:30:52.281+0000] {processor.py:830} INFO - Processing file /opt/airflow/dags/my_first_dag.py for tasks to queue
[2024-05-05T10:30:52.283+0000] {logging_mixin.py:188} INFO - [2024-05-05T10:30:52.283+0000] {dagbag.py:540} INFO - Filling up the DagBag from /opt/airflow/dags/my_first_dag.py
[2024-05-05T10:30:52.286+0000] {processor.py:840} INFO - DAG(s) 'my_first_dag' retrieved from /opt/airflow/dags/my_first_dag.py
[2024-05-05T10:30:52.301+0000] {logging_mixin.py:188} INFO - [2024-05-05T10:30:52.300+0000] {dag.py:3096} INFO - Sync 1 DAGs
[2024-05-05T10:30:52.311+0000] {logging_mixin.py:188} INFO - [2024-05-05T10:30:52.311+0000] {dag.py:3954} INFO - Setting next_dagrun for my_first_dag to None, run_after=None
[2024-05-05T10:30:52.332+0000] {processor.py:183} INFO - Processing /opt/airflow/dags/my_first_dag.py took 0.057 seconds
[2024-05-05T10:31:22.649+0000] {processor.py:161} INFO - Started process (PID=6622) to work on /opt/airflow/dags/my_first_dag.py
[2024-05-05T10:31:22.649+0000] {processor.py:830} INFO - Processing file /opt/airflow/dags/my_first_dag.py for tasks to queue
[2024-05-05T10:31:22.651+0000] {logging_mixin.py:188} INFO - [2024-05-05T10:31:22.651+0000] {dagbag.py:540} INFO - Filling up the DagBag from /opt/airflow/dags/my_first_dag.py
[2024-05-05T10:31:22.654+0000] {processor.py:840} INFO - DAG(s) 'my_first_dag' retrieved from /opt/airflow/dags/my_first_dag.py
[2024-05-05T10:31:22.668+0000] {logging_mixin.py:188} INFO - [2024-05-05T10:31:22.668+0000] {dag.py:3096} INFO - Sync 1 DAGs
[2024-05-05T10:31:22.679+0000] {logging_mixin.py:188} INFO - [2024-05-05T10:31:22.678+0000] {dag.py:3954} INFO - Setting next_dagrun for my_first_dag to None, run_after=None
[2024-05-05T10:31:22.699+0000] {processor.py:183} INFO - Processing /opt/airflow/dags/my_first_dag.py took 0.055 seconds
[2024-05-05T10:31:50.506+0000] {processor.py:161} INFO - Started process (PID=6889) to work on /opt/airflow/dags/my_first_dag.py
[2024-05-05T10:31:50.506+0000] {processor.py:830} INFO - Processing file /opt/airflow/dags/my_first_dag.py for tasks to queue
[2024-05-05T10:31:50.508+0000] {logging_mixin.py:188} INFO - [2024-05-05T10:31:50.507+0000] {dagbag.py:540} INFO - Filling up the DagBag from /opt/airflow/dags/my_first_dag.py
[2024-05-05T10:31:50.512+0000] {processor.py:840} INFO - DAG(s) 'my_first_dag' retrieved from /opt/airflow/dags/my_first_dag.py
[2024-05-05T10:31:50.527+0000] {logging_mixin.py:188} INFO - [2024-05-05T10:31:50.527+0000] {dag.py:3096} INFO - Sync 1 DAGs
[2024-05-05T10:31:50.539+0000] {logging_mixin.py:188} INFO - [2024-05-05T10:31:50.538+0000] {dag.py:3954} INFO - Setting next_dagrun for my_first_dag to None, run_after=None
[2024-05-05T10:31:50.560+0000] {processor.py:183} INFO - Processing /opt/airflow/dags/my_first_dag.py took 0.059 seconds
[2024-05-05T10:32:20.864+0000] {processor.py:161} INFO - Started process (PID=7157) to work on /opt/airflow/dags/my_first_dag.py
[2024-05-05T10:32:20.865+0000] {processor.py:830} INFO - Processing file /opt/airflow/dags/my_first_dag.py for tasks to queue
[2024-05-05T10:32:20.868+0000] {logging_mixin.py:188} INFO - [2024-05-05T10:32:20.867+0000] {dagbag.py:540} INFO - Filling up the DagBag from /opt/airflow/dags/my_first_dag.py
[2024-05-05T10:32:20.872+0000] {processor.py:840} INFO - DAG(s) 'my_first_dag' retrieved from /opt/airflow/dags/my_first_dag.py
[2024-05-05T10:32:20.897+0000] {logging_mixin.py:188} INFO - [2024-05-05T10:32:20.897+0000] {dag.py:3096} INFO - Sync 1 DAGs
[2024-05-05T10:32:20.914+0000] {logging_mixin.py:188} INFO - [2024-05-05T10:32:20.914+0000] {dag.py:3954} INFO - Setting next_dagrun for my_first_dag to None, run_after=None
[2024-05-05T10:32:20.939+0000] {processor.py:183} INFO - Processing /opt/airflow/dags/my_first_dag.py took 0.080 seconds
[2024-05-05T10:32:51.458+0000] {processor.py:161} INFO - Started process (PID=7425) to work on /opt/airflow/dags/my_first_dag.py
[2024-05-05T10:32:51.458+0000] {processor.py:830} INFO - Processing file /opt/airflow/dags/my_first_dag.py for tasks to queue
[2024-05-05T10:32:51.460+0000] {logging_mixin.py:188} INFO - [2024-05-05T10:32:51.459+0000] {dagbag.py:540} INFO - Filling up the DagBag from /opt/airflow/dags/my_first_dag.py
[2024-05-05T10:32:51.463+0000] {processor.py:840} INFO - DAG(s) 'my_first_dag' retrieved from /opt/airflow/dags/my_first_dag.py
[2024-05-05T10:32:51.479+0000] {logging_mixin.py:188} INFO - [2024-05-05T10:32:51.478+0000] {dag.py:3096} INFO - Sync 1 DAGs
[2024-05-05T10:32:51.489+0000] {logging_mixin.py:188} INFO - [2024-05-05T10:32:51.488+0000] {dag.py:3954} INFO - Setting next_dagrun for my_first_dag to None, run_after=None
[2024-05-05T10:32:51.509+0000] {processor.py:183} INFO - Processing /opt/airflow/dags/my_first_dag.py took 0.056 seconds
[2024-05-05T10:33:22.452+0000] {processor.py:161} INFO - Started process (PID=7693) to work on /opt/airflow/dags/my_first_dag.py
[2024-05-05T10:33:22.454+0000] {processor.py:830} INFO - Processing file /opt/airflow/dags/my_first_dag.py for tasks to queue
[2024-05-05T10:33:22.456+0000] {logging_mixin.py:188} INFO - [2024-05-05T10:33:22.456+0000] {dagbag.py:540} INFO - Filling up the DagBag from /opt/airflow/dags/my_first_dag.py
[2024-05-05T10:33:22.461+0000] {processor.py:840} INFO - DAG(s) 'my_first_dag' retrieved from /opt/airflow/dags/my_first_dag.py
[2024-05-05T10:33:22.499+0000] {logging_mixin.py:188} INFO - [2024-05-05T10:33:22.498+0000] {dag.py:3096} INFO - Sync 1 DAGs
[2024-05-05T10:33:22.509+0000] {logging_mixin.py:188} INFO - [2024-05-05T10:33:22.509+0000] {dag.py:3954} INFO - Setting next_dagrun for my_first_dag to None, run_after=None
[2024-05-05T10:33:22.529+0000] {processor.py:183} INFO - Processing /opt/airflow/dags/my_first_dag.py took 0.084 seconds
[2024-05-05T10:33:53.268+0000] {processor.py:161} INFO - Started process (PID=7960) to work on /opt/airflow/dags/my_first_dag.py
[2024-05-05T10:33:53.269+0000] {processor.py:830} INFO - Processing file /opt/airflow/dags/my_first_dag.py for tasks to queue
[2024-05-05T10:33:53.270+0000] {logging_mixin.py:188} INFO - [2024-05-05T10:33:53.270+0000] {dagbag.py:540} INFO - Filling up the DagBag from /opt/airflow/dags/my_first_dag.py
[2024-05-05T10:33:53.274+0000] {processor.py:840} INFO - DAG(s) 'my_first_dag' retrieved from /opt/airflow/dags/my_first_dag.py
[2024-05-05T10:33:53.290+0000] {logging_mixin.py:188} INFO - [2024-05-05T10:33:53.290+0000] {dag.py:3096} INFO - Sync 1 DAGs
[2024-05-05T10:33:53.301+0000] {logging_mixin.py:188} INFO - [2024-05-05T10:33:53.301+0000] {dag.py:3954} INFO - Setting next_dagrun for my_first_dag to None, run_after=None
[2024-05-05T10:33:53.323+0000] {processor.py:183} INFO - Processing /opt/airflow/dags/my_first_dag.py took 0.060 seconds
[2024-05-05T10:34:24.095+0000] {processor.py:161} INFO - Started process (PID=8229) to work on /opt/airflow/dags/my_first_dag.py
[2024-05-05T10:34:24.096+0000] {processor.py:830} INFO - Processing file /opt/airflow/dags/my_first_dag.py for tasks to queue
[2024-05-05T10:34:24.097+0000] {logging_mixin.py:188} INFO - [2024-05-05T10:34:24.097+0000] {dagbag.py:540} INFO - Filling up the DagBag from /opt/airflow/dags/my_first_dag.py
[2024-05-05T10:34:24.100+0000] {processor.py:840} INFO - DAG(s) 'my_first_dag' retrieved from /opt/airflow/dags/my_first_dag.py
[2024-05-05T10:34:24.115+0000] {logging_mixin.py:188} INFO - [2024-05-05T10:34:24.115+0000] {dag.py:3096} INFO - Sync 1 DAGs
[2024-05-05T10:34:24.126+0000] {logging_mixin.py:188} INFO - [2024-05-05T10:34:24.126+0000] {dag.py:3954} INFO - Setting next_dagrun for my_first_dag to None, run_after=None
[2024-05-05T10:34:24.146+0000] {processor.py:183} INFO - Processing /opt/airflow/dags/my_first_dag.py took 0.057 seconds
[2024-05-05T10:34:54.842+0000] {processor.py:161} INFO - Started process (PID=8496) to work on /opt/airflow/dags/my_first_dag.py
[2024-05-05T10:34:54.843+0000] {processor.py:830} INFO - Processing file /opt/airflow/dags/my_first_dag.py for tasks to queue
[2024-05-05T10:34:54.845+0000] {logging_mixin.py:188} INFO - [2024-05-05T10:34:54.844+0000] {dagbag.py:540} INFO - Filling up the DagBag from /opt/airflow/dags/my_first_dag.py
[2024-05-05T10:34:54.849+0000] {processor.py:840} INFO - DAG(s) 'my_first_dag' retrieved from /opt/airflow/dags/my_first_dag.py
[2024-05-05T10:34:54.866+0000] {logging_mixin.py:188} INFO - [2024-05-05T10:34:54.866+0000] {dag.py:3096} INFO - Sync 1 DAGs
[2024-05-05T10:34:54.882+0000] {logging_mixin.py:188} INFO - [2024-05-05T10:34:54.881+0000] {dag.py:3954} INFO - Setting next_dagrun for my_first_dag to None, run_after=None
[2024-05-05T10:34:54.905+0000] {processor.py:183} INFO - Processing /opt/airflow/dags/my_first_dag.py took 0.071 seconds
[2024-05-05T10:35:25.753+0000] {processor.py:161} INFO - Started process (PID=8764) to work on /opt/airflow/dags/my_first_dag.py
[2024-05-05T10:35:25.754+0000] {processor.py:830} INFO - Processing file /opt/airflow/dags/my_first_dag.py for tasks to queue
[2024-05-05T10:35:25.756+0000] {logging_mixin.py:188} INFO - [2024-05-05T10:35:25.755+0000] {dagbag.py:540} INFO - Filling up the DagBag from /opt/airflow/dags/my_first_dag.py
[2024-05-05T10:35:25.759+0000] {processor.py:840} INFO - DAG(s) 'my_first_dag' retrieved from /opt/airflow/dags/my_first_dag.py
[2024-05-05T10:35:25.773+0000] {logging_mixin.py:188} INFO - [2024-05-05T10:35:25.773+0000] {dag.py:3096} INFO - Sync 1 DAGs
[2024-05-05T10:35:25.783+0000] {logging_mixin.py:188} INFO - [2024-05-05T10:35:25.783+0000] {dag.py:3954} INFO - Setting next_dagrun for my_first_dag to None, run_after=None
[2024-05-05T10:35:25.803+0000] {processor.py:183} INFO - Processing /opt/airflow/dags/my_first_dag.py took 0.055 seconds
[2024-05-05T10:35:56.471+0000] {processor.py:161} INFO - Started process (PID=9031) to work on /opt/airflow/dags/my_first_dag.py
[2024-05-05T10:35:56.472+0000] {processor.py:830} INFO - Processing file /opt/airflow/dags/my_first_dag.py for tasks to queue
[2024-05-05T10:35:56.473+0000] {logging_mixin.py:188} INFO - [2024-05-05T10:35:56.473+0000] {dagbag.py:540} INFO - Filling up the DagBag from /opt/airflow/dags/my_first_dag.py
[2024-05-05T10:35:56.478+0000] {processor.py:840} INFO - DAG(s) 'my_first_dag' retrieved from /opt/airflow/dags/my_first_dag.py
[2024-05-05T10:35:56.494+0000] {logging_mixin.py:188} INFO - [2024-05-05T10:35:56.494+0000] {dag.py:3096} INFO - Sync 1 DAGs
[2024-05-05T10:35:56.504+0000] {logging_mixin.py:188} INFO - [2024-05-05T10:35:56.504+0000] {dag.py:3954} INFO - Setting next_dagrun for my_first_dag to None, run_after=None
[2024-05-05T10:35:56.542+0000] {processor.py:183} INFO - Processing /opt/airflow/dags/my_first_dag.py took 0.078 seconds
[2024-05-05T10:36:27.081+0000] {processor.py:161} INFO - Started process (PID=9298) to work on /opt/airflow/dags/my_first_dag.py
[2024-05-05T10:36:27.082+0000] {processor.py:830} INFO - Processing file /opt/airflow/dags/my_first_dag.py for tasks to queue
[2024-05-05T10:36:27.084+0000] {logging_mixin.py:188} INFO - [2024-05-05T10:36:27.083+0000] {dagbag.py:540} INFO - Filling up the DagBag from /opt/airflow/dags/my_first_dag.py
[2024-05-05T10:36:27.087+0000] {processor.py:840} INFO - DAG(s) 'my_first_dag' retrieved from /opt/airflow/dags/my_first_dag.py
[2024-05-05T10:36:27.104+0000] {logging_mixin.py:188} INFO - [2024-05-05T10:36:27.104+0000] {dag.py:3096} INFO - Sync 1 DAGs
[2024-05-05T10:36:27.114+0000] {logging_mixin.py:188} INFO - [2024-05-05T10:36:27.114+0000] {dag.py:3954} INFO - Setting next_dagrun for my_first_dag to None, run_after=None
[2024-05-05T10:36:27.135+0000] {processor.py:183} INFO - Processing /opt/airflow/dags/my_first_dag.py took 0.058 seconds
[2024-05-05T10:36:57.431+0000] {processor.py:161} INFO - Started process (PID=9565) to work on /opt/airflow/dags/my_first_dag.py
[2024-05-05T10:36:57.431+0000] {processor.py:830} INFO - Processing file /opt/airflow/dags/my_first_dag.py for tasks to queue
[2024-05-05T10:36:57.433+0000] {logging_mixin.py:188} INFO - [2024-05-05T10:36:57.433+0000] {dagbag.py:540} INFO - Filling up the DagBag from /opt/airflow/dags/my_first_dag.py
[2024-05-05T10:36:57.436+0000] {processor.py:840} INFO - DAG(s) 'my_first_dag' retrieved from /opt/airflow/dags/my_first_dag.py
[2024-05-05T10:36:57.452+0000] {logging_mixin.py:188} INFO - [2024-05-05T10:36:57.452+0000] {dag.py:3096} INFO - Sync 1 DAGs
[2024-05-05T10:36:57.462+0000] {logging_mixin.py:188} INFO - [2024-05-05T10:36:57.462+0000] {dag.py:3954} INFO - Setting next_dagrun for my_first_dag to None, run_after=None
[2024-05-05T10:36:57.486+0000] {processor.py:183} INFO - Processing /opt/airflow/dags/my_first_dag.py took 0.060 seconds
[2024-05-05T10:37:27.775+0000] {processor.py:161} INFO - Started process (PID=9832) to work on /opt/airflow/dags/my_first_dag.py
[2024-05-05T10:37:27.776+0000] {processor.py:830} INFO - Processing file /opt/airflow/dags/my_first_dag.py for tasks to queue
[2024-05-05T10:37:27.778+0000] {logging_mixin.py:188} INFO - [2024-05-05T10:37:27.777+0000] {dagbag.py:540} INFO - Filling up the DagBag from /opt/airflow/dags/my_first_dag.py
[2024-05-05T10:37:27.781+0000] {processor.py:840} INFO - DAG(s) 'my_first_dag' retrieved from /opt/airflow/dags/my_first_dag.py
[2024-05-05T10:37:27.796+0000] {logging_mixin.py:188} INFO - [2024-05-05T10:37:27.796+0000] {dag.py:3096} INFO - Sync 1 DAGs
[2024-05-05T10:37:27.808+0000] {logging_mixin.py:188} INFO - [2024-05-05T10:37:27.808+0000] {dag.py:3954} INFO - Setting next_dagrun for my_first_dag to None, run_after=None
[2024-05-05T10:37:27.830+0000] {processor.py:183} INFO - Processing /opt/airflow/dags/my_first_dag.py took 0.059 seconds
[2024-05-05T10:37:58.317+0000] {processor.py:161} INFO - Started process (PID=10099) to work on /opt/airflow/dags/my_first_dag.py
[2024-05-05T10:37:58.318+0000] {processor.py:830} INFO - Processing file /opt/airflow/dags/my_first_dag.py for tasks to queue
[2024-05-05T10:37:58.319+0000] {logging_mixin.py:188} INFO - [2024-05-05T10:37:58.319+0000] {dagbag.py:540} INFO - Filling up the DagBag from /opt/airflow/dags/my_first_dag.py
[2024-05-05T10:37:58.323+0000] {processor.py:840} INFO - DAG(s) 'my_first_dag' retrieved from /opt/airflow/dags/my_first_dag.py
[2024-05-05T10:37:58.339+0000] {logging_mixin.py:188} INFO - [2024-05-05T10:37:58.339+0000] {dag.py:3096} INFO - Sync 1 DAGs
[2024-05-05T10:37:58.349+0000] {logging_mixin.py:188} INFO - [2024-05-05T10:37:58.349+0000] {dag.py:3954} INFO - Setting next_dagrun for my_first_dag to None, run_after=None
[2024-05-05T10:37:58.371+0000] {processor.py:183} INFO - Processing /opt/airflow/dags/my_first_dag.py took 0.059 seconds
[2024-05-05T10:38:28.999+0000] {processor.py:161} INFO - Started process (PID=10366) to work on /opt/airflow/dags/my_first_dag.py
[2024-05-05T10:38:28.999+0000] {processor.py:830} INFO - Processing file /opt/airflow/dags/my_first_dag.py for tasks to queue
[2024-05-05T10:38:29.001+0000] {logging_mixin.py:188} INFO - [2024-05-05T10:38:29.001+0000] {dagbag.py:540} INFO - Filling up the DagBag from /opt/airflow/dags/my_first_dag.py
[2024-05-05T10:38:29.004+0000] {processor.py:840} INFO - DAG(s) 'my_first_dag' retrieved from /opt/airflow/dags/my_first_dag.py
[2024-05-05T10:38:29.019+0000] {logging_mixin.py:188} INFO - [2024-05-05T10:38:29.019+0000] {dag.py:3096} INFO - Sync 1 DAGs
[2024-05-05T10:38:29.029+0000] {logging_mixin.py:188} INFO - [2024-05-05T10:38:29.029+0000] {dag.py:3954} INFO - Setting next_dagrun for my_first_dag to None, run_after=None
[2024-05-05T10:38:29.049+0000] {processor.py:183} INFO - Processing /opt/airflow/dags/my_first_dag.py took 0.056 seconds
[2024-05-05T10:38:46.472+0000] {processor.py:161} INFO - Started process (PID=10483) to work on /opt/airflow/dags/my_first_dag.py
[2024-05-05T10:38:46.473+0000] {processor.py:830} INFO - Processing file /opt/airflow/dags/my_first_dag.py for tasks to queue
[2024-05-05T10:38:46.476+0000] {logging_mixin.py:188} INFO - [2024-05-05T10:38:46.475+0000] {dagbag.py:540} INFO - Filling up the DagBag from /opt/airflow/dags/my_first_dag.py
[2024-05-05T10:38:46.481+0000] {processor.py:840} INFO - DAG(s) 'my_first_dag' retrieved from /opt/airflow/dags/my_first_dag.py
[2024-05-05T10:38:46.503+0000] {logging_mixin.py:188} INFO - [2024-05-05T10:38:46.503+0000] {dag.py:3096} INFO - Sync 1 DAGs
[2024-05-05T10:38:46.519+0000] {logging_mixin.py:188} INFO - [2024-05-05T10:38:46.519+0000] {dag.py:3954} INFO - Setting next_dagrun for my_first_dag to None, run_after=None
[2024-05-05T10:38:46.546+0000] {processor.py:183} INFO - Processing /opt/airflow/dags/my_first_dag.py took 0.081 seconds
[2024-05-05T10:39:17.218+0000] {processor.py:161} INFO - Started process (PID=10753) to work on /opt/airflow/dags/my_first_dag.py
[2024-05-05T10:39:17.219+0000] {processor.py:830} INFO - Processing file /opt/airflow/dags/my_first_dag.py for tasks to queue
[2024-05-05T10:39:17.221+0000] {logging_mixin.py:188} INFO - [2024-05-05T10:39:17.220+0000] {dagbag.py:540} INFO - Filling up the DagBag from /opt/airflow/dags/my_first_dag.py
[2024-05-05T10:39:17.225+0000] {processor.py:840} INFO - DAG(s) 'my_first_dag' retrieved from /opt/airflow/dags/my_first_dag.py
[2024-05-05T10:39:17.245+0000] {logging_mixin.py:188} INFO - [2024-05-05T10:39:17.245+0000] {dag.py:3096} INFO - Sync 1 DAGs
[2024-05-05T10:39:17.261+0000] {logging_mixin.py:188} INFO - [2024-05-05T10:39:17.260+0000] {dag.py:3954} INFO - Setting next_dagrun for my_first_dag to None, run_after=None
[2024-05-05T10:39:17.287+0000] {processor.py:183} INFO - Processing /opt/airflow/dags/my_first_dag.py took 0.075 seconds
[2024-05-05T10:39:47.707+0000] {processor.py:161} INFO - Started process (PID=11028) to work on /opt/airflow/dags/my_first_dag.py
[2024-05-05T10:39:47.708+0000] {processor.py:830} INFO - Processing file /opt/airflow/dags/my_first_dag.py for tasks to queue
[2024-05-05T10:39:47.710+0000] {logging_mixin.py:188} INFO - [2024-05-05T10:39:47.710+0000] {dagbag.py:540} INFO - Filling up the DagBag from /opt/airflow/dags/my_first_dag.py
[2024-05-05T10:39:47.714+0000] {processor.py:840} INFO - DAG(s) 'my_first_dag' retrieved from /opt/airflow/dags/my_first_dag.py
[2024-05-05T10:39:47.749+0000] {logging_mixin.py:188} INFO - [2024-05-05T10:39:47.749+0000] {dag.py:3096} INFO - Sync 1 DAGs
[2024-05-05T10:39:47.770+0000] {logging_mixin.py:188} INFO - [2024-05-05T10:39:47.770+0000] {dag.py:3954} INFO - Setting next_dagrun for my_first_dag to None, run_after=None
[2024-05-05T10:39:47.810+0000] {processor.py:183} INFO - Processing /opt/airflow/dags/my_first_dag.py took 0.110 seconds
[2024-05-05T10:40:17.931+0000] {processor.py:161} INFO - Started process (PID=11300) to work on /opt/airflow/dags/my_first_dag.py
[2024-05-05T10:40:17.931+0000] {processor.py:830} INFO - Processing file /opt/airflow/dags/my_first_dag.py for tasks to queue
[2024-05-05T10:40:17.933+0000] {logging_mixin.py:188} INFO - [2024-05-05T10:40:17.933+0000] {dagbag.py:540} INFO - Filling up the DagBag from /opt/airflow/dags/my_first_dag.py
[2024-05-05T10:40:17.937+0000] {processor.py:840} INFO - DAG(s) 'my_first_dag' retrieved from /opt/airflow/dags/my_first_dag.py
[2024-05-05T10:40:17.958+0000] {logging_mixin.py:188} INFO - [2024-05-05T10:40:17.958+0000] {dag.py:3096} INFO - Sync 1 DAGs
[2024-05-05T10:40:17.974+0000] {logging_mixin.py:188} INFO - [2024-05-05T10:40:17.974+0000] {dag.py:3954} INFO - Setting next_dagrun for my_first_dag to None, run_after=None
[2024-05-05T10:40:18.000+0000] {processor.py:183} INFO - Processing /opt/airflow/dags/my_first_dag.py took 0.076 seconds
[2024-05-05T10:40:48.589+0000] {processor.py:161} INFO - Started process (PID=11587) to work on /opt/airflow/dags/my_first_dag.py
[2024-05-05T10:40:48.592+0000] {processor.py:830} INFO - Processing file /opt/airflow/dags/my_first_dag.py for tasks to queue
[2024-05-05T10:40:48.594+0000] {logging_mixin.py:188} INFO - [2024-05-05T10:40:48.593+0000] {dagbag.py:540} INFO - Filling up the DagBag from /opt/airflow/dags/my_first_dag.py
[2024-05-05T10:40:48.603+0000] {processor.py:840} INFO - DAG(s) 'my_first_dag' retrieved from /opt/airflow/dags/my_first_dag.py
[2024-05-05T10:40:48.662+0000] {logging_mixin.py:188} INFO - [2024-05-05T10:40:48.661+0000] {dag.py:3096} INFO - Sync 1 DAGs
[2024-05-05T10:40:48.686+0000] {logging_mixin.py:188} INFO - [2024-05-05T10:40:48.686+0000] {dag.py:3954} INFO - Setting next_dagrun for my_first_dag to None, run_after=None
[2024-05-05T10:40:48.715+0000] {processor.py:183} INFO - Processing /opt/airflow/dags/my_first_dag.py took 0.132 seconds
[2024-05-05T10:41:19.441+0000] {processor.py:161} INFO - Started process (PID=11865) to work on /opt/airflow/dags/my_first_dag.py
[2024-05-05T10:41:19.442+0000] {processor.py:830} INFO - Processing file /opt/airflow/dags/my_first_dag.py for tasks to queue
[2024-05-05T10:41:19.444+0000] {logging_mixin.py:188} INFO - [2024-05-05T10:41:19.444+0000] {dagbag.py:540} INFO - Filling up the DagBag from /opt/airflow/dags/my_first_dag.py
[2024-05-05T10:41:19.448+0000] {processor.py:840} INFO - DAG(s) 'my_first_dag' retrieved from /opt/airflow/dags/my_first_dag.py
[2024-05-05T10:41:19.470+0000] {logging_mixin.py:188} INFO - [2024-05-05T10:41:19.470+0000] {dag.py:3096} INFO - Sync 1 DAGs
[2024-05-05T10:41:19.491+0000] {logging_mixin.py:188} INFO - [2024-05-05T10:41:19.491+0000] {dag.py:3954} INFO - Setting next_dagrun for my_first_dag to None, run_after=None
[2024-05-05T10:41:19.532+0000] {processor.py:183} INFO - Processing /opt/airflow/dags/my_first_dag.py took 0.097 seconds
[2024-05-05T10:41:49.791+0000] {processor.py:161} INFO - Started process (PID=12144) to work on /opt/airflow/dags/my_first_dag.py
[2024-05-05T10:41:49.792+0000] {processor.py:830} INFO - Processing file /opt/airflow/dags/my_first_dag.py for tasks to queue
[2024-05-05T10:41:49.794+0000] {logging_mixin.py:188} INFO - [2024-05-05T10:41:49.793+0000] {dagbag.py:540} INFO - Filling up the DagBag from /opt/airflow/dags/my_first_dag.py
[2024-05-05T10:41:49.798+0000] {processor.py:840} INFO - DAG(s) 'my_first_dag' retrieved from /opt/airflow/dags/my_first_dag.py
[2024-05-05T10:41:49.819+0000] {logging_mixin.py:188} INFO - [2024-05-05T10:41:49.819+0000] {dag.py:3096} INFO - Sync 1 DAGs
[2024-05-05T10:41:49.835+0000] {logging_mixin.py:188} INFO - [2024-05-05T10:41:49.835+0000] {dag.py:3954} INFO - Setting next_dagrun for my_first_dag to None, run_after=None
[2024-05-05T10:41:49.861+0000] {processor.py:183} INFO - Processing /opt/airflow/dags/my_first_dag.py took 0.076 seconds
[2024-05-05T10:42:20.850+0000] {processor.py:161} INFO - Started process (PID=12416) to work on /opt/airflow/dags/my_first_dag.py
[2024-05-05T10:42:20.851+0000] {processor.py:830} INFO - Processing file /opt/airflow/dags/my_first_dag.py for tasks to queue
[2024-05-05T10:42:20.852+0000] {logging_mixin.py:188} INFO - [2024-05-05T10:42:20.852+0000] {dagbag.py:540} INFO - Filling up the DagBag from /opt/airflow/dags/my_first_dag.py
[2024-05-05T10:42:20.856+0000] {processor.py:840} INFO - DAG(s) 'my_first_dag' retrieved from /opt/airflow/dags/my_first_dag.py
[2024-05-05T10:42:20.887+0000] {logging_mixin.py:188} INFO - [2024-05-05T10:42:20.886+0000] {dag.py:3096} INFO - Sync 1 DAGs
[2024-05-05T10:42:20.913+0000] {logging_mixin.py:188} INFO - [2024-05-05T10:42:20.913+0000] {dag.py:3954} INFO - Setting next_dagrun for my_first_dag to None, run_after=None
[2024-05-05T10:42:20.937+0000] {processor.py:183} INFO - Processing /opt/airflow/dags/my_first_dag.py took 0.094 seconds
[2024-05-05T10:42:51.923+0000] {processor.py:161} INFO - Started process (PID=12695) to work on /opt/airflow/dags/my_first_dag.py
[2024-05-05T10:42:51.924+0000] {processor.py:830} INFO - Processing file /opt/airflow/dags/my_first_dag.py for tasks to queue
[2024-05-05T10:42:51.926+0000] {logging_mixin.py:188} INFO - [2024-05-05T10:42:51.926+0000] {dagbag.py:540} INFO - Filling up the DagBag from /opt/airflow/dags/my_first_dag.py
[2024-05-05T10:42:51.930+0000] {processor.py:840} INFO - DAG(s) 'my_first_dag' retrieved from /opt/airflow/dags/my_first_dag.py
[2024-05-05T10:42:51.952+0000] {logging_mixin.py:188} INFO - [2024-05-05T10:42:51.952+0000] {dag.py:3096} INFO - Sync 1 DAGs
[2024-05-05T10:42:51.968+0000] {logging_mixin.py:188} INFO - [2024-05-05T10:42:51.968+0000] {dag.py:3954} INFO - Setting next_dagrun for my_first_dag to None, run_after=None
[2024-05-05T10:42:51.995+0000] {processor.py:183} INFO - Processing /opt/airflow/dags/my_first_dag.py took 0.078 seconds
[2024-05-05T10:43:22.415+0000] {processor.py:161} INFO - Started process (PID=12968) to work on /opt/airflow/dags/my_first_dag.py
[2024-05-05T10:43:22.416+0000] {processor.py:830} INFO - Processing file /opt/airflow/dags/my_first_dag.py for tasks to queue
[2024-05-05T10:43:22.417+0000] {logging_mixin.py:188} INFO - [2024-05-05T10:43:22.417+0000] {dagbag.py:540} INFO - Filling up the DagBag from /opt/airflow/dags/my_first_dag.py
[2024-05-05T10:43:22.421+0000] {processor.py:840} INFO - DAG(s) 'my_first_dag' retrieved from /opt/airflow/dags/my_first_dag.py
[2024-05-05T10:43:22.443+0000] {logging_mixin.py:188} INFO - [2024-05-05T10:43:22.443+0000] {dag.py:3096} INFO - Sync 1 DAGs
[2024-05-05T10:43:22.460+0000] {logging_mixin.py:188} INFO - [2024-05-05T10:43:22.459+0000] {dag.py:3954} INFO - Setting next_dagrun for my_first_dag to None, run_after=None
[2024-05-05T10:43:22.485+0000] {processor.py:183} INFO - Processing /opt/airflow/dags/my_first_dag.py took 0.077 seconds
[2024-05-05T10:43:52.935+0000] {processor.py:161} INFO - Started process (PID=13240) to work on /opt/airflow/dags/my_first_dag.py
[2024-05-05T10:43:52.936+0000] {processor.py:830} INFO - Processing file /opt/airflow/dags/my_first_dag.py for tasks to queue
[2024-05-05T10:43:52.937+0000] {logging_mixin.py:188} INFO - [2024-05-05T10:43:52.937+0000] {dagbag.py:540} INFO - Filling up the DagBag from /opt/airflow/dags/my_first_dag.py
[2024-05-05T10:43:52.942+0000] {processor.py:840} INFO - DAG(s) 'my_first_dag' retrieved from /opt/airflow/dags/my_first_dag.py
[2024-05-05T10:43:52.963+0000] {logging_mixin.py:188} INFO - [2024-05-05T10:43:52.963+0000] {dag.py:3096} INFO - Sync 1 DAGs
[2024-05-05T10:43:52.979+0000] {logging_mixin.py:188} INFO - [2024-05-05T10:43:52.979+0000] {dag.py:3954} INFO - Setting next_dagrun for my_first_dag to None, run_after=None
[2024-05-05T10:43:53.005+0000] {processor.py:183} INFO - Processing /opt/airflow/dags/my_first_dag.py took 0.077 seconds
[2024-05-05T10:44:23.706+0000] {processor.py:161} INFO - Started process (PID=13512) to work on /opt/airflow/dags/my_first_dag.py
[2024-05-05T10:44:23.707+0000] {processor.py:830} INFO - Processing file /opt/airflow/dags/my_first_dag.py for tasks to queue
[2024-05-05T10:44:23.708+0000] {logging_mixin.py:188} INFO - [2024-05-05T10:44:23.708+0000] {dagbag.py:540} INFO - Filling up the DagBag from /opt/airflow/dags/my_first_dag.py
[2024-05-05T10:44:23.712+0000] {processor.py:840} INFO - DAG(s) 'my_first_dag' retrieved from /opt/airflow/dags/my_first_dag.py
[2024-05-05T10:44:23.735+0000] {logging_mixin.py:188} INFO - [2024-05-05T10:44:23.735+0000] {dag.py:3096} INFO - Sync 1 DAGs
[2024-05-05T10:44:23.751+0000] {logging_mixin.py:188} INFO - [2024-05-05T10:44:23.751+0000] {dag.py:3954} INFO - Setting next_dagrun for my_first_dag to None, run_after=None
[2024-05-05T10:44:23.777+0000] {processor.py:183} INFO - Processing /opt/airflow/dags/my_first_dag.py took 0.078 seconds
[2024-05-05T10:44:54.306+0000] {processor.py:161} INFO - Started process (PID=13785) to work on /opt/airflow/dags/my_first_dag.py
[2024-05-05T10:44:54.307+0000] {processor.py:830} INFO - Processing file /opt/airflow/dags/my_first_dag.py for tasks to queue
[2024-05-05T10:44:54.308+0000] {logging_mixin.py:188} INFO - [2024-05-05T10:44:54.308+0000] {dagbag.py:540} INFO - Filling up the DagBag from /opt/airflow/dags/my_first_dag.py
[2024-05-05T10:44:54.312+0000] {processor.py:840} INFO - DAG(s) 'my_first_dag' retrieved from /opt/airflow/dags/my_first_dag.py
[2024-05-05T10:44:54.335+0000] {logging_mixin.py:188} INFO - [2024-05-05T10:44:54.334+0000] {dag.py:3096} INFO - Sync 1 DAGs
[2024-05-05T10:44:54.351+0000] {logging_mixin.py:188} INFO - [2024-05-05T10:44:54.351+0000] {dag.py:3954} INFO - Setting next_dagrun for my_first_dag to None, run_after=None
[2024-05-05T10:44:54.376+0000] {processor.py:183} INFO - Processing /opt/airflow/dags/my_first_dag.py took 0.076 seconds
[2024-05-05T10:45:24.703+0000] {processor.py:161} INFO - Started process (PID=14057) to work on /opt/airflow/dags/my_first_dag.py
[2024-05-05T10:45:24.704+0000] {processor.py:830} INFO - Processing file /opt/airflow/dags/my_first_dag.py for tasks to queue
[2024-05-05T10:45:24.706+0000] {logging_mixin.py:188} INFO - [2024-05-05T10:45:24.705+0000] {dagbag.py:540} INFO - Filling up the DagBag from /opt/airflow/dags/my_first_dag.py
[2024-05-05T10:45:24.710+0000] {processor.py:840} INFO - DAG(s) 'my_first_dag' retrieved from /opt/airflow/dags/my_first_dag.py
[2024-05-05T10:45:24.732+0000] {logging_mixin.py:188} INFO - [2024-05-05T10:45:24.732+0000] {dag.py:3096} INFO - Sync 1 DAGs
[2024-05-05T10:45:24.747+0000] {logging_mixin.py:188} INFO - [2024-05-05T10:45:24.747+0000] {dag.py:3954} INFO - Setting next_dagrun for my_first_dag to None, run_after=None
[2024-05-05T10:45:24.775+0000] {processor.py:183} INFO - Processing /opt/airflow/dags/my_first_dag.py took 0.078 seconds
[2024-05-05T10:45:54.962+0000] {processor.py:161} INFO - Started process (PID=14329) to work on /opt/airflow/dags/my_first_dag.py
[2024-05-05T10:45:54.963+0000] {processor.py:830} INFO - Processing file /opt/airflow/dags/my_first_dag.py for tasks to queue
[2024-05-05T10:45:54.965+0000] {logging_mixin.py:188} INFO - [2024-05-05T10:45:54.965+0000] {dagbag.py:540} INFO - Filling up the DagBag from /opt/airflow/dags/my_first_dag.py
[2024-05-05T10:45:54.969+0000] {processor.py:840} INFO - DAG(s) 'my_first_dag' retrieved from /opt/airflow/dags/my_first_dag.py
[2024-05-05T10:45:54.992+0000] {logging_mixin.py:188} INFO - [2024-05-05T10:45:54.992+0000] {dag.py:3096} INFO - Sync 1 DAGs
[2024-05-05T10:45:55.007+0000] {logging_mixin.py:188} INFO - [2024-05-05T10:45:55.007+0000] {dag.py:3954} INFO - Setting next_dagrun for my_first_dag to None, run_after=None
[2024-05-05T10:45:55.034+0000] {processor.py:183} INFO - Processing /opt/airflow/dags/my_first_dag.py took 0.078 seconds
[2024-05-05T10:46:25.227+0000] {processor.py:161} INFO - Started process (PID=14601) to work on /opt/airflow/dags/my_first_dag.py
[2024-05-05T10:46:25.228+0000] {processor.py:830} INFO - Processing file /opt/airflow/dags/my_first_dag.py for tasks to queue
[2024-05-05T10:46:25.229+0000] {logging_mixin.py:188} INFO - [2024-05-05T10:46:25.229+0000] {dagbag.py:540} INFO - Filling up the DagBag from /opt/airflow/dags/my_first_dag.py
[2024-05-05T10:46:25.233+0000] {processor.py:840} INFO - DAG(s) 'my_first_dag' retrieved from /opt/airflow/dags/my_first_dag.py
[2024-05-05T10:46:25.258+0000] {logging_mixin.py:188} INFO - [2024-05-05T10:46:25.257+0000] {dag.py:3096} INFO - Sync 1 DAGs
[2024-05-05T10:46:25.273+0000] {logging_mixin.py:188} INFO - [2024-05-05T10:46:25.273+0000] {dag.py:3954} INFO - Setting next_dagrun for my_first_dag to None, run_after=None
[2024-05-05T10:46:25.301+0000] {processor.py:183} INFO - Processing /opt/airflow/dags/my_first_dag.py took 0.081 seconds
[2024-05-05T10:46:55.347+0000] {processor.py:161} INFO - Started process (PID=14873) to work on /opt/airflow/dags/my_first_dag.py
[2024-05-05T10:46:55.347+0000] {processor.py:830} INFO - Processing file /opt/airflow/dags/my_first_dag.py for tasks to queue
[2024-05-05T10:46:55.348+0000] {logging_mixin.py:188} INFO - [2024-05-05T10:46:55.348+0000] {dagbag.py:540} INFO - Filling up the DagBag from /opt/airflow/dags/my_first_dag.py
[2024-05-05T10:46:55.351+0000] {processor.py:840} INFO - DAG(s) 'my_first_dag' retrieved from /opt/airflow/dags/my_first_dag.py
[2024-05-05T10:46:55.367+0000] {logging_mixin.py:188} INFO - [2024-05-05T10:46:55.367+0000] {dag.py:3096} INFO - Sync 1 DAGs
[2024-05-05T10:46:55.377+0000] {logging_mixin.py:188} INFO - [2024-05-05T10:46:55.377+0000] {dag.py:3954} INFO - Setting next_dagrun for my_first_dag to None, run_after=None
[2024-05-05T10:46:55.397+0000] {processor.py:183} INFO - Processing /opt/airflow/dags/my_first_dag.py took 0.056 seconds
[2024-05-05T10:47:25.603+0000] {processor.py:161} INFO - Started process (PID=15145) to work on /opt/airflow/dags/my_first_dag.py
[2024-05-05T10:47:25.604+0000] {processor.py:830} INFO - Processing file /opt/airflow/dags/my_first_dag.py for tasks to queue
[2024-05-05T10:47:25.605+0000] {logging_mixin.py:188} INFO - [2024-05-05T10:47:25.605+0000] {dagbag.py:540} INFO - Filling up the DagBag from /opt/airflow/dags/my_first_dag.py
[2024-05-05T10:47:25.609+0000] {processor.py:840} INFO - DAG(s) 'my_first_dag' retrieved from /opt/airflow/dags/my_first_dag.py
[2024-05-05T10:47:25.634+0000] {logging_mixin.py:188} INFO - [2024-05-05T10:47:25.633+0000] {dag.py:3096} INFO - Sync 1 DAGs
[2024-05-05T10:47:25.650+0000] {logging_mixin.py:188} INFO - [2024-05-05T10:47:25.650+0000] {dag.py:3954} INFO - Setting next_dagrun for my_first_dag to None, run_after=None
[2024-05-05T10:47:25.681+0000] {processor.py:183} INFO - Processing /opt/airflow/dags/my_first_dag.py took 0.085 seconds
[2024-05-05T10:47:56.179+0000] {processor.py:161} INFO - Started process (PID=15401) to work on /opt/airflow/dags/my_first_dag.py
[2024-05-05T10:47:56.180+0000] {processor.py:830} INFO - Processing file /opt/airflow/dags/my_first_dag.py for tasks to queue
[2024-05-05T10:47:56.181+0000] {logging_mixin.py:188} INFO - [2024-05-05T10:47:56.181+0000] {dagbag.py:540} INFO - Filling up the DagBag from /opt/airflow/dags/my_first_dag.py
[2024-05-05T10:47:56.185+0000] {processor.py:840} INFO - DAG(s) 'my_first_dag' retrieved from /opt/airflow/dags/my_first_dag.py
[2024-05-05T10:47:56.207+0000] {logging_mixin.py:188} INFO - [2024-05-05T10:47:56.207+0000] {dag.py:3096} INFO - Sync 1 DAGs
[2024-05-05T10:47:56.223+0000] {logging_mixin.py:188} INFO - [2024-05-05T10:47:56.222+0000] {dag.py:3954} INFO - Setting next_dagrun for my_first_dag to None, run_after=None
[2024-05-05T10:47:56.249+0000] {processor.py:183} INFO - Processing /opt/airflow/dags/my_first_dag.py took 0.076 seconds
[2024-05-05T10:48:26.385+0000] {processor.py:161} INFO - Started process (PID=15673) to work on /opt/airflow/dags/my_first_dag.py
[2024-05-05T10:48:26.385+0000] {processor.py:830} INFO - Processing file /opt/airflow/dags/my_first_dag.py for tasks to queue
[2024-05-05T10:48:26.387+0000] {logging_mixin.py:188} INFO - [2024-05-05T10:48:26.387+0000] {dagbag.py:540} INFO - Filling up the DagBag from /opt/airflow/dags/my_first_dag.py
[2024-05-05T10:48:26.391+0000] {processor.py:840} INFO - DAG(s) 'my_first_dag' retrieved from /opt/airflow/dags/my_first_dag.py
[2024-05-05T10:48:26.412+0000] {logging_mixin.py:188} INFO - [2024-05-05T10:48:26.412+0000] {dag.py:3096} INFO - Sync 1 DAGs
[2024-05-05T10:48:26.429+0000] {logging_mixin.py:188} INFO - [2024-05-05T10:48:26.429+0000] {dag.py:3954} INFO - Setting next_dagrun for my_first_dag to None, run_after=None
[2024-05-05T10:48:26.458+0000] {processor.py:183} INFO - Processing /opt/airflow/dags/my_first_dag.py took 0.081 seconds
[2024-05-05T10:48:56.977+0000] {processor.py:161} INFO - Started process (PID=15945) to work on /opt/airflow/dags/my_first_dag.py
[2024-05-05T10:48:56.978+0000] {processor.py:830} INFO - Processing file /opt/airflow/dags/my_first_dag.py for tasks to queue
[2024-05-05T10:48:56.979+0000] {logging_mixin.py:188} INFO - [2024-05-05T10:48:56.979+0000] {dagbag.py:540} INFO - Filling up the DagBag from /opt/airflow/dags/my_first_dag.py
[2024-05-05T10:48:56.983+0000] {processor.py:840} INFO - DAG(s) 'my_first_dag' retrieved from /opt/airflow/dags/my_first_dag.py
[2024-05-05T10:48:57.005+0000] {logging_mixin.py:188} INFO - [2024-05-05T10:48:57.004+0000] {dag.py:3096} INFO - Sync 1 DAGs
[2024-05-05T10:48:57.020+0000] {logging_mixin.py:188} INFO - [2024-05-05T10:48:57.020+0000] {dag.py:3954} INFO - Setting next_dagrun for my_first_dag to None, run_after=None
[2024-05-05T10:48:57.046+0000] {processor.py:183} INFO - Processing /opt/airflow/dags/my_first_dag.py took 0.076 seconds
[2024-05-05T10:49:28.062+0000] {processor.py:161} INFO - Started process (PID=16227) to work on /opt/airflow/dags/my_first_dag.py
[2024-05-05T10:49:28.070+0000] {processor.py:830} INFO - Processing file /opt/airflow/dags/my_first_dag.py for tasks to queue
[2024-05-05T10:49:28.077+0000] {logging_mixin.py:188} INFO - [2024-05-05T10:49:28.077+0000] {dagbag.py:540} INFO - Filling up the DagBag from /opt/airflow/dags/my_first_dag.py
[2024-05-05T10:49:28.095+0000] {processor.py:840} INFO - DAG(s) 'my_first_dag' retrieved from /opt/airflow/dags/my_first_dag.py
[2024-05-05T10:49:28.134+0000] {logging_mixin.py:188} INFO - [2024-05-05T10:49:28.134+0000] {dag.py:3096} INFO - Sync 1 DAGs
[2024-05-05T10:49:28.149+0000] {logging_mixin.py:188} INFO - [2024-05-05T10:49:28.149+0000] {dag.py:3954} INFO - Setting next_dagrun for my_first_dag to None, run_after=None
[2024-05-05T10:49:28.176+0000] {processor.py:183} INFO - Processing /opt/airflow/dags/my_first_dag.py took 0.148 seconds
[2024-05-05T10:49:58.376+0000] {processor.py:161} INFO - Started process (PID=16504) to work on /opt/airflow/dags/my_first_dag.py
[2024-05-05T10:49:58.377+0000] {processor.py:830} INFO - Processing file /opt/airflow/dags/my_first_dag.py for tasks to queue
[2024-05-05T10:49:58.379+0000] {logging_mixin.py:188} INFO - [2024-05-05T10:49:58.379+0000] {dagbag.py:540} INFO - Filling up the DagBag from /opt/airflow/dags/my_first_dag.py
[2024-05-05T10:49:58.383+0000] {processor.py:840} INFO - DAG(s) 'my_first_dag' retrieved from /opt/airflow/dags/my_first_dag.py
[2024-05-05T10:49:58.408+0000] {logging_mixin.py:188} INFO - [2024-05-05T10:49:58.407+0000] {dag.py:3096} INFO - Sync 1 DAGs
[2024-05-05T10:49:58.422+0000] {logging_mixin.py:188} INFO - [2024-05-05T10:49:58.421+0000] {dag.py:3954} INFO - Setting next_dagrun for my_first_dag to None, run_after=None
[2024-05-05T10:49:58.476+0000] {processor.py:183} INFO - Processing /opt/airflow/dags/my_first_dag.py took 0.106 seconds
[2024-05-05T10:50:29.050+0000] {processor.py:161} INFO - Started process (PID=16781) to work on /opt/airflow/dags/my_first_dag.py
[2024-05-05T10:50:29.050+0000] {processor.py:830} INFO - Processing file /opt/airflow/dags/my_first_dag.py for tasks to queue
[2024-05-05T10:50:29.052+0000] {logging_mixin.py:188} INFO - [2024-05-05T10:50:29.052+0000] {dagbag.py:540} INFO - Filling up the DagBag from /opt/airflow/dags/my_first_dag.py
[2024-05-05T10:50:29.056+0000] {processor.py:840} INFO - DAG(s) 'my_first_dag' retrieved from /opt/airflow/dags/my_first_dag.py
[2024-05-05T10:50:29.078+0000] {logging_mixin.py:188} INFO - [2024-05-05T10:50:29.077+0000] {dag.py:3096} INFO - Sync 1 DAGs
[2024-05-05T10:50:29.094+0000] {logging_mixin.py:188} INFO - [2024-05-05T10:50:29.094+0000] {dag.py:3954} INFO - Setting next_dagrun for my_first_dag to None, run_after=None
[2024-05-05T10:50:29.119+0000] {processor.py:183} INFO - Processing /opt/airflow/dags/my_first_dag.py took 0.079 seconds
[2024-05-05T10:50:59.641+0000] {processor.py:161} INFO - Started process (PID=17058) to work on /opt/airflow/dags/my_first_dag.py
[2024-05-05T10:50:59.641+0000] {processor.py:830} INFO - Processing file /opt/airflow/dags/my_first_dag.py for tasks to queue
[2024-05-05T10:50:59.643+0000] {logging_mixin.py:188} INFO - [2024-05-05T10:50:59.643+0000] {dagbag.py:540} INFO - Filling up the DagBag from /opt/airflow/dags/my_first_dag.py
[2024-05-05T10:50:59.647+0000] {processor.py:840} INFO - DAG(s) 'my_first_dag' retrieved from /opt/airflow/dags/my_first_dag.py
[2024-05-05T10:50:59.668+0000] {logging_mixin.py:188} INFO - [2024-05-05T10:50:59.668+0000] {dag.py:3096} INFO - Sync 1 DAGs
[2024-05-05T10:50:59.684+0000] {logging_mixin.py:188} INFO - [2024-05-05T10:50:59.684+0000] {dag.py:3954} INFO - Setting next_dagrun for my_first_dag to None, run_after=None
[2024-05-05T10:50:59.713+0000] {processor.py:183} INFO - Processing /opt/airflow/dags/my_first_dag.py took 0.078 seconds
[2024-05-05T10:51:30.548+0000] {processor.py:161} INFO - Started process (PID=17335) to work on /opt/airflow/dags/my_first_dag.py
[2024-05-05T10:51:30.549+0000] {processor.py:830} INFO - Processing file /opt/airflow/dags/my_first_dag.py for tasks to queue
[2024-05-05T10:51:30.551+0000] {logging_mixin.py:188} INFO - [2024-05-05T10:51:30.550+0000] {dagbag.py:540} INFO - Filling up the DagBag from /opt/airflow/dags/my_first_dag.py
[2024-05-05T10:51:30.555+0000] {processor.py:840} INFO - DAG(s) 'my_first_dag' retrieved from /opt/airflow/dags/my_first_dag.py
[2024-05-05T10:51:30.578+0000] {logging_mixin.py:188} INFO - [2024-05-05T10:51:30.577+0000] {dag.py:3096} INFO - Sync 1 DAGs
[2024-05-05T10:51:30.593+0000] {logging_mixin.py:188} INFO - [2024-05-05T10:51:30.593+0000] {dag.py:3954} INFO - Setting next_dagrun for my_first_dag to None, run_after=None
[2024-05-05T10:51:30.620+0000] {processor.py:183} INFO - Processing /opt/airflow/dags/my_first_dag.py took 0.078 seconds
[2024-05-05T10:52:01.482+0000] {processor.py:161} INFO - Started process (PID=17612) to work on /opt/airflow/dags/my_first_dag.py
[2024-05-05T10:52:01.488+0000] {processor.py:830} INFO - Processing file /opt/airflow/dags/my_first_dag.py for tasks to queue
[2024-05-05T10:52:01.490+0000] {logging_mixin.py:188} INFO - [2024-05-05T10:52:01.490+0000] {dagbag.py:540} INFO - Filling up the DagBag from /opt/airflow/dags/my_first_dag.py
[2024-05-05T10:52:01.495+0000] {processor.py:840} INFO - DAG(s) 'my_first_dag' retrieved from /opt/airflow/dags/my_first_dag.py
[2024-05-05T10:52:01.522+0000] {logging_mixin.py:188} INFO - [2024-05-05T10:52:01.521+0000] {dag.py:3096} INFO - Sync 1 DAGs
[2024-05-05T10:52:01.545+0000] {logging_mixin.py:188} INFO - [2024-05-05T10:52:01.544+0000] {dag.py:3954} INFO - Setting next_dagrun for my_first_dag to None, run_after=None
[2024-05-05T10:52:01.570+0000] {processor.py:183} INFO - Processing /opt/airflow/dags/my_first_dag.py took 0.098 seconds
[2024-05-05T10:52:37.668+0000] {processor.py:161} INFO - Started process (PID=17927) to work on /opt/airflow/dags/my_first_dag.py
[2024-05-05T10:52:37.679+0000] {processor.py:830} INFO - Processing file /opt/airflow/dags/my_first_dag.py for tasks to queue
[2024-05-05T10:52:37.681+0000] {logging_mixin.py:188} INFO - [2024-05-05T10:52:37.680+0000] {dagbag.py:540} INFO - Filling up the DagBag from /opt/airflow/dags/my_first_dag.py
[2024-05-05T10:52:37.775+0000] {processor.py:840} INFO - DAG(s) 'my_first_dag' retrieved from /opt/airflow/dags/my_first_dag.py
[2024-05-05T10:52:38.115+0000] {logging_mixin.py:188} INFO - [2024-05-05T10:52:38.115+0000] {dag.py:3096} INFO - Sync 1 DAGs
[2024-05-05T10:52:38.440+0000] {logging_mixin.py:188} INFO - [2024-05-05T10:52:38.420+0000] {dag.py:3954} INFO - Setting next_dagrun for my_first_dag to None, run_after=None
[2024-05-05T10:52:38.786+0000] {processor.py:183} INFO - Processing /opt/airflow/dags/my_first_dag.py took 1.269 seconds
[2024-05-05T10:53:09.831+0000] {processor.py:161} INFO - Started process (PID=18220) to work on /opt/airflow/dags/my_first_dag.py
[2024-05-05T10:53:09.832+0000] {processor.py:830} INFO - Processing file /opt/airflow/dags/my_first_dag.py for tasks to queue
[2024-05-05T10:53:09.834+0000] {logging_mixin.py:188} INFO - [2024-05-05T10:53:09.833+0000] {dagbag.py:540} INFO - Filling up the DagBag from /opt/airflow/dags/my_first_dag.py
[2024-05-05T10:53:09.838+0000] {processor.py:840} INFO - DAG(s) 'my_first_dag' retrieved from /opt/airflow/dags/my_first_dag.py
[2024-05-05T10:53:09.870+0000] {logging_mixin.py:188} INFO - [2024-05-05T10:53:09.869+0000] {dag.py:3096} INFO - Sync 1 DAGs
[2024-05-05T10:53:09.889+0000] {logging_mixin.py:188} INFO - [2024-05-05T10:53:09.889+0000] {dag.py:3954} INFO - Setting next_dagrun for my_first_dag to None, run_after=None
[2024-05-05T10:53:09.915+0000] {processor.py:183} INFO - Processing /opt/airflow/dags/my_first_dag.py took 0.090 seconds
[2024-05-05T10:53:40.687+0000] {processor.py:161} INFO - Started process (PID=18498) to work on /opt/airflow/dags/my_first_dag.py
[2024-05-05T10:53:40.688+0000] {processor.py:830} INFO - Processing file /opt/airflow/dags/my_first_dag.py for tasks to queue
[2024-05-05T10:53:40.689+0000] {logging_mixin.py:188} INFO - [2024-05-05T10:53:40.689+0000] {dagbag.py:540} INFO - Filling up the DagBag from /opt/airflow/dags/my_first_dag.py
[2024-05-05T10:53:40.694+0000] {processor.py:840} INFO - DAG(s) 'my_first_dag' retrieved from /opt/airflow/dags/my_first_dag.py
[2024-05-05T10:53:40.716+0000] {logging_mixin.py:188} INFO - [2024-05-05T10:53:40.716+0000] {dag.py:3096} INFO - Sync 1 DAGs
[2024-05-05T10:53:40.732+0000] {logging_mixin.py:188} INFO - [2024-05-05T10:53:40.732+0000] {dag.py:3954} INFO - Setting next_dagrun for my_first_dag to None, run_after=None
[2024-05-05T10:53:40.763+0000] {processor.py:183} INFO - Processing /opt/airflow/dags/my_first_dag.py took 0.083 seconds
[2024-05-05T10:54:10.911+0000] {processor.py:161} INFO - Started process (PID=18781) to work on /opt/airflow/dags/my_first_dag.py
[2024-05-05T10:54:10.912+0000] {processor.py:830} INFO - Processing file /opt/airflow/dags/my_first_dag.py for tasks to queue
[2024-05-05T10:54:10.914+0000] {logging_mixin.py:188} INFO - [2024-05-05T10:54:10.913+0000] {dagbag.py:540} INFO - Filling up the DagBag from /opt/airflow/dags/my_first_dag.py
[2024-05-05T10:54:10.918+0000] {processor.py:840} INFO - DAG(s) 'my_first_dag' retrieved from /opt/airflow/dags/my_first_dag.py
[2024-05-05T10:54:10.948+0000] {logging_mixin.py:188} INFO - [2024-05-05T10:54:10.948+0000] {dag.py:3096} INFO - Sync 1 DAGs
[2024-05-05T10:54:10.965+0000] {logging_mixin.py:188} INFO - [2024-05-05T10:54:10.965+0000] {dag.py:3954} INFO - Setting next_dagrun for my_first_dag to None, run_after=None
[2024-05-05T10:54:10.991+0000] {processor.py:183} INFO - Processing /opt/airflow/dags/my_first_dag.py took 0.086 seconds
[2024-05-05T10:54:41.556+0000] {processor.py:161} INFO - Started process (PID=19115) to work on /opt/airflow/dags/my_first_dag.py
[2024-05-05T10:54:41.557+0000] {processor.py:830} INFO - Processing file /opt/airflow/dags/my_first_dag.py for tasks to queue
[2024-05-05T10:54:41.558+0000] {logging_mixin.py:188} INFO - [2024-05-05T10:54:41.558+0000] {dagbag.py:540} INFO - Filling up the DagBag from /opt/airflow/dags/my_first_dag.py
[2024-05-05T10:54:41.563+0000] {processor.py:840} INFO - DAG(s) 'my_first_dag' retrieved from /opt/airflow/dags/my_first_dag.py
[2024-05-05T10:54:41.584+0000] {logging_mixin.py:188} INFO - [2024-05-05T10:54:41.583+0000] {dag.py:3096} INFO - Sync 1 DAGs
[2024-05-05T10:54:41.607+0000] {logging_mixin.py:188} INFO - [2024-05-05T10:54:41.604+0000] {dag.py:3954} INFO - Setting next_dagrun for my_first_dag to None, run_after=None
[2024-05-05T10:54:41.666+0000] {processor.py:183} INFO - Processing /opt/airflow/dags/my_first_dag.py took 0.116 seconds
[2024-05-05T10:55:12.339+0000] {processor.py:161} INFO - Started process (PID=19392) to work on /opt/airflow/dags/my_first_dag.py
[2024-05-05T10:55:12.340+0000] {processor.py:830} INFO - Processing file /opt/airflow/dags/my_first_dag.py for tasks to queue
[2024-05-05T10:55:12.342+0000] {logging_mixin.py:188} INFO - [2024-05-05T10:55:12.342+0000] {dagbag.py:540} INFO - Filling up the DagBag from /opt/airflow/dags/my_first_dag.py
[2024-05-05T10:55:12.350+0000] {processor.py:840} INFO - DAG(s) 'my_first_dag' retrieved from /opt/airflow/dags/my_first_dag.py
[2024-05-05T10:55:12.373+0000] {logging_mixin.py:188} INFO - [2024-05-05T10:55:12.372+0000] {dag.py:3096} INFO - Sync 1 DAGs
[2024-05-05T10:55:12.388+0000] {logging_mixin.py:188} INFO - [2024-05-05T10:55:12.388+0000] {dag.py:3954} INFO - Setting next_dagrun for my_first_dag to None, run_after=None
[2024-05-05T10:55:12.415+0000] {processor.py:183} INFO - Processing /opt/airflow/dags/my_first_dag.py took 0.082 seconds
[2024-05-05T10:55:42.820+0000] {processor.py:161} INFO - Started process (PID=19668) to work on /opt/airflow/dags/my_first_dag.py
[2024-05-05T10:55:42.821+0000] {processor.py:830} INFO - Processing file /opt/airflow/dags/my_first_dag.py for tasks to queue
[2024-05-05T10:55:42.823+0000] {logging_mixin.py:188} INFO - [2024-05-05T10:55:42.822+0000] {dagbag.py:540} INFO - Filling up the DagBag from /opt/airflow/dags/my_first_dag.py
[2024-05-05T10:55:42.827+0000] {processor.py:840} INFO - DAG(s) 'my_first_dag' retrieved from /opt/airflow/dags/my_first_dag.py
[2024-05-05T10:55:42.849+0000] {logging_mixin.py:188} INFO - [2024-05-05T10:55:42.849+0000] {dag.py:3096} INFO - Sync 1 DAGs
[2024-05-05T10:55:42.865+0000] {logging_mixin.py:188} INFO - [2024-05-05T10:55:42.864+0000] {dag.py:3954} INFO - Setting next_dagrun for my_first_dag to None, run_after=None
[2024-05-05T10:55:42.893+0000] {processor.py:183} INFO - Processing /opt/airflow/dags/my_first_dag.py took 0.080 seconds
