[2024-05-05T10:22:31.177+0000] {local_task_job_runner.py:120} INFO - ::group::Pre task execution logs
[2024-05-05T10:22:31.226+0000] {taskinstance.py:2073} INFO - Dependencies all met for dep_context=non-requeueable deps ti=<TaskInstance: example_complex.create_entry_group manual__2024-05-05T10:22:28.612296+00:00 [queued]>
[2024-05-05T10:22:31.235+0000] {taskinstance.py:2073} INFO - Dependencies all met for dep_context=requeueable deps ti=<TaskInstance: example_complex.create_entry_group manual__2024-05-05T10:22:28.612296+00:00 [queued]>
[2024-05-05T10:22:31.236+0000] {taskinstance.py:2303} INFO - Starting attempt 1 of 1
[2024-05-05T10:22:31.260+0000] {taskinstance.py:2327} INFO - Executing <Task(BashOperator): create_entry_group> on 2024-05-05 10:22:28.612296+00:00
[2024-05-05T10:22:31.284+0000] {logging_mixin.py:188} WARNING - /home/***/.local/lib/python3.12/site-packages/***/task/task_runner/standard_task_runner.py:61 DeprecationWarning: This process (pid=1904) is multi-threaded, use of fork() may lead to deadlocks in the child.
[2024-05-05T10:22:31.275+0000] {standard_task_runner.py:90} INFO - Running: ['***', 'tasks', 'run', 'example_complex', 'create_entry_group', 'manual__2024-05-05T10:22:28.612296+00:00', '--job-id', '2', '--raw', '--subdir', '/home/***/.local/lib/python3.12/site-packages/***/example_dags/example_complex.py', '--cfg-path', '/tmp/tmp329u_03k']
[2024-05-05T10:22:31.284+0000] {standard_task_runner.py:63} INFO - Started process 1946 to run task
[2024-05-05T10:22:31.284+0000] {standard_task_runner.py:91} INFO - Job 2: Subtask create_entry_group
[2024-05-05T10:22:31.367+0000] {task_command.py:426} INFO - Running <TaskInstance: example_complex.create_entry_group manual__2024-05-05T10:22:28.612296+00:00 [running]> on host b2b5d11d7cf5
[2024-05-05T10:22:31.514+0000] {taskinstance.py:2644} INFO - Exporting env vars: AIRFLOW_CTX_DAG_OWNER='***' AIRFLOW_CTX_DAG_ID='example_complex' AIRFLOW_CTX_TASK_ID='create_entry_group' AIRFLOW_CTX_EXECUTION_DATE='2024-05-05T10:22:28.612296+00:00' AIRFLOW_CTX_TRY_NUMBER='1' AIRFLOW_CTX_DAG_RUN_ID='manual__2024-05-05T10:22:28.612296+00:00'
[2024-05-05T10:22:31.516+0000] {taskinstance.py:430} INFO - ::endgroup::
[2024-05-05T10:22:31.517+0000] {subprocess.py:63} INFO - Tmp dir root location: /tmp
[2024-05-05T10:22:31.520+0000] {subprocess.py:75} INFO - Running command: ['/usr/bin/bash', '-c', 'echo create_entry_group']
[2024-05-05T10:22:31.541+0000] {subprocess.py:86} INFO - Output:
[2024-05-05T10:22:31.544+0000] {subprocess.py:93} INFO - create_entry_group
[2024-05-05T10:22:31.545+0000] {subprocess.py:97} INFO - Command exited with return code 0
[2024-05-05T10:22:31.545+0000] {taskinstance.py:441} INFO - ::group::Post task execution logs
[2024-05-05T10:22:31.579+0000] {taskinstance.py:1205} INFO - Marking task as SUCCESS. dag_id=example_complex, task_id=create_entry_group, execution_date=20240505T102228, start_date=20240505T102231, end_date=20240505T102231
[2024-05-05T10:22:31.628+0000] {local_task_job_runner.py:240} INFO - Task exited with return code 0
[2024-05-05T10:22:31.688+0000] {taskinstance.py:3482} INFO - 4 downstream tasks scheduled from follow-on schedule check
[2024-05-05T10:22:31.696+0000] {local_task_job_runner.py:222} INFO - ::endgroup::
