[2024-05-05T10:23:04.350+0000] {local_task_job_runner.py:120} INFO - ::group::Pre task execution logs
[2024-05-05T10:23:04.455+0000] {taskinstance.py:2073} INFO - Dependencies all met for dep_context=non-requeueable deps ti=<TaskInstance: example_complex.create_tag_result manual__2024-05-05T10:22:28.612296+00:00 [queued]>
[2024-05-05T10:23:04.523+0000] {taskinstance.py:2073} INFO - Dependencies all met for dep_context=requeueable deps ti=<TaskInstance: example_complex.create_tag_result manual__2024-05-05T10:22:28.612296+00:00 [queued]>
[2024-05-05T10:23:04.536+0000] {taskinstance.py:2303} INFO - Starting attempt 1 of 1
[2024-05-05T10:23:04.701+0000] {taskinstance.py:2327} INFO - Executing <Task(BashOperator): create_tag_result> on 2024-05-05 10:22:28.612296+00:00
[2024-05-05T10:23:04.769+0000] {logging_mixin.py:188} WARNING - /home/***/.local/lib/python3.12/site-packages/***/task/task_runner/standard_task_runner.py:61 DeprecationWarning: This process (pid=2214) is multi-threaded, use of fork() may lead to deadlocks in the child.
[2024-05-05T10:23:04.781+0000] {standard_task_runner.py:90} INFO - Running: ['***', 'tasks', 'run', 'example_complex', 'create_tag_result', 'manual__2024-05-05T10:22:28.612296+00:00', '--job-id', '29', '--raw', '--subdir', '/home/***/.local/lib/python3.12/site-packages/***/example_dags/example_complex.py', '--cfg-path', '/tmp/tmpm8pl_8wx']
[2024-05-05T10:23:04.804+0000] {standard_task_runner.py:91} INFO - Job 29: Subtask create_tag_result
[2024-05-05T10:23:04.803+0000] {standard_task_runner.py:63} INFO - Started process 2353 to run task
[2024-05-05T10:23:04.977+0000] {task_command.py:426} INFO - Running <TaskInstance: example_complex.create_tag_result manual__2024-05-05T10:22:28.612296+00:00 [running]> on host b2b5d11d7cf5
[2024-05-05T10:23:05.292+0000] {taskinstance.py:2644} INFO - Exporting env vars: AIRFLOW_CTX_DAG_OWNER='***' AIRFLOW_CTX_DAG_ID='example_complex' AIRFLOW_CTX_TASK_ID='create_tag_result' AIRFLOW_CTX_EXECUTION_DATE='2024-05-05T10:22:28.612296+00:00' AIRFLOW_CTX_TRY_NUMBER='1' AIRFLOW_CTX_DAG_RUN_ID='manual__2024-05-05T10:22:28.612296+00:00'
[2024-05-05T10:23:05.294+0000] {taskinstance.py:430} INFO - ::endgroup::
[2024-05-05T10:23:05.296+0000] {subprocess.py:63} INFO - Tmp dir root location: /tmp
[2024-05-05T10:23:05.296+0000] {subprocess.py:75} INFO - Running command: ['/usr/bin/bash', '-c', 'echo create_tag_result']
[2024-05-05T10:23:05.487+0000] {subprocess.py:86} INFO - Output:
[2024-05-05T10:23:05.498+0000] {subprocess.py:93} INFO - create_tag_result
[2024-05-05T10:23:05.511+0000] {subprocess.py:97} INFO - Command exited with return code 0
[2024-05-05T10:23:05.512+0000] {taskinstance.py:441} INFO - ::group::Post task execution logs
[2024-05-05T10:23:05.568+0000] {taskinstance.py:1205} INFO - Marking task as SUCCESS. dag_id=example_complex, task_id=create_tag_result, execution_date=20240505T102228, start_date=20240505T102304, end_date=20240505T102305
[2024-05-05T10:23:05.638+0000] {local_task_job_runner.py:240} INFO - Task exited with return code 0
[2024-05-05T10:23:05.683+0000] {taskinstance.py:3482} INFO - 0 downstream tasks scheduled from follow-on schedule check
[2024-05-05T10:23:05.696+0000] {local_task_job_runner.py:222} INFO - ::endgroup::
