[2024-05-05T10:19:21.795+0000] {processor.py:161} INFO - Started process (PID=252) to work on /home/airflow/.local/lib/python3.12/site-packages/airflow/example_dags/example_sensors.py
[2024-05-05T10:19:21.796+0000] {processor.py:830} INFO - Processing file /home/airflow/.local/lib/python3.12/site-packages/airflow/example_dags/example_sensors.py for tasks to queue
[2024-05-05T10:19:21.798+0000] {logging_mixin.py:188} INFO - [2024-05-05T10:19:21.797+0000] {dagbag.py:540} INFO - Filling up the DagBag from /home/airflow/.local/lib/python3.12/site-packages/airflow/example_dags/example_sensors.py
[2024-05-05T10:19:21.818+0000] {processor.py:840} INFO - DAG(s) 'example_sensors' retrieved from /home/airflow/.local/lib/python3.12/site-packages/airflow/example_dags/example_sensors.py
[2024-05-05T10:19:22.204+0000] {logging_mixin.py:188} INFO - [2024-05-05T10:19:22.203+0000] {override.py:1829} INFO - Created Permission View: can delete on DAG:example_sensors
[2024-05-05T10:19:22.252+0000] {logging_mixin.py:188} INFO - [2024-05-05T10:19:22.252+0000] {override.py:1829} INFO - Created Permission View: can edit on DAG:example_sensors
[2024-05-05T10:19:22.283+0000] {logging_mixin.py:188} INFO - [2024-05-05T10:19:22.283+0000] {override.py:1829} INFO - Created Permission View: can read on DAG:example_sensors
[2024-05-05T10:19:22.283+0000] {logging_mixin.py:188} INFO - [2024-05-05T10:19:22.283+0000] {dag.py:3096} INFO - Sync 1 DAGs
[2024-05-05T10:19:22.305+0000] {logging_mixin.py:188} INFO - [2024-05-05T10:19:22.305+0000] {dag.py:3118} INFO - Creating ORM DAG for example_sensors
[2024-05-05T10:19:22.306+0000] {logging_mixin.py:188} INFO - [2024-05-05T10:19:22.305+0000] {dag.py:3954} INFO - Setting next_dagrun for example_sensors to None, run_after=None
[2024-05-05T10:19:22.349+0000] {processor.py:183} INFO - Processing /home/airflow/.local/lib/python3.12/site-packages/airflow/example_dags/example_sensors.py took 0.561 seconds
[2024-05-05T10:19:52.466+0000] {processor.py:161} INFO - Started process (PID=516) to work on /home/airflow/.local/lib/python3.12/site-packages/airflow/example_dags/example_sensors.py
[2024-05-05T10:19:52.466+0000] {processor.py:830} INFO - Processing file /home/airflow/.local/lib/python3.12/site-packages/airflow/example_dags/example_sensors.py for tasks to queue
[2024-05-05T10:19:52.468+0000] {logging_mixin.py:188} INFO - [2024-05-05T10:19:52.467+0000] {dagbag.py:540} INFO - Filling up the DagBag from /home/airflow/.local/lib/python3.12/site-packages/airflow/example_dags/example_sensors.py
[2024-05-05T10:19:52.476+0000] {processor.py:840} INFO - DAG(s) 'example_sensors' retrieved from /home/airflow/.local/lib/python3.12/site-packages/airflow/example_dags/example_sensors.py
[2024-05-05T10:19:52.496+0000] {logging_mixin.py:188} INFO - [2024-05-05T10:19:52.496+0000] {dag.py:3096} INFO - Sync 1 DAGs
[2024-05-05T10:19:52.507+0000] {logging_mixin.py:188} INFO - [2024-05-05T10:19:52.507+0000] {dag.py:3954} INFO - Setting next_dagrun for example_sensors to None, run_after=None
[2024-05-05T10:19:52.527+0000] {processor.py:183} INFO - Processing /home/airflow/.local/lib/python3.12/site-packages/airflow/example_dags/example_sensors.py took 0.066 seconds
[2024-05-05T10:20:22.786+0000] {processor.py:161} INFO - Started process (PID=776) to work on /home/airflow/.local/lib/python3.12/site-packages/airflow/example_dags/example_sensors.py
[2024-05-05T10:20:22.787+0000] {processor.py:830} INFO - Processing file /home/airflow/.local/lib/python3.12/site-packages/airflow/example_dags/example_sensors.py for tasks to queue
[2024-05-05T10:20:22.789+0000] {logging_mixin.py:188} INFO - [2024-05-05T10:20:22.788+0000] {dagbag.py:540} INFO - Filling up the DagBag from /home/airflow/.local/lib/python3.12/site-packages/airflow/example_dags/example_sensors.py
[2024-05-05T10:20:22.799+0000] {processor.py:840} INFO - DAG(s) 'example_sensors' retrieved from /home/airflow/.local/lib/python3.12/site-packages/airflow/example_dags/example_sensors.py
[2024-05-05T10:20:22.827+0000] {logging_mixin.py:188} INFO - [2024-05-05T10:20:22.827+0000] {dag.py:3096} INFO - Sync 1 DAGs
[2024-05-05T10:20:22.843+0000] {logging_mixin.py:188} INFO - [2024-05-05T10:20:22.843+0000] {dag.py:3954} INFO - Setting next_dagrun for example_sensors to None, run_after=None
[2024-05-05T10:20:22.865+0000] {processor.py:183} INFO - Processing /home/airflow/.local/lib/python3.12/site-packages/airflow/example_dags/example_sensors.py took 0.085 seconds
[2024-05-05T10:20:53.774+0000] {processor.py:161} INFO - Started process (PID=1038) to work on /home/airflow/.local/lib/python3.12/site-packages/airflow/example_dags/example_sensors.py
[2024-05-05T10:20:53.775+0000] {processor.py:830} INFO - Processing file /home/airflow/.local/lib/python3.12/site-packages/airflow/example_dags/example_sensors.py for tasks to queue
[2024-05-05T10:20:53.777+0000] {logging_mixin.py:188} INFO - [2024-05-05T10:20:53.776+0000] {dagbag.py:540} INFO - Filling up the DagBag from /home/airflow/.local/lib/python3.12/site-packages/airflow/example_dags/example_sensors.py
[2024-05-05T10:20:53.787+0000] {processor.py:840} INFO - DAG(s) 'example_sensors' retrieved from /home/airflow/.local/lib/python3.12/site-packages/airflow/example_dags/example_sensors.py
[2024-05-05T10:20:53.809+0000] {logging_mixin.py:188} INFO - [2024-05-05T10:20:53.808+0000] {dag.py:3096} INFO - Sync 1 DAGs
[2024-05-05T10:20:53.819+0000] {logging_mixin.py:188} INFO - [2024-05-05T10:20:53.818+0000] {dag.py:3954} INFO - Setting next_dagrun for example_sensors to None, run_after=None
[2024-05-05T10:20:53.839+0000] {processor.py:183} INFO - Processing /home/airflow/.local/lib/python3.12/site-packages/airflow/example_dags/example_sensors.py took 0.071 seconds
[2024-05-05T10:21:24.215+0000] {processor.py:161} INFO - Started process (PID=1300) to work on /home/airflow/.local/lib/python3.12/site-packages/airflow/example_dags/example_sensors.py
[2024-05-05T10:21:24.216+0000] {processor.py:830} INFO - Processing file /home/airflow/.local/lib/python3.12/site-packages/airflow/example_dags/example_sensors.py for tasks to queue
[2024-05-05T10:21:24.218+0000] {logging_mixin.py:188} INFO - [2024-05-05T10:21:24.217+0000] {dagbag.py:540} INFO - Filling up the DagBag from /home/airflow/.local/lib/python3.12/site-packages/airflow/example_dags/example_sensors.py
[2024-05-05T10:21:24.227+0000] {processor.py:840} INFO - DAG(s) 'example_sensors' retrieved from /home/airflow/.local/lib/python3.12/site-packages/airflow/example_dags/example_sensors.py
[2024-05-05T10:21:24.249+0000] {logging_mixin.py:188} INFO - [2024-05-05T10:21:24.248+0000] {dag.py:3096} INFO - Sync 1 DAGs
[2024-05-05T10:21:24.259+0000] {logging_mixin.py:188} INFO - [2024-05-05T10:21:24.258+0000] {dag.py:3954} INFO - Setting next_dagrun for example_sensors to None, run_after=None
[2024-05-05T10:21:24.280+0000] {processor.py:183} INFO - Processing /home/airflow/.local/lib/python3.12/site-packages/airflow/example_dags/example_sensors.py took 0.072 seconds
[2024-05-05T10:21:55.125+0000] {processor.py:161} INFO - Started process (PID=1562) to work on /home/airflow/.local/lib/python3.12/site-packages/airflow/example_dags/example_sensors.py
[2024-05-05T10:21:55.127+0000] {processor.py:830} INFO - Processing file /home/airflow/.local/lib/python3.12/site-packages/airflow/example_dags/example_sensors.py for tasks to queue
[2024-05-05T10:21:55.129+0000] {logging_mixin.py:188} INFO - [2024-05-05T10:21:55.128+0000] {dagbag.py:540} INFO - Filling up the DagBag from /home/airflow/.local/lib/python3.12/site-packages/airflow/example_dags/example_sensors.py
[2024-05-05T10:21:55.145+0000] {processor.py:840} INFO - DAG(s) 'example_sensors' retrieved from /home/airflow/.local/lib/python3.12/site-packages/airflow/example_dags/example_sensors.py
[2024-05-05T10:21:55.171+0000] {logging_mixin.py:188} INFO - [2024-05-05T10:21:55.171+0000] {dag.py:3096} INFO - Sync 1 DAGs
[2024-05-05T10:21:55.182+0000] {logging_mixin.py:188} INFO - [2024-05-05T10:21:55.182+0000] {dag.py:3954} INFO - Setting next_dagrun for example_sensors to None, run_after=None
[2024-05-05T10:21:55.203+0000] {processor.py:183} INFO - Processing /home/airflow/.local/lib/python3.12/site-packages/airflow/example_dags/example_sensors.py took 0.085 seconds
[2024-05-05T10:22:25.774+0000] {processor.py:161} INFO - Started process (PID=1825) to work on /home/airflow/.local/lib/python3.12/site-packages/airflow/example_dags/example_sensors.py
[2024-05-05T10:22:25.774+0000] {processor.py:830} INFO - Processing file /home/airflow/.local/lib/python3.12/site-packages/airflow/example_dags/example_sensors.py for tasks to queue
[2024-05-05T10:22:25.776+0000] {logging_mixin.py:188} INFO - [2024-05-05T10:22:25.776+0000] {dagbag.py:540} INFO - Filling up the DagBag from /home/airflow/.local/lib/python3.12/site-packages/airflow/example_dags/example_sensors.py
[2024-05-05T10:22:25.786+0000] {processor.py:840} INFO - DAG(s) 'example_sensors' retrieved from /home/airflow/.local/lib/python3.12/site-packages/airflow/example_dags/example_sensors.py
[2024-05-05T10:22:25.806+0000] {logging_mixin.py:188} INFO - [2024-05-05T10:22:25.806+0000] {dag.py:3096} INFO - Sync 1 DAGs
[2024-05-05T10:22:25.816+0000] {logging_mixin.py:188} INFO - [2024-05-05T10:22:25.816+0000] {dag.py:3954} INFO - Setting next_dagrun for example_sensors to None, run_after=None
[2024-05-05T10:22:25.838+0000] {processor.py:183} INFO - Processing /home/airflow/.local/lib/python3.12/site-packages/airflow/example_dags/example_sensors.py took 0.070 seconds
[2024-05-05T10:22:57.182+0000] {processor.py:161} INFO - Started process (PID=2184) to work on /home/airflow/.local/lib/python3.12/site-packages/airflow/example_dags/example_sensors.py
[2024-05-05T10:22:57.183+0000] {processor.py:830} INFO - Processing file /home/airflow/.local/lib/python3.12/site-packages/airflow/example_dags/example_sensors.py for tasks to queue
[2024-05-05T10:22:57.190+0000] {logging_mixin.py:188} INFO - [2024-05-05T10:22:57.190+0000] {dagbag.py:540} INFO - Filling up the DagBag from /home/airflow/.local/lib/python3.12/site-packages/airflow/example_dags/example_sensors.py
[2024-05-05T10:22:57.271+0000] {processor.py:840} INFO - DAG(s) 'example_sensors' retrieved from /home/airflow/.local/lib/python3.12/site-packages/airflow/example_dags/example_sensors.py
[2024-05-05T10:22:57.499+0000] {logging_mixin.py:188} INFO - [2024-05-05T10:22:57.499+0000] {dag.py:3096} INFO - Sync 1 DAGs
[2024-05-05T10:22:57.583+0000] {logging_mixin.py:188} INFO - [2024-05-05T10:22:57.583+0000] {dag.py:3954} INFO - Setting next_dagrun for example_sensors to None, run_after=None
[2024-05-05T10:22:57.679+0000] {processor.py:183} INFO - Processing /home/airflow/.local/lib/python3.12/site-packages/airflow/example_dags/example_sensors.py took 0.506 seconds
[2024-05-05T10:23:28.322+0000] {processor.py:161} INFO - Started process (PID=2502) to work on /home/airflow/.local/lib/python3.12/site-packages/airflow/example_dags/example_sensors.py
[2024-05-05T10:23:28.323+0000] {processor.py:830} INFO - Processing file /home/airflow/.local/lib/python3.12/site-packages/airflow/example_dags/example_sensors.py for tasks to queue
[2024-05-05T10:23:28.325+0000] {logging_mixin.py:188} INFO - [2024-05-05T10:23:28.324+0000] {dagbag.py:540} INFO - Filling up the DagBag from /home/airflow/.local/lib/python3.12/site-packages/airflow/example_dags/example_sensors.py
[2024-05-05T10:23:28.336+0000] {processor.py:840} INFO - DAG(s) 'example_sensors' retrieved from /home/airflow/.local/lib/python3.12/site-packages/airflow/example_dags/example_sensors.py
[2024-05-05T10:23:28.366+0000] {logging_mixin.py:188} INFO - [2024-05-05T10:23:28.366+0000] {dag.py:3096} INFO - Sync 1 DAGs
[2024-05-05T10:23:28.392+0000] {logging_mixin.py:188} INFO - [2024-05-05T10:23:28.392+0000] {dag.py:3954} INFO - Setting next_dagrun for example_sensors to None, run_after=None
[2024-05-05T10:23:28.428+0000] {processor.py:183} INFO - Processing /home/airflow/.local/lib/python3.12/site-packages/airflow/example_dags/example_sensors.py took 0.112 seconds
[2024-05-05T10:23:58.912+0000] {processor.py:161} INFO - Started process (PID=2764) to work on /home/airflow/.local/lib/python3.12/site-packages/airflow/example_dags/example_sensors.py
[2024-05-05T10:23:58.913+0000] {processor.py:830} INFO - Processing file /home/airflow/.local/lib/python3.12/site-packages/airflow/example_dags/example_sensors.py for tasks to queue
[2024-05-05T10:23:58.915+0000] {logging_mixin.py:188} INFO - [2024-05-05T10:23:58.914+0000] {dagbag.py:540} INFO - Filling up the DagBag from /home/airflow/.local/lib/python3.12/site-packages/airflow/example_dags/example_sensors.py
[2024-05-05T10:23:58.929+0000] {processor.py:840} INFO - DAG(s) 'example_sensors' retrieved from /home/airflow/.local/lib/python3.12/site-packages/airflow/example_dags/example_sensors.py
[2024-05-05T10:23:58.959+0000] {logging_mixin.py:188} INFO - [2024-05-05T10:23:58.959+0000] {dag.py:3096} INFO - Sync 1 DAGs
[2024-05-05T10:23:58.974+0000] {logging_mixin.py:188} INFO - [2024-05-05T10:23:58.974+0000] {dag.py:3954} INFO - Setting next_dagrun for example_sensors to None, run_after=None
[2024-05-05T10:23:58.995+0000] {processor.py:183} INFO - Processing /home/airflow/.local/lib/python3.12/site-packages/airflow/example_dags/example_sensors.py took 0.090 seconds
[2024-05-05T10:24:29.529+0000] {processor.py:161} INFO - Started process (PID=3026) to work on /home/airflow/.local/lib/python3.12/site-packages/airflow/example_dags/example_sensors.py
[2024-05-05T10:24:29.530+0000] {processor.py:830} INFO - Processing file /home/airflow/.local/lib/python3.12/site-packages/airflow/example_dags/example_sensors.py for tasks to queue
[2024-05-05T10:24:29.532+0000] {logging_mixin.py:188} INFO - [2024-05-05T10:24:29.531+0000] {dagbag.py:540} INFO - Filling up the DagBag from /home/airflow/.local/lib/python3.12/site-packages/airflow/example_dags/example_sensors.py
[2024-05-05T10:24:29.543+0000] {processor.py:840} INFO - DAG(s) 'example_sensors' retrieved from /home/airflow/.local/lib/python3.12/site-packages/airflow/example_dags/example_sensors.py
[2024-05-05T10:24:29.572+0000] {logging_mixin.py:188} INFO - [2024-05-05T10:24:29.572+0000] {dag.py:3096} INFO - Sync 1 DAGs
[2024-05-05T10:24:29.587+0000] {logging_mixin.py:188} INFO - [2024-05-05T10:24:29.587+0000] {dag.py:3954} INFO - Setting next_dagrun for example_sensors to None, run_after=None
[2024-05-05T10:24:29.611+0000] {processor.py:183} INFO - Processing /home/airflow/.local/lib/python3.12/site-packages/airflow/example_dags/example_sensors.py took 0.088 seconds
[2024-05-05T10:25:00.057+0000] {processor.py:161} INFO - Started process (PID=3290) to work on /home/airflow/.local/lib/python3.12/site-packages/airflow/example_dags/example_sensors.py
[2024-05-05T10:25:00.058+0000] {processor.py:830} INFO - Processing file /home/airflow/.local/lib/python3.12/site-packages/airflow/example_dags/example_sensors.py for tasks to queue
[2024-05-05T10:25:00.060+0000] {logging_mixin.py:188} INFO - [2024-05-05T10:25:00.059+0000] {dagbag.py:540} INFO - Filling up the DagBag from /home/airflow/.local/lib/python3.12/site-packages/airflow/example_dags/example_sensors.py
[2024-05-05T10:25:00.071+0000] {processor.py:840} INFO - DAG(s) 'example_sensors' retrieved from /home/airflow/.local/lib/python3.12/site-packages/airflow/example_dags/example_sensors.py
[2024-05-05T10:25:00.106+0000] {logging_mixin.py:188} INFO - [2024-05-05T10:25:00.106+0000] {dag.py:3096} INFO - Sync 1 DAGs
[2024-05-05T10:25:00.121+0000] {logging_mixin.py:188} INFO - [2024-05-05T10:25:00.120+0000] {dag.py:3954} INFO - Setting next_dagrun for example_sensors to None, run_after=None
[2024-05-05T10:25:00.142+0000] {processor.py:183} INFO - Processing /home/airflow/.local/lib/python3.12/site-packages/airflow/example_dags/example_sensors.py took 0.092 seconds
[2024-05-05T10:25:30.556+0000] {processor.py:161} INFO - Started process (PID=3552) to work on /home/airflow/.local/lib/python3.12/site-packages/airflow/example_dags/example_sensors.py
[2024-05-05T10:25:30.557+0000] {processor.py:830} INFO - Processing file /home/airflow/.local/lib/python3.12/site-packages/airflow/example_dags/example_sensors.py for tasks to queue
[2024-05-05T10:25:30.559+0000] {logging_mixin.py:188} INFO - [2024-05-05T10:25:30.558+0000] {dagbag.py:540} INFO - Filling up the DagBag from /home/airflow/.local/lib/python3.12/site-packages/airflow/example_dags/example_sensors.py
[2024-05-05T10:25:30.570+0000] {processor.py:840} INFO - DAG(s) 'example_sensors' retrieved from /home/airflow/.local/lib/python3.12/site-packages/airflow/example_dags/example_sensors.py
[2024-05-05T10:25:30.619+0000] {logging_mixin.py:188} INFO - [2024-05-05T10:25:30.619+0000] {dag.py:3096} INFO - Sync 1 DAGs
[2024-05-05T10:25:30.634+0000] {logging_mixin.py:188} INFO - [2024-05-05T10:25:30.633+0000] {dag.py:3954} INFO - Setting next_dagrun for example_sensors to None, run_after=None
[2024-05-05T10:25:30.666+0000] {processor.py:183} INFO - Processing /home/airflow/.local/lib/python3.12/site-packages/airflow/example_dags/example_sensors.py took 0.116 seconds
[2024-05-05T10:26:00.818+0000] {processor.py:161} INFO - Started process (PID=3814) to work on /home/airflow/.local/lib/python3.12/site-packages/airflow/example_dags/example_sensors.py
[2024-05-05T10:26:00.819+0000] {processor.py:830} INFO - Processing file /home/airflow/.local/lib/python3.12/site-packages/airflow/example_dags/example_sensors.py for tasks to queue
[2024-05-05T10:26:00.821+0000] {logging_mixin.py:188} INFO - [2024-05-05T10:26:00.820+0000] {dagbag.py:540} INFO - Filling up the DagBag from /home/airflow/.local/lib/python3.12/site-packages/airflow/example_dags/example_sensors.py
[2024-05-05T10:26:00.833+0000] {processor.py:840} INFO - DAG(s) 'example_sensors' retrieved from /home/airflow/.local/lib/python3.12/site-packages/airflow/example_dags/example_sensors.py
[2024-05-05T10:26:00.888+0000] {logging_mixin.py:188} INFO - [2024-05-05T10:26:00.888+0000] {dag.py:3096} INFO - Sync 1 DAGs
[2024-05-05T10:26:00.903+0000] {logging_mixin.py:188} INFO - [2024-05-05T10:26:00.903+0000] {dag.py:3954} INFO - Setting next_dagrun for example_sensors to None, run_after=None
[2024-05-05T10:26:00.937+0000] {processor.py:183} INFO - Processing /home/airflow/.local/lib/python3.12/site-packages/airflow/example_dags/example_sensors.py took 0.125 seconds
[2024-05-05T10:26:31.079+0000] {processor.py:161} INFO - Started process (PID=4077) to work on /home/airflow/.local/lib/python3.12/site-packages/airflow/example_dags/example_sensors.py
[2024-05-05T10:26:31.080+0000] {processor.py:830} INFO - Processing file /home/airflow/.local/lib/python3.12/site-packages/airflow/example_dags/example_sensors.py for tasks to queue
[2024-05-05T10:26:31.082+0000] {logging_mixin.py:188} INFO - [2024-05-05T10:26:31.081+0000] {dagbag.py:540} INFO - Filling up the DagBag from /home/airflow/.local/lib/python3.12/site-packages/airflow/example_dags/example_sensors.py
[2024-05-05T10:26:31.092+0000] {processor.py:840} INFO - DAG(s) 'example_sensors' retrieved from /home/airflow/.local/lib/python3.12/site-packages/airflow/example_dags/example_sensors.py
[2024-05-05T10:26:31.126+0000] {logging_mixin.py:188} INFO - [2024-05-05T10:26:31.126+0000] {dag.py:3096} INFO - Sync 1 DAGs
[2024-05-05T10:26:31.141+0000] {logging_mixin.py:188} INFO - [2024-05-05T10:26:31.141+0000] {dag.py:3954} INFO - Setting next_dagrun for example_sensors to None, run_after=None
[2024-05-05T10:26:31.172+0000] {processor.py:183} INFO - Processing /home/airflow/.local/lib/python3.12/site-packages/airflow/example_dags/example_sensors.py took 0.100 seconds
[2024-05-05T10:27:01.487+0000] {processor.py:161} INFO - Started process (PID=4334) to work on /home/airflow/.local/lib/python3.12/site-packages/airflow/example_dags/example_sensors.py
[2024-05-05T10:27:01.488+0000] {processor.py:830} INFO - Processing file /home/airflow/.local/lib/python3.12/site-packages/airflow/example_dags/example_sensors.py for tasks to queue
[2024-05-05T10:27:01.489+0000] {logging_mixin.py:188} INFO - [2024-05-05T10:27:01.489+0000] {dagbag.py:540} INFO - Filling up the DagBag from /home/airflow/.local/lib/python3.12/site-packages/airflow/example_dags/example_sensors.py
[2024-05-05T10:27:01.500+0000] {processor.py:840} INFO - DAG(s) 'example_sensors' retrieved from /home/airflow/.local/lib/python3.12/site-packages/airflow/example_dags/example_sensors.py
[2024-05-05T10:27:01.552+0000] {logging_mixin.py:188} INFO - [2024-05-05T10:27:01.552+0000] {dag.py:3096} INFO - Sync 1 DAGs
[2024-05-05T10:27:01.568+0000] {logging_mixin.py:188} INFO - [2024-05-05T10:27:01.567+0000] {dag.py:3954} INFO - Setting next_dagrun for example_sensors to None, run_after=None
[2024-05-05T10:27:01.592+0000] {processor.py:183} INFO - Processing /home/airflow/.local/lib/python3.12/site-packages/airflow/example_dags/example_sensors.py took 0.112 seconds
[2024-05-05T10:27:31.890+0000] {processor.py:161} INFO - Started process (PID=4596) to work on /home/airflow/.local/lib/python3.12/site-packages/airflow/example_dags/example_sensors.py
[2024-05-05T10:27:31.891+0000] {processor.py:830} INFO - Processing file /home/airflow/.local/lib/python3.12/site-packages/airflow/example_dags/example_sensors.py for tasks to queue
[2024-05-05T10:27:31.893+0000] {logging_mixin.py:188} INFO - [2024-05-05T10:27:31.892+0000] {dagbag.py:540} INFO - Filling up the DagBag from /home/airflow/.local/lib/python3.12/site-packages/airflow/example_dags/example_sensors.py
[2024-05-05T10:27:31.904+0000] {processor.py:840} INFO - DAG(s) 'example_sensors' retrieved from /home/airflow/.local/lib/python3.12/site-packages/airflow/example_dags/example_sensors.py
[2024-05-05T10:27:31.962+0000] {logging_mixin.py:188} INFO - [2024-05-05T10:27:31.962+0000] {dag.py:3096} INFO - Sync 1 DAGs
[2024-05-05T10:27:31.978+0000] {logging_mixin.py:188} INFO - [2024-05-05T10:27:31.978+0000] {dag.py:3954} INFO - Setting next_dagrun for example_sensors to None, run_after=None
[2024-05-05T10:27:32.011+0000] {processor.py:183} INFO - Processing /home/airflow/.local/lib/python3.12/site-packages/airflow/example_dags/example_sensors.py took 0.128 seconds
[2024-05-05T10:28:02.512+0000] {processor.py:161} INFO - Started process (PID=4859) to work on /home/airflow/.local/lib/python3.12/site-packages/airflow/example_dags/example_sensors.py
[2024-05-05T10:28:02.513+0000] {processor.py:830} INFO - Processing file /home/airflow/.local/lib/python3.12/site-packages/airflow/example_dags/example_sensors.py for tasks to queue
[2024-05-05T10:28:02.515+0000] {logging_mixin.py:188} INFO - [2024-05-05T10:28:02.515+0000] {dagbag.py:540} INFO - Filling up the DagBag from /home/airflow/.local/lib/python3.12/site-packages/airflow/example_dags/example_sensors.py
[2024-05-05T10:28:02.526+0000] {processor.py:840} INFO - DAG(s) 'example_sensors' retrieved from /home/airflow/.local/lib/python3.12/site-packages/airflow/example_dags/example_sensors.py
[2024-05-05T10:28:02.561+0000] {logging_mixin.py:188} INFO - [2024-05-05T10:28:02.560+0000] {dag.py:3096} INFO - Sync 1 DAGs
[2024-05-05T10:28:02.575+0000] {logging_mixin.py:188} INFO - [2024-05-05T10:28:02.575+0000] {dag.py:3954} INFO - Setting next_dagrun for example_sensors to None, run_after=None
[2024-05-05T10:28:02.597+0000] {processor.py:183} INFO - Processing /home/airflow/.local/lib/python3.12/site-packages/airflow/example_dags/example_sensors.py took 0.091 seconds
[2024-05-05T10:28:32.655+0000] {processor.py:161} INFO - Started process (PID=5121) to work on /home/airflow/.local/lib/python3.12/site-packages/airflow/example_dags/example_sensors.py
[2024-05-05T10:28:32.655+0000] {processor.py:830} INFO - Processing file /home/airflow/.local/lib/python3.12/site-packages/airflow/example_dags/example_sensors.py for tasks to queue
[2024-05-05T10:28:32.657+0000] {logging_mixin.py:188} INFO - [2024-05-05T10:28:32.657+0000] {dagbag.py:540} INFO - Filling up the DagBag from /home/airflow/.local/lib/python3.12/site-packages/airflow/example_dags/example_sensors.py
[2024-05-05T10:28:32.667+0000] {processor.py:840} INFO - DAG(s) 'example_sensors' retrieved from /home/airflow/.local/lib/python3.12/site-packages/airflow/example_dags/example_sensors.py
[2024-05-05T10:28:32.699+0000] {logging_mixin.py:188} INFO - [2024-05-05T10:28:32.699+0000] {dag.py:3096} INFO - Sync 1 DAGs
[2024-05-05T10:28:32.716+0000] {logging_mixin.py:188} INFO - [2024-05-05T10:28:32.715+0000] {dag.py:3954} INFO - Setting next_dagrun for example_sensors to None, run_after=None
[2024-05-05T10:28:32.742+0000] {processor.py:183} INFO - Processing /home/airflow/.local/lib/python3.12/site-packages/airflow/example_dags/example_sensors.py took 0.094 seconds
[2024-05-05T10:29:02.882+0000] {processor.py:161} INFO - Started process (PID=5383) to work on /home/airflow/.local/lib/python3.12/site-packages/airflow/example_dags/example_sensors.py
[2024-05-05T10:29:02.883+0000] {processor.py:830} INFO - Processing file /home/airflow/.local/lib/python3.12/site-packages/airflow/example_dags/example_sensors.py for tasks to queue
[2024-05-05T10:29:02.884+0000] {logging_mixin.py:188} INFO - [2024-05-05T10:29:02.884+0000] {dagbag.py:540} INFO - Filling up the DagBag from /home/airflow/.local/lib/python3.12/site-packages/airflow/example_dags/example_sensors.py
[2024-05-05T10:29:02.894+0000] {processor.py:840} INFO - DAG(s) 'example_sensors' retrieved from /home/airflow/.local/lib/python3.12/site-packages/airflow/example_dags/example_sensors.py
[2024-05-05T10:29:02.915+0000] {logging_mixin.py:188} INFO - [2024-05-05T10:29:02.915+0000] {dag.py:3096} INFO - Sync 1 DAGs
[2024-05-05T10:29:02.925+0000] {logging_mixin.py:188} INFO - [2024-05-05T10:29:02.925+0000] {dag.py:3954} INFO - Setting next_dagrun for example_sensors to None, run_after=None
[2024-05-05T10:29:02.947+0000] {processor.py:183} INFO - Processing /home/airflow/.local/lib/python3.12/site-packages/airflow/example_dags/example_sensors.py took 0.071 seconds
[2024-05-05T10:29:33.083+0000] {processor.py:161} INFO - Started process (PID=5650) to work on /home/airflow/.local/lib/python3.12/site-packages/airflow/example_dags/example_sensors.py
[2024-05-05T10:29:33.084+0000] {processor.py:830} INFO - Processing file /home/airflow/.local/lib/python3.12/site-packages/airflow/example_dags/example_sensors.py for tasks to queue
[2024-05-05T10:29:33.085+0000] {logging_mixin.py:188} INFO - [2024-05-05T10:29:33.085+0000] {dagbag.py:540} INFO - Filling up the DagBag from /home/airflow/.local/lib/python3.12/site-packages/airflow/example_dags/example_sensors.py
[2024-05-05T10:29:33.095+0000] {processor.py:840} INFO - DAG(s) 'example_sensors' retrieved from /home/airflow/.local/lib/python3.12/site-packages/airflow/example_dags/example_sensors.py
[2024-05-05T10:29:33.123+0000] {logging_mixin.py:188} INFO - [2024-05-05T10:29:33.123+0000] {dag.py:3096} INFO - Sync 1 DAGs
[2024-05-05T10:29:33.133+0000] {logging_mixin.py:188} INFO - [2024-05-05T10:29:33.133+0000] {dag.py:3954} INFO - Setting next_dagrun for example_sensors to None, run_after=None
[2024-05-05T10:29:33.153+0000] {processor.py:183} INFO - Processing /home/airflow/.local/lib/python3.12/site-packages/airflow/example_dags/example_sensors.py took 0.075 seconds
[2024-05-05T10:30:03.904+0000] {processor.py:161} INFO - Started process (PID=5926) to work on /home/airflow/.local/lib/python3.12/site-packages/airflow/example_dags/example_sensors.py
[2024-05-05T10:30:03.905+0000] {processor.py:830} INFO - Processing file /home/airflow/.local/lib/python3.12/site-packages/airflow/example_dags/example_sensors.py for tasks to queue
[2024-05-05T10:30:03.907+0000] {logging_mixin.py:188} INFO - [2024-05-05T10:30:03.906+0000] {dagbag.py:540} INFO - Filling up the DagBag from /home/airflow/.local/lib/python3.12/site-packages/airflow/example_dags/example_sensors.py
[2024-05-05T10:30:03.917+0000] {processor.py:840} INFO - DAG(s) 'example_sensors' retrieved from /home/airflow/.local/lib/python3.12/site-packages/airflow/example_dags/example_sensors.py
[2024-05-05T10:30:03.944+0000] {logging_mixin.py:188} INFO - [2024-05-05T10:30:03.944+0000] {dag.py:3096} INFO - Sync 1 DAGs
[2024-05-05T10:30:03.960+0000] {logging_mixin.py:188} INFO - [2024-05-05T10:30:03.959+0000] {dag.py:3954} INFO - Setting next_dagrun for example_sensors to None, run_after=None
[2024-05-05T10:30:03.981+0000] {processor.py:183} INFO - Processing /home/airflow/.local/lib/python3.12/site-packages/airflow/example_dags/example_sensors.py took 0.084 seconds
[2024-05-05T10:30:34.623+0000] {processor.py:161} INFO - Started process (PID=6193) to work on /home/airflow/.local/lib/python3.12/site-packages/airflow/example_dags/example_sensors.py
[2024-05-05T10:30:34.627+0000] {processor.py:830} INFO - Processing file /home/airflow/.local/lib/python3.12/site-packages/airflow/example_dags/example_sensors.py for tasks to queue
[2024-05-05T10:30:34.630+0000] {logging_mixin.py:188} INFO - [2024-05-05T10:30:34.630+0000] {dagbag.py:540} INFO - Filling up the DagBag from /home/airflow/.local/lib/python3.12/site-packages/airflow/example_dags/example_sensors.py
[2024-05-05T10:30:34.647+0000] {processor.py:840} INFO - DAG(s) 'example_sensors' retrieved from /home/airflow/.local/lib/python3.12/site-packages/airflow/example_dags/example_sensors.py
[2024-05-05T10:30:34.678+0000] {logging_mixin.py:188} INFO - [2024-05-05T10:30:34.677+0000] {dag.py:3096} INFO - Sync 1 DAGs
[2024-05-05T10:30:34.689+0000] {logging_mixin.py:188} INFO - [2024-05-05T10:30:34.688+0000] {dag.py:3954} INFO - Setting next_dagrun for example_sensors to None, run_after=None
[2024-05-05T10:30:34.708+0000] {processor.py:183} INFO - Processing /home/airflow/.local/lib/python3.12/site-packages/airflow/example_dags/example_sensors.py took 0.093 seconds
[2024-05-05T10:31:05.177+0000] {processor.py:161} INFO - Started process (PID=6460) to work on /home/airflow/.local/lib/python3.12/site-packages/airflow/example_dags/example_sensors.py
[2024-05-05T10:31:05.178+0000] {processor.py:830} INFO - Processing file /home/airflow/.local/lib/python3.12/site-packages/airflow/example_dags/example_sensors.py for tasks to queue
[2024-05-05T10:31:05.179+0000] {logging_mixin.py:188} INFO - [2024-05-05T10:31:05.179+0000] {dagbag.py:540} INFO - Filling up the DagBag from /home/airflow/.local/lib/python3.12/site-packages/airflow/example_dags/example_sensors.py
[2024-05-05T10:31:05.187+0000] {processor.py:840} INFO - DAG(s) 'example_sensors' retrieved from /home/airflow/.local/lib/python3.12/site-packages/airflow/example_dags/example_sensors.py
[2024-05-05T10:31:05.208+0000] {logging_mixin.py:188} INFO - [2024-05-05T10:31:05.207+0000] {dag.py:3096} INFO - Sync 1 DAGs
[2024-05-05T10:31:05.218+0000] {logging_mixin.py:188} INFO - [2024-05-05T10:31:05.218+0000] {dag.py:3954} INFO - Setting next_dagrun for example_sensors to None, run_after=None
[2024-05-05T10:31:05.238+0000] {processor.py:183} INFO - Processing /home/airflow/.local/lib/python3.12/site-packages/airflow/example_dags/example_sensors.py took 0.067 seconds
[2024-05-05T10:31:35.902+0000] {processor.py:161} INFO - Started process (PID=6729) to work on /home/airflow/.local/lib/python3.12/site-packages/airflow/example_dags/example_sensors.py
[2024-05-05T10:31:35.903+0000] {processor.py:830} INFO - Processing file /home/airflow/.local/lib/python3.12/site-packages/airflow/example_dags/example_sensors.py for tasks to queue
[2024-05-05T10:31:35.904+0000] {logging_mixin.py:188} INFO - [2024-05-05T10:31:35.904+0000] {dagbag.py:540} INFO - Filling up the DagBag from /home/airflow/.local/lib/python3.12/site-packages/airflow/example_dags/example_sensors.py
[2024-05-05T10:31:35.913+0000] {processor.py:840} INFO - DAG(s) 'example_sensors' retrieved from /home/airflow/.local/lib/python3.12/site-packages/airflow/example_dags/example_sensors.py
[2024-05-05T10:31:35.940+0000] {logging_mixin.py:188} INFO - [2024-05-05T10:31:35.940+0000] {dag.py:3096} INFO - Sync 1 DAGs
[2024-05-05T10:31:35.950+0000] {logging_mixin.py:188} INFO - [2024-05-05T10:31:35.950+0000] {dag.py:3954} INFO - Setting next_dagrun for example_sensors to None, run_after=None
[2024-05-05T10:31:36.083+0000] {processor.py:183} INFO - Processing /home/airflow/.local/lib/python3.12/site-packages/airflow/example_dags/example_sensors.py took 0.187 seconds
[2024-05-05T10:32:07.008+0000] {processor.py:161} INFO - Started process (PID=6995) to work on /home/airflow/.local/lib/python3.12/site-packages/airflow/example_dags/example_sensors.py
[2024-05-05T10:32:07.009+0000] {processor.py:830} INFO - Processing file /home/airflow/.local/lib/python3.12/site-packages/airflow/example_dags/example_sensors.py for tasks to queue
[2024-05-05T10:32:07.010+0000] {logging_mixin.py:188} INFO - [2024-05-05T10:32:07.010+0000] {dagbag.py:540} INFO - Filling up the DagBag from /home/airflow/.local/lib/python3.12/site-packages/airflow/example_dags/example_sensors.py
[2024-05-05T10:32:07.022+0000] {processor.py:840} INFO - DAG(s) 'example_sensors' retrieved from /home/airflow/.local/lib/python3.12/site-packages/airflow/example_dags/example_sensors.py
[2024-05-05T10:32:07.089+0000] {logging_mixin.py:188} INFO - [2024-05-05T10:32:07.089+0000] {dag.py:3096} INFO - Sync 1 DAGs
[2024-05-05T10:32:07.142+0000] {logging_mixin.py:188} INFO - [2024-05-05T10:32:07.141+0000] {dag.py:3954} INFO - Setting next_dagrun for example_sensors to None, run_after=None
[2024-05-05T10:32:07.182+0000] {processor.py:183} INFO - Processing /home/airflow/.local/lib/python3.12/site-packages/airflow/example_dags/example_sensors.py took 0.181 seconds
[2024-05-05T10:32:38.104+0000] {processor.py:161} INFO - Started process (PID=7265) to work on /home/airflow/.local/lib/python3.12/site-packages/airflow/example_dags/example_sensors.py
[2024-05-05T10:32:38.105+0000] {processor.py:830} INFO - Processing file /home/airflow/.local/lib/python3.12/site-packages/airflow/example_dags/example_sensors.py for tasks to queue
[2024-05-05T10:32:38.106+0000] {logging_mixin.py:188} INFO - [2024-05-05T10:32:38.106+0000] {dagbag.py:540} INFO - Filling up the DagBag from /home/airflow/.local/lib/python3.12/site-packages/airflow/example_dags/example_sensors.py
[2024-05-05T10:32:38.117+0000] {processor.py:840} INFO - DAG(s) 'example_sensors' retrieved from /home/airflow/.local/lib/python3.12/site-packages/airflow/example_dags/example_sensors.py
[2024-05-05T10:32:38.149+0000] {logging_mixin.py:188} INFO - [2024-05-05T10:32:38.149+0000] {dag.py:3096} INFO - Sync 1 DAGs
[2024-05-05T10:32:38.164+0000] {logging_mixin.py:188} INFO - [2024-05-05T10:32:38.164+0000] {dag.py:3954} INFO - Setting next_dagrun for example_sensors to None, run_after=None
[2024-05-05T10:32:38.225+0000] {processor.py:183} INFO - Processing /home/airflow/.local/lib/python3.12/site-packages/airflow/example_dags/example_sensors.py took 0.128 seconds
[2024-05-05T10:33:08.326+0000] {processor.py:161} INFO - Started process (PID=7533) to work on /home/airflow/.local/lib/python3.12/site-packages/airflow/example_dags/example_sensors.py
[2024-05-05T10:33:08.326+0000] {processor.py:830} INFO - Processing file /home/airflow/.local/lib/python3.12/site-packages/airflow/example_dags/example_sensors.py for tasks to queue
[2024-05-05T10:33:08.328+0000] {logging_mixin.py:188} INFO - [2024-05-05T10:33:08.328+0000] {dagbag.py:540} INFO - Filling up the DagBag from /home/airflow/.local/lib/python3.12/site-packages/airflow/example_dags/example_sensors.py
[2024-05-05T10:33:08.339+0000] {processor.py:840} INFO - DAG(s) 'example_sensors' retrieved from /home/airflow/.local/lib/python3.12/site-packages/airflow/example_dags/example_sensors.py
[2024-05-05T10:33:08.372+0000] {logging_mixin.py:188} INFO - [2024-05-05T10:33:08.372+0000] {dag.py:3096} INFO - Sync 1 DAGs
[2024-05-05T10:33:08.386+0000] {logging_mixin.py:188} INFO - [2024-05-05T10:33:08.386+0000] {dag.py:3954} INFO - Setting next_dagrun for example_sensors to None, run_after=None
[2024-05-05T10:33:08.417+0000] {processor.py:183} INFO - Processing /home/airflow/.local/lib/python3.12/site-packages/airflow/example_dags/example_sensors.py took 0.098 seconds
[2024-05-05T10:33:38.951+0000] {processor.py:161} INFO - Started process (PID=7800) to work on /home/airflow/.local/lib/python3.12/site-packages/airflow/example_dags/example_sensors.py
[2024-05-05T10:33:38.952+0000] {processor.py:830} INFO - Processing file /home/airflow/.local/lib/python3.12/site-packages/airflow/example_dags/example_sensors.py for tasks to queue
[2024-05-05T10:33:38.954+0000] {logging_mixin.py:188} INFO - [2024-05-05T10:33:38.954+0000] {dagbag.py:540} INFO - Filling up the DagBag from /home/airflow/.local/lib/python3.12/site-packages/airflow/example_dags/example_sensors.py
[2024-05-05T10:33:38.965+0000] {processor.py:840} INFO - DAG(s) 'example_sensors' retrieved from /home/airflow/.local/lib/python3.12/site-packages/airflow/example_dags/example_sensors.py
[2024-05-05T10:33:39.286+0000] {logging_mixin.py:188} INFO - [2024-05-05T10:33:39.286+0000] {dag.py:3096} INFO - Sync 1 DAGs
[2024-05-05T10:33:39.300+0000] {logging_mixin.py:188} INFO - [2024-05-05T10:33:39.300+0000] {dag.py:3954} INFO - Setting next_dagrun for example_sensors to None, run_after=None
[2024-05-05T10:33:39.325+0000] {processor.py:183} INFO - Processing /home/airflow/.local/lib/python3.12/site-packages/airflow/example_dags/example_sensors.py took 0.380 seconds
[2024-05-05T10:34:09.909+0000] {processor.py:161} INFO - Started process (PID=8069) to work on /home/airflow/.local/lib/python3.12/site-packages/airflow/example_dags/example_sensors.py
[2024-05-05T10:34:09.910+0000] {processor.py:830} INFO - Processing file /home/airflow/.local/lib/python3.12/site-packages/airflow/example_dags/example_sensors.py for tasks to queue
[2024-05-05T10:34:09.912+0000] {logging_mixin.py:188} INFO - [2024-05-05T10:34:09.911+0000] {dagbag.py:540} INFO - Filling up the DagBag from /home/airflow/.local/lib/python3.12/site-packages/airflow/example_dags/example_sensors.py
[2024-05-05T10:34:09.922+0000] {processor.py:840} INFO - DAG(s) 'example_sensors' retrieved from /home/airflow/.local/lib/python3.12/site-packages/airflow/example_dags/example_sensors.py
[2024-05-05T10:34:09.956+0000] {logging_mixin.py:188} INFO - [2024-05-05T10:34:09.956+0000] {dag.py:3096} INFO - Sync 1 DAGs
[2024-05-05T10:34:09.970+0000] {logging_mixin.py:188} INFO - [2024-05-05T10:34:09.970+0000] {dag.py:3954} INFO - Setting next_dagrun for example_sensors to None, run_after=None
[2024-05-05T10:34:09.997+0000] {processor.py:183} INFO - Processing /home/airflow/.local/lib/python3.12/site-packages/airflow/example_dags/example_sensors.py took 0.094 seconds
[2024-05-05T10:34:40.649+0000] {processor.py:161} INFO - Started process (PID=8336) to work on /home/airflow/.local/lib/python3.12/site-packages/airflow/example_dags/example_sensors.py
[2024-05-05T10:34:40.650+0000] {processor.py:830} INFO - Processing file /home/airflow/.local/lib/python3.12/site-packages/airflow/example_dags/example_sensors.py for tasks to queue
[2024-05-05T10:34:40.652+0000] {logging_mixin.py:188} INFO - [2024-05-05T10:34:40.651+0000] {dagbag.py:540} INFO - Filling up the DagBag from /home/airflow/.local/lib/python3.12/site-packages/airflow/example_dags/example_sensors.py
[2024-05-05T10:34:40.672+0000] {processor.py:840} INFO - DAG(s) 'example_sensors' retrieved from /home/airflow/.local/lib/python3.12/site-packages/airflow/example_dags/example_sensors.py
[2024-05-05T10:34:40.713+0000] {logging_mixin.py:188} INFO - [2024-05-05T10:34:40.713+0000] {dag.py:3096} INFO - Sync 1 DAGs
[2024-05-05T10:34:40.729+0000] {logging_mixin.py:188} INFO - [2024-05-05T10:34:40.729+0000] {dag.py:3954} INFO - Setting next_dagrun for example_sensors to None, run_after=None
[2024-05-05T10:34:40.752+0000] {processor.py:183} INFO - Processing /home/airflow/.local/lib/python3.12/site-packages/airflow/example_dags/example_sensors.py took 0.109 seconds
[2024-05-05T10:35:11.372+0000] {processor.py:161} INFO - Started process (PID=8604) to work on /home/airflow/.local/lib/python3.12/site-packages/airflow/example_dags/example_sensors.py
[2024-05-05T10:35:11.373+0000] {processor.py:830} INFO - Processing file /home/airflow/.local/lib/python3.12/site-packages/airflow/example_dags/example_sensors.py for tasks to queue
[2024-05-05T10:35:11.374+0000] {logging_mixin.py:188} INFO - [2024-05-05T10:35:11.374+0000] {dagbag.py:540} INFO - Filling up the DagBag from /home/airflow/.local/lib/python3.12/site-packages/airflow/example_dags/example_sensors.py
[2024-05-05T10:35:11.385+0000] {processor.py:840} INFO - DAG(s) 'example_sensors' retrieved from /home/airflow/.local/lib/python3.12/site-packages/airflow/example_dags/example_sensors.py
[2024-05-05T10:35:11.416+0000] {logging_mixin.py:188} INFO - [2024-05-05T10:35:11.416+0000] {dag.py:3096} INFO - Sync 1 DAGs
[2024-05-05T10:35:11.430+0000] {logging_mixin.py:188} INFO - [2024-05-05T10:35:11.430+0000] {dag.py:3954} INFO - Setting next_dagrun for example_sensors to None, run_after=None
[2024-05-05T10:35:11.461+0000] {processor.py:183} INFO - Processing /home/airflow/.local/lib/python3.12/site-packages/airflow/example_dags/example_sensors.py took 0.096 seconds
[2024-05-05T10:35:42.221+0000] {processor.py:161} INFO - Started process (PID=8871) to work on /home/airflow/.local/lib/python3.12/site-packages/airflow/example_dags/example_sensors.py
[2024-05-05T10:35:42.222+0000] {processor.py:830} INFO - Processing file /home/airflow/.local/lib/python3.12/site-packages/airflow/example_dags/example_sensors.py for tasks to queue
[2024-05-05T10:35:42.223+0000] {logging_mixin.py:188} INFO - [2024-05-05T10:35:42.223+0000] {dagbag.py:540} INFO - Filling up the DagBag from /home/airflow/.local/lib/python3.12/site-packages/airflow/example_dags/example_sensors.py
[2024-05-05T10:35:42.234+0000] {processor.py:840} INFO - DAG(s) 'example_sensors' retrieved from /home/airflow/.local/lib/python3.12/site-packages/airflow/example_dags/example_sensors.py
[2024-05-05T10:35:42.288+0000] {logging_mixin.py:188} INFO - [2024-05-05T10:35:42.288+0000] {dag.py:3096} INFO - Sync 1 DAGs
[2024-05-05T10:35:42.299+0000] {logging_mixin.py:188} INFO - [2024-05-05T10:35:42.299+0000] {dag.py:3954} INFO - Setting next_dagrun for example_sensors to None, run_after=None
[2024-05-05T10:35:42.323+0000] {processor.py:183} INFO - Processing /home/airflow/.local/lib/python3.12/site-packages/airflow/example_dags/example_sensors.py took 0.109 seconds
[2024-05-05T10:36:12.777+0000] {processor.py:161} INFO - Started process (PID=9138) to work on /home/airflow/.local/lib/python3.12/site-packages/airflow/example_dags/example_sensors.py
[2024-05-05T10:36:12.778+0000] {processor.py:830} INFO - Processing file /home/airflow/.local/lib/python3.12/site-packages/airflow/example_dags/example_sensors.py for tasks to queue
[2024-05-05T10:36:12.780+0000] {logging_mixin.py:188} INFO - [2024-05-05T10:36:12.780+0000] {dagbag.py:540} INFO - Filling up the DagBag from /home/airflow/.local/lib/python3.12/site-packages/airflow/example_dags/example_sensors.py
[2024-05-05T10:36:12.793+0000] {processor.py:840} INFO - DAG(s) 'example_sensors' retrieved from /home/airflow/.local/lib/python3.12/site-packages/airflow/example_dags/example_sensors.py
[2024-05-05T10:36:12.826+0000] {logging_mixin.py:188} INFO - [2024-05-05T10:36:12.826+0000] {dag.py:3096} INFO - Sync 1 DAGs
[2024-05-05T10:36:12.841+0000] {logging_mixin.py:188} INFO - [2024-05-05T10:36:12.840+0000] {dag.py:3954} INFO - Setting next_dagrun for example_sensors to None, run_after=None
[2024-05-05T10:36:12.872+0000] {processor.py:183} INFO - Processing /home/airflow/.local/lib/python3.12/site-packages/airflow/example_dags/example_sensors.py took 0.102 seconds
[2024-05-05T10:36:43.454+0000] {processor.py:161} INFO - Started process (PID=9405) to work on /home/airflow/.local/lib/python3.12/site-packages/airflow/example_dags/example_sensors.py
[2024-05-05T10:36:43.455+0000] {processor.py:830} INFO - Processing file /home/airflow/.local/lib/python3.12/site-packages/airflow/example_dags/example_sensors.py for tasks to queue
[2024-05-05T10:36:43.456+0000] {logging_mixin.py:188} INFO - [2024-05-05T10:36:43.456+0000] {dagbag.py:540} INFO - Filling up the DagBag from /home/airflow/.local/lib/python3.12/site-packages/airflow/example_dags/example_sensors.py
[2024-05-05T10:36:43.467+0000] {processor.py:840} INFO - DAG(s) 'example_sensors' retrieved from /home/airflow/.local/lib/python3.12/site-packages/airflow/example_dags/example_sensors.py
[2024-05-05T10:36:43.500+0000] {logging_mixin.py:188} INFO - [2024-05-05T10:36:43.499+0000] {dag.py:3096} INFO - Sync 1 DAGs
[2024-05-05T10:36:43.515+0000] {logging_mixin.py:188} INFO - [2024-05-05T10:36:43.515+0000] {dag.py:3954} INFO - Setting next_dagrun for example_sensors to None, run_after=None
[2024-05-05T10:36:43.541+0000] {processor.py:183} INFO - Processing /home/airflow/.local/lib/python3.12/site-packages/airflow/example_dags/example_sensors.py took 0.094 seconds
[2024-05-05T10:37:13.716+0000] {processor.py:161} INFO - Started process (PID=9672) to work on /home/airflow/.local/lib/python3.12/site-packages/airflow/example_dags/example_sensors.py
[2024-05-05T10:37:13.717+0000] {processor.py:830} INFO - Processing file /home/airflow/.local/lib/python3.12/site-packages/airflow/example_dags/example_sensors.py for tasks to queue
[2024-05-05T10:37:13.719+0000] {logging_mixin.py:188} INFO - [2024-05-05T10:37:13.718+0000] {dagbag.py:540} INFO - Filling up the DagBag from /home/airflow/.local/lib/python3.12/site-packages/airflow/example_dags/example_sensors.py
[2024-05-05T10:37:13.729+0000] {processor.py:840} INFO - DAG(s) 'example_sensors' retrieved from /home/airflow/.local/lib/python3.12/site-packages/airflow/example_dags/example_sensors.py
[2024-05-05T10:37:13.762+0000] {logging_mixin.py:188} INFO - [2024-05-05T10:37:13.761+0000] {dag.py:3096} INFO - Sync 1 DAGs
[2024-05-05T10:37:13.776+0000] {logging_mixin.py:188} INFO - [2024-05-05T10:37:13.776+0000] {dag.py:3954} INFO - Setting next_dagrun for example_sensors to None, run_after=None
[2024-05-05T10:37:13.814+0000] {processor.py:183} INFO - Processing /home/airflow/.local/lib/python3.12/site-packages/airflow/example_dags/example_sensors.py took 0.105 seconds
[2024-05-05T10:37:44.119+0000] {processor.py:161} INFO - Started process (PID=9939) to work on /home/airflow/.local/lib/python3.12/site-packages/airflow/example_dags/example_sensors.py
[2024-05-05T10:37:44.120+0000] {processor.py:830} INFO - Processing file /home/airflow/.local/lib/python3.12/site-packages/airflow/example_dags/example_sensors.py for tasks to queue
[2024-05-05T10:37:44.121+0000] {logging_mixin.py:188} INFO - [2024-05-05T10:37:44.121+0000] {dagbag.py:540} INFO - Filling up the DagBag from /home/airflow/.local/lib/python3.12/site-packages/airflow/example_dags/example_sensors.py
[2024-05-05T10:37:44.132+0000] {processor.py:840} INFO - DAG(s) 'example_sensors' retrieved from /home/airflow/.local/lib/python3.12/site-packages/airflow/example_dags/example_sensors.py
[2024-05-05T10:37:44.165+0000] {logging_mixin.py:188} INFO - [2024-05-05T10:37:44.165+0000] {dag.py:3096} INFO - Sync 1 DAGs
[2024-05-05T10:37:44.181+0000] {logging_mixin.py:188} INFO - [2024-05-05T10:37:44.180+0000] {dag.py:3954} INFO - Setting next_dagrun for example_sensors to None, run_after=None
[2024-05-05T10:37:44.203+0000] {processor.py:183} INFO - Processing /home/airflow/.local/lib/python3.12/site-packages/airflow/example_dags/example_sensors.py took 0.091 seconds
[2024-05-05T10:38:14.778+0000] {processor.py:161} INFO - Started process (PID=10206) to work on /home/airflow/.local/lib/python3.12/site-packages/airflow/example_dags/example_sensors.py
[2024-05-05T10:38:14.778+0000] {processor.py:830} INFO - Processing file /home/airflow/.local/lib/python3.12/site-packages/airflow/example_dags/example_sensors.py for tasks to queue
[2024-05-05T10:38:14.780+0000] {logging_mixin.py:188} INFO - [2024-05-05T10:38:14.780+0000] {dagbag.py:540} INFO - Filling up the DagBag from /home/airflow/.local/lib/python3.12/site-packages/airflow/example_dags/example_sensors.py
[2024-05-05T10:38:14.791+0000] {processor.py:840} INFO - DAG(s) 'example_sensors' retrieved from /home/airflow/.local/lib/python3.12/site-packages/airflow/example_dags/example_sensors.py
[2024-05-05T10:38:14.825+0000] {logging_mixin.py:188} INFO - [2024-05-05T10:38:14.824+0000] {dag.py:3096} INFO - Sync 1 DAGs
[2024-05-05T10:38:14.840+0000] {logging_mixin.py:188} INFO - [2024-05-05T10:38:14.840+0000] {dag.py:3954} INFO - Setting next_dagrun for example_sensors to None, run_after=None
[2024-05-05T10:38:14.865+0000] {processor.py:183} INFO - Processing /home/airflow/.local/lib/python3.12/site-packages/airflow/example_dags/example_sensors.py took 0.094 seconds
[2024-05-05T10:38:45.351+0000] {processor.py:161} INFO - Started process (PID=10473) to work on /home/airflow/.local/lib/python3.12/site-packages/airflow/example_dags/example_sensors.py
[2024-05-05T10:38:45.352+0000] {processor.py:830} INFO - Processing file /home/airflow/.local/lib/python3.12/site-packages/airflow/example_dags/example_sensors.py for tasks to queue
[2024-05-05T10:38:45.353+0000] {logging_mixin.py:188} INFO - [2024-05-05T10:38:45.353+0000] {dagbag.py:540} INFO - Filling up the DagBag from /home/airflow/.local/lib/python3.12/site-packages/airflow/example_dags/example_sensors.py
[2024-05-05T10:38:45.364+0000] {processor.py:840} INFO - DAG(s) 'example_sensors' retrieved from /home/airflow/.local/lib/python3.12/site-packages/airflow/example_dags/example_sensors.py
[2024-05-05T10:38:45.396+0000] {logging_mixin.py:188} INFO - [2024-05-05T10:38:45.396+0000] {dag.py:3096} INFO - Sync 1 DAGs
[2024-05-05T10:38:45.425+0000] {logging_mixin.py:188} INFO - [2024-05-05T10:38:45.425+0000] {dag.py:3954} INFO - Setting next_dagrun for example_sensors to None, run_after=None
[2024-05-05T10:38:45.451+0000] {processor.py:183} INFO - Processing /home/airflow/.local/lib/python3.12/site-packages/airflow/example_dags/example_sensors.py took 0.106 seconds
[2024-05-05T10:39:16.054+0000] {processor.py:161} INFO - Started process (PID=10740) to work on /home/airflow/.local/lib/python3.12/site-packages/airflow/example_dags/example_sensors.py
[2024-05-05T10:39:16.054+0000] {processor.py:830} INFO - Processing file /home/airflow/.local/lib/python3.12/site-packages/airflow/example_dags/example_sensors.py for tasks to queue
[2024-05-05T10:39:16.057+0000] {logging_mixin.py:188} INFO - [2024-05-05T10:39:16.056+0000] {dagbag.py:540} INFO - Filling up the DagBag from /home/airflow/.local/lib/python3.12/site-packages/airflow/example_dags/example_sensors.py
[2024-05-05T10:39:16.067+0000] {processor.py:840} INFO - DAG(s) 'example_sensors' retrieved from /home/airflow/.local/lib/python3.12/site-packages/airflow/example_dags/example_sensors.py
[2024-05-05T10:39:16.100+0000] {logging_mixin.py:188} INFO - [2024-05-05T10:39:16.100+0000] {dag.py:3096} INFO - Sync 1 DAGs
[2024-05-05T10:39:16.120+0000] {logging_mixin.py:188} INFO - [2024-05-05T10:39:16.120+0000] {dag.py:3954} INFO - Setting next_dagrun for example_sensors to None, run_after=None
[2024-05-05T10:39:16.146+0000] {processor.py:183} INFO - Processing /home/airflow/.local/lib/python3.12/site-packages/airflow/example_dags/example_sensors.py took 0.099 seconds
[2024-05-05T10:39:46.585+0000] {processor.py:161} INFO - Started process (PID=11018) to work on /home/airflow/.local/lib/python3.12/site-packages/airflow/example_dags/example_sensors.py
[2024-05-05T10:39:46.586+0000] {processor.py:830} INFO - Processing file /home/airflow/.local/lib/python3.12/site-packages/airflow/example_dags/example_sensors.py for tasks to queue
[2024-05-05T10:39:46.588+0000] {logging_mixin.py:188} INFO - [2024-05-05T10:39:46.588+0000] {dagbag.py:540} INFO - Filling up the DagBag from /home/airflow/.local/lib/python3.12/site-packages/airflow/example_dags/example_sensors.py
[2024-05-05T10:39:46.599+0000] {processor.py:840} INFO - DAG(s) 'example_sensors' retrieved from /home/airflow/.local/lib/python3.12/site-packages/airflow/example_dags/example_sensors.py
[2024-05-05T10:39:46.631+0000] {logging_mixin.py:188} INFO - [2024-05-05T10:39:46.631+0000] {dag.py:3096} INFO - Sync 1 DAGs
[2024-05-05T10:39:46.647+0000] {logging_mixin.py:188} INFO - [2024-05-05T10:39:46.647+0000] {dag.py:3954} INFO - Setting next_dagrun for example_sensors to None, run_after=None
[2024-05-05T10:39:46.678+0000] {processor.py:183} INFO - Processing /home/airflow/.local/lib/python3.12/site-packages/airflow/example_dags/example_sensors.py took 0.100 seconds
[2024-05-05T10:40:16.809+0000] {processor.py:161} INFO - Started process (PID=11290) to work on /home/airflow/.local/lib/python3.12/site-packages/airflow/example_dags/example_sensors.py
[2024-05-05T10:40:16.810+0000] {processor.py:830} INFO - Processing file /home/airflow/.local/lib/python3.12/site-packages/airflow/example_dags/example_sensors.py for tasks to queue
[2024-05-05T10:40:16.811+0000] {logging_mixin.py:188} INFO - [2024-05-05T10:40:16.811+0000] {dagbag.py:540} INFO - Filling up the DagBag from /home/airflow/.local/lib/python3.12/site-packages/airflow/example_dags/example_sensors.py
[2024-05-05T10:40:16.822+0000] {processor.py:840} INFO - DAG(s) 'example_sensors' retrieved from /home/airflow/.local/lib/python3.12/site-packages/airflow/example_dags/example_sensors.py
[2024-05-05T10:40:16.855+0000] {logging_mixin.py:188} INFO - [2024-05-05T10:40:16.855+0000] {dag.py:3096} INFO - Sync 1 DAGs
[2024-05-05T10:40:16.870+0000] {logging_mixin.py:188} INFO - [2024-05-05T10:40:16.870+0000] {dag.py:3954} INFO - Setting next_dagrun for example_sensors to None, run_after=None
[2024-05-05T10:40:16.895+0000] {processor.py:183} INFO - Processing /home/airflow/.local/lib/python3.12/site-packages/airflow/example_dags/example_sensors.py took 0.093 seconds
[2024-05-05T10:40:47.461+0000] {processor.py:161} INFO - Started process (PID=11575) to work on /home/airflow/.local/lib/python3.12/site-packages/airflow/example_dags/example_sensors.py
[2024-05-05T10:40:47.461+0000] {processor.py:830} INFO - Processing file /home/airflow/.local/lib/python3.12/site-packages/airflow/example_dags/example_sensors.py for tasks to queue
[2024-05-05T10:40:47.463+0000] {logging_mixin.py:188} INFO - [2024-05-05T10:40:47.463+0000] {dagbag.py:540} INFO - Filling up the DagBag from /home/airflow/.local/lib/python3.12/site-packages/airflow/example_dags/example_sensors.py
[2024-05-05T10:40:47.473+0000] {processor.py:840} INFO - DAG(s) 'example_sensors' retrieved from /home/airflow/.local/lib/python3.12/site-packages/airflow/example_dags/example_sensors.py
[2024-05-05T10:40:47.504+0000] {logging_mixin.py:188} INFO - [2024-05-05T10:40:47.504+0000] {dag.py:3096} INFO - Sync 1 DAGs
[2024-05-05T10:40:47.515+0000] {logging_mixin.py:188} INFO - [2024-05-05T10:40:47.515+0000] {dag.py:3954} INFO - Setting next_dagrun for example_sensors to None, run_after=None
[2024-05-05T10:40:47.540+0000] {processor.py:183} INFO - Processing /home/airflow/.local/lib/python3.12/site-packages/airflow/example_dags/example_sensors.py took 0.087 seconds
[2024-05-05T10:41:18.372+0000] {processor.py:161} INFO - Started process (PID=11855) to work on /home/airflow/.local/lib/python3.12/site-packages/airflow/example_dags/example_sensors.py
[2024-05-05T10:41:18.373+0000] {processor.py:830} INFO - Processing file /home/airflow/.local/lib/python3.12/site-packages/airflow/example_dags/example_sensors.py for tasks to queue
[2024-05-05T10:41:18.375+0000] {logging_mixin.py:188} INFO - [2024-05-05T10:41:18.374+0000] {dagbag.py:540} INFO - Filling up the DagBag from /home/airflow/.local/lib/python3.12/site-packages/airflow/example_dags/example_sensors.py
[2024-05-05T10:41:18.385+0000] {processor.py:840} INFO - DAG(s) 'example_sensors' retrieved from /home/airflow/.local/lib/python3.12/site-packages/airflow/example_dags/example_sensors.py
[2024-05-05T10:41:18.418+0000] {logging_mixin.py:188} INFO - [2024-05-05T10:41:18.418+0000] {dag.py:3096} INFO - Sync 1 DAGs
[2024-05-05T10:41:18.433+0000] {logging_mixin.py:188} INFO - [2024-05-05T10:41:18.433+0000] {dag.py:3954} INFO - Setting next_dagrun for example_sensors to None, run_after=None
[2024-05-05T10:41:18.471+0000] {processor.py:183} INFO - Processing /home/airflow/.local/lib/python3.12/site-packages/airflow/example_dags/example_sensors.py took 0.105 seconds
[2024-05-05T10:41:48.624+0000] {processor.py:161} INFO - Started process (PID=12134) to work on /home/airflow/.local/lib/python3.12/site-packages/airflow/example_dags/example_sensors.py
[2024-05-05T10:41:48.625+0000] {processor.py:830} INFO - Processing file /home/airflow/.local/lib/python3.12/site-packages/airflow/example_dags/example_sensors.py for tasks to queue
[2024-05-05T10:41:48.626+0000] {logging_mixin.py:188} INFO - [2024-05-05T10:41:48.626+0000] {dagbag.py:540} INFO - Filling up the DagBag from /home/airflow/.local/lib/python3.12/site-packages/airflow/example_dags/example_sensors.py
[2024-05-05T10:41:48.637+0000] {processor.py:840} INFO - DAG(s) 'example_sensors' retrieved from /home/airflow/.local/lib/python3.12/site-packages/airflow/example_dags/example_sensors.py
[2024-05-05T10:41:48.670+0000] {logging_mixin.py:188} INFO - [2024-05-05T10:41:48.670+0000] {dag.py:3096} INFO - Sync 1 DAGs
[2024-05-05T10:41:48.701+0000] {logging_mixin.py:188} INFO - [2024-05-05T10:41:48.701+0000] {dag.py:3954} INFO - Setting next_dagrun for example_sensors to None, run_after=None
[2024-05-05T10:41:48.745+0000] {processor.py:183} INFO - Processing /home/airflow/.local/lib/python3.12/site-packages/airflow/example_dags/example_sensors.py took 0.128 seconds
[2024-05-05T10:42:19.589+0000] {processor.py:161} INFO - Started process (PID=12406) to work on /home/airflow/.local/lib/python3.12/site-packages/airflow/example_dags/example_sensors.py
[2024-05-05T10:42:19.591+0000] {processor.py:830} INFO - Processing file /home/airflow/.local/lib/python3.12/site-packages/airflow/example_dags/example_sensors.py for tasks to queue
[2024-05-05T10:42:19.598+0000] {logging_mixin.py:188} INFO - [2024-05-05T10:42:19.598+0000] {dagbag.py:540} INFO - Filling up the DagBag from /home/airflow/.local/lib/python3.12/site-packages/airflow/example_dags/example_sensors.py
[2024-05-05T10:42:19.624+0000] {processor.py:840} INFO - DAG(s) 'example_sensors' retrieved from /home/airflow/.local/lib/python3.12/site-packages/airflow/example_dags/example_sensors.py
[2024-05-05T10:42:19.689+0000] {logging_mixin.py:188} INFO - [2024-05-05T10:42:19.689+0000] {dag.py:3096} INFO - Sync 1 DAGs
[2024-05-05T10:42:19.707+0000] {logging_mixin.py:188} INFO - [2024-05-05T10:42:19.707+0000] {dag.py:3954} INFO - Setting next_dagrun for example_sensors to None, run_after=None
[2024-05-05T10:42:19.775+0000] {processor.py:183} INFO - Processing /home/airflow/.local/lib/python3.12/site-packages/airflow/example_dags/example_sensors.py took 0.204 seconds
[2024-05-05T10:42:50.804+0000] {processor.py:161} INFO - Started process (PID=12685) to work on /home/airflow/.local/lib/python3.12/site-packages/airflow/example_dags/example_sensors.py
[2024-05-05T10:42:50.805+0000] {processor.py:830} INFO - Processing file /home/airflow/.local/lib/python3.12/site-packages/airflow/example_dags/example_sensors.py for tasks to queue
[2024-05-05T10:42:50.807+0000] {logging_mixin.py:188} INFO - [2024-05-05T10:42:50.806+0000] {dagbag.py:540} INFO - Filling up the DagBag from /home/airflow/.local/lib/python3.12/site-packages/airflow/example_dags/example_sensors.py
[2024-05-05T10:42:50.817+0000] {processor.py:840} INFO - DAG(s) 'example_sensors' retrieved from /home/airflow/.local/lib/python3.12/site-packages/airflow/example_dags/example_sensors.py
[2024-05-05T10:42:50.851+0000] {logging_mixin.py:188} INFO - [2024-05-05T10:42:50.851+0000] {dag.py:3096} INFO - Sync 1 DAGs
[2024-05-05T10:42:50.866+0000] {logging_mixin.py:188} INFO - [2024-05-05T10:42:50.866+0000] {dag.py:3954} INFO - Setting next_dagrun for example_sensors to None, run_after=None
[2024-05-05T10:42:50.899+0000] {processor.py:183} INFO - Processing /home/airflow/.local/lib/python3.12/site-packages/airflow/example_dags/example_sensors.py took 0.101 seconds
[2024-05-05T10:43:21.392+0000] {processor.py:161} INFO - Started process (PID=12958) to work on /home/airflow/.local/lib/python3.12/site-packages/airflow/example_dags/example_sensors.py
[2024-05-05T10:43:21.392+0000] {processor.py:830} INFO - Processing file /home/airflow/.local/lib/python3.12/site-packages/airflow/example_dags/example_sensors.py for tasks to queue
[2024-05-05T10:43:21.394+0000] {logging_mixin.py:188} INFO - [2024-05-05T10:43:21.394+0000] {dagbag.py:540} INFO - Filling up the DagBag from /home/airflow/.local/lib/python3.12/site-packages/airflow/example_dags/example_sensors.py
[2024-05-05T10:43:21.405+0000] {processor.py:840} INFO - DAG(s) 'example_sensors' retrieved from /home/airflow/.local/lib/python3.12/site-packages/airflow/example_dags/example_sensors.py
[2024-05-05T10:43:21.437+0000] {logging_mixin.py:188} INFO - [2024-05-05T10:43:21.437+0000] {dag.py:3096} INFO - Sync 1 DAGs
[2024-05-05T10:43:21.451+0000] {logging_mixin.py:188} INFO - [2024-05-05T10:43:21.451+0000] {dag.py:3954} INFO - Setting next_dagrun for example_sensors to None, run_after=None
[2024-05-05T10:43:21.479+0000] {processor.py:183} INFO - Processing /home/airflow/.local/lib/python3.12/site-packages/airflow/example_dags/example_sensors.py took 0.094 seconds
[2024-05-05T10:43:51.815+0000] {processor.py:161} INFO - Started process (PID=13230) to work on /home/airflow/.local/lib/python3.12/site-packages/airflow/example_dags/example_sensors.py
[2024-05-05T10:43:51.816+0000] {processor.py:830} INFO - Processing file /home/airflow/.local/lib/python3.12/site-packages/airflow/example_dags/example_sensors.py for tasks to queue
[2024-05-05T10:43:51.817+0000] {logging_mixin.py:188} INFO - [2024-05-05T10:43:51.817+0000] {dagbag.py:540} INFO - Filling up the DagBag from /home/airflow/.local/lib/python3.12/site-packages/airflow/example_dags/example_sensors.py
[2024-05-05T10:43:51.828+0000] {processor.py:840} INFO - DAG(s) 'example_sensors' retrieved from /home/airflow/.local/lib/python3.12/site-packages/airflow/example_dags/example_sensors.py
[2024-05-05T10:43:51.862+0000] {logging_mixin.py:188} INFO - [2024-05-05T10:43:51.862+0000] {dag.py:3096} INFO - Sync 1 DAGs
[2024-05-05T10:43:51.877+0000] {logging_mixin.py:188} INFO - [2024-05-05T10:43:51.877+0000] {dag.py:3954} INFO - Setting next_dagrun for example_sensors to None, run_after=None
[2024-05-05T10:43:51.909+0000] {processor.py:183} INFO - Processing /home/airflow/.local/lib/python3.12/site-packages/airflow/example_dags/example_sensors.py took 0.101 seconds
[2024-05-05T10:44:22.677+0000] {processor.py:161} INFO - Started process (PID=13502) to work on /home/airflow/.local/lib/python3.12/site-packages/airflow/example_dags/example_sensors.py
[2024-05-05T10:44:22.677+0000] {processor.py:830} INFO - Processing file /home/airflow/.local/lib/python3.12/site-packages/airflow/example_dags/example_sensors.py for tasks to queue
[2024-05-05T10:44:22.679+0000] {logging_mixin.py:188} INFO - [2024-05-05T10:44:22.679+0000] {dagbag.py:540} INFO - Filling up the DagBag from /home/airflow/.local/lib/python3.12/site-packages/airflow/example_dags/example_sensors.py
[2024-05-05T10:44:22.692+0000] {processor.py:840} INFO - DAG(s) 'example_sensors' retrieved from /home/airflow/.local/lib/python3.12/site-packages/airflow/example_dags/example_sensors.py
[2024-05-05T10:44:22.723+0000] {logging_mixin.py:188} INFO - [2024-05-05T10:44:22.723+0000] {dag.py:3096} INFO - Sync 1 DAGs
[2024-05-05T10:44:22.739+0000] {logging_mixin.py:188} INFO - [2024-05-05T10:44:22.739+0000] {dag.py:3954} INFO - Setting next_dagrun for example_sensors to None, run_after=None
[2024-05-05T10:44:22.775+0000] {processor.py:183} INFO - Processing /home/airflow/.local/lib/python3.12/site-packages/airflow/example_dags/example_sensors.py took 0.105 seconds
[2024-05-05T10:44:53.193+0000] {processor.py:161} INFO - Started process (PID=13775) to work on /home/airflow/.local/lib/python3.12/site-packages/airflow/example_dags/example_sensors.py
[2024-05-05T10:44:53.194+0000] {processor.py:830} INFO - Processing file /home/airflow/.local/lib/python3.12/site-packages/airflow/example_dags/example_sensors.py for tasks to queue
[2024-05-05T10:44:53.196+0000] {logging_mixin.py:188} INFO - [2024-05-05T10:44:53.195+0000] {dagbag.py:540} INFO - Filling up the DagBag from /home/airflow/.local/lib/python3.12/site-packages/airflow/example_dags/example_sensors.py
[2024-05-05T10:44:53.206+0000] {processor.py:840} INFO - DAG(s) 'example_sensors' retrieved from /home/airflow/.local/lib/python3.12/site-packages/airflow/example_dags/example_sensors.py
[2024-05-05T10:44:53.253+0000] {logging_mixin.py:188} INFO - [2024-05-05T10:44:53.252+0000] {dag.py:3096} INFO - Sync 1 DAGs
[2024-05-05T10:44:53.265+0000] {logging_mixin.py:188} INFO - [2024-05-05T10:44:53.265+0000] {dag.py:3954} INFO - Setting next_dagrun for example_sensors to None, run_after=None
[2024-05-05T10:44:53.291+0000] {processor.py:183} INFO - Processing /home/airflow/.local/lib/python3.12/site-packages/airflow/example_dags/example_sensors.py took 0.105 seconds
[2024-05-05T10:45:23.679+0000] {processor.py:161} INFO - Started process (PID=14047) to work on /home/airflow/.local/lib/python3.12/site-packages/airflow/example_dags/example_sensors.py
[2024-05-05T10:45:23.680+0000] {processor.py:830} INFO - Processing file /home/airflow/.local/lib/python3.12/site-packages/airflow/example_dags/example_sensors.py for tasks to queue
[2024-05-05T10:45:23.682+0000] {logging_mixin.py:188} INFO - [2024-05-05T10:45:23.681+0000] {dagbag.py:540} INFO - Filling up the DagBag from /home/airflow/.local/lib/python3.12/site-packages/airflow/example_dags/example_sensors.py
[2024-05-05T10:45:23.693+0000] {processor.py:840} INFO - DAG(s) 'example_sensors' retrieved from /home/airflow/.local/lib/python3.12/site-packages/airflow/example_dags/example_sensors.py
[2024-05-05T10:45:23.725+0000] {logging_mixin.py:188} INFO - [2024-05-05T10:45:23.725+0000] {dag.py:3096} INFO - Sync 1 DAGs
[2024-05-05T10:45:23.739+0000] {logging_mixin.py:188} INFO - [2024-05-05T10:45:23.739+0000] {dag.py:3954} INFO - Setting next_dagrun for example_sensors to None, run_after=None
[2024-05-05T10:45:23.764+0000] {processor.py:183} INFO - Processing /home/airflow/.local/lib/python3.12/site-packages/airflow/example_dags/example_sensors.py took 0.091 seconds
[2024-05-05T10:45:53.939+0000] {processor.py:161} INFO - Started process (PID=14319) to work on /home/airflow/.local/lib/python3.12/site-packages/airflow/example_dags/example_sensors.py
[2024-05-05T10:45:53.940+0000] {processor.py:830} INFO - Processing file /home/airflow/.local/lib/python3.12/site-packages/airflow/example_dags/example_sensors.py for tasks to queue
[2024-05-05T10:45:53.942+0000] {logging_mixin.py:188} INFO - [2024-05-05T10:45:53.942+0000] {dagbag.py:540} INFO - Filling up the DagBag from /home/airflow/.local/lib/python3.12/site-packages/airflow/example_dags/example_sensors.py
[2024-05-05T10:45:53.952+0000] {processor.py:840} INFO - DAG(s) 'example_sensors' retrieved from /home/airflow/.local/lib/python3.12/site-packages/airflow/example_dags/example_sensors.py
[2024-05-05T10:45:53.984+0000] {logging_mixin.py:188} INFO - [2024-05-05T10:45:53.984+0000] {dag.py:3096} INFO - Sync 1 DAGs
[2024-05-05T10:45:53.998+0000] {logging_mixin.py:188} INFO - [2024-05-05T10:45:53.998+0000] {dag.py:3954} INFO - Setting next_dagrun for example_sensors to None, run_after=None
[2024-05-05T10:45:54.024+0000] {processor.py:183} INFO - Processing /home/airflow/.local/lib/python3.12/site-packages/airflow/example_dags/example_sensors.py took 0.091 seconds
[2024-05-05T10:46:24.107+0000] {processor.py:161} INFO - Started process (PID=14591) to work on /home/airflow/.local/lib/python3.12/site-packages/airflow/example_dags/example_sensors.py
[2024-05-05T10:46:24.107+0000] {processor.py:830} INFO - Processing file /home/airflow/.local/lib/python3.12/site-packages/airflow/example_dags/example_sensors.py for tasks to queue
[2024-05-05T10:46:24.109+0000] {logging_mixin.py:188} INFO - [2024-05-05T10:46:24.109+0000] {dagbag.py:540} INFO - Filling up the DagBag from /home/airflow/.local/lib/python3.12/site-packages/airflow/example_dags/example_sensors.py
[2024-05-05T10:46:24.120+0000] {processor.py:840} INFO - DAG(s) 'example_sensors' retrieved from /home/airflow/.local/lib/python3.12/site-packages/airflow/example_dags/example_sensors.py
[2024-05-05T10:46:24.153+0000] {logging_mixin.py:188} INFO - [2024-05-05T10:46:24.153+0000] {dag.py:3096} INFO - Sync 1 DAGs
[2024-05-05T10:46:24.168+0000] {logging_mixin.py:188} INFO - [2024-05-05T10:46:24.168+0000] {dag.py:3954} INFO - Setting next_dagrun for example_sensors to None, run_after=None
[2024-05-05T10:46:24.198+0000] {processor.py:183} INFO - Processing /home/airflow/.local/lib/python3.12/site-packages/airflow/example_dags/example_sensors.py took 0.098 seconds
[2024-05-05T10:46:54.332+0000] {processor.py:161} INFO - Started process (PID=14863) to work on /home/airflow/.local/lib/python3.12/site-packages/airflow/example_dags/example_sensors.py
[2024-05-05T10:46:54.333+0000] {processor.py:830} INFO - Processing file /home/airflow/.local/lib/python3.12/site-packages/airflow/example_dags/example_sensors.py for tasks to queue
[2024-05-05T10:46:54.335+0000] {logging_mixin.py:188} INFO - [2024-05-05T10:46:54.334+0000] {dagbag.py:540} INFO - Filling up the DagBag from /home/airflow/.local/lib/python3.12/site-packages/airflow/example_dags/example_sensors.py
[2024-05-05T10:46:54.345+0000] {processor.py:840} INFO - DAG(s) 'example_sensors' retrieved from /home/airflow/.local/lib/python3.12/site-packages/airflow/example_dags/example_sensors.py
[2024-05-05T10:46:54.379+0000] {logging_mixin.py:188} INFO - [2024-05-05T10:46:54.379+0000] {dag.py:3096} INFO - Sync 1 DAGs
[2024-05-05T10:46:54.398+0000] {logging_mixin.py:188} INFO - [2024-05-05T10:46:54.397+0000] {dag.py:3954} INFO - Setting next_dagrun for example_sensors to None, run_after=None
[2024-05-05T10:46:54.424+0000] {processor.py:183} INFO - Processing /home/airflow/.local/lib/python3.12/site-packages/airflow/example_dags/example_sensors.py took 0.100 seconds
[2024-05-05T10:47:25.175+0000] {processor.py:161} INFO - Started process (PID=15129) to work on /home/airflow/.local/lib/python3.12/site-packages/airflow/example_dags/example_sensors.py
[2024-05-05T10:47:25.176+0000] {processor.py:830} INFO - Processing file /home/airflow/.local/lib/python3.12/site-packages/airflow/example_dags/example_sensors.py for tasks to queue
[2024-05-05T10:47:25.178+0000] {logging_mixin.py:188} INFO - [2024-05-05T10:47:25.177+0000] {dagbag.py:540} INFO - Filling up the DagBag from /home/airflow/.local/lib/python3.12/site-packages/airflow/example_dags/example_sensors.py
[2024-05-05T10:47:25.188+0000] {processor.py:840} INFO - DAG(s) 'example_sensors' retrieved from /home/airflow/.local/lib/python3.12/site-packages/airflow/example_dags/example_sensors.py
[2024-05-05T10:47:25.220+0000] {logging_mixin.py:188} INFO - [2024-05-05T10:47:25.220+0000] {dag.py:3096} INFO - Sync 1 DAGs
[2024-05-05T10:47:25.235+0000] {logging_mixin.py:188} INFO - [2024-05-05T10:47:25.234+0000] {dag.py:3954} INFO - Setting next_dagrun for example_sensors to None, run_after=None
[2024-05-05T10:47:25.262+0000] {processor.py:183} INFO - Processing /home/airflow/.local/lib/python3.12/site-packages/airflow/example_dags/example_sensors.py took 0.093 seconds
[2024-05-05T10:47:56.196+0000] {processor.py:161} INFO - Started process (PID=15404) to work on /home/airflow/.local/lib/python3.12/site-packages/airflow/example_dags/example_sensors.py
[2024-05-05T10:47:56.196+0000] {processor.py:830} INFO - Processing file /home/airflow/.local/lib/python3.12/site-packages/airflow/example_dags/example_sensors.py for tasks to queue
[2024-05-05T10:47:56.207+0000] {logging_mixin.py:188} INFO - [2024-05-05T10:47:56.207+0000] {dagbag.py:540} INFO - Filling up the DagBag from /home/airflow/.local/lib/python3.12/site-packages/airflow/example_dags/example_sensors.py
[2024-05-05T10:47:56.227+0000] {processor.py:840} INFO - DAG(s) 'example_sensors' retrieved from /home/airflow/.local/lib/python3.12/site-packages/airflow/example_dags/example_sensors.py
[2024-05-05T10:47:56.259+0000] {logging_mixin.py:188} INFO - [2024-05-05T10:47:56.259+0000] {dag.py:3096} INFO - Sync 1 DAGs
[2024-05-05T10:47:56.275+0000] {logging_mixin.py:188} INFO - [2024-05-05T10:47:56.275+0000] {dag.py:3954} INFO - Setting next_dagrun for example_sensors to None, run_after=None
[2024-05-05T10:47:56.302+0000] {processor.py:183} INFO - Processing /home/airflow/.local/lib/python3.12/site-packages/airflow/example_dags/example_sensors.py took 0.114 seconds
[2024-05-05T10:48:26.401+0000] {processor.py:161} INFO - Started process (PID=15676) to work on /home/airflow/.local/lib/python3.12/site-packages/airflow/example_dags/example_sensors.py
[2024-05-05T10:48:26.402+0000] {processor.py:830} INFO - Processing file /home/airflow/.local/lib/python3.12/site-packages/airflow/example_dags/example_sensors.py for tasks to queue
[2024-05-05T10:48:26.403+0000] {logging_mixin.py:188} INFO - [2024-05-05T10:48:26.403+0000] {dagbag.py:540} INFO - Filling up the DagBag from /home/airflow/.local/lib/python3.12/site-packages/airflow/example_dags/example_sensors.py
[2024-05-05T10:48:26.414+0000] {processor.py:840} INFO - DAG(s) 'example_sensors' retrieved from /home/airflow/.local/lib/python3.12/site-packages/airflow/example_dags/example_sensors.py
[2024-05-05T10:48:26.444+0000] {logging_mixin.py:188} INFO - [2024-05-05T10:48:26.444+0000] {dag.py:3096} INFO - Sync 1 DAGs
[2024-05-05T10:48:26.460+0000] {logging_mixin.py:188} INFO - [2024-05-05T10:48:26.460+0000] {dag.py:3954} INFO - Setting next_dagrun for example_sensors to None, run_after=None
[2024-05-05T10:48:26.504+0000] {processor.py:183} INFO - Processing /home/airflow/.local/lib/python3.12/site-packages/airflow/example_dags/example_sensors.py took 0.111 seconds
[2024-05-05T10:48:56.993+0000] {processor.py:161} INFO - Started process (PID=15948) to work on /home/airflow/.local/lib/python3.12/site-packages/airflow/example_dags/example_sensors.py
[2024-05-05T10:48:56.993+0000] {processor.py:830} INFO - Processing file /home/airflow/.local/lib/python3.12/site-packages/airflow/example_dags/example_sensors.py for tasks to queue
[2024-05-05T10:48:56.995+0000] {logging_mixin.py:188} INFO - [2024-05-05T10:48:56.995+0000] {dagbag.py:540} INFO - Filling up the DagBag from /home/airflow/.local/lib/python3.12/site-packages/airflow/example_dags/example_sensors.py
[2024-05-05T10:48:57.006+0000] {processor.py:840} INFO - DAG(s) 'example_sensors' retrieved from /home/airflow/.local/lib/python3.12/site-packages/airflow/example_dags/example_sensors.py
[2024-05-05T10:48:57.035+0000] {logging_mixin.py:188} INFO - [2024-05-05T10:48:57.035+0000] {dag.py:3096} INFO - Sync 1 DAGs
[2024-05-05T10:48:57.050+0000] {logging_mixin.py:188} INFO - [2024-05-05T10:48:57.050+0000] {dag.py:3954} INFO - Setting next_dagrun for example_sensors to None, run_after=None
[2024-05-05T10:48:57.074+0000] {processor.py:183} INFO - Processing /home/airflow/.local/lib/python3.12/site-packages/airflow/example_dags/example_sensors.py took 0.088 seconds
[2024-05-05T10:49:28.103+0000] {processor.py:161} INFO - Started process (PID=16230) to work on /home/airflow/.local/lib/python3.12/site-packages/airflow/example_dags/example_sensors.py
[2024-05-05T10:49:28.109+0000] {processor.py:830} INFO - Processing file /home/airflow/.local/lib/python3.12/site-packages/airflow/example_dags/example_sensors.py for tasks to queue
[2024-05-05T10:49:28.111+0000] {logging_mixin.py:188} INFO - [2024-05-05T10:49:28.111+0000] {dagbag.py:540} INFO - Filling up the DagBag from /home/airflow/.local/lib/python3.12/site-packages/airflow/example_dags/example_sensors.py
[2024-05-05T10:49:28.140+0000] {processor.py:840} INFO - DAG(s) 'example_sensors' retrieved from /home/airflow/.local/lib/python3.12/site-packages/airflow/example_dags/example_sensors.py
[2024-05-05T10:49:28.191+0000] {logging_mixin.py:188} INFO - [2024-05-05T10:49:28.190+0000] {dag.py:3096} INFO - Sync 1 DAGs
[2024-05-05T10:49:28.216+0000] {logging_mixin.py:188} INFO - [2024-05-05T10:49:28.216+0000] {dag.py:3954} INFO - Setting next_dagrun for example_sensors to None, run_after=None
[2024-05-05T10:49:28.258+0000] {processor.py:183} INFO - Processing /home/airflow/.local/lib/python3.12/site-packages/airflow/example_dags/example_sensors.py took 0.186 seconds
[2024-05-05T10:49:58.388+0000] {processor.py:161} INFO - Started process (PID=16507) to work on /home/airflow/.local/lib/python3.12/site-packages/airflow/example_dags/example_sensors.py
[2024-05-05T10:49:58.389+0000] {processor.py:830} INFO - Processing file /home/airflow/.local/lib/python3.12/site-packages/airflow/example_dags/example_sensors.py for tasks to queue
[2024-05-05T10:49:58.391+0000] {logging_mixin.py:188} INFO - [2024-05-05T10:49:58.390+0000] {dagbag.py:540} INFO - Filling up the DagBag from /home/airflow/.local/lib/python3.12/site-packages/airflow/example_dags/example_sensors.py
[2024-05-05T10:49:58.401+0000] {processor.py:840} INFO - DAG(s) 'example_sensors' retrieved from /home/airflow/.local/lib/python3.12/site-packages/airflow/example_dags/example_sensors.py
[2024-05-05T10:49:58.467+0000] {logging_mixin.py:188} INFO - [2024-05-05T10:49:58.467+0000] {dag.py:3096} INFO - Sync 1 DAGs
[2024-05-05T10:49:58.486+0000] {logging_mixin.py:188} INFO - [2024-05-05T10:49:58.486+0000] {dag.py:3954} INFO - Setting next_dagrun for example_sensors to None, run_after=None
[2024-05-05T10:49:58.521+0000] {processor.py:183} INFO - Processing /home/airflow/.local/lib/python3.12/site-packages/airflow/example_dags/example_sensors.py took 0.140 seconds
[2024-05-05T10:50:29.063+0000] {processor.py:161} INFO - Started process (PID=16784) to work on /home/airflow/.local/lib/python3.12/site-packages/airflow/example_dags/example_sensors.py
[2024-05-05T10:50:29.064+0000] {processor.py:830} INFO - Processing file /home/airflow/.local/lib/python3.12/site-packages/airflow/example_dags/example_sensors.py for tasks to queue
[2024-05-05T10:50:29.065+0000] {logging_mixin.py:188} INFO - [2024-05-05T10:50:29.065+0000] {dagbag.py:540} INFO - Filling up the DagBag from /home/airflow/.local/lib/python3.12/site-packages/airflow/example_dags/example_sensors.py
[2024-05-05T10:50:29.078+0000] {processor.py:840} INFO - DAG(s) 'example_sensors' retrieved from /home/airflow/.local/lib/python3.12/site-packages/airflow/example_dags/example_sensors.py
[2024-05-05T10:50:29.108+0000] {logging_mixin.py:188} INFO - [2024-05-05T10:50:29.107+0000] {dag.py:3096} INFO - Sync 1 DAGs
[2024-05-05T10:50:29.124+0000] {logging_mixin.py:188} INFO - [2024-05-05T10:50:29.124+0000] {dag.py:3954} INFO - Setting next_dagrun for example_sensors to None, run_after=None
[2024-05-05T10:50:29.148+0000] {processor.py:183} INFO - Processing /home/airflow/.local/lib/python3.12/site-packages/airflow/example_dags/example_sensors.py took 0.093 seconds
[2024-05-05T10:50:59.655+0000] {processor.py:161} INFO - Started process (PID=17061) to work on /home/airflow/.local/lib/python3.12/site-packages/airflow/example_dags/example_sensors.py
[2024-05-05T10:50:59.655+0000] {processor.py:830} INFO - Processing file /home/airflow/.local/lib/python3.12/site-packages/airflow/example_dags/example_sensors.py for tasks to queue
[2024-05-05T10:50:59.657+0000] {logging_mixin.py:188} INFO - [2024-05-05T10:50:59.657+0000] {dagbag.py:540} INFO - Filling up the DagBag from /home/airflow/.local/lib/python3.12/site-packages/airflow/example_dags/example_sensors.py
[2024-05-05T10:50:59.667+0000] {processor.py:840} INFO - DAG(s) 'example_sensors' retrieved from /home/airflow/.local/lib/python3.12/site-packages/airflow/example_dags/example_sensors.py
[2024-05-05T10:50:59.700+0000] {logging_mixin.py:188} INFO - [2024-05-05T10:50:59.699+0000] {dag.py:3096} INFO - Sync 1 DAGs
[2024-05-05T10:50:59.715+0000] {logging_mixin.py:188} INFO - [2024-05-05T10:50:59.715+0000] {dag.py:3954} INFO - Setting next_dagrun for example_sensors to None, run_after=None
[2024-05-05T10:50:59.740+0000] {processor.py:183} INFO - Processing /home/airflow/.local/lib/python3.12/site-packages/airflow/example_dags/example_sensors.py took 0.093 seconds
[2024-05-05T10:51:30.583+0000] {processor.py:161} INFO - Started process (PID=17338) to work on /home/airflow/.local/lib/python3.12/site-packages/airflow/example_dags/example_sensors.py
[2024-05-05T10:51:30.584+0000] {processor.py:830} INFO - Processing file /home/airflow/.local/lib/python3.12/site-packages/airflow/example_dags/example_sensors.py for tasks to queue
[2024-05-05T10:51:30.585+0000] {logging_mixin.py:188} INFO - [2024-05-05T10:51:30.585+0000] {dagbag.py:540} INFO - Filling up the DagBag from /home/airflow/.local/lib/python3.12/site-packages/airflow/example_dags/example_sensors.py
[2024-05-05T10:51:30.597+0000] {processor.py:840} INFO - DAG(s) 'example_sensors' retrieved from /home/airflow/.local/lib/python3.12/site-packages/airflow/example_dags/example_sensors.py
[2024-05-05T10:51:30.628+0000] {logging_mixin.py:188} INFO - [2024-05-05T10:51:30.628+0000] {dag.py:3096} INFO - Sync 1 DAGs
[2024-05-05T10:51:30.642+0000] {logging_mixin.py:188} INFO - [2024-05-05T10:51:30.642+0000] {dag.py:3954} INFO - Setting next_dagrun for example_sensors to None, run_after=None
[2024-05-05T10:51:30.667+0000] {processor.py:183} INFO - Processing /home/airflow/.local/lib/python3.12/site-packages/airflow/example_dags/example_sensors.py took 0.114 seconds
[2024-05-05T10:52:01.512+0000] {processor.py:161} INFO - Started process (PID=17615) to work on /home/airflow/.local/lib/python3.12/site-packages/airflow/example_dags/example_sensors.py
[2024-05-05T10:52:01.512+0000] {processor.py:830} INFO - Processing file /home/airflow/.local/lib/python3.12/site-packages/airflow/example_dags/example_sensors.py for tasks to queue
[2024-05-05T10:52:01.523+0000] {logging_mixin.py:188} INFO - [2024-05-05T10:52:01.522+0000] {dagbag.py:540} INFO - Filling up the DagBag from /home/airflow/.local/lib/python3.12/site-packages/airflow/example_dags/example_sensors.py
[2024-05-05T10:52:01.547+0000] {processor.py:840} INFO - DAG(s) 'example_sensors' retrieved from /home/airflow/.local/lib/python3.12/site-packages/airflow/example_dags/example_sensors.py
[2024-05-05T10:52:01.577+0000] {logging_mixin.py:188} INFO - [2024-05-05T10:52:01.576+0000] {dag.py:3096} INFO - Sync 1 DAGs
[2024-05-05T10:52:01.591+0000] {logging_mixin.py:188} INFO - [2024-05-05T10:52:01.591+0000] {dag.py:3954} INFO - Setting next_dagrun for example_sensors to None, run_after=None
[2024-05-05T10:52:01.616+0000] {processor.py:183} INFO - Processing /home/airflow/.local/lib/python3.12/site-packages/airflow/example_dags/example_sensors.py took 0.112 seconds
[2024-05-05T10:52:38.357+0000] {processor.py:161} INFO - Started process (PID=17933) to work on /home/airflow/.local/lib/python3.12/site-packages/airflow/example_dags/example_sensors.py
[2024-05-05T10:52:38.364+0000] {processor.py:830} INFO - Processing file /home/airflow/.local/lib/python3.12/site-packages/airflow/example_dags/example_sensors.py for tasks to queue
[2024-05-05T10:52:38.365+0000] {logging_mixin.py:188} INFO - [2024-05-05T10:52:38.365+0000] {dagbag.py:540} INFO - Filling up the DagBag from /home/airflow/.local/lib/python3.12/site-packages/airflow/example_dags/example_sensors.py
[2024-05-05T10:52:38.632+0000] {processor.py:840} INFO - DAG(s) 'example_sensors' retrieved from /home/airflow/.local/lib/python3.12/site-packages/airflow/example_dags/example_sensors.py
[2024-05-05T10:52:38.967+0000] {logging_mixin.py:188} INFO - [2024-05-05T10:52:38.966+0000] {dag.py:3096} INFO - Sync 1 DAGs
[2024-05-05T10:52:39.178+0000] {logging_mixin.py:188} INFO - [2024-05-05T10:52:39.178+0000] {dag.py:3954} INFO - Setting next_dagrun for example_sensors to None, run_after=None
[2024-05-05T10:52:39.351+0000] {processor.py:183} INFO - Processing /home/airflow/.local/lib/python3.12/site-packages/airflow/example_dags/example_sensors.py took 1.105 seconds
[2024-05-05T10:53:09.850+0000] {processor.py:161} INFO - Started process (PID=18223) to work on /home/airflow/.local/lib/python3.12/site-packages/airflow/example_dags/example_sensors.py
[2024-05-05T10:53:09.850+0000] {processor.py:830} INFO - Processing file /home/airflow/.local/lib/python3.12/site-packages/airflow/example_dags/example_sensors.py for tasks to queue
[2024-05-05T10:53:09.852+0000] {logging_mixin.py:188} INFO - [2024-05-05T10:53:09.852+0000] {dagbag.py:540} INFO - Filling up the DagBag from /home/airflow/.local/lib/python3.12/site-packages/airflow/example_dags/example_sensors.py
[2024-05-05T10:53:09.863+0000] {processor.py:840} INFO - DAG(s) 'example_sensors' retrieved from /home/airflow/.local/lib/python3.12/site-packages/airflow/example_dags/example_sensors.py
[2024-05-05T10:53:09.906+0000] {logging_mixin.py:188} INFO - [2024-05-05T10:53:09.906+0000] {dag.py:3096} INFO - Sync 1 DAGs
[2024-05-05T10:53:09.921+0000] {logging_mixin.py:188} INFO - [2024-05-05T10:53:09.921+0000] {dag.py:3954} INFO - Setting next_dagrun for example_sensors to None, run_after=None
[2024-05-05T10:53:09.946+0000] {processor.py:183} INFO - Processing /home/airflow/.local/lib/python3.12/site-packages/airflow/example_dags/example_sensors.py took 0.103 seconds
[2024-05-05T10:53:40.699+0000] {processor.py:161} INFO - Started process (PID=18501) to work on /home/airflow/.local/lib/python3.12/site-packages/airflow/example_dags/example_sensors.py
[2024-05-05T10:53:40.700+0000] {processor.py:830} INFO - Processing file /home/airflow/.local/lib/python3.12/site-packages/airflow/example_dags/example_sensors.py for tasks to queue
[2024-05-05T10:53:40.702+0000] {logging_mixin.py:188} INFO - [2024-05-05T10:53:40.701+0000] {dagbag.py:540} INFO - Filling up the DagBag from /home/airflow/.local/lib/python3.12/site-packages/airflow/example_dags/example_sensors.py
[2024-05-05T10:53:40.712+0000] {processor.py:840} INFO - DAG(s) 'example_sensors' retrieved from /home/airflow/.local/lib/python3.12/site-packages/airflow/example_dags/example_sensors.py
[2024-05-05T10:53:40.744+0000] {logging_mixin.py:188} INFO - [2024-05-05T10:53:40.744+0000] {dag.py:3096} INFO - Sync 1 DAGs
[2024-05-05T10:53:40.759+0000] {logging_mixin.py:188} INFO - [2024-05-05T10:53:40.759+0000] {dag.py:3954} INFO - Setting next_dagrun for example_sensors to None, run_after=None
[2024-05-05T10:53:40.793+0000] {processor.py:183} INFO - Processing /home/airflow/.local/lib/python3.12/site-packages/airflow/example_dags/example_sensors.py took 0.101 seconds
[2024-05-05T10:54:10.928+0000] {processor.py:161} INFO - Started process (PID=18784) to work on /home/airflow/.local/lib/python3.12/site-packages/airflow/example_dags/example_sensors.py
[2024-05-05T10:54:10.929+0000] {processor.py:830} INFO - Processing file /home/airflow/.local/lib/python3.12/site-packages/airflow/example_dags/example_sensors.py for tasks to queue
[2024-05-05T10:54:10.931+0000] {logging_mixin.py:188} INFO - [2024-05-05T10:54:10.931+0000] {dagbag.py:540} INFO - Filling up the DagBag from /home/airflow/.local/lib/python3.12/site-packages/airflow/example_dags/example_sensors.py
[2024-05-05T10:54:10.942+0000] {processor.py:840} INFO - DAG(s) 'example_sensors' retrieved from /home/airflow/.local/lib/python3.12/site-packages/airflow/example_dags/example_sensors.py
[2024-05-05T10:54:10.984+0000] {logging_mixin.py:188} INFO - [2024-05-05T10:54:10.984+0000] {dag.py:3096} INFO - Sync 1 DAGs
[2024-05-05T10:54:11.000+0000] {logging_mixin.py:188} INFO - [2024-05-05T10:54:11.000+0000] {dag.py:3954} INFO - Setting next_dagrun for example_sensors to None, run_after=None
[2024-05-05T10:54:11.024+0000] {processor.py:183} INFO - Processing /home/airflow/.local/lib/python3.12/site-packages/airflow/example_dags/example_sensors.py took 0.103 seconds
[2024-05-05T10:54:41.570+0000] {processor.py:161} INFO - Started process (PID=19118) to work on /home/airflow/.local/lib/python3.12/site-packages/airflow/example_dags/example_sensors.py
[2024-05-05T10:54:41.573+0000] {processor.py:830} INFO - Processing file /home/airflow/.local/lib/python3.12/site-packages/airflow/example_dags/example_sensors.py for tasks to queue
[2024-05-05T10:54:41.581+0000] {logging_mixin.py:188} INFO - [2024-05-05T10:54:41.580+0000] {dagbag.py:540} INFO - Filling up the DagBag from /home/airflow/.local/lib/python3.12/site-packages/airflow/example_dags/example_sensors.py
[2024-05-05T10:54:41.611+0000] {processor.py:840} INFO - DAG(s) 'example_sensors' retrieved from /home/airflow/.local/lib/python3.12/site-packages/airflow/example_dags/example_sensors.py
[2024-05-05T10:54:41.692+0000] {logging_mixin.py:188} INFO - [2024-05-05T10:54:41.692+0000] {dag.py:3096} INFO - Sync 1 DAGs
[2024-05-05T10:54:41.708+0000] {logging_mixin.py:188} INFO - [2024-05-05T10:54:41.707+0000] {dag.py:3954} INFO - Setting next_dagrun for example_sensors to None, run_after=None
[2024-05-05T10:54:41.734+0000] {processor.py:183} INFO - Processing /home/airflow/.local/lib/python3.12/site-packages/airflow/example_dags/example_sensors.py took 0.172 seconds
[2024-05-05T10:55:12.350+0000] {processor.py:161} INFO - Started process (PID=19395) to work on /home/airflow/.local/lib/python3.12/site-packages/airflow/example_dags/example_sensors.py
[2024-05-05T10:55:12.351+0000] {processor.py:830} INFO - Processing file /home/airflow/.local/lib/python3.12/site-packages/airflow/example_dags/example_sensors.py for tasks to queue
[2024-05-05T10:55:12.353+0000] {logging_mixin.py:188} INFO - [2024-05-05T10:55:12.352+0000] {dagbag.py:540} INFO - Filling up the DagBag from /home/airflow/.local/lib/python3.12/site-packages/airflow/example_dags/example_sensors.py
[2024-05-05T10:55:12.364+0000] {processor.py:840} INFO - DAG(s) 'example_sensors' retrieved from /home/airflow/.local/lib/python3.12/site-packages/airflow/example_dags/example_sensors.py
[2024-05-05T10:55:12.395+0000] {logging_mixin.py:188} INFO - [2024-05-05T10:55:12.394+0000] {dag.py:3096} INFO - Sync 1 DAGs
[2024-05-05T10:55:12.406+0000] {logging_mixin.py:188} INFO - [2024-05-05T10:55:12.405+0000] {dag.py:3954} INFO - Setting next_dagrun for example_sensors to None, run_after=None
[2024-05-05T10:55:12.429+0000] {processor.py:183} INFO - Processing /home/airflow/.local/lib/python3.12/site-packages/airflow/example_dags/example_sensors.py took 0.086 seconds
[2024-05-05T10:55:42.837+0000] {processor.py:161} INFO - Started process (PID=19671) to work on /home/airflow/.local/lib/python3.12/site-packages/airflow/example_dags/example_sensors.py
[2024-05-05T10:55:42.839+0000] {processor.py:830} INFO - Processing file /home/airflow/.local/lib/python3.12/site-packages/airflow/example_dags/example_sensors.py for tasks to queue
[2024-05-05T10:55:42.840+0000] {logging_mixin.py:188} INFO - [2024-05-05T10:55:42.840+0000] {dagbag.py:540} INFO - Filling up the DagBag from /home/airflow/.local/lib/python3.12/site-packages/airflow/example_dags/example_sensors.py
[2024-05-05T10:55:42.851+0000] {processor.py:840} INFO - DAG(s) 'example_sensors' retrieved from /home/airflow/.local/lib/python3.12/site-packages/airflow/example_dags/example_sensors.py
[2024-05-05T10:55:42.890+0000] {logging_mixin.py:188} INFO - [2024-05-05T10:55:42.889+0000] {dag.py:3096} INFO - Sync 1 DAGs
[2024-05-05T10:55:42.904+0000] {logging_mixin.py:188} INFO - [2024-05-05T10:55:42.904+0000] {dag.py:3954} INFO - Setting next_dagrun for example_sensors to None, run_after=None
[2024-05-05T10:55:42.946+0000] {processor.py:183} INFO - Processing /home/airflow/.local/lib/python3.12/site-packages/airflow/example_dags/example_sensors.py took 0.118 seconds
