[2024-05-05T10:19:20.520+0000] {processor.py:161} INFO - Started process (PID=227) to work on /home/airflow/.local/lib/python3.12/site-packages/airflow/example_dags/example_python_operator.py
[2024-05-05T10:19:20.521+0000] {processor.py:830} INFO - Processing file /home/airflow/.local/lib/python3.12/site-packages/airflow/example_dags/example_python_operator.py for tasks to queue
[2024-05-05T10:19:20.522+0000] {logging_mixin.py:188} INFO - [2024-05-05T10:19:20.522+0000] {dagbag.py:540} INFO - Filling up the DagBag from /home/airflow/.local/lib/python3.12/site-packages/airflow/example_dags/example_python_operator.py
[2024-05-05T10:19:20.540+0000] {processor.py:840} INFO - DAG(s) 'example_python_operator' retrieved from /home/airflow/.local/lib/python3.12/site-packages/airflow/example_dags/example_python_operator.py
[2024-05-05T10:19:20.741+0000] {logging_mixin.py:188} INFO - [2024-05-05T10:19:20.740+0000] {override.py:1829} INFO - Created Permission View: can delete on DAG:example_python_operator
[2024-05-05T10:19:20.782+0000] {logging_mixin.py:188} INFO - [2024-05-05T10:19:20.781+0000] {override.py:1829} INFO - Created Permission View: can edit on DAG:example_python_operator
[2024-05-05T10:19:20.812+0000] {logging_mixin.py:188} INFO - [2024-05-05T10:19:20.812+0000] {override.py:1829} INFO - Created Permission View: can read on DAG:example_python_operator
[2024-05-05T10:19:20.813+0000] {logging_mixin.py:188} INFO - [2024-05-05T10:19:20.813+0000] {dag.py:3096} INFO - Sync 1 DAGs
[2024-05-05T10:19:20.851+0000] {logging_mixin.py:188} INFO - [2024-05-05T10:19:20.850+0000] {dag.py:3118} INFO - Creating ORM DAG for example_python_operator
[2024-05-05T10:19:20.852+0000] {logging_mixin.py:188} INFO - [2024-05-05T10:19:20.852+0000] {dag.py:3954} INFO - Setting next_dagrun for example_python_operator to None, run_after=None
[2024-05-05T10:19:20.887+0000] {processor.py:183} INFO - Processing /home/airflow/.local/lib/python3.12/site-packages/airflow/example_dags/example_python_operator.py took 0.377 seconds
[2024-05-05T10:19:51.157+0000] {processor.py:161} INFO - Started process (PID=491) to work on /home/airflow/.local/lib/python3.12/site-packages/airflow/example_dags/example_python_operator.py
[2024-05-05T10:19:51.158+0000] {processor.py:830} INFO - Processing file /home/airflow/.local/lib/python3.12/site-packages/airflow/example_dags/example_python_operator.py for tasks to queue
[2024-05-05T10:19:51.159+0000] {logging_mixin.py:188} INFO - [2024-05-05T10:19:51.159+0000] {dagbag.py:540} INFO - Filling up the DagBag from /home/airflow/.local/lib/python3.12/site-packages/airflow/example_dags/example_python_operator.py
[2024-05-05T10:19:51.167+0000] {processor.py:840} INFO - DAG(s) 'example_python_operator' retrieved from /home/airflow/.local/lib/python3.12/site-packages/airflow/example_dags/example_python_operator.py
[2024-05-05T10:19:51.185+0000] {logging_mixin.py:188} INFO - [2024-05-05T10:19:51.185+0000] {dag.py:3096} INFO - Sync 1 DAGs
[2024-05-05T10:19:51.195+0000] {logging_mixin.py:188} INFO - [2024-05-05T10:19:51.195+0000] {dag.py:3954} INFO - Setting next_dagrun for example_python_operator to None, run_after=None
[2024-05-05T10:19:51.215+0000] {processor.py:183} INFO - Processing /home/airflow/.local/lib/python3.12/site-packages/airflow/example_dags/example_python_operator.py took 0.062 seconds
[2024-05-05T10:20:21.394+0000] {processor.py:161} INFO - Started process (PID=751) to work on /home/airflow/.local/lib/python3.12/site-packages/airflow/example_dags/example_python_operator.py
[2024-05-05T10:20:21.395+0000] {processor.py:830} INFO - Processing file /home/airflow/.local/lib/python3.12/site-packages/airflow/example_dags/example_python_operator.py for tasks to queue
[2024-05-05T10:20:21.396+0000] {logging_mixin.py:188} INFO - [2024-05-05T10:20:21.396+0000] {dagbag.py:540} INFO - Filling up the DagBag from /home/airflow/.local/lib/python3.12/site-packages/airflow/example_dags/example_python_operator.py
[2024-05-05T10:20:21.408+0000] {processor.py:840} INFO - DAG(s) 'example_python_operator' retrieved from /home/airflow/.local/lib/python3.12/site-packages/airflow/example_dags/example_python_operator.py
[2024-05-05T10:20:21.438+0000] {logging_mixin.py:188} INFO - [2024-05-05T10:20:21.438+0000] {dag.py:3096} INFO - Sync 1 DAGs
[2024-05-05T10:20:21.454+0000] {logging_mixin.py:188} INFO - [2024-05-05T10:20:21.453+0000] {dag.py:3954} INFO - Setting next_dagrun for example_python_operator to None, run_after=None
[2024-05-05T10:20:21.478+0000] {processor.py:183} INFO - Processing /home/airflow/.local/lib/python3.12/site-packages/airflow/example_dags/example_python_operator.py took 0.091 seconds
[2024-05-05T10:20:52.404+0000] {processor.py:161} INFO - Started process (PID=1013) to work on /home/airflow/.local/lib/python3.12/site-packages/airflow/example_dags/example_python_operator.py
[2024-05-05T10:20:52.404+0000] {processor.py:830} INFO - Processing file /home/airflow/.local/lib/python3.12/site-packages/airflow/example_dags/example_python_operator.py for tasks to queue
[2024-05-05T10:20:52.406+0000] {logging_mixin.py:188} INFO - [2024-05-05T10:20:52.406+0000] {dagbag.py:540} INFO - Filling up the DagBag from /home/airflow/.local/lib/python3.12/site-packages/airflow/example_dags/example_python_operator.py
[2024-05-05T10:20:52.419+0000] {processor.py:840} INFO - DAG(s) 'example_python_operator' retrieved from /home/airflow/.local/lib/python3.12/site-packages/airflow/example_dags/example_python_operator.py
[2024-05-05T10:20:52.453+0000] {logging_mixin.py:188} INFO - [2024-05-05T10:20:52.453+0000] {dag.py:3096} INFO - Sync 1 DAGs
[2024-05-05T10:20:52.471+0000] {logging_mixin.py:188} INFO - [2024-05-05T10:20:52.470+0000] {dag.py:3954} INFO - Setting next_dagrun for example_python_operator to None, run_after=None
[2024-05-05T10:20:52.497+0000] {processor.py:183} INFO - Processing /home/airflow/.local/lib/python3.12/site-packages/airflow/example_dags/example_python_operator.py took 0.101 seconds
[2024-05-05T10:21:22.801+0000] {processor.py:161} INFO - Started process (PID=1275) to work on /home/airflow/.local/lib/python3.12/site-packages/airflow/example_dags/example_python_operator.py
[2024-05-05T10:21:22.801+0000] {processor.py:830} INFO - Processing file /home/airflow/.local/lib/python3.12/site-packages/airflow/example_dags/example_python_operator.py for tasks to queue
[2024-05-05T10:21:22.804+0000] {logging_mixin.py:188} INFO - [2024-05-05T10:21:22.803+0000] {dagbag.py:540} INFO - Filling up the DagBag from /home/airflow/.local/lib/python3.12/site-packages/airflow/example_dags/example_python_operator.py
[2024-05-05T10:21:22.816+0000] {processor.py:840} INFO - DAG(s) 'example_python_operator' retrieved from /home/airflow/.local/lib/python3.12/site-packages/airflow/example_dags/example_python_operator.py
[2024-05-05T10:21:22.842+0000] {logging_mixin.py:188} INFO - [2024-05-05T10:21:22.842+0000] {dag.py:3096} INFO - Sync 1 DAGs
[2024-05-05T10:21:22.858+0000] {logging_mixin.py:188} INFO - [2024-05-05T10:21:22.858+0000] {dag.py:3954} INFO - Setting next_dagrun for example_python_operator to None, run_after=None
[2024-05-05T10:21:22.886+0000] {processor.py:183} INFO - Processing /home/airflow/.local/lib/python3.12/site-packages/airflow/example_dags/example_python_operator.py took 0.094 seconds
[2024-05-05T10:21:53.680+0000] {processor.py:161} INFO - Started process (PID=1537) to work on /home/airflow/.local/lib/python3.12/site-packages/airflow/example_dags/example_python_operator.py
[2024-05-05T10:21:53.681+0000] {processor.py:830} INFO - Processing file /home/airflow/.local/lib/python3.12/site-packages/airflow/example_dags/example_python_operator.py for tasks to queue
[2024-05-05T10:21:53.683+0000] {logging_mixin.py:188} INFO - [2024-05-05T10:21:53.682+0000] {dagbag.py:540} INFO - Filling up the DagBag from /home/airflow/.local/lib/python3.12/site-packages/airflow/example_dags/example_python_operator.py
[2024-05-05T10:21:53.694+0000] {processor.py:840} INFO - DAG(s) 'example_python_operator' retrieved from /home/airflow/.local/lib/python3.12/site-packages/airflow/example_dags/example_python_operator.py
[2024-05-05T10:21:53.720+0000] {logging_mixin.py:188} INFO - [2024-05-05T10:21:53.719+0000] {dag.py:3096} INFO - Sync 1 DAGs
[2024-05-05T10:21:53.735+0000] {logging_mixin.py:188} INFO - [2024-05-05T10:21:53.735+0000] {dag.py:3954} INFO - Setting next_dagrun for example_python_operator to None, run_after=None
[2024-05-05T10:21:53.759+0000] {processor.py:183} INFO - Processing /home/airflow/.local/lib/python3.12/site-packages/airflow/example_dags/example_python_operator.py took 0.087 seconds
[2024-05-05T10:22:24.383+0000] {processor.py:161} INFO - Started process (PID=1800) to work on /home/airflow/.local/lib/python3.12/site-packages/airflow/example_dags/example_python_operator.py
[2024-05-05T10:22:24.384+0000] {processor.py:830} INFO - Processing file /home/airflow/.local/lib/python3.12/site-packages/airflow/example_dags/example_python_operator.py for tasks to queue
[2024-05-05T10:22:24.386+0000] {logging_mixin.py:188} INFO - [2024-05-05T10:22:24.385+0000] {dagbag.py:540} INFO - Filling up the DagBag from /home/airflow/.local/lib/python3.12/site-packages/airflow/example_dags/example_python_operator.py
[2024-05-05T10:22:24.397+0000] {processor.py:840} INFO - DAG(s) 'example_python_operator' retrieved from /home/airflow/.local/lib/python3.12/site-packages/airflow/example_dags/example_python_operator.py
[2024-05-05T10:22:24.429+0000] {logging_mixin.py:188} INFO - [2024-05-05T10:22:24.429+0000] {dag.py:3096} INFO - Sync 1 DAGs
[2024-05-05T10:22:24.446+0000] {logging_mixin.py:188} INFO - [2024-05-05T10:22:24.446+0000] {dag.py:3954} INFO - Setting next_dagrun for example_python_operator to None, run_after=None
[2024-05-05T10:22:24.472+0000] {processor.py:183} INFO - Processing /home/airflow/.local/lib/python3.12/site-packages/airflow/example_dags/example_python_operator.py took 0.096 seconds
[2024-05-05T10:22:55.219+0000] {processor.py:161} INFO - Started process (PID=2148) to work on /home/airflow/.local/lib/python3.12/site-packages/airflow/example_dags/example_python_operator.py
[2024-05-05T10:22:55.232+0000] {processor.py:830} INFO - Processing file /home/airflow/.local/lib/python3.12/site-packages/airflow/example_dags/example_python_operator.py for tasks to queue
[2024-05-05T10:22:55.233+0000] {logging_mixin.py:188} INFO - [2024-05-05T10:22:55.233+0000] {dagbag.py:540} INFO - Filling up the DagBag from /home/airflow/.local/lib/python3.12/site-packages/airflow/example_dags/example_python_operator.py
[2024-05-05T10:22:55.305+0000] {processor.py:840} INFO - DAG(s) 'example_python_operator' retrieved from /home/airflow/.local/lib/python3.12/site-packages/airflow/example_dags/example_python_operator.py
[2024-05-05T10:22:55.424+0000] {logging_mixin.py:188} INFO - [2024-05-05T10:22:55.424+0000] {dag.py:3096} INFO - Sync 1 DAGs
[2024-05-05T10:22:55.510+0000] {logging_mixin.py:188} INFO - [2024-05-05T10:22:55.509+0000] {dag.py:3954} INFO - Setting next_dagrun for example_python_operator to None, run_after=None
[2024-05-05T10:22:55.605+0000] {processor.py:183} INFO - Processing /home/airflow/.local/lib/python3.12/site-packages/airflow/example_dags/example_python_operator.py took 0.395 seconds
[2024-05-05T10:23:25.796+0000] {processor.py:161} INFO - Started process (PID=2466) to work on /home/airflow/.local/lib/python3.12/site-packages/airflow/example_dags/example_python_operator.py
[2024-05-05T10:23:25.796+0000] {processor.py:830} INFO - Processing file /home/airflow/.local/lib/python3.12/site-packages/airflow/example_dags/example_python_operator.py for tasks to queue
[2024-05-05T10:23:25.798+0000] {logging_mixin.py:188} INFO - [2024-05-05T10:23:25.798+0000] {dagbag.py:540} INFO - Filling up the DagBag from /home/airflow/.local/lib/python3.12/site-packages/airflow/example_dags/example_python_operator.py
[2024-05-05T10:23:25.810+0000] {processor.py:840} INFO - DAG(s) 'example_python_operator' retrieved from /home/airflow/.local/lib/python3.12/site-packages/airflow/example_dags/example_python_operator.py
[2024-05-05T10:23:25.835+0000] {logging_mixin.py:188} INFO - [2024-05-05T10:23:25.835+0000] {dag.py:3096} INFO - Sync 1 DAGs
[2024-05-05T10:23:25.850+0000] {logging_mixin.py:188} INFO - [2024-05-05T10:23:25.850+0000] {dag.py:3954} INFO - Setting next_dagrun for example_python_operator to None, run_after=None
[2024-05-05T10:23:25.873+0000] {processor.py:183} INFO - Processing /home/airflow/.local/lib/python3.12/site-packages/airflow/example_dags/example_python_operator.py took 0.084 seconds
[2024-05-05T10:23:56.316+0000] {processor.py:161} INFO - Started process (PID=2728) to work on /home/airflow/.local/lib/python3.12/site-packages/airflow/example_dags/example_python_operator.py
[2024-05-05T10:23:56.317+0000] {processor.py:830} INFO - Processing file /home/airflow/.local/lib/python3.12/site-packages/airflow/example_dags/example_python_operator.py for tasks to queue
[2024-05-05T10:23:56.319+0000] {logging_mixin.py:188} INFO - [2024-05-05T10:23:56.319+0000] {dagbag.py:540} INFO - Filling up the DagBag from /home/airflow/.local/lib/python3.12/site-packages/airflow/example_dags/example_python_operator.py
[2024-05-05T10:23:56.330+0000] {processor.py:840} INFO - DAG(s) 'example_python_operator' retrieved from /home/airflow/.local/lib/python3.12/site-packages/airflow/example_dags/example_python_operator.py
[2024-05-05T10:23:56.356+0000] {logging_mixin.py:188} INFO - [2024-05-05T10:23:56.356+0000] {dag.py:3096} INFO - Sync 1 DAGs
[2024-05-05T10:23:56.371+0000] {logging_mixin.py:188} INFO - [2024-05-05T10:23:56.371+0000] {dag.py:3954} INFO - Setting next_dagrun for example_python_operator to None, run_after=None
[2024-05-05T10:23:56.412+0000] {processor.py:183} INFO - Processing /home/airflow/.local/lib/python3.12/site-packages/airflow/example_dags/example_python_operator.py took 0.102 seconds
[2024-05-05T10:24:27.045+0000] {processor.py:161} INFO - Started process (PID=2995) to work on /home/airflow/.local/lib/python3.12/site-packages/airflow/example_dags/example_python_operator.py
[2024-05-05T10:24:27.045+0000] {processor.py:830} INFO - Processing file /home/airflow/.local/lib/python3.12/site-packages/airflow/example_dags/example_python_operator.py for tasks to queue
[2024-05-05T10:24:27.052+0000] {logging_mixin.py:188} INFO - [2024-05-05T10:24:27.051+0000] {dagbag.py:540} INFO - Filling up the DagBag from /home/airflow/.local/lib/python3.12/site-packages/airflow/example_dags/example_python_operator.py
[2024-05-05T10:24:27.090+0000] {processor.py:840} INFO - DAG(s) 'example_python_operator' retrieved from /home/airflow/.local/lib/python3.12/site-packages/airflow/example_dags/example_python_operator.py
[2024-05-05T10:24:27.120+0000] {logging_mixin.py:188} INFO - [2024-05-05T10:24:27.119+0000] {dag.py:3096} INFO - Sync 1 DAGs
[2024-05-05T10:24:27.133+0000] {logging_mixin.py:188} INFO - [2024-05-05T10:24:27.133+0000] {dag.py:3954} INFO - Setting next_dagrun for example_python_operator to None, run_after=None
[2024-05-05T10:24:27.155+0000] {processor.py:183} INFO - Processing /home/airflow/.local/lib/python3.12/site-packages/airflow/example_dags/example_python_operator.py took 0.127 seconds
[2024-05-05T10:24:57.541+0000] {processor.py:161} INFO - Started process (PID=3260) to work on /home/airflow/.local/lib/python3.12/site-packages/airflow/example_dags/example_python_operator.py
[2024-05-05T10:24:57.542+0000] {processor.py:830} INFO - Processing file /home/airflow/.local/lib/python3.12/site-packages/airflow/example_dags/example_python_operator.py for tasks to queue
[2024-05-05T10:24:57.543+0000] {logging_mixin.py:188} INFO - [2024-05-05T10:24:57.543+0000] {dagbag.py:540} INFO - Filling up the DagBag from /home/airflow/.local/lib/python3.12/site-packages/airflow/example_dags/example_python_operator.py
[2024-05-05T10:24:57.555+0000] {processor.py:840} INFO - DAG(s) 'example_python_operator' retrieved from /home/airflow/.local/lib/python3.12/site-packages/airflow/example_dags/example_python_operator.py
[2024-05-05T10:24:57.612+0000] {logging_mixin.py:188} INFO - [2024-05-05T10:24:57.612+0000] {dag.py:3096} INFO - Sync 1 DAGs
[2024-05-05T10:24:57.632+0000] {logging_mixin.py:188} INFO - [2024-05-05T10:24:57.631+0000] {dag.py:3954} INFO - Setting next_dagrun for example_python_operator to None, run_after=None
[2024-05-05T10:24:57.667+0000] {processor.py:183} INFO - Processing /home/airflow/.local/lib/python3.12/site-packages/airflow/example_dags/example_python_operator.py took 0.133 seconds
[2024-05-05T10:25:28.064+0000] {processor.py:161} INFO - Started process (PID=3522) to work on /home/airflow/.local/lib/python3.12/site-packages/airflow/example_dags/example_python_operator.py
[2024-05-05T10:25:28.065+0000] {processor.py:830} INFO - Processing file /home/airflow/.local/lib/python3.12/site-packages/airflow/example_dags/example_python_operator.py for tasks to queue
[2024-05-05T10:25:28.066+0000] {logging_mixin.py:188} INFO - [2024-05-05T10:25:28.066+0000] {dagbag.py:540} INFO - Filling up the DagBag from /home/airflow/.local/lib/python3.12/site-packages/airflow/example_dags/example_python_operator.py
[2024-05-05T10:25:28.080+0000] {processor.py:840} INFO - DAG(s) 'example_python_operator' retrieved from /home/airflow/.local/lib/python3.12/site-packages/airflow/example_dags/example_python_operator.py
[2024-05-05T10:25:28.106+0000] {logging_mixin.py:188} INFO - [2024-05-05T10:25:28.106+0000] {dag.py:3096} INFO - Sync 1 DAGs
[2024-05-05T10:25:28.117+0000] {logging_mixin.py:188} INFO - [2024-05-05T10:25:28.117+0000] {dag.py:3954} INFO - Setting next_dagrun for example_python_operator to None, run_after=None
[2024-05-05T10:25:28.141+0000] {processor.py:183} INFO - Processing /home/airflow/.local/lib/python3.12/site-packages/airflow/example_dags/example_python_operator.py took 0.084 seconds
[2024-05-05T10:25:58.448+0000] {processor.py:161} INFO - Started process (PID=3782) to work on /home/airflow/.local/lib/python3.12/site-packages/airflow/example_dags/example_python_operator.py
[2024-05-05T10:25:58.448+0000] {processor.py:830} INFO - Processing file /home/airflow/.local/lib/python3.12/site-packages/airflow/example_dags/example_python_operator.py for tasks to queue
[2024-05-05T10:25:58.450+0000] {logging_mixin.py:188} INFO - [2024-05-05T10:25:58.450+0000] {dagbag.py:540} INFO - Filling up the DagBag from /home/airflow/.local/lib/python3.12/site-packages/airflow/example_dags/example_python_operator.py
[2024-05-05T10:25:58.464+0000] {processor.py:840} INFO - DAG(s) 'example_python_operator' retrieved from /home/airflow/.local/lib/python3.12/site-packages/airflow/example_dags/example_python_operator.py
[2024-05-05T10:25:58.491+0000] {logging_mixin.py:188} INFO - [2024-05-05T10:25:58.491+0000] {dag.py:3096} INFO - Sync 1 DAGs
[2024-05-05T10:25:58.506+0000] {logging_mixin.py:188} INFO - [2024-05-05T10:25:58.506+0000] {dag.py:3954} INFO - Setting next_dagrun for example_python_operator to None, run_after=None
[2024-05-05T10:25:58.532+0000] {processor.py:183} INFO - Processing /home/airflow/.local/lib/python3.12/site-packages/airflow/example_dags/example_python_operator.py took 0.095 seconds
[2024-05-05T10:26:28.648+0000] {processor.py:161} INFO - Started process (PID=4047) to work on /home/airflow/.local/lib/python3.12/site-packages/airflow/example_dags/example_python_operator.py
[2024-05-05T10:26:28.649+0000] {processor.py:830} INFO - Processing file /home/airflow/.local/lib/python3.12/site-packages/airflow/example_dags/example_python_operator.py for tasks to queue
[2024-05-05T10:26:28.650+0000] {logging_mixin.py:188} INFO - [2024-05-05T10:26:28.650+0000] {dagbag.py:540} INFO - Filling up the DagBag from /home/airflow/.local/lib/python3.12/site-packages/airflow/example_dags/example_python_operator.py
[2024-05-05T10:26:28.666+0000] {processor.py:840} INFO - DAG(s) 'example_python_operator' retrieved from /home/airflow/.local/lib/python3.12/site-packages/airflow/example_dags/example_python_operator.py
[2024-05-05T10:26:28.694+0000] {logging_mixin.py:188} INFO - [2024-05-05T10:26:28.694+0000] {dag.py:3096} INFO - Sync 1 DAGs
[2024-05-05T10:26:28.710+0000] {logging_mixin.py:188} INFO - [2024-05-05T10:26:28.709+0000] {dag.py:3954} INFO - Setting next_dagrun for example_python_operator to None, run_after=None
[2024-05-05T10:26:28.733+0000] {processor.py:183} INFO - Processing /home/airflow/.local/lib/python3.12/site-packages/airflow/example_dags/example_python_operator.py took 0.092 seconds
[2024-05-05T10:26:59.294+0000] {processor.py:161} INFO - Started process (PID=4309) to work on /home/airflow/.local/lib/python3.12/site-packages/airflow/example_dags/example_python_operator.py
[2024-05-05T10:26:59.294+0000] {processor.py:830} INFO - Processing file /home/airflow/.local/lib/python3.12/site-packages/airflow/example_dags/example_python_operator.py for tasks to queue
[2024-05-05T10:26:59.296+0000] {logging_mixin.py:188} INFO - [2024-05-05T10:26:59.296+0000] {dagbag.py:540} INFO - Filling up the DagBag from /home/airflow/.local/lib/python3.12/site-packages/airflow/example_dags/example_python_operator.py
[2024-05-05T10:26:59.308+0000] {processor.py:840} INFO - DAG(s) 'example_python_operator' retrieved from /home/airflow/.local/lib/python3.12/site-packages/airflow/example_dags/example_python_operator.py
[2024-05-05T10:26:59.337+0000] {logging_mixin.py:188} INFO - [2024-05-05T10:26:59.336+0000] {dag.py:3096} INFO - Sync 1 DAGs
[2024-05-05T10:26:59.362+0000] {logging_mixin.py:188} INFO - [2024-05-05T10:26:59.362+0000] {dag.py:3954} INFO - Setting next_dagrun for example_python_operator to None, run_after=None
[2024-05-05T10:26:59.394+0000] {processor.py:183} INFO - Processing /home/airflow/.local/lib/python3.12/site-packages/airflow/example_dags/example_python_operator.py took 0.107 seconds
[2024-05-05T10:27:29.611+0000] {processor.py:161} INFO - Started process (PID=4571) to work on /home/airflow/.local/lib/python3.12/site-packages/airflow/example_dags/example_python_operator.py
[2024-05-05T10:27:29.612+0000] {processor.py:830} INFO - Processing file /home/airflow/.local/lib/python3.12/site-packages/airflow/example_dags/example_python_operator.py for tasks to queue
[2024-05-05T10:27:29.614+0000] {logging_mixin.py:188} INFO - [2024-05-05T10:27:29.614+0000] {dagbag.py:540} INFO - Filling up the DagBag from /home/airflow/.local/lib/python3.12/site-packages/airflow/example_dags/example_python_operator.py
[2024-05-05T10:27:29.626+0000] {processor.py:840} INFO - DAG(s) 'example_python_operator' retrieved from /home/airflow/.local/lib/python3.12/site-packages/airflow/example_dags/example_python_operator.py
[2024-05-05T10:27:29.653+0000] {logging_mixin.py:188} INFO - [2024-05-05T10:27:29.652+0000] {dag.py:3096} INFO - Sync 1 DAGs
[2024-05-05T10:27:29.667+0000] {logging_mixin.py:188} INFO - [2024-05-05T10:27:29.667+0000] {dag.py:3954} INFO - Setting next_dagrun for example_python_operator to None, run_after=None
[2024-05-05T10:27:29.690+0000] {processor.py:183} INFO - Processing /home/airflow/.local/lib/python3.12/site-packages/airflow/example_dags/example_python_operator.py took 0.085 seconds
[2024-05-05T10:28:00.238+0000] {processor.py:161} INFO - Started process (PID=4834) to work on /home/airflow/.local/lib/python3.12/site-packages/airflow/example_dags/example_python_operator.py
[2024-05-05T10:28:00.239+0000] {processor.py:830} INFO - Processing file /home/airflow/.local/lib/python3.12/site-packages/airflow/example_dags/example_python_operator.py for tasks to queue
[2024-05-05T10:28:00.240+0000] {logging_mixin.py:188} INFO - [2024-05-05T10:28:00.240+0000] {dagbag.py:540} INFO - Filling up the DagBag from /home/airflow/.local/lib/python3.12/site-packages/airflow/example_dags/example_python_operator.py
[2024-05-05T10:28:00.252+0000] {processor.py:840} INFO - DAG(s) 'example_python_operator' retrieved from /home/airflow/.local/lib/python3.12/site-packages/airflow/example_dags/example_python_operator.py
[2024-05-05T10:28:00.278+0000] {logging_mixin.py:188} INFO - [2024-05-05T10:28:00.277+0000] {dag.py:3096} INFO - Sync 1 DAGs
[2024-05-05T10:28:00.292+0000] {logging_mixin.py:188} INFO - [2024-05-05T10:28:00.292+0000] {dag.py:3954} INFO - Setting next_dagrun for example_python_operator to None, run_after=None
[2024-05-05T10:28:00.313+0000] {processor.py:183} INFO - Processing /home/airflow/.local/lib/python3.12/site-packages/airflow/example_dags/example_python_operator.py took 0.082 seconds
[2024-05-05T10:28:31.343+0000] {processor.py:161} INFO - Started process (PID=5096) to work on /home/airflow/.local/lib/python3.12/site-packages/airflow/example_dags/example_python_operator.py
[2024-05-05T10:28:31.343+0000] {processor.py:830} INFO - Processing file /home/airflow/.local/lib/python3.12/site-packages/airflow/example_dags/example_python_operator.py for tasks to queue
[2024-05-05T10:28:31.345+0000] {logging_mixin.py:188} INFO - [2024-05-05T10:28:31.345+0000] {dagbag.py:540} INFO - Filling up the DagBag from /home/airflow/.local/lib/python3.12/site-packages/airflow/example_dags/example_python_operator.py
[2024-05-05T10:28:31.357+0000] {processor.py:840} INFO - DAG(s) 'example_python_operator' retrieved from /home/airflow/.local/lib/python3.12/site-packages/airflow/example_dags/example_python_operator.py
[2024-05-05T10:28:31.383+0000] {logging_mixin.py:188} INFO - [2024-05-05T10:28:31.382+0000] {dag.py:3096} INFO - Sync 1 DAGs
[2024-05-05T10:28:31.398+0000] {logging_mixin.py:188} INFO - [2024-05-05T10:28:31.398+0000] {dag.py:3954} INFO - Setting next_dagrun for example_python_operator to None, run_after=None
[2024-05-05T10:28:31.420+0000] {processor.py:183} INFO - Processing /home/airflow/.local/lib/python3.12/site-packages/airflow/example_dags/example_python_operator.py took 0.084 seconds
[2024-05-05T10:29:01.514+0000] {processor.py:161} INFO - Started process (PID=5356) to work on /home/airflow/.local/lib/python3.12/site-packages/airflow/example_dags/example_python_operator.py
[2024-05-05T10:29:01.514+0000] {processor.py:830} INFO - Processing file /home/airflow/.local/lib/python3.12/site-packages/airflow/example_dags/example_python_operator.py for tasks to queue
[2024-05-05T10:29:01.517+0000] {logging_mixin.py:188} INFO - [2024-05-05T10:29:01.516+0000] {dagbag.py:540} INFO - Filling up the DagBag from /home/airflow/.local/lib/python3.12/site-packages/airflow/example_dags/example_python_operator.py
[2024-05-05T10:29:01.530+0000] {processor.py:840} INFO - DAG(s) 'example_python_operator' retrieved from /home/airflow/.local/lib/python3.12/site-packages/airflow/example_dags/example_python_operator.py
[2024-05-05T10:29:01.555+0000] {logging_mixin.py:188} INFO - [2024-05-05T10:29:01.555+0000] {dag.py:3096} INFO - Sync 1 DAGs
[2024-05-05T10:29:01.571+0000] {logging_mixin.py:188} INFO - [2024-05-05T10:29:01.571+0000] {dag.py:3954} INFO - Setting next_dagrun for example_python_operator to None, run_after=None
[2024-05-05T10:29:01.597+0000] {processor.py:183} INFO - Processing /home/airflow/.local/lib/python3.12/site-packages/airflow/example_dags/example_python_operator.py took 0.091 seconds
[2024-05-05T10:29:31.742+0000] {processor.py:161} INFO - Started process (PID=5625) to work on /home/airflow/.local/lib/python3.12/site-packages/airflow/example_dags/example_python_operator.py
[2024-05-05T10:29:31.743+0000] {processor.py:830} INFO - Processing file /home/airflow/.local/lib/python3.12/site-packages/airflow/example_dags/example_python_operator.py for tasks to queue
[2024-05-05T10:29:31.745+0000] {logging_mixin.py:188} INFO - [2024-05-05T10:29:31.744+0000] {dagbag.py:540} INFO - Filling up the DagBag from /home/airflow/.local/lib/python3.12/site-packages/airflow/example_dags/example_python_operator.py
[2024-05-05T10:29:31.756+0000] {processor.py:840} INFO - DAG(s) 'example_python_operator' retrieved from /home/airflow/.local/lib/python3.12/site-packages/airflow/example_dags/example_python_operator.py
[2024-05-05T10:29:31.782+0000] {logging_mixin.py:188} INFO - [2024-05-05T10:29:31.782+0000] {dag.py:3096} INFO - Sync 1 DAGs
[2024-05-05T10:29:31.797+0000] {logging_mixin.py:188} INFO - [2024-05-05T10:29:31.797+0000] {dag.py:3954} INFO - Setting next_dagrun for example_python_operator to None, run_after=None
[2024-05-05T10:29:31.820+0000] {processor.py:183} INFO - Processing /home/airflow/.local/lib/python3.12/site-packages/airflow/example_dags/example_python_operator.py took 0.084 seconds
[2024-05-05T10:30:02.489+0000] {processor.py:161} INFO - Started process (PID=5901) to work on /home/airflow/.local/lib/python3.12/site-packages/airflow/example_dags/example_python_operator.py
[2024-05-05T10:30:02.490+0000] {processor.py:830} INFO - Processing file /home/airflow/.local/lib/python3.12/site-packages/airflow/example_dags/example_python_operator.py for tasks to queue
[2024-05-05T10:30:02.492+0000] {logging_mixin.py:188} INFO - [2024-05-05T10:30:02.491+0000] {dagbag.py:540} INFO - Filling up the DagBag from /home/airflow/.local/lib/python3.12/site-packages/airflow/example_dags/example_python_operator.py
[2024-05-05T10:30:02.507+0000] {processor.py:840} INFO - DAG(s) 'example_python_operator' retrieved from /home/airflow/.local/lib/python3.12/site-packages/airflow/example_dags/example_python_operator.py
[2024-05-05T10:30:02.543+0000] {logging_mixin.py:188} INFO - [2024-05-05T10:30:02.542+0000] {dag.py:3096} INFO - Sync 1 DAGs
[2024-05-05T10:30:02.557+0000] {logging_mixin.py:188} INFO - [2024-05-05T10:30:02.557+0000] {dag.py:3954} INFO - Setting next_dagrun for example_python_operator to None, run_after=None
[2024-05-05T10:30:02.580+0000] {processor.py:183} INFO - Processing /home/airflow/.local/lib/python3.12/site-packages/airflow/example_dags/example_python_operator.py took 0.099 seconds
[2024-05-05T10:30:33.239+0000] {processor.py:161} INFO - Started process (PID=6168) to work on /home/airflow/.local/lib/python3.12/site-packages/airflow/example_dags/example_python_operator.py
[2024-05-05T10:30:33.240+0000] {processor.py:830} INFO - Processing file /home/airflow/.local/lib/python3.12/site-packages/airflow/example_dags/example_python_operator.py for tasks to queue
[2024-05-05T10:30:33.242+0000] {logging_mixin.py:188} INFO - [2024-05-05T10:30:33.241+0000] {dagbag.py:540} INFO - Filling up the DagBag from /home/airflow/.local/lib/python3.12/site-packages/airflow/example_dags/example_python_operator.py
[2024-05-05T10:30:33.253+0000] {processor.py:840} INFO - DAG(s) 'example_python_operator' retrieved from /home/airflow/.local/lib/python3.12/site-packages/airflow/example_dags/example_python_operator.py
[2024-05-05T10:30:33.302+0000] {logging_mixin.py:188} INFO - [2024-05-05T10:30:33.302+0000] {dag.py:3096} INFO - Sync 1 DAGs
[2024-05-05T10:30:33.326+0000] {logging_mixin.py:188} INFO - [2024-05-05T10:30:33.326+0000] {dag.py:3954} INFO - Setting next_dagrun for example_python_operator to None, run_after=None
[2024-05-05T10:30:33.350+0000] {processor.py:183} INFO - Processing /home/airflow/.local/lib/python3.12/site-packages/airflow/example_dags/example_python_operator.py took 0.119 seconds
[2024-05-05T10:31:03.742+0000] {processor.py:161} INFO - Started process (PID=6435) to work on /home/airflow/.local/lib/python3.12/site-packages/airflow/example_dags/example_python_operator.py
[2024-05-05T10:31:03.742+0000] {processor.py:830} INFO - Processing file /home/airflow/.local/lib/python3.12/site-packages/airflow/example_dags/example_python_operator.py for tasks to queue
[2024-05-05T10:31:03.744+0000] {logging_mixin.py:188} INFO - [2024-05-05T10:31:03.744+0000] {dagbag.py:540} INFO - Filling up the DagBag from /home/airflow/.local/lib/python3.12/site-packages/airflow/example_dags/example_python_operator.py
[2024-05-05T10:31:03.755+0000] {processor.py:840} INFO - DAG(s) 'example_python_operator' retrieved from /home/airflow/.local/lib/python3.12/site-packages/airflow/example_dags/example_python_operator.py
[2024-05-05T10:31:03.781+0000] {logging_mixin.py:188} INFO - [2024-05-05T10:31:03.781+0000] {dag.py:3096} INFO - Sync 1 DAGs
[2024-05-05T10:31:03.796+0000] {logging_mixin.py:188} INFO - [2024-05-05T10:31:03.795+0000] {dag.py:3954} INFO - Setting next_dagrun for example_python_operator to None, run_after=None
[2024-05-05T10:31:03.830+0000] {processor.py:183} INFO - Processing /home/airflow/.local/lib/python3.12/site-packages/airflow/example_dags/example_python_operator.py took 0.095 seconds
[2024-05-05T10:31:34.129+0000] {processor.py:161} INFO - Started process (PID=6702) to work on /home/airflow/.local/lib/python3.12/site-packages/airflow/example_dags/example_python_operator.py
[2024-05-05T10:31:34.130+0000] {processor.py:830} INFO - Processing file /home/airflow/.local/lib/python3.12/site-packages/airflow/example_dags/example_python_operator.py for tasks to queue
[2024-05-05T10:31:34.132+0000] {logging_mixin.py:188} INFO - [2024-05-05T10:31:34.131+0000] {dagbag.py:540} INFO - Filling up the DagBag from /home/airflow/.local/lib/python3.12/site-packages/airflow/example_dags/example_python_operator.py
[2024-05-05T10:31:34.143+0000] {processor.py:840} INFO - DAG(s) 'example_python_operator' retrieved from /home/airflow/.local/lib/python3.12/site-packages/airflow/example_dags/example_python_operator.py
[2024-05-05T10:31:34.169+0000] {logging_mixin.py:188} INFO - [2024-05-05T10:31:34.169+0000] {dag.py:3096} INFO - Sync 1 DAGs
[2024-05-05T10:31:34.184+0000] {logging_mixin.py:188} INFO - [2024-05-05T10:31:34.184+0000] {dag.py:3954} INFO - Setting next_dagrun for example_python_operator to None, run_after=None
[2024-05-05T10:31:34.207+0000] {processor.py:183} INFO - Processing /home/airflow/.local/lib/python3.12/site-packages/airflow/example_dags/example_python_operator.py took 0.085 seconds
[2024-05-05T10:32:04.537+0000] {processor.py:161} INFO - Started process (PID=6970) to work on /home/airflow/.local/lib/python3.12/site-packages/airflow/example_dags/example_python_operator.py
[2024-05-05T10:32:04.538+0000] {processor.py:830} INFO - Processing file /home/airflow/.local/lib/python3.12/site-packages/airflow/example_dags/example_python_operator.py for tasks to queue
[2024-05-05T10:32:04.540+0000] {logging_mixin.py:188} INFO - [2024-05-05T10:32:04.539+0000] {dagbag.py:540} INFO - Filling up the DagBag from /home/airflow/.local/lib/python3.12/site-packages/airflow/example_dags/example_python_operator.py
[2024-05-05T10:32:04.551+0000] {processor.py:840} INFO - DAG(s) 'example_python_operator' retrieved from /home/airflow/.local/lib/python3.12/site-packages/airflow/example_dags/example_python_operator.py
[2024-05-05T10:32:04.577+0000] {logging_mixin.py:188} INFO - [2024-05-05T10:32:04.577+0000] {dag.py:3096} INFO - Sync 1 DAGs
[2024-05-05T10:32:04.590+0000] {logging_mixin.py:188} INFO - [2024-05-05T10:32:04.590+0000] {dag.py:3954} INFO - Setting next_dagrun for example_python_operator to None, run_after=None
[2024-05-05T10:32:04.614+0000] {processor.py:183} INFO - Processing /home/airflow/.local/lib/python3.12/site-packages/airflow/example_dags/example_python_operator.py took 0.084 seconds
[2024-05-05T10:32:34.780+0000] {processor.py:161} INFO - Started process (PID=7238) to work on /home/airflow/.local/lib/python3.12/site-packages/airflow/example_dags/example_python_operator.py
[2024-05-05T10:32:34.781+0000] {processor.py:830} INFO - Processing file /home/airflow/.local/lib/python3.12/site-packages/airflow/example_dags/example_python_operator.py for tasks to queue
[2024-05-05T10:32:34.783+0000] {logging_mixin.py:188} INFO - [2024-05-05T10:32:34.782+0000] {dagbag.py:540} INFO - Filling up the DagBag from /home/airflow/.local/lib/python3.12/site-packages/airflow/example_dags/example_python_operator.py
[2024-05-05T10:32:34.794+0000] {processor.py:840} INFO - DAG(s) 'example_python_operator' retrieved from /home/airflow/.local/lib/python3.12/site-packages/airflow/example_dags/example_python_operator.py
[2024-05-05T10:32:34.820+0000] {logging_mixin.py:188} INFO - [2024-05-05T10:32:34.819+0000] {dag.py:3096} INFO - Sync 1 DAGs
[2024-05-05T10:32:34.833+0000] {logging_mixin.py:188} INFO - [2024-05-05T10:32:34.833+0000] {dag.py:3954} INFO - Setting next_dagrun for example_python_operator to None, run_after=None
[2024-05-05T10:32:34.856+0000] {processor.py:183} INFO - Processing /home/airflow/.local/lib/python3.12/site-packages/airflow/example_dags/example_python_operator.py took 0.083 seconds
[2024-05-05T10:33:05.778+0000] {processor.py:161} INFO - Started process (PID=7506) to work on /home/airflow/.local/lib/python3.12/site-packages/airflow/example_dags/example_python_operator.py
[2024-05-05T10:33:05.779+0000] {processor.py:830} INFO - Processing file /home/airflow/.local/lib/python3.12/site-packages/airflow/example_dags/example_python_operator.py for tasks to queue
[2024-05-05T10:33:05.781+0000] {logging_mixin.py:188} INFO - [2024-05-05T10:33:05.780+0000] {dagbag.py:540} INFO - Filling up the DagBag from /home/airflow/.local/lib/python3.12/site-packages/airflow/example_dags/example_python_operator.py
[2024-05-05T10:33:05.792+0000] {processor.py:840} INFO - DAG(s) 'example_python_operator' retrieved from /home/airflow/.local/lib/python3.12/site-packages/airflow/example_dags/example_python_operator.py
[2024-05-05T10:33:05.956+0000] {logging_mixin.py:188} INFO - [2024-05-05T10:33:05.956+0000] {dag.py:3096} INFO - Sync 1 DAGs
[2024-05-05T10:33:05.970+0000] {logging_mixin.py:188} INFO - [2024-05-05T10:33:05.970+0000] {dag.py:3954} INFO - Setting next_dagrun for example_python_operator to None, run_after=None
[2024-05-05T10:33:06.000+0000] {processor.py:183} INFO - Processing /home/airflow/.local/lib/python3.12/site-packages/airflow/example_dags/example_python_operator.py took 0.228 seconds
[2024-05-05T10:33:36.214+0000] {processor.py:161} INFO - Started process (PID=7773) to work on /home/airflow/.local/lib/python3.12/site-packages/airflow/example_dags/example_python_operator.py
[2024-05-05T10:33:36.215+0000] {processor.py:830} INFO - Processing file /home/airflow/.local/lib/python3.12/site-packages/airflow/example_dags/example_python_operator.py for tasks to queue
[2024-05-05T10:33:36.216+0000] {logging_mixin.py:188} INFO - [2024-05-05T10:33:36.216+0000] {dagbag.py:540} INFO - Filling up the DagBag from /home/airflow/.local/lib/python3.12/site-packages/airflow/example_dags/example_python_operator.py
[2024-05-05T10:33:36.228+0000] {processor.py:840} INFO - DAG(s) 'example_python_operator' retrieved from /home/airflow/.local/lib/python3.12/site-packages/airflow/example_dags/example_python_operator.py
[2024-05-05T10:33:36.254+0000] {logging_mixin.py:188} INFO - [2024-05-05T10:33:36.254+0000] {dag.py:3096} INFO - Sync 1 DAGs
[2024-05-05T10:33:36.413+0000] {logging_mixin.py:188} INFO - [2024-05-05T10:33:36.412+0000] {dag.py:3954} INFO - Setting next_dagrun for example_python_operator to None, run_after=None
[2024-05-05T10:33:36.440+0000] {processor.py:183} INFO - Processing /home/airflow/.local/lib/python3.12/site-packages/airflow/example_dags/example_python_operator.py took 0.232 seconds
[2024-05-05T10:34:06.557+0000] {processor.py:161} INFO - Started process (PID=8042) to work on /home/airflow/.local/lib/python3.12/site-packages/airflow/example_dags/example_python_operator.py
[2024-05-05T10:34:06.557+0000] {processor.py:830} INFO - Processing file /home/airflow/.local/lib/python3.12/site-packages/airflow/example_dags/example_python_operator.py for tasks to queue
[2024-05-05T10:34:06.559+0000] {logging_mixin.py:188} INFO - [2024-05-05T10:34:06.559+0000] {dagbag.py:540} INFO - Filling up the DagBag from /home/airflow/.local/lib/python3.12/site-packages/airflow/example_dags/example_python_operator.py
[2024-05-05T10:34:06.571+0000] {processor.py:840} INFO - DAG(s) 'example_python_operator' retrieved from /home/airflow/.local/lib/python3.12/site-packages/airflow/example_dags/example_python_operator.py
[2024-05-05T10:34:06.597+0000] {logging_mixin.py:188} INFO - [2024-05-05T10:34:06.597+0000] {dag.py:3096} INFO - Sync 1 DAGs
[2024-05-05T10:34:06.613+0000] {logging_mixin.py:188} INFO - [2024-05-05T10:34:06.613+0000] {dag.py:3954} INFO - Setting next_dagrun for example_python_operator to None, run_after=None
[2024-05-05T10:34:06.635+0000] {processor.py:183} INFO - Processing /home/airflow/.local/lib/python3.12/site-packages/airflow/example_dags/example_python_operator.py took 0.085 seconds
[2024-05-05T10:34:37.250+0000] {processor.py:161} INFO - Started process (PID=8309) to work on /home/airflow/.local/lib/python3.12/site-packages/airflow/example_dags/example_python_operator.py
[2024-05-05T10:34:37.251+0000] {processor.py:830} INFO - Processing file /home/airflow/.local/lib/python3.12/site-packages/airflow/example_dags/example_python_operator.py for tasks to queue
[2024-05-05T10:34:37.252+0000] {logging_mixin.py:188} INFO - [2024-05-05T10:34:37.252+0000] {dagbag.py:540} INFO - Filling up the DagBag from /home/airflow/.local/lib/python3.12/site-packages/airflow/example_dags/example_python_operator.py
[2024-05-05T10:34:37.264+0000] {processor.py:840} INFO - DAG(s) 'example_python_operator' retrieved from /home/airflow/.local/lib/python3.12/site-packages/airflow/example_dags/example_python_operator.py
[2024-05-05T10:34:37.290+0000] {logging_mixin.py:188} INFO - [2024-05-05T10:34:37.290+0000] {dag.py:3096} INFO - Sync 1 DAGs
[2024-05-05T10:34:37.306+0000] {logging_mixin.py:188} INFO - [2024-05-05T10:34:37.306+0000] {dag.py:3954} INFO - Setting next_dagrun for example_python_operator to None, run_after=None
[2024-05-05T10:34:37.328+0000] {processor.py:183} INFO - Processing /home/airflow/.local/lib/python3.12/site-packages/airflow/example_dags/example_python_operator.py took 0.085 seconds
[2024-05-05T10:35:07.970+0000] {processor.py:161} INFO - Started process (PID=8577) to work on /home/airflow/.local/lib/python3.12/site-packages/airflow/example_dags/example_python_operator.py
[2024-05-05T10:35:07.971+0000] {processor.py:830} INFO - Processing file /home/airflow/.local/lib/python3.12/site-packages/airflow/example_dags/example_python_operator.py for tasks to queue
[2024-05-05T10:35:07.982+0000] {logging_mixin.py:188} INFO - [2024-05-05T10:35:07.982+0000] {dagbag.py:540} INFO - Filling up the DagBag from /home/airflow/.local/lib/python3.12/site-packages/airflow/example_dags/example_python_operator.py
[2024-05-05T10:35:08.004+0000] {processor.py:840} INFO - DAG(s) 'example_python_operator' retrieved from /home/airflow/.local/lib/python3.12/site-packages/airflow/example_dags/example_python_operator.py
[2024-05-05T10:35:08.060+0000] {logging_mixin.py:188} INFO - [2024-05-05T10:35:08.060+0000] {dag.py:3096} INFO - Sync 1 DAGs
[2024-05-05T10:35:08.077+0000] {logging_mixin.py:188} INFO - [2024-05-05T10:35:08.077+0000] {dag.py:3954} INFO - Setting next_dagrun for example_python_operator to None, run_after=None
[2024-05-05T10:35:08.106+0000] {processor.py:183} INFO - Processing /home/airflow/.local/lib/python3.12/site-packages/airflow/example_dags/example_python_operator.py took 0.144 seconds
[2024-05-05T10:35:38.810+0000] {processor.py:161} INFO - Started process (PID=8844) to work on /home/airflow/.local/lib/python3.12/site-packages/airflow/example_dags/example_python_operator.py
[2024-05-05T10:35:38.811+0000] {processor.py:830} INFO - Processing file /home/airflow/.local/lib/python3.12/site-packages/airflow/example_dags/example_python_operator.py for tasks to queue
[2024-05-05T10:35:38.812+0000] {logging_mixin.py:188} INFO - [2024-05-05T10:35:38.812+0000] {dagbag.py:540} INFO - Filling up the DagBag from /home/airflow/.local/lib/python3.12/site-packages/airflow/example_dags/example_python_operator.py
[2024-05-05T10:35:38.824+0000] {processor.py:840} INFO - DAG(s) 'example_python_operator' retrieved from /home/airflow/.local/lib/python3.12/site-packages/airflow/example_dags/example_python_operator.py
[2024-05-05T10:35:38.851+0000] {logging_mixin.py:188} INFO - [2024-05-05T10:35:38.850+0000] {dag.py:3096} INFO - Sync 1 DAGs
[2024-05-05T10:35:38.864+0000] {logging_mixin.py:188} INFO - [2024-05-05T10:35:38.864+0000] {dag.py:3954} INFO - Setting next_dagrun for example_python_operator to None, run_after=None
[2024-05-05T10:35:38.888+0000] {processor.py:183} INFO - Processing /home/airflow/.local/lib/python3.12/site-packages/airflow/example_dags/example_python_operator.py took 0.085 seconds
[2024-05-05T10:36:09.432+0000] {processor.py:161} INFO - Started process (PID=9111) to work on /home/airflow/.local/lib/python3.12/site-packages/airflow/example_dags/example_python_operator.py
[2024-05-05T10:36:09.433+0000] {processor.py:830} INFO - Processing file /home/airflow/.local/lib/python3.12/site-packages/airflow/example_dags/example_python_operator.py for tasks to queue
[2024-05-05T10:36:09.435+0000] {logging_mixin.py:188} INFO - [2024-05-05T10:36:09.434+0000] {dagbag.py:540} INFO - Filling up the DagBag from /home/airflow/.local/lib/python3.12/site-packages/airflow/example_dags/example_python_operator.py
[2024-05-05T10:36:09.448+0000] {processor.py:840} INFO - DAG(s) 'example_python_operator' retrieved from /home/airflow/.local/lib/python3.12/site-packages/airflow/example_dags/example_python_operator.py
[2024-05-05T10:36:09.475+0000] {logging_mixin.py:188} INFO - [2024-05-05T10:36:09.475+0000] {dag.py:3096} INFO - Sync 1 DAGs
[2024-05-05T10:36:09.489+0000] {logging_mixin.py:188} INFO - [2024-05-05T10:36:09.489+0000] {dag.py:3954} INFO - Setting next_dagrun for example_python_operator to None, run_after=None
[2024-05-05T10:36:09.515+0000] {processor.py:183} INFO - Processing /home/airflow/.local/lib/python3.12/site-packages/airflow/example_dags/example_python_operator.py took 0.089 seconds
[2024-05-05T10:36:40.053+0000] {processor.py:161} INFO - Started process (PID=9378) to work on /home/airflow/.local/lib/python3.12/site-packages/airflow/example_dags/example_python_operator.py
[2024-05-05T10:36:40.054+0000] {processor.py:830} INFO - Processing file /home/airflow/.local/lib/python3.12/site-packages/airflow/example_dags/example_python_operator.py for tasks to queue
[2024-05-05T10:36:40.058+0000] {logging_mixin.py:188} INFO - [2024-05-05T10:36:40.055+0000] {dagbag.py:540} INFO - Filling up the DagBag from /home/airflow/.local/lib/python3.12/site-packages/airflow/example_dags/example_python_operator.py
[2024-05-05T10:36:40.078+0000] {processor.py:840} INFO - DAG(s) 'example_python_operator' retrieved from /home/airflow/.local/lib/python3.12/site-packages/airflow/example_dags/example_python_operator.py
[2024-05-05T10:36:40.114+0000] {logging_mixin.py:188} INFO - [2024-05-05T10:36:40.113+0000] {dag.py:3096} INFO - Sync 1 DAGs
[2024-05-05T10:36:40.129+0000] {logging_mixin.py:188} INFO - [2024-05-05T10:36:40.129+0000] {dag.py:3954} INFO - Setting next_dagrun for example_python_operator to None, run_after=None
[2024-05-05T10:36:40.152+0000] {processor.py:183} INFO - Processing /home/airflow/.local/lib/python3.12/site-packages/airflow/example_dags/example_python_operator.py took 0.108 seconds
[2024-05-05T10:37:10.345+0000] {processor.py:161} INFO - Started process (PID=9645) to work on /home/airflow/.local/lib/python3.12/site-packages/airflow/example_dags/example_python_operator.py
[2024-05-05T10:37:10.345+0000] {processor.py:830} INFO - Processing file /home/airflow/.local/lib/python3.12/site-packages/airflow/example_dags/example_python_operator.py for tasks to queue
[2024-05-05T10:37:10.347+0000] {logging_mixin.py:188} INFO - [2024-05-05T10:37:10.347+0000] {dagbag.py:540} INFO - Filling up the DagBag from /home/airflow/.local/lib/python3.12/site-packages/airflow/example_dags/example_python_operator.py
[2024-05-05T10:37:10.359+0000] {processor.py:840} INFO - DAG(s) 'example_python_operator' retrieved from /home/airflow/.local/lib/python3.12/site-packages/airflow/example_dags/example_python_operator.py
[2024-05-05T10:37:10.384+0000] {logging_mixin.py:188} INFO - [2024-05-05T10:37:10.384+0000] {dag.py:3096} INFO - Sync 1 DAGs
[2024-05-05T10:37:10.397+0000] {logging_mixin.py:188} INFO - [2024-05-05T10:37:10.397+0000] {dag.py:3954} INFO - Setting next_dagrun for example_python_operator to None, run_after=None
[2024-05-05T10:37:10.420+0000] {processor.py:183} INFO - Processing /home/airflow/.local/lib/python3.12/site-packages/airflow/example_dags/example_python_operator.py took 0.082 seconds
[2024-05-05T10:37:40.762+0000] {processor.py:161} INFO - Started process (PID=9912) to work on /home/airflow/.local/lib/python3.12/site-packages/airflow/example_dags/example_python_operator.py
[2024-05-05T10:37:40.763+0000] {processor.py:830} INFO - Processing file /home/airflow/.local/lib/python3.12/site-packages/airflow/example_dags/example_python_operator.py for tasks to queue
[2024-05-05T10:37:40.765+0000] {logging_mixin.py:188} INFO - [2024-05-05T10:37:40.764+0000] {dagbag.py:540} INFO - Filling up the DagBag from /home/airflow/.local/lib/python3.12/site-packages/airflow/example_dags/example_python_operator.py
[2024-05-05T10:37:40.777+0000] {processor.py:840} INFO - DAG(s) 'example_python_operator' retrieved from /home/airflow/.local/lib/python3.12/site-packages/airflow/example_dags/example_python_operator.py
[2024-05-05T10:37:40.803+0000] {logging_mixin.py:188} INFO - [2024-05-05T10:37:40.803+0000] {dag.py:3096} INFO - Sync 1 DAGs
[2024-05-05T10:37:40.818+0000] {logging_mixin.py:188} INFO - [2024-05-05T10:37:40.818+0000] {dag.py:3954} INFO - Setting next_dagrun for example_python_operator to None, run_after=None
[2024-05-05T10:37:40.845+0000] {processor.py:183} INFO - Processing /home/airflow/.local/lib/python3.12/site-packages/airflow/example_dags/example_python_operator.py took 0.090 seconds
[2024-05-05T10:38:11.447+0000] {processor.py:161} INFO - Started process (PID=10179) to work on /home/airflow/.local/lib/python3.12/site-packages/airflow/example_dags/example_python_operator.py
[2024-05-05T10:38:11.448+0000] {processor.py:830} INFO - Processing file /home/airflow/.local/lib/python3.12/site-packages/airflow/example_dags/example_python_operator.py for tasks to queue
[2024-05-05T10:38:11.450+0000] {logging_mixin.py:188} INFO - [2024-05-05T10:38:11.449+0000] {dagbag.py:540} INFO - Filling up the DagBag from /home/airflow/.local/lib/python3.12/site-packages/airflow/example_dags/example_python_operator.py
[2024-05-05T10:38:11.462+0000] {processor.py:840} INFO - DAG(s) 'example_python_operator' retrieved from /home/airflow/.local/lib/python3.12/site-packages/airflow/example_dags/example_python_operator.py
[2024-05-05T10:38:11.485+0000] {logging_mixin.py:188} INFO - [2024-05-05T10:38:11.485+0000] {dag.py:3096} INFO - Sync 1 DAGs
[2024-05-05T10:38:11.500+0000] {logging_mixin.py:188} INFO - [2024-05-05T10:38:11.500+0000] {dag.py:3954} INFO - Setting next_dagrun for example_python_operator to None, run_after=None
[2024-05-05T10:38:11.523+0000] {processor.py:183} INFO - Processing /home/airflow/.local/lib/python3.12/site-packages/airflow/example_dags/example_python_operator.py took 0.083 seconds
[2024-05-05T10:38:41.991+0000] {processor.py:161} INFO - Started process (PID=10446) to work on /home/airflow/.local/lib/python3.12/site-packages/airflow/example_dags/example_python_operator.py
[2024-05-05T10:38:41.992+0000] {processor.py:830} INFO - Processing file /home/airflow/.local/lib/python3.12/site-packages/airflow/example_dags/example_python_operator.py for tasks to queue
[2024-05-05T10:38:41.994+0000] {logging_mixin.py:188} INFO - [2024-05-05T10:38:41.993+0000] {dagbag.py:540} INFO - Filling up the DagBag from /home/airflow/.local/lib/python3.12/site-packages/airflow/example_dags/example_python_operator.py
[2024-05-05T10:38:42.006+0000] {processor.py:840} INFO - DAG(s) 'example_python_operator' retrieved from /home/airflow/.local/lib/python3.12/site-packages/airflow/example_dags/example_python_operator.py
[2024-05-05T10:38:42.033+0000] {logging_mixin.py:188} INFO - [2024-05-05T10:38:42.032+0000] {dag.py:3096} INFO - Sync 1 DAGs
[2024-05-05T10:38:42.046+0000] {logging_mixin.py:188} INFO - [2024-05-05T10:38:42.046+0000] {dag.py:3954} INFO - Setting next_dagrun for example_python_operator to None, run_after=None
[2024-05-05T10:38:42.071+0000] {processor.py:183} INFO - Processing /home/airflow/.local/lib/python3.12/site-packages/airflow/example_dags/example_python_operator.py took 0.086 seconds
[2024-05-05T10:39:12.704+0000] {processor.py:161} INFO - Started process (PID=10713) to work on /home/airflow/.local/lib/python3.12/site-packages/airflow/example_dags/example_python_operator.py
[2024-05-05T10:39:12.705+0000] {processor.py:830} INFO - Processing file /home/airflow/.local/lib/python3.12/site-packages/airflow/example_dags/example_python_operator.py for tasks to queue
[2024-05-05T10:39:12.708+0000] {logging_mixin.py:188} INFO - [2024-05-05T10:39:12.708+0000] {dagbag.py:540} INFO - Filling up the DagBag from /home/airflow/.local/lib/python3.12/site-packages/airflow/example_dags/example_python_operator.py
[2024-05-05T10:39:12.720+0000] {processor.py:840} INFO - DAG(s) 'example_python_operator' retrieved from /home/airflow/.local/lib/python3.12/site-packages/airflow/example_dags/example_python_operator.py
[2024-05-05T10:39:12.746+0000] {logging_mixin.py:188} INFO - [2024-05-05T10:39:12.746+0000] {dag.py:3096} INFO - Sync 1 DAGs
[2024-05-05T10:39:12.758+0000] {logging_mixin.py:188} INFO - [2024-05-05T10:39:12.758+0000] {dag.py:3954} INFO - Setting next_dagrun for example_python_operator to None, run_after=None
[2024-05-05T10:39:12.783+0000] {processor.py:183} INFO - Processing /home/airflow/.local/lib/python3.12/site-packages/airflow/example_dags/example_python_operator.py took 0.085 seconds
[2024-05-05T10:39:43.198+0000] {processor.py:161} INFO - Started process (PID=10991) to work on /home/airflow/.local/lib/python3.12/site-packages/airflow/example_dags/example_python_operator.py
[2024-05-05T10:39:43.199+0000] {processor.py:830} INFO - Processing file /home/airflow/.local/lib/python3.12/site-packages/airflow/example_dags/example_python_operator.py for tasks to queue
[2024-05-05T10:39:43.200+0000] {logging_mixin.py:188} INFO - [2024-05-05T10:39:43.200+0000] {dagbag.py:540} INFO - Filling up the DagBag from /home/airflow/.local/lib/python3.12/site-packages/airflow/example_dags/example_python_operator.py
[2024-05-05T10:39:43.217+0000] {processor.py:840} INFO - DAG(s) 'example_python_operator' retrieved from /home/airflow/.local/lib/python3.12/site-packages/airflow/example_dags/example_python_operator.py
[2024-05-05T10:39:43.243+0000] {logging_mixin.py:188} INFO - [2024-05-05T10:39:43.243+0000] {dag.py:3096} INFO - Sync 1 DAGs
[2024-05-05T10:39:43.256+0000] {logging_mixin.py:188} INFO - [2024-05-05T10:39:43.255+0000] {dag.py:3954} INFO - Setting next_dagrun for example_python_operator to None, run_after=None
[2024-05-05T10:39:43.280+0000] {processor.py:183} INFO - Processing /home/airflow/.local/lib/python3.12/site-packages/airflow/example_dags/example_python_operator.py took 0.089 seconds
[2024-05-05T10:40:13.433+0000] {processor.py:161} INFO - Started process (PID=11263) to work on /home/airflow/.local/lib/python3.12/site-packages/airflow/example_dags/example_python_operator.py
[2024-05-05T10:40:13.434+0000] {processor.py:830} INFO - Processing file /home/airflow/.local/lib/python3.12/site-packages/airflow/example_dags/example_python_operator.py for tasks to queue
[2024-05-05T10:40:13.436+0000] {logging_mixin.py:188} INFO - [2024-05-05T10:40:13.435+0000] {dagbag.py:540} INFO - Filling up the DagBag from /home/airflow/.local/lib/python3.12/site-packages/airflow/example_dags/example_python_operator.py
[2024-05-05T10:40:13.448+0000] {processor.py:840} INFO - DAG(s) 'example_python_operator' retrieved from /home/airflow/.local/lib/python3.12/site-packages/airflow/example_dags/example_python_operator.py
[2024-05-05T10:40:13.474+0000] {logging_mixin.py:188} INFO - [2024-05-05T10:40:13.474+0000] {dag.py:3096} INFO - Sync 1 DAGs
[2024-05-05T10:40:13.489+0000] {logging_mixin.py:188} INFO - [2024-05-05T10:40:13.488+0000] {dag.py:3954} INFO - Setting next_dagrun for example_python_operator to None, run_after=None
[2024-05-05T10:40:13.517+0000] {processor.py:183} INFO - Processing /home/airflow/.local/lib/python3.12/site-packages/airflow/example_dags/example_python_operator.py took 0.091 seconds
[2024-05-05T10:40:44.103+0000] {processor.py:161} INFO - Started process (PID=11541) to work on /home/airflow/.local/lib/python3.12/site-packages/airflow/example_dags/example_python_operator.py
[2024-05-05T10:40:44.104+0000] {processor.py:830} INFO - Processing file /home/airflow/.local/lib/python3.12/site-packages/airflow/example_dags/example_python_operator.py for tasks to queue
[2024-05-05T10:40:44.105+0000] {logging_mixin.py:188} INFO - [2024-05-05T10:40:44.105+0000] {dagbag.py:540} INFO - Filling up the DagBag from /home/airflow/.local/lib/python3.12/site-packages/airflow/example_dags/example_python_operator.py
[2024-05-05T10:40:44.113+0000] {processor.py:840} INFO - DAG(s) 'example_python_operator' retrieved from /home/airflow/.local/lib/python3.12/site-packages/airflow/example_dags/example_python_operator.py
[2024-05-05T10:40:44.132+0000] {logging_mixin.py:188} INFO - [2024-05-05T10:40:44.132+0000] {dag.py:3096} INFO - Sync 1 DAGs
[2024-05-05T10:40:44.145+0000] {logging_mixin.py:188} INFO - [2024-05-05T10:40:44.144+0000] {dag.py:3954} INFO - Setting next_dagrun for example_python_operator to None, run_after=None
[2024-05-05T10:40:44.166+0000] {processor.py:183} INFO - Processing /home/airflow/.local/lib/python3.12/site-packages/airflow/example_dags/example_python_operator.py took 0.068 seconds
[2024-05-05T10:41:14.721+0000] {processor.py:161} INFO - Started process (PID=11824) to work on /home/airflow/.local/lib/python3.12/site-packages/airflow/example_dags/example_python_operator.py
[2024-05-05T10:41:14.722+0000] {processor.py:830} INFO - Processing file /home/airflow/.local/lib/python3.12/site-packages/airflow/example_dags/example_python_operator.py for tasks to queue
[2024-05-05T10:41:14.724+0000] {logging_mixin.py:188} INFO - [2024-05-05T10:41:14.723+0000] {dagbag.py:540} INFO - Filling up the DagBag from /home/airflow/.local/lib/python3.12/site-packages/airflow/example_dags/example_python_operator.py
[2024-05-05T10:41:14.735+0000] {processor.py:840} INFO - DAG(s) 'example_python_operator' retrieved from /home/airflow/.local/lib/python3.12/site-packages/airflow/example_dags/example_python_operator.py
[2024-05-05T10:41:14.762+0000] {logging_mixin.py:188} INFO - [2024-05-05T10:41:14.761+0000] {dag.py:3096} INFO - Sync 1 DAGs
[2024-05-05T10:41:14.776+0000] {logging_mixin.py:188} INFO - [2024-05-05T10:41:14.776+0000] {dag.py:3954} INFO - Setting next_dagrun for example_python_operator to None, run_after=None
[2024-05-05T10:41:14.802+0000] {processor.py:183} INFO - Processing /home/airflow/.local/lib/python3.12/site-packages/airflow/example_dags/example_python_operator.py took 0.088 seconds
[2024-05-05T10:41:45.281+0000] {processor.py:161} INFO - Started process (PID=12103) to work on /home/airflow/.local/lib/python3.12/site-packages/airflow/example_dags/example_python_operator.py
[2024-05-05T10:41:45.282+0000] {processor.py:830} INFO - Processing file /home/airflow/.local/lib/python3.12/site-packages/airflow/example_dags/example_python_operator.py for tasks to queue
[2024-05-05T10:41:45.284+0000] {logging_mixin.py:188} INFO - [2024-05-05T10:41:45.283+0000] {dagbag.py:540} INFO - Filling up the DagBag from /home/airflow/.local/lib/python3.12/site-packages/airflow/example_dags/example_python_operator.py
[2024-05-05T10:41:45.295+0000] {processor.py:840} INFO - DAG(s) 'example_python_operator' retrieved from /home/airflow/.local/lib/python3.12/site-packages/airflow/example_dags/example_python_operator.py
[2024-05-05T10:41:45.316+0000] {logging_mixin.py:188} INFO - [2024-05-05T10:41:45.316+0000] {dag.py:3096} INFO - Sync 1 DAGs
[2024-05-05T10:41:45.328+0000] {logging_mixin.py:188} INFO - [2024-05-05T10:41:45.328+0000] {dag.py:3954} INFO - Setting next_dagrun for example_python_operator to None, run_after=None
[2024-05-05T10:41:45.351+0000] {processor.py:183} INFO - Processing /home/airflow/.local/lib/python3.12/site-packages/airflow/example_dags/example_python_operator.py took 0.079 seconds
[2024-05-05T10:42:16.070+0000] {processor.py:161} INFO - Started process (PID=12375) to work on /home/airflow/.local/lib/python3.12/site-packages/airflow/example_dags/example_python_operator.py
[2024-05-05T10:42:16.071+0000] {processor.py:830} INFO - Processing file /home/airflow/.local/lib/python3.12/site-packages/airflow/example_dags/example_python_operator.py for tasks to queue
[2024-05-05T10:42:16.073+0000] {logging_mixin.py:188} INFO - [2024-05-05T10:42:16.072+0000] {dagbag.py:540} INFO - Filling up the DagBag from /home/airflow/.local/lib/python3.12/site-packages/airflow/example_dags/example_python_operator.py
[2024-05-05T10:42:16.087+0000] {processor.py:840} INFO - DAG(s) 'example_python_operator' retrieved from /home/airflow/.local/lib/python3.12/site-packages/airflow/example_dags/example_python_operator.py
[2024-05-05T10:42:16.113+0000] {logging_mixin.py:188} INFO - [2024-05-05T10:42:16.113+0000] {dag.py:3096} INFO - Sync 1 DAGs
[2024-05-05T10:42:16.129+0000] {logging_mixin.py:188} INFO - [2024-05-05T10:42:16.128+0000] {dag.py:3954} INFO - Setting next_dagrun for example_python_operator to None, run_after=None
[2024-05-05T10:42:16.159+0000] {processor.py:183} INFO - Processing /home/airflow/.local/lib/python3.12/site-packages/airflow/example_dags/example_python_operator.py took 0.095 seconds
[2024-05-05T10:42:46.977+0000] {processor.py:161} INFO - Started process (PID=12654) to work on /home/airflow/.local/lib/python3.12/site-packages/airflow/example_dags/example_python_operator.py
[2024-05-05T10:42:46.978+0000] {processor.py:830} INFO - Processing file /home/airflow/.local/lib/python3.12/site-packages/airflow/example_dags/example_python_operator.py for tasks to queue
[2024-05-05T10:42:46.979+0000] {logging_mixin.py:188} INFO - [2024-05-05T10:42:46.979+0000] {dagbag.py:540} INFO - Filling up the DagBag from /home/airflow/.local/lib/python3.12/site-packages/airflow/example_dags/example_python_operator.py
[2024-05-05T10:42:46.987+0000] {processor.py:840} INFO - DAG(s) 'example_python_operator' retrieved from /home/airflow/.local/lib/python3.12/site-packages/airflow/example_dags/example_python_operator.py
[2024-05-05T10:42:47.005+0000] {logging_mixin.py:188} INFO - [2024-05-05T10:42:47.005+0000] {dag.py:3096} INFO - Sync 1 DAGs
[2024-05-05T10:42:47.015+0000] {logging_mixin.py:188} INFO - [2024-05-05T10:42:47.015+0000] {dag.py:3954} INFO - Setting next_dagrun for example_python_operator to None, run_after=None
[2024-05-05T10:42:47.035+0000] {processor.py:183} INFO - Processing /home/airflow/.local/lib/python3.12/site-packages/airflow/example_dags/example_python_operator.py took 0.064 seconds
[2024-05-05T10:43:17.757+0000] {processor.py:161} INFO - Started process (PID=12927) to work on /home/airflow/.local/lib/python3.12/site-packages/airflow/example_dags/example_python_operator.py
[2024-05-05T10:43:17.758+0000] {processor.py:830} INFO - Processing file /home/airflow/.local/lib/python3.12/site-packages/airflow/example_dags/example_python_operator.py for tasks to queue
[2024-05-05T10:43:17.759+0000] {logging_mixin.py:188} INFO - [2024-05-05T10:43:17.759+0000] {dagbag.py:540} INFO - Filling up the DagBag from /home/airflow/.local/lib/python3.12/site-packages/airflow/example_dags/example_python_operator.py
[2024-05-05T10:43:17.767+0000] {processor.py:840} INFO - DAG(s) 'example_python_operator' retrieved from /home/airflow/.local/lib/python3.12/site-packages/airflow/example_dags/example_python_operator.py
[2024-05-05T10:43:17.786+0000] {logging_mixin.py:188} INFO - [2024-05-05T10:43:17.785+0000] {dag.py:3096} INFO - Sync 1 DAGs
[2024-05-05T10:43:17.796+0000] {logging_mixin.py:188} INFO - [2024-05-05T10:43:17.796+0000] {dag.py:3954} INFO - Setting next_dagrun for example_python_operator to None, run_after=None
[2024-05-05T10:43:17.816+0000] {processor.py:183} INFO - Processing /home/airflow/.local/lib/python3.12/site-packages/airflow/example_dags/example_python_operator.py took 0.064 seconds
[2024-05-05T10:43:48.460+0000] {processor.py:161} INFO - Started process (PID=13199) to work on /home/airflow/.local/lib/python3.12/site-packages/airflow/example_dags/example_python_operator.py
[2024-05-05T10:43:48.461+0000] {processor.py:830} INFO - Processing file /home/airflow/.local/lib/python3.12/site-packages/airflow/example_dags/example_python_operator.py for tasks to queue
[2024-05-05T10:43:48.462+0000] {logging_mixin.py:188} INFO - [2024-05-05T10:43:48.462+0000] {dagbag.py:540} INFO - Filling up the DagBag from /home/airflow/.local/lib/python3.12/site-packages/airflow/example_dags/example_python_operator.py
[2024-05-05T10:43:48.470+0000] {processor.py:840} INFO - DAG(s) 'example_python_operator' retrieved from /home/airflow/.local/lib/python3.12/site-packages/airflow/example_dags/example_python_operator.py
[2024-05-05T10:43:48.489+0000] {logging_mixin.py:188} INFO - [2024-05-05T10:43:48.488+0000] {dag.py:3096} INFO - Sync 1 DAGs
[2024-05-05T10:43:48.499+0000] {logging_mixin.py:188} INFO - [2024-05-05T10:43:48.498+0000] {dag.py:3954} INFO - Setting next_dagrun for example_python_operator to None, run_after=None
[2024-05-05T10:43:48.518+0000] {processor.py:183} INFO - Processing /home/airflow/.local/lib/python3.12/site-packages/airflow/example_dags/example_python_operator.py took 0.062 seconds
[2024-05-05T10:44:19.197+0000] {processor.py:161} INFO - Started process (PID=13471) to work on /home/airflow/.local/lib/python3.12/site-packages/airflow/example_dags/example_python_operator.py
[2024-05-05T10:44:19.197+0000] {processor.py:830} INFO - Processing file /home/airflow/.local/lib/python3.12/site-packages/airflow/example_dags/example_python_operator.py for tasks to queue
[2024-05-05T10:44:19.199+0000] {logging_mixin.py:188} INFO - [2024-05-05T10:44:19.198+0000] {dagbag.py:540} INFO - Filling up the DagBag from /home/airflow/.local/lib/python3.12/site-packages/airflow/example_dags/example_python_operator.py
[2024-05-05T10:44:19.207+0000] {processor.py:840} INFO - DAG(s) 'example_python_operator' retrieved from /home/airflow/.local/lib/python3.12/site-packages/airflow/example_dags/example_python_operator.py
[2024-05-05T10:44:19.225+0000] {logging_mixin.py:188} INFO - [2024-05-05T10:44:19.225+0000] {dag.py:3096} INFO - Sync 1 DAGs
[2024-05-05T10:44:19.236+0000] {logging_mixin.py:188} INFO - [2024-05-05T10:44:19.236+0000] {dag.py:3954} INFO - Setting next_dagrun for example_python_operator to None, run_after=None
[2024-05-05T10:44:19.259+0000] {processor.py:183} INFO - Processing /home/airflow/.local/lib/python3.12/site-packages/airflow/example_dags/example_python_operator.py took 0.067 seconds
[2024-05-05T10:44:49.785+0000] {processor.py:161} INFO - Started process (PID=13744) to work on /home/airflow/.local/lib/python3.12/site-packages/airflow/example_dags/example_python_operator.py
[2024-05-05T10:44:49.786+0000] {processor.py:830} INFO - Processing file /home/airflow/.local/lib/python3.12/site-packages/airflow/example_dags/example_python_operator.py for tasks to queue
[2024-05-05T10:44:49.788+0000] {logging_mixin.py:188} INFO - [2024-05-05T10:44:49.787+0000] {dagbag.py:540} INFO - Filling up the DagBag from /home/airflow/.local/lib/python3.12/site-packages/airflow/example_dags/example_python_operator.py
[2024-05-05T10:44:49.799+0000] {processor.py:840} INFO - DAG(s) 'example_python_operator' retrieved from /home/airflow/.local/lib/python3.12/site-packages/airflow/example_dags/example_python_operator.py
[2024-05-05T10:44:49.825+0000] {logging_mixin.py:188} INFO - [2024-05-05T10:44:49.825+0000] {dag.py:3096} INFO - Sync 1 DAGs
[2024-05-05T10:44:49.842+0000] {logging_mixin.py:188} INFO - [2024-05-05T10:44:49.842+0000] {dag.py:3954} INFO - Setting next_dagrun for example_python_operator to None, run_after=None
[2024-05-05T10:44:49.867+0000] {processor.py:183} INFO - Processing /home/airflow/.local/lib/python3.12/site-packages/airflow/example_dags/example_python_operator.py took 0.089 seconds
[2024-05-05T10:45:20.278+0000] {processor.py:161} INFO - Started process (PID=14016) to work on /home/airflow/.local/lib/python3.12/site-packages/airflow/example_dags/example_python_operator.py
[2024-05-05T10:45:20.279+0000] {processor.py:830} INFO - Processing file /home/airflow/.local/lib/python3.12/site-packages/airflow/example_dags/example_python_operator.py for tasks to queue
[2024-05-05T10:45:20.281+0000] {logging_mixin.py:188} INFO - [2024-05-05T10:45:20.280+0000] {dagbag.py:540} INFO - Filling up the DagBag from /home/airflow/.local/lib/python3.12/site-packages/airflow/example_dags/example_python_operator.py
[2024-05-05T10:45:20.289+0000] {processor.py:840} INFO - DAG(s) 'example_python_operator' retrieved from /home/airflow/.local/lib/python3.12/site-packages/airflow/example_dags/example_python_operator.py
[2024-05-05T10:45:20.308+0000] {logging_mixin.py:188} INFO - [2024-05-05T10:45:20.307+0000] {dag.py:3096} INFO - Sync 1 DAGs
[2024-05-05T10:45:20.318+0000] {logging_mixin.py:188} INFO - [2024-05-05T10:45:20.318+0000] {dag.py:3954} INFO - Setting next_dagrun for example_python_operator to None, run_after=None
[2024-05-05T10:45:20.339+0000] {processor.py:183} INFO - Processing /home/airflow/.local/lib/python3.12/site-packages/airflow/example_dags/example_python_operator.py took 0.066 seconds
[2024-05-05T10:45:51.230+0000] {processor.py:161} INFO - Started process (PID=14288) to work on /home/airflow/.local/lib/python3.12/site-packages/airflow/example_dags/example_python_operator.py
[2024-05-05T10:45:51.231+0000] {processor.py:830} INFO - Processing file /home/airflow/.local/lib/python3.12/site-packages/airflow/example_dags/example_python_operator.py for tasks to queue
[2024-05-05T10:45:51.232+0000] {logging_mixin.py:188} INFO - [2024-05-05T10:45:51.231+0000] {dagbag.py:540} INFO - Filling up the DagBag from /home/airflow/.local/lib/python3.12/site-packages/airflow/example_dags/example_python_operator.py
[2024-05-05T10:45:51.240+0000] {processor.py:840} INFO - DAG(s) 'example_python_operator' retrieved from /home/airflow/.local/lib/python3.12/site-packages/airflow/example_dags/example_python_operator.py
[2024-05-05T10:45:51.258+0000] {logging_mixin.py:188} INFO - [2024-05-05T10:45:51.258+0000] {dag.py:3096} INFO - Sync 1 DAGs
[2024-05-05T10:45:51.268+0000] {logging_mixin.py:188} INFO - [2024-05-05T10:45:51.268+0000] {dag.py:3954} INFO - Setting next_dagrun for example_python_operator to None, run_after=None
[2024-05-05T10:45:51.288+0000] {processor.py:183} INFO - Processing /home/airflow/.local/lib/python3.12/site-packages/airflow/example_dags/example_python_operator.py took 0.063 seconds
[2024-05-05T10:46:21.410+0000] {processor.py:161} INFO - Started process (PID=14560) to work on /home/airflow/.local/lib/python3.12/site-packages/airflow/example_dags/example_python_operator.py
[2024-05-05T10:46:21.411+0000] {processor.py:830} INFO - Processing file /home/airflow/.local/lib/python3.12/site-packages/airflow/example_dags/example_python_operator.py for tasks to queue
[2024-05-05T10:46:21.413+0000] {logging_mixin.py:188} INFO - [2024-05-05T10:46:21.412+0000] {dagbag.py:540} INFO - Filling up the DagBag from /home/airflow/.local/lib/python3.12/site-packages/airflow/example_dags/example_python_operator.py
[2024-05-05T10:46:21.424+0000] {processor.py:840} INFO - DAG(s) 'example_python_operator' retrieved from /home/airflow/.local/lib/python3.12/site-packages/airflow/example_dags/example_python_operator.py
[2024-05-05T10:46:21.450+0000] {logging_mixin.py:188} INFO - [2024-05-05T10:46:21.450+0000] {dag.py:3096} INFO - Sync 1 DAGs
[2024-05-05T10:46:21.467+0000] {logging_mixin.py:188} INFO - [2024-05-05T10:46:21.467+0000] {dag.py:3954} INFO - Setting next_dagrun for example_python_operator to None, run_after=None
[2024-05-05T10:46:21.494+0000] {processor.py:183} INFO - Processing /home/airflow/.local/lib/python3.12/site-packages/airflow/example_dags/example_python_operator.py took 0.088 seconds
[2024-05-05T10:46:51.583+0000] {processor.py:161} INFO - Started process (PID=14832) to work on /home/airflow/.local/lib/python3.12/site-packages/airflow/example_dags/example_python_operator.py
[2024-05-05T10:46:51.584+0000] {processor.py:830} INFO - Processing file /home/airflow/.local/lib/python3.12/site-packages/airflow/example_dags/example_python_operator.py for tasks to queue
[2024-05-05T10:46:51.585+0000] {logging_mixin.py:188} INFO - [2024-05-05T10:46:51.585+0000] {dagbag.py:540} INFO - Filling up the DagBag from /home/airflow/.local/lib/python3.12/site-packages/airflow/example_dags/example_python_operator.py
[2024-05-05T10:46:51.593+0000] {processor.py:840} INFO - DAG(s) 'example_python_operator' retrieved from /home/airflow/.local/lib/python3.12/site-packages/airflow/example_dags/example_python_operator.py
[2024-05-05T10:46:51.611+0000] {logging_mixin.py:188} INFO - [2024-05-05T10:46:51.611+0000] {dag.py:3096} INFO - Sync 1 DAGs
[2024-05-05T10:46:51.622+0000] {logging_mixin.py:188} INFO - [2024-05-05T10:46:51.621+0000] {dag.py:3954} INFO - Setting next_dagrun for example_python_operator to None, run_after=None
[2024-05-05T10:46:51.642+0000] {processor.py:183} INFO - Processing /home/airflow/.local/lib/python3.12/site-packages/airflow/example_dags/example_python_operator.py took 0.063 seconds
[2024-05-05T10:47:21.731+0000] {processor.py:161} INFO - Started process (PID=15104) to work on /home/airflow/.local/lib/python3.12/site-packages/airflow/example_dags/example_python_operator.py
[2024-05-05T10:47:21.732+0000] {processor.py:830} INFO - Processing file /home/airflow/.local/lib/python3.12/site-packages/airflow/example_dags/example_python_operator.py for tasks to queue
[2024-05-05T10:47:21.733+0000] {logging_mixin.py:188} INFO - [2024-05-05T10:47:21.733+0000] {dagbag.py:540} INFO - Filling up the DagBag from /home/airflow/.local/lib/python3.12/site-packages/airflow/example_dags/example_python_operator.py
[2024-05-05T10:47:21.744+0000] {processor.py:840} INFO - DAG(s) 'example_python_operator' retrieved from /home/airflow/.local/lib/python3.12/site-packages/airflow/example_dags/example_python_operator.py
[2024-05-05T10:47:21.769+0000] {logging_mixin.py:188} INFO - [2024-05-05T10:47:21.769+0000] {dag.py:3096} INFO - Sync 1 DAGs
[2024-05-05T10:47:21.780+0000] {logging_mixin.py:188} INFO - [2024-05-05T10:47:21.780+0000] {dag.py:3954} INFO - Setting next_dagrun for example_python_operator to None, run_after=None
[2024-05-05T10:47:21.802+0000] {processor.py:183} INFO - Processing /home/airflow/.local/lib/python3.12/site-packages/airflow/example_dags/example_python_operator.py took 0.078 seconds
[2024-05-05T10:47:51.851+0000] {processor.py:161} INFO - Started process (PID=15376) to work on /home/airflow/.local/lib/python3.12/site-packages/airflow/example_dags/example_python_operator.py
[2024-05-05T10:47:51.852+0000] {processor.py:830} INFO - Processing file /home/airflow/.local/lib/python3.12/site-packages/airflow/example_dags/example_python_operator.py for tasks to queue
[2024-05-05T10:47:51.853+0000] {logging_mixin.py:188} INFO - [2024-05-05T10:47:51.853+0000] {dagbag.py:540} INFO - Filling up the DagBag from /home/airflow/.local/lib/python3.12/site-packages/airflow/example_dags/example_python_operator.py
[2024-05-05T10:47:51.863+0000] {processor.py:840} INFO - DAG(s) 'example_python_operator' retrieved from /home/airflow/.local/lib/python3.12/site-packages/airflow/example_dags/example_python_operator.py
[2024-05-05T10:47:51.882+0000] {logging_mixin.py:188} INFO - [2024-05-05T10:47:51.881+0000] {dag.py:3096} INFO - Sync 1 DAGs
[2024-05-05T10:47:51.892+0000] {logging_mixin.py:188} INFO - [2024-05-05T10:47:51.892+0000] {dag.py:3954} INFO - Setting next_dagrun for example_python_operator to None, run_after=None
[2024-05-05T10:47:51.912+0000] {processor.py:183} INFO - Processing /home/airflow/.local/lib/python3.12/site-packages/airflow/example_dags/example_python_operator.py took 0.066 seconds
[2024-05-05T10:48:22.046+0000] {processor.py:161} INFO - Started process (PID=15646) to work on /home/airflow/.local/lib/python3.12/site-packages/airflow/example_dags/example_python_operator.py
[2024-05-05T10:48:22.047+0000] {processor.py:830} INFO - Processing file /home/airflow/.local/lib/python3.12/site-packages/airflow/example_dags/example_python_operator.py for tasks to queue
[2024-05-05T10:48:22.049+0000] {logging_mixin.py:188} INFO - [2024-05-05T10:48:22.048+0000] {dagbag.py:540} INFO - Filling up the DagBag from /home/airflow/.local/lib/python3.12/site-packages/airflow/example_dags/example_python_operator.py
[2024-05-05T10:48:22.084+0000] {processor.py:840} INFO - DAG(s) 'example_python_operator' retrieved from /home/airflow/.local/lib/python3.12/site-packages/airflow/example_dags/example_python_operator.py
[2024-05-05T10:48:22.152+0000] {logging_mixin.py:188} INFO - [2024-05-05T10:48:22.152+0000] {dag.py:3096} INFO - Sync 1 DAGs
[2024-05-05T10:48:22.182+0000] {logging_mixin.py:188} INFO - [2024-05-05T10:48:22.182+0000] {dag.py:3954} INFO - Setting next_dagrun for example_python_operator to None, run_after=None
[2024-05-05T10:48:22.208+0000] {processor.py:183} INFO - Processing /home/airflow/.local/lib/python3.12/site-packages/airflow/example_dags/example_python_operator.py took 0.171 seconds
[2024-05-05T10:48:52.723+0000] {processor.py:161} INFO - Started process (PID=15918) to work on /home/airflow/.local/lib/python3.12/site-packages/airflow/example_dags/example_python_operator.py
[2024-05-05T10:48:52.724+0000] {processor.py:830} INFO - Processing file /home/airflow/.local/lib/python3.12/site-packages/airflow/example_dags/example_python_operator.py for tasks to queue
[2024-05-05T10:48:52.726+0000] {logging_mixin.py:188} INFO - [2024-05-05T10:48:52.725+0000] {dagbag.py:540} INFO - Filling up the DagBag from /home/airflow/.local/lib/python3.12/site-packages/airflow/example_dags/example_python_operator.py
[2024-05-05T10:48:52.741+0000] {processor.py:840} INFO - DAG(s) 'example_python_operator' retrieved from /home/airflow/.local/lib/python3.12/site-packages/airflow/example_dags/example_python_operator.py
[2024-05-05T10:48:52.768+0000] {logging_mixin.py:188} INFO - [2024-05-05T10:48:52.767+0000] {dag.py:3096} INFO - Sync 1 DAGs
[2024-05-05T10:48:52.783+0000] {logging_mixin.py:188} INFO - [2024-05-05T10:48:52.783+0000] {dag.py:3954} INFO - Setting next_dagrun for example_python_operator to None, run_after=None
[2024-05-05T10:48:52.808+0000] {processor.py:183} INFO - Processing /home/airflow/.local/lib/python3.12/site-packages/airflow/example_dags/example_python_operator.py took 0.091 seconds
[2024-05-05T10:49:23.601+0000] {processor.py:161} INFO - Started process (PID=16195) to work on /home/airflow/.local/lib/python3.12/site-packages/airflow/example_dags/example_python_operator.py
[2024-05-05T10:49:23.602+0000] {processor.py:830} INFO - Processing file /home/airflow/.local/lib/python3.12/site-packages/airflow/example_dags/example_python_operator.py for tasks to queue
[2024-05-05T10:49:23.604+0000] {logging_mixin.py:188} INFO - [2024-05-05T10:49:23.603+0000] {dagbag.py:540} INFO - Filling up the DagBag from /home/airflow/.local/lib/python3.12/site-packages/airflow/example_dags/example_python_operator.py
[2024-05-05T10:49:23.615+0000] {processor.py:840} INFO - DAG(s) 'example_python_operator' retrieved from /home/airflow/.local/lib/python3.12/site-packages/airflow/example_dags/example_python_operator.py
[2024-05-05T10:49:23.645+0000] {logging_mixin.py:188} INFO - [2024-05-05T10:49:23.644+0000] {dag.py:3096} INFO - Sync 1 DAGs
[2024-05-05T10:49:23.660+0000] {logging_mixin.py:188} INFO - [2024-05-05T10:49:23.660+0000] {dag.py:3954} INFO - Setting next_dagrun for example_python_operator to None, run_after=None
[2024-05-05T10:49:23.686+0000] {processor.py:183} INFO - Processing /home/airflow/.local/lib/python3.12/site-packages/airflow/example_dags/example_python_operator.py took 0.091 seconds
[2024-05-05T10:49:53.950+0000] {processor.py:161} INFO - Started process (PID=16472) to work on /home/airflow/.local/lib/python3.12/site-packages/airflow/example_dags/example_python_operator.py
[2024-05-05T10:49:53.952+0000] {processor.py:830} INFO - Processing file /home/airflow/.local/lib/python3.12/site-packages/airflow/example_dags/example_python_operator.py for tasks to queue
[2024-05-05T10:49:53.953+0000] {logging_mixin.py:188} INFO - [2024-05-05T10:49:53.953+0000] {dagbag.py:540} INFO - Filling up the DagBag from /home/airflow/.local/lib/python3.12/site-packages/airflow/example_dags/example_python_operator.py
[2024-05-05T10:49:53.966+0000] {processor.py:840} INFO - DAG(s) 'example_python_operator' retrieved from /home/airflow/.local/lib/python3.12/site-packages/airflow/example_dags/example_python_operator.py
[2024-05-05T10:49:53.995+0000] {logging_mixin.py:188} INFO - [2024-05-05T10:49:53.995+0000] {dag.py:3096} INFO - Sync 1 DAGs
[2024-05-05T10:49:54.011+0000] {logging_mixin.py:188} INFO - [2024-05-05T10:49:54.011+0000] {dag.py:3954} INFO - Setting next_dagrun for example_python_operator to None, run_after=None
[2024-05-05T10:49:54.048+0000] {processor.py:183} INFO - Processing /home/airflow/.local/lib/python3.12/site-packages/airflow/example_dags/example_python_operator.py took 0.108 seconds
[2024-05-05T10:50:24.731+0000] {processor.py:161} INFO - Started process (PID=16749) to work on /home/airflow/.local/lib/python3.12/site-packages/airflow/example_dags/example_python_operator.py
[2024-05-05T10:50:24.732+0000] {processor.py:830} INFO - Processing file /home/airflow/.local/lib/python3.12/site-packages/airflow/example_dags/example_python_operator.py for tasks to queue
[2024-05-05T10:50:24.733+0000] {logging_mixin.py:188} INFO - [2024-05-05T10:50:24.733+0000] {dagbag.py:540} INFO - Filling up the DagBag from /home/airflow/.local/lib/python3.12/site-packages/airflow/example_dags/example_python_operator.py
[2024-05-05T10:50:24.752+0000] {processor.py:840} INFO - DAG(s) 'example_python_operator' retrieved from /home/airflow/.local/lib/python3.12/site-packages/airflow/example_dags/example_python_operator.py
[2024-05-05T10:50:24.807+0000] {logging_mixin.py:188} INFO - [2024-05-05T10:50:24.807+0000] {dag.py:3096} INFO - Sync 1 DAGs
[2024-05-05T10:50:24.825+0000] {logging_mixin.py:188} INFO - [2024-05-05T10:50:24.825+0000] {dag.py:3954} INFO - Setting next_dagrun for example_python_operator to None, run_after=None
[2024-05-05T10:50:24.860+0000] {processor.py:183} INFO - Processing /home/airflow/.local/lib/python3.12/site-packages/airflow/example_dags/example_python_operator.py took 0.135 seconds
[2024-05-05T10:50:55.243+0000] {processor.py:161} INFO - Started process (PID=17028) to work on /home/airflow/.local/lib/python3.12/site-packages/airflow/example_dags/example_python_operator.py
[2024-05-05T10:50:55.243+0000] {processor.py:830} INFO - Processing file /home/airflow/.local/lib/python3.12/site-packages/airflow/example_dags/example_python_operator.py for tasks to queue
[2024-05-05T10:50:55.245+0000] {logging_mixin.py:188} INFO - [2024-05-05T10:50:55.244+0000] {dagbag.py:540} INFO - Filling up the DagBag from /home/airflow/.local/lib/python3.12/site-packages/airflow/example_dags/example_python_operator.py
[2024-05-05T10:50:55.261+0000] {processor.py:840} INFO - DAG(s) 'example_python_operator' retrieved from /home/airflow/.local/lib/python3.12/site-packages/airflow/example_dags/example_python_operator.py
[2024-05-05T10:50:55.293+0000] {logging_mixin.py:188} INFO - [2024-05-05T10:50:55.293+0000] {dag.py:3096} INFO - Sync 1 DAGs
[2024-05-05T10:50:55.307+0000] {logging_mixin.py:188} INFO - [2024-05-05T10:50:55.307+0000] {dag.py:3954} INFO - Setting next_dagrun for example_python_operator to None, run_after=None
[2024-05-05T10:50:55.331+0000] {processor.py:183} INFO - Processing /home/airflow/.local/lib/python3.12/site-packages/airflow/example_dags/example_python_operator.py took 0.100 seconds
[2024-05-05T10:51:26.186+0000] {processor.py:161} INFO - Started process (PID=17303) to work on /home/airflow/.local/lib/python3.12/site-packages/airflow/example_dags/example_python_operator.py
[2024-05-05T10:51:26.187+0000] {processor.py:830} INFO - Processing file /home/airflow/.local/lib/python3.12/site-packages/airflow/example_dags/example_python_operator.py for tasks to queue
[2024-05-05T10:51:26.189+0000] {logging_mixin.py:188} INFO - [2024-05-05T10:51:26.189+0000] {dagbag.py:540} INFO - Filling up the DagBag from /home/airflow/.local/lib/python3.12/site-packages/airflow/example_dags/example_python_operator.py
[2024-05-05T10:51:26.201+0000] {processor.py:840} INFO - DAG(s) 'example_python_operator' retrieved from /home/airflow/.local/lib/python3.12/site-packages/airflow/example_dags/example_python_operator.py
[2024-05-05T10:51:26.225+0000] {logging_mixin.py:188} INFO - [2024-05-05T10:51:26.225+0000] {dag.py:3096} INFO - Sync 1 DAGs
[2024-05-05T10:51:26.241+0000] {logging_mixin.py:188} INFO - [2024-05-05T10:51:26.241+0000] {dag.py:3954} INFO - Setting next_dagrun for example_python_operator to None, run_after=None
[2024-05-05T10:51:26.266+0000] {processor.py:183} INFO - Processing /home/airflow/.local/lib/python3.12/site-packages/airflow/example_dags/example_python_operator.py took 0.086 seconds
[2024-05-05T10:51:57.138+0000] {processor.py:161} INFO - Started process (PID=17580) to work on /home/airflow/.local/lib/python3.12/site-packages/airflow/example_dags/example_python_operator.py
[2024-05-05T10:51:57.139+0000] {processor.py:830} INFO - Processing file /home/airflow/.local/lib/python3.12/site-packages/airflow/example_dags/example_python_operator.py for tasks to queue
[2024-05-05T10:51:57.141+0000] {logging_mixin.py:188} INFO - [2024-05-05T10:51:57.141+0000] {dagbag.py:540} INFO - Filling up the DagBag from /home/airflow/.local/lib/python3.12/site-packages/airflow/example_dags/example_python_operator.py
[2024-05-05T10:51:57.152+0000] {processor.py:840} INFO - DAG(s) 'example_python_operator' retrieved from /home/airflow/.local/lib/python3.12/site-packages/airflow/example_dags/example_python_operator.py
[2024-05-05T10:51:57.179+0000] {logging_mixin.py:188} INFO - [2024-05-05T10:51:57.179+0000] {dag.py:3096} INFO - Sync 1 DAGs
[2024-05-05T10:51:57.194+0000] {logging_mixin.py:188} INFO - [2024-05-05T10:51:57.194+0000] {dag.py:3954} INFO - Setting next_dagrun for example_python_operator to None, run_after=None
[2024-05-05T10:51:57.217+0000] {processor.py:183} INFO - Processing /home/airflow/.local/lib/python3.12/site-packages/airflow/example_dags/example_python_operator.py took 0.086 seconds
[2024-05-05T10:52:34.200+0000] {processor.py:161} INFO - Started process (PID=17895) to work on /home/airflow/.local/lib/python3.12/site-packages/airflow/example_dags/example_python_operator.py
[2024-05-05T10:52:34.201+0000] {processor.py:830} INFO - Processing file /home/airflow/.local/lib/python3.12/site-packages/airflow/example_dags/example_python_operator.py for tasks to queue
[2024-05-05T10:52:34.217+0000] {logging_mixin.py:188} INFO - [2024-05-05T10:52:34.217+0000] {dagbag.py:540} INFO - Filling up the DagBag from /home/airflow/.local/lib/python3.12/site-packages/airflow/example_dags/example_python_operator.py
[2024-05-05T10:52:34.322+0000] {processor.py:840} INFO - DAG(s) 'example_python_operator' retrieved from /home/airflow/.local/lib/python3.12/site-packages/airflow/example_dags/example_python_operator.py
[2024-05-05T10:52:34.646+0000] {logging_mixin.py:188} INFO - [2024-05-05T10:52:34.645+0000] {dag.py:3096} INFO - Sync 1 DAGs
[2024-05-05T10:52:34.854+0000] {logging_mixin.py:188} INFO - [2024-05-05T10:52:34.854+0000] {dag.py:3954} INFO - Setting next_dagrun for example_python_operator to None, run_after=None
[2024-05-05T10:52:35.105+0000] {processor.py:183} INFO - Processing /home/airflow/.local/lib/python3.12/site-packages/airflow/example_dags/example_python_operator.py took 0.947 seconds
[2024-05-05T10:53:05.486+0000] {processor.py:161} INFO - Started process (PID=18193) to work on /home/airflow/.local/lib/python3.12/site-packages/airflow/example_dags/example_python_operator.py
[2024-05-05T10:53:05.486+0000] {processor.py:830} INFO - Processing file /home/airflow/.local/lib/python3.12/site-packages/airflow/example_dags/example_python_operator.py for tasks to queue
[2024-05-05T10:53:05.488+0000] {logging_mixin.py:188} INFO - [2024-05-05T10:53:05.488+0000] {dagbag.py:540} INFO - Filling up the DagBag from /home/airflow/.local/lib/python3.12/site-packages/airflow/example_dags/example_python_operator.py
[2024-05-05T10:53:05.500+0000] {processor.py:840} INFO - DAG(s) 'example_python_operator' retrieved from /home/airflow/.local/lib/python3.12/site-packages/airflow/example_dags/example_python_operator.py
[2024-05-05T10:53:05.527+0000] {logging_mixin.py:188} INFO - [2024-05-05T10:53:05.527+0000] {dag.py:3096} INFO - Sync 1 DAGs
[2024-05-05T10:53:05.541+0000] {logging_mixin.py:188} INFO - [2024-05-05T10:53:05.541+0000] {dag.py:3954} INFO - Setting next_dagrun for example_python_operator to None, run_after=None
[2024-05-05T10:53:05.564+0000] {processor.py:183} INFO - Processing /home/airflow/.local/lib/python3.12/site-packages/airflow/example_dags/example_python_operator.py took 0.087 seconds
[2024-05-05T10:53:36.402+0000] {processor.py:161} INFO - Started process (PID=18471) to work on /home/airflow/.local/lib/python3.12/site-packages/airflow/example_dags/example_python_operator.py
[2024-05-05T10:53:36.403+0000] {processor.py:830} INFO - Processing file /home/airflow/.local/lib/python3.12/site-packages/airflow/example_dags/example_python_operator.py for tasks to queue
[2024-05-05T10:53:36.404+0000] {logging_mixin.py:188} INFO - [2024-05-05T10:53:36.404+0000] {dagbag.py:540} INFO - Filling up the DagBag from /home/airflow/.local/lib/python3.12/site-packages/airflow/example_dags/example_python_operator.py
[2024-05-05T10:53:36.416+0000] {processor.py:840} INFO - DAG(s) 'example_python_operator' retrieved from /home/airflow/.local/lib/python3.12/site-packages/airflow/example_dags/example_python_operator.py
[2024-05-05T10:53:36.442+0000] {logging_mixin.py:188} INFO - [2024-05-05T10:53:36.442+0000] {dag.py:3096} INFO - Sync 1 DAGs
[2024-05-05T10:53:36.457+0000] {logging_mixin.py:188} INFO - [2024-05-05T10:53:36.456+0000] {dag.py:3954} INFO - Setting next_dagrun for example_python_operator to None, run_after=None
[2024-05-05T10:53:36.481+0000] {processor.py:183} INFO - Processing /home/airflow/.local/lib/python3.12/site-packages/airflow/example_dags/example_python_operator.py took 0.086 seconds
[2024-05-05T10:54:06.534+0000] {processor.py:161} INFO - Started process (PID=18754) to work on /home/airflow/.local/lib/python3.12/site-packages/airflow/example_dags/example_python_operator.py
[2024-05-05T10:54:06.535+0000] {processor.py:830} INFO - Processing file /home/airflow/.local/lib/python3.12/site-packages/airflow/example_dags/example_python_operator.py for tasks to queue
[2024-05-05T10:54:06.537+0000] {logging_mixin.py:188} INFO - [2024-05-05T10:54:06.537+0000] {dagbag.py:540} INFO - Filling up the DagBag from /home/airflow/.local/lib/python3.12/site-packages/airflow/example_dags/example_python_operator.py
[2024-05-05T10:54:06.549+0000] {processor.py:840} INFO - DAG(s) 'example_python_operator' retrieved from /home/airflow/.local/lib/python3.12/site-packages/airflow/example_dags/example_python_operator.py
[2024-05-05T10:54:06.576+0000] {logging_mixin.py:188} INFO - [2024-05-05T10:54:06.575+0000] {dag.py:3096} INFO - Sync 1 DAGs
[2024-05-05T10:54:06.591+0000] {logging_mixin.py:188} INFO - [2024-05-05T10:54:06.591+0000] {dag.py:3954} INFO - Setting next_dagrun for example_python_operator to None, run_after=None
[2024-05-05T10:54:06.615+0000] {processor.py:183} INFO - Processing /home/airflow/.local/lib/python3.12/site-packages/airflow/example_dags/example_python_operator.py took 0.089 seconds
[2024-05-05T10:54:37.224+0000] {processor.py:161} INFO - Started process (PID=19088) to work on /home/airflow/.local/lib/python3.12/site-packages/airflow/example_dags/example_python_operator.py
[2024-05-05T10:54:37.225+0000] {processor.py:830} INFO - Processing file /home/airflow/.local/lib/python3.12/site-packages/airflow/example_dags/example_python_operator.py for tasks to queue
[2024-05-05T10:54:37.227+0000] {logging_mixin.py:188} INFO - [2024-05-05T10:54:37.226+0000] {dagbag.py:540} INFO - Filling up the DagBag from /home/airflow/.local/lib/python3.12/site-packages/airflow/example_dags/example_python_operator.py
[2024-05-05T10:54:37.238+0000] {processor.py:840} INFO - DAG(s) 'example_python_operator' retrieved from /home/airflow/.local/lib/python3.12/site-packages/airflow/example_dags/example_python_operator.py
[2024-05-05T10:54:37.265+0000] {logging_mixin.py:188} INFO - [2024-05-05T10:54:37.265+0000] {dag.py:3096} INFO - Sync 1 DAGs
[2024-05-05T10:54:37.281+0000] {logging_mixin.py:188} INFO - [2024-05-05T10:54:37.280+0000] {dag.py:3954} INFO - Setting next_dagrun for example_python_operator to None, run_after=None
[2024-05-05T10:54:37.307+0000] {processor.py:183} INFO - Processing /home/airflow/.local/lib/python3.12/site-packages/airflow/example_dags/example_python_operator.py took 0.089 seconds
[2024-05-05T10:55:08.052+0000] {processor.py:161} INFO - Started process (PID=19367) to work on /home/airflow/.local/lib/python3.12/site-packages/airflow/example_dags/example_python_operator.py
[2024-05-05T10:55:08.053+0000] {processor.py:830} INFO - Processing file /home/airflow/.local/lib/python3.12/site-packages/airflow/example_dags/example_python_operator.py for tasks to queue
[2024-05-05T10:55:08.054+0000] {logging_mixin.py:188} INFO - [2024-05-05T10:55:08.054+0000] {dagbag.py:540} INFO - Filling up the DagBag from /home/airflow/.local/lib/python3.12/site-packages/airflow/example_dags/example_python_operator.py
[2024-05-05T10:55:08.063+0000] {processor.py:840} INFO - DAG(s) 'example_python_operator' retrieved from /home/airflow/.local/lib/python3.12/site-packages/airflow/example_dags/example_python_operator.py
[2024-05-05T10:55:08.082+0000] {logging_mixin.py:188} INFO - [2024-05-05T10:55:08.082+0000] {dag.py:3096} INFO - Sync 1 DAGs
[2024-05-05T10:55:08.092+0000] {logging_mixin.py:188} INFO - [2024-05-05T10:55:08.092+0000] {dag.py:3954} INFO - Setting next_dagrun for example_python_operator to None, run_after=None
[2024-05-05T10:55:08.114+0000] {processor.py:183} INFO - Processing /home/airflow/.local/lib/python3.12/site-packages/airflow/example_dags/example_python_operator.py took 0.066 seconds
[2024-05-05T10:55:38.433+0000] {processor.py:161} INFO - Started process (PID=19641) to work on /home/airflow/.local/lib/python3.12/site-packages/airflow/example_dags/example_python_operator.py
[2024-05-05T10:55:38.434+0000] {processor.py:830} INFO - Processing file /home/airflow/.local/lib/python3.12/site-packages/airflow/example_dags/example_python_operator.py for tasks to queue
[2024-05-05T10:55:38.437+0000] {logging_mixin.py:188} INFO - [2024-05-05T10:55:38.436+0000] {dagbag.py:540} INFO - Filling up the DagBag from /home/airflow/.local/lib/python3.12/site-packages/airflow/example_dags/example_python_operator.py
[2024-05-05T10:55:38.450+0000] {processor.py:840} INFO - DAG(s) 'example_python_operator' retrieved from /home/airflow/.local/lib/python3.12/site-packages/airflow/example_dags/example_python_operator.py
[2024-05-05T10:55:38.476+0000] {logging_mixin.py:188} INFO - [2024-05-05T10:55:38.476+0000] {dag.py:3096} INFO - Sync 1 DAGs
[2024-05-05T10:55:38.491+0000] {logging_mixin.py:188} INFO - [2024-05-05T10:55:38.491+0000] {dag.py:3954} INFO - Setting next_dagrun for example_python_operator to None, run_after=None
[2024-05-05T10:55:38.515+0000] {processor.py:183} INFO - Processing /home/airflow/.local/lib/python3.12/site-packages/airflow/example_dags/example_python_operator.py took 0.089 seconds
