[2024-05-05T10:19:28.217+0000] {processor.py:161} INFO - Started process (PID=368) to work on /home/airflow/.local/lib/python3.12/site-packages/airflow/example_dags/example_task_group.py
[2024-05-05T10:19:28.222+0000] {processor.py:830} INFO - Processing file /home/airflow/.local/lib/python3.12/site-packages/airflow/example_dags/example_task_group.py for tasks to queue
[2024-05-05T10:19:28.224+0000] {logging_mixin.py:188} INFO - [2024-05-05T10:19:28.224+0000] {dagbag.py:540} INFO - Filling up the DagBag from /home/airflow/.local/lib/python3.12/site-packages/airflow/example_dags/example_task_group.py
[2024-05-05T10:19:28.239+0000] {processor.py:840} INFO - DAG(s) 'example_task_group' retrieved from /home/airflow/.local/lib/python3.12/site-packages/airflow/example_dags/example_task_group.py
[2024-05-05T10:19:28.523+0000] {logging_mixin.py:188} INFO - [2024-05-05T10:19:28.522+0000] {override.py:1829} INFO - Created Permission View: can delete on DAG:example_task_group
[2024-05-05T10:19:28.545+0000] {logging_mixin.py:188} INFO - [2024-05-05T10:19:28.545+0000] {override.py:1829} INFO - Created Permission View: can edit on DAG:example_task_group
[2024-05-05T10:19:28.558+0000] {logging_mixin.py:188} INFO - [2024-05-05T10:19:28.557+0000] {override.py:1829} INFO - Created Permission View: can read on DAG:example_task_group
[2024-05-05T10:19:28.558+0000] {logging_mixin.py:188} INFO - [2024-05-05T10:19:28.558+0000] {dag.py:3096} INFO - Sync 1 DAGs
[2024-05-05T10:19:28.576+0000] {logging_mixin.py:188} INFO - [2024-05-05T10:19:28.576+0000] {dag.py:3118} INFO - Creating ORM DAG for example_task_group
[2024-05-05T10:19:28.590+0000] {logging_mixin.py:188} INFO - [2024-05-05T10:19:28.590+0000] {dag.py:3954} INFO - Setting next_dagrun for example_task_group to 2024-05-04 00:00:00+00:00, run_after=2024-05-05 00:00:00+00:00
[2024-05-05T10:19:28.613+0000] {processor.py:183} INFO - Processing /home/airflow/.local/lib/python3.12/site-packages/airflow/example_dags/example_task_group.py took 0.402 seconds
[2024-05-05T10:19:58.767+0000] {processor.py:161} INFO - Started process (PID=630) to work on /home/airflow/.local/lib/python3.12/site-packages/airflow/example_dags/example_task_group.py
[2024-05-05T10:19:58.767+0000] {processor.py:830} INFO - Processing file /home/airflow/.local/lib/python3.12/site-packages/airflow/example_dags/example_task_group.py for tasks to queue
[2024-05-05T10:19:58.770+0000] {logging_mixin.py:188} INFO - [2024-05-05T10:19:58.769+0000] {dagbag.py:540} INFO - Filling up the DagBag from /home/airflow/.local/lib/python3.12/site-packages/airflow/example_dags/example_task_group.py
[2024-05-05T10:19:58.778+0000] {processor.py:840} INFO - DAG(s) 'example_task_group' retrieved from /home/airflow/.local/lib/python3.12/site-packages/airflow/example_dags/example_task_group.py
[2024-05-05T10:19:58.803+0000] {logging_mixin.py:188} INFO - [2024-05-05T10:19:58.803+0000] {dag.py:3096} INFO - Sync 1 DAGs
[2024-05-05T10:19:58.829+0000] {logging_mixin.py:188} INFO - [2024-05-05T10:19:58.829+0000] {dag.py:3954} INFO - Setting next_dagrun for example_task_group to 2024-05-04 00:00:00+00:00, run_after=2024-05-05 00:00:00+00:00
[2024-05-05T10:19:58.849+0000] {processor.py:183} INFO - Processing /home/airflow/.local/lib/python3.12/site-packages/airflow/example_dags/example_task_group.py took 0.088 seconds
[2024-05-05T10:20:28.988+0000] {processor.py:161} INFO - Started process (PID=892) to work on /home/airflow/.local/lib/python3.12/site-packages/airflow/example_dags/example_task_group.py
[2024-05-05T10:20:28.989+0000] {processor.py:830} INFO - Processing file /home/airflow/.local/lib/python3.12/site-packages/airflow/example_dags/example_task_group.py for tasks to queue
[2024-05-05T10:20:28.990+0000] {logging_mixin.py:188} INFO - [2024-05-05T10:20:28.990+0000] {dagbag.py:540} INFO - Filling up the DagBag from /home/airflow/.local/lib/python3.12/site-packages/airflow/example_dags/example_task_group.py
[2024-05-05T10:20:28.998+0000] {processor.py:840} INFO - DAG(s) 'example_task_group' retrieved from /home/airflow/.local/lib/python3.12/site-packages/airflow/example_dags/example_task_group.py
[2024-05-05T10:20:29.022+0000] {logging_mixin.py:188} INFO - [2024-05-05T10:20:29.022+0000] {dag.py:3096} INFO - Sync 1 DAGs
[2024-05-05T10:20:29.050+0000] {logging_mixin.py:188} INFO - [2024-05-05T10:20:29.050+0000] {dag.py:3954} INFO - Setting next_dagrun for example_task_group to 2024-05-04 00:00:00+00:00, run_after=2024-05-05 00:00:00+00:00
[2024-05-05T10:20:29.075+0000] {processor.py:183} INFO - Processing /home/airflow/.local/lib/python3.12/site-packages/airflow/example_dags/example_task_group.py took 0.094 seconds
[2024-05-05T10:20:59.224+0000] {processor.py:161} INFO - Started process (PID=1154) to work on /home/airflow/.local/lib/python3.12/site-packages/airflow/example_dags/example_task_group.py
[2024-05-05T10:20:59.224+0000] {processor.py:830} INFO - Processing file /home/airflow/.local/lib/python3.12/site-packages/airflow/example_dags/example_task_group.py for tasks to queue
[2024-05-05T10:20:59.226+0000] {logging_mixin.py:188} INFO - [2024-05-05T10:20:59.226+0000] {dagbag.py:540} INFO - Filling up the DagBag from /home/airflow/.local/lib/python3.12/site-packages/airflow/example_dags/example_task_group.py
[2024-05-05T10:20:59.235+0000] {processor.py:840} INFO - DAG(s) 'example_task_group' retrieved from /home/airflow/.local/lib/python3.12/site-packages/airflow/example_dags/example_task_group.py
[2024-05-05T10:20:59.261+0000] {logging_mixin.py:188} INFO - [2024-05-05T10:20:59.260+0000] {dag.py:3096} INFO - Sync 1 DAGs
[2024-05-05T10:20:59.291+0000] {logging_mixin.py:188} INFO - [2024-05-05T10:20:59.290+0000] {dag.py:3954} INFO - Setting next_dagrun for example_task_group to 2024-05-04 00:00:00+00:00, run_after=2024-05-05 00:00:00+00:00
[2024-05-05T10:20:59.315+0000] {processor.py:183} INFO - Processing /home/airflow/.local/lib/python3.12/site-packages/airflow/example_dags/example_task_group.py took 0.097 seconds
[2024-05-05T10:21:29.480+0000] {processor.py:161} INFO - Started process (PID=1416) to work on /home/airflow/.local/lib/python3.12/site-packages/airflow/example_dags/example_task_group.py
[2024-05-05T10:21:29.481+0000] {processor.py:830} INFO - Processing file /home/airflow/.local/lib/python3.12/site-packages/airflow/example_dags/example_task_group.py for tasks to queue
[2024-05-05T10:21:29.482+0000] {logging_mixin.py:188} INFO - [2024-05-05T10:21:29.482+0000] {dagbag.py:540} INFO - Filling up the DagBag from /home/airflow/.local/lib/python3.12/site-packages/airflow/example_dags/example_task_group.py
[2024-05-05T10:21:29.490+0000] {processor.py:840} INFO - DAG(s) 'example_task_group' retrieved from /home/airflow/.local/lib/python3.12/site-packages/airflow/example_dags/example_task_group.py
[2024-05-05T10:21:29.513+0000] {logging_mixin.py:188} INFO - [2024-05-05T10:21:29.513+0000] {dag.py:3096} INFO - Sync 1 DAGs
[2024-05-05T10:21:29.537+0000] {logging_mixin.py:188} INFO - [2024-05-05T10:21:29.537+0000] {dag.py:3954} INFO - Setting next_dagrun for example_task_group to 2024-05-04 00:00:00+00:00, run_after=2024-05-05 00:00:00+00:00
[2024-05-05T10:21:29.586+0000] {processor.py:183} INFO - Processing /home/airflow/.local/lib/python3.12/site-packages/airflow/example_dags/example_task_group.py took 0.113 seconds
[2024-05-05T10:21:59.910+0000] {processor.py:161} INFO - Started process (PID=1679) to work on /home/airflow/.local/lib/python3.12/site-packages/airflow/example_dags/example_task_group.py
[2024-05-05T10:21:59.911+0000] {processor.py:830} INFO - Processing file /home/airflow/.local/lib/python3.12/site-packages/airflow/example_dags/example_task_group.py for tasks to queue
[2024-05-05T10:21:59.912+0000] {logging_mixin.py:188} INFO - [2024-05-05T10:21:59.912+0000] {dagbag.py:540} INFO - Filling up the DagBag from /home/airflow/.local/lib/python3.12/site-packages/airflow/example_dags/example_task_group.py
[2024-05-05T10:21:59.920+0000] {processor.py:840} INFO - DAG(s) 'example_task_group' retrieved from /home/airflow/.local/lib/python3.12/site-packages/airflow/example_dags/example_task_group.py
[2024-05-05T10:21:59.942+0000] {logging_mixin.py:188} INFO - [2024-05-05T10:21:59.941+0000] {dag.py:3096} INFO - Sync 1 DAGs
[2024-05-05T10:21:59.968+0000] {logging_mixin.py:188} INFO - [2024-05-05T10:21:59.968+0000] {dag.py:3954} INFO - Setting next_dagrun for example_task_group to 2024-05-04 00:00:00+00:00, run_after=2024-05-05 00:00:00+00:00
[2024-05-05T10:21:59.992+0000] {processor.py:183} INFO - Processing /home/airflow/.local/lib/python3.12/site-packages/airflow/example_dags/example_task_group.py took 0.089 seconds
[2024-05-05T10:22:31.272+0000] {processor.py:161} INFO - Started process (PID=1943) to work on /home/airflow/.local/lib/python3.12/site-packages/airflow/example_dags/example_task_group.py
[2024-05-05T10:22:31.273+0000] {processor.py:830} INFO - Processing file /home/airflow/.local/lib/python3.12/site-packages/airflow/example_dags/example_task_group.py for tasks to queue
[2024-05-05T10:22:31.276+0000] {logging_mixin.py:188} INFO - [2024-05-05T10:22:31.276+0000] {dagbag.py:540} INFO - Filling up the DagBag from /home/airflow/.local/lib/python3.12/site-packages/airflow/example_dags/example_task_group.py
[2024-05-05T10:22:31.291+0000] {processor.py:840} INFO - DAG(s) 'example_task_group' retrieved from /home/airflow/.local/lib/python3.12/site-packages/airflow/example_dags/example_task_group.py
[2024-05-05T10:22:31.327+0000] {logging_mixin.py:188} INFO - [2024-05-05T10:22:31.326+0000] {dag.py:3096} INFO - Sync 1 DAGs
[2024-05-05T10:22:31.357+0000] {logging_mixin.py:188} INFO - [2024-05-05T10:22:31.357+0000] {dag.py:3954} INFO - Setting next_dagrun for example_task_group to 2024-05-04 00:00:00+00:00, run_after=2024-05-05 00:00:00+00:00
[2024-05-05T10:22:31.399+0000] {processor.py:183} INFO - Processing /home/airflow/.local/lib/python3.12/site-packages/airflow/example_dags/example_task_group.py took 0.147 seconds
[2024-05-05T10:23:02.478+0000] {processor.py:161} INFO - Started process (PID=2310) to work on /home/airflow/.local/lib/python3.12/site-packages/airflow/example_dags/example_task_group.py
[2024-05-05T10:23:02.518+0000] {processor.py:830} INFO - Processing file /home/airflow/.local/lib/python3.12/site-packages/airflow/example_dags/example_task_group.py for tasks to queue
[2024-05-05T10:23:02.524+0000] {logging_mixin.py:188} INFO - [2024-05-05T10:23:02.522+0000] {dagbag.py:540} INFO - Filling up the DagBag from /home/airflow/.local/lib/python3.12/site-packages/airflow/example_dags/example_task_group.py
[2024-05-05T10:23:02.569+0000] {processor.py:840} INFO - DAG(s) 'example_task_group' retrieved from /home/airflow/.local/lib/python3.12/site-packages/airflow/example_dags/example_task_group.py
[2024-05-05T10:23:02.672+0000] {logging_mixin.py:188} INFO - [2024-05-05T10:23:02.672+0000] {dag.py:3096} INFO - Sync 1 DAGs
[2024-05-05T10:23:02.803+0000] {logging_mixin.py:188} INFO - [2024-05-05T10:23:02.803+0000] {dag.py:3954} INFO - Setting next_dagrun for example_task_group to 2024-05-04 00:00:00+00:00, run_after=2024-05-05 00:00:00+00:00
[2024-05-05T10:23:02.941+0000] {processor.py:183} INFO - Processing /home/airflow/.local/lib/python3.12/site-packages/airflow/example_dags/example_task_group.py took 0.494 seconds
[2024-05-05T10:23:33.050+0000] {processor.py:161} INFO - Started process (PID=2614) to work on /home/airflow/.local/lib/python3.12/site-packages/airflow/example_dags/example_task_group.py
[2024-05-05T10:23:33.050+0000] {processor.py:830} INFO - Processing file /home/airflow/.local/lib/python3.12/site-packages/airflow/example_dags/example_task_group.py for tasks to queue
[2024-05-05T10:23:33.052+0000] {logging_mixin.py:188} INFO - [2024-05-05T10:23:33.051+0000] {dagbag.py:540} INFO - Filling up the DagBag from /home/airflow/.local/lib/python3.12/site-packages/airflow/example_dags/example_task_group.py
[2024-05-05T10:23:33.057+0000] {processor.py:840} INFO - DAG(s) 'example_task_group' retrieved from /home/airflow/.local/lib/python3.12/site-packages/airflow/example_dags/example_task_group.py
[2024-05-05T10:23:33.075+0000] {logging_mixin.py:188} INFO - [2024-05-05T10:23:33.074+0000] {dag.py:3096} INFO - Sync 1 DAGs
[2024-05-05T10:23:33.092+0000] {logging_mixin.py:188} INFO - [2024-05-05T10:23:33.092+0000] {dag.py:3954} INFO - Setting next_dagrun for example_task_group to 2024-05-04 00:00:00+00:00, run_after=2024-05-05 00:00:00+00:00
[2024-05-05T10:23:33.113+0000] {processor.py:183} INFO - Processing /home/airflow/.local/lib/python3.12/site-packages/airflow/example_dags/example_task_group.py took 0.069 seconds
[2024-05-05T10:24:03.579+0000] {processor.py:161} INFO - Started process (PID=2874) to work on /home/airflow/.local/lib/python3.12/site-packages/airflow/example_dags/example_task_group.py
[2024-05-05T10:24:03.580+0000] {processor.py:830} INFO - Processing file /home/airflow/.local/lib/python3.12/site-packages/airflow/example_dags/example_task_group.py for tasks to queue
[2024-05-05T10:24:03.584+0000] {logging_mixin.py:188} INFO - [2024-05-05T10:24:03.584+0000] {dagbag.py:540} INFO - Filling up the DagBag from /home/airflow/.local/lib/python3.12/site-packages/airflow/example_dags/example_task_group.py
[2024-05-05T10:24:03.595+0000] {processor.py:840} INFO - DAG(s) 'example_task_group' retrieved from /home/airflow/.local/lib/python3.12/site-packages/airflow/example_dags/example_task_group.py
[2024-05-05T10:24:03.628+0000] {logging_mixin.py:188} INFO - [2024-05-05T10:24:03.627+0000] {dag.py:3096} INFO - Sync 1 DAGs
[2024-05-05T10:24:03.645+0000] {logging_mixin.py:188} INFO - [2024-05-05T10:24:03.645+0000] {dag.py:3954} INFO - Setting next_dagrun for example_task_group to 2024-05-04 00:00:00+00:00, run_after=2024-05-05 00:00:00+00:00
[2024-05-05T10:24:03.672+0000] {processor.py:183} INFO - Processing /home/airflow/.local/lib/python3.12/site-packages/airflow/example_dags/example_task_group.py took 0.098 seconds
[2024-05-05T10:24:34.218+0000] {processor.py:161} INFO - Started process (PID=3136) to work on /home/airflow/.local/lib/python3.12/site-packages/airflow/example_dags/example_task_group.py
[2024-05-05T10:24:34.219+0000] {processor.py:830} INFO - Processing file /home/airflow/.local/lib/python3.12/site-packages/airflow/example_dags/example_task_group.py for tasks to queue
[2024-05-05T10:24:34.221+0000] {logging_mixin.py:188} INFO - [2024-05-05T10:24:34.221+0000] {dagbag.py:540} INFO - Filling up the DagBag from /home/airflow/.local/lib/python3.12/site-packages/airflow/example_dags/example_task_group.py
[2024-05-05T10:24:34.229+0000] {processor.py:840} INFO - DAG(s) 'example_task_group' retrieved from /home/airflow/.local/lib/python3.12/site-packages/airflow/example_dags/example_task_group.py
[2024-05-05T10:24:34.255+0000] {logging_mixin.py:188} INFO - [2024-05-05T10:24:34.254+0000] {dag.py:3096} INFO - Sync 1 DAGs
[2024-05-05T10:24:34.279+0000] {logging_mixin.py:188} INFO - [2024-05-05T10:24:34.279+0000] {dag.py:3954} INFO - Setting next_dagrun for example_task_group to 2024-05-04 00:00:00+00:00, run_after=2024-05-05 00:00:00+00:00
[2024-05-05T10:24:34.301+0000] {processor.py:183} INFO - Processing /home/airflow/.local/lib/python3.12/site-packages/airflow/example_dags/example_task_group.py took 0.107 seconds
[2024-05-05T10:25:04.620+0000] {processor.py:161} INFO - Started process (PID=3399) to work on /home/airflow/.local/lib/python3.12/site-packages/airflow/example_dags/example_task_group.py
[2024-05-05T10:25:04.620+0000] {processor.py:830} INFO - Processing file /home/airflow/.local/lib/python3.12/site-packages/airflow/example_dags/example_task_group.py for tasks to queue
[2024-05-05T10:25:04.622+0000] {logging_mixin.py:188} INFO - [2024-05-05T10:25:04.622+0000] {dagbag.py:540} INFO - Filling up the DagBag from /home/airflow/.local/lib/python3.12/site-packages/airflow/example_dags/example_task_group.py
[2024-05-05T10:25:04.630+0000] {processor.py:840} INFO - DAG(s) 'example_task_group' retrieved from /home/airflow/.local/lib/python3.12/site-packages/airflow/example_dags/example_task_group.py
[2024-05-05T10:25:04.667+0000] {logging_mixin.py:188} INFO - [2024-05-05T10:25:04.666+0000] {dag.py:3096} INFO - Sync 1 DAGs
[2024-05-05T10:25:04.733+0000] {logging_mixin.py:188} INFO - [2024-05-05T10:25:04.733+0000] {dag.py:3954} INFO - Setting next_dagrun for example_task_group to 2024-05-04 00:00:00+00:00, run_after=2024-05-05 00:00:00+00:00
[2024-05-05T10:25:04.783+0000] {processor.py:183} INFO - Processing /home/airflow/.local/lib/python3.12/site-packages/airflow/example_dags/example_task_group.py took 0.181 seconds
[2024-05-05T10:25:35.035+0000] {processor.py:161} INFO - Started process (PID=3662) to work on /home/airflow/.local/lib/python3.12/site-packages/airflow/example_dags/example_task_group.py
[2024-05-05T10:25:35.035+0000] {processor.py:830} INFO - Processing file /home/airflow/.local/lib/python3.12/site-packages/airflow/example_dags/example_task_group.py for tasks to queue
[2024-05-05T10:25:35.037+0000] {logging_mixin.py:188} INFO - [2024-05-05T10:25:35.037+0000] {dagbag.py:540} INFO - Filling up the DagBag from /home/airflow/.local/lib/python3.12/site-packages/airflow/example_dags/example_task_group.py
[2024-05-05T10:25:35.044+0000] {processor.py:840} INFO - DAG(s) 'example_task_group' retrieved from /home/airflow/.local/lib/python3.12/site-packages/airflow/example_dags/example_task_group.py
[2024-05-05T10:25:35.104+0000] {logging_mixin.py:188} INFO - [2024-05-05T10:25:35.104+0000] {dag.py:3096} INFO - Sync 1 DAGs
[2024-05-05T10:25:35.143+0000] {logging_mixin.py:188} INFO - [2024-05-05T10:25:35.143+0000] {dag.py:3954} INFO - Setting next_dagrun for example_task_group to 2024-05-04 00:00:00+00:00, run_after=2024-05-05 00:00:00+00:00
[2024-05-05T10:25:35.169+0000] {processor.py:183} INFO - Processing /home/airflow/.local/lib/python3.12/site-packages/airflow/example_dags/example_task_group.py took 0.141 seconds
[2024-05-05T10:26:05.294+0000] {processor.py:161} INFO - Started process (PID=3924) to work on /home/airflow/.local/lib/python3.12/site-packages/airflow/example_dags/example_task_group.py
[2024-05-05T10:26:05.295+0000] {processor.py:830} INFO - Processing file /home/airflow/.local/lib/python3.12/site-packages/airflow/example_dags/example_task_group.py for tasks to queue
[2024-05-05T10:26:05.297+0000] {logging_mixin.py:188} INFO - [2024-05-05T10:26:05.297+0000] {dagbag.py:540} INFO - Filling up the DagBag from /home/airflow/.local/lib/python3.12/site-packages/airflow/example_dags/example_task_group.py
[2024-05-05T10:26:05.306+0000] {processor.py:840} INFO - DAG(s) 'example_task_group' retrieved from /home/airflow/.local/lib/python3.12/site-packages/airflow/example_dags/example_task_group.py
[2024-05-05T10:26:05.329+0000] {logging_mixin.py:188} INFO - [2024-05-05T10:26:05.328+0000] {dag.py:3096} INFO - Sync 1 DAGs
[2024-05-05T10:26:05.350+0000] {logging_mixin.py:188} INFO - [2024-05-05T10:26:05.350+0000] {dag.py:3954} INFO - Setting next_dagrun for example_task_group to 2024-05-04 00:00:00+00:00, run_after=2024-05-05 00:00:00+00:00
[2024-05-05T10:26:05.370+0000] {processor.py:183} INFO - Processing /home/airflow/.local/lib/python3.12/site-packages/airflow/example_dags/example_task_group.py took 0.082 seconds
[2024-05-05T10:26:35.829+0000] {processor.py:161} INFO - Started process (PID=4187) to work on /home/airflow/.local/lib/python3.12/site-packages/airflow/example_dags/example_task_group.py
[2024-05-05T10:26:35.829+0000] {processor.py:830} INFO - Processing file /home/airflow/.local/lib/python3.12/site-packages/airflow/example_dags/example_task_group.py for tasks to queue
[2024-05-05T10:26:35.831+0000] {logging_mixin.py:188} INFO - [2024-05-05T10:26:35.831+0000] {dagbag.py:540} INFO - Filling up the DagBag from /home/airflow/.local/lib/python3.12/site-packages/airflow/example_dags/example_task_group.py
[2024-05-05T10:26:35.840+0000] {processor.py:840} INFO - DAG(s) 'example_task_group' retrieved from /home/airflow/.local/lib/python3.12/site-packages/airflow/example_dags/example_task_group.py
[2024-05-05T10:26:35.866+0000] {logging_mixin.py:188} INFO - [2024-05-05T10:26:35.865+0000] {dag.py:3096} INFO - Sync 1 DAGs
[2024-05-05T10:26:35.901+0000] {logging_mixin.py:188} INFO - [2024-05-05T10:26:35.901+0000] {dag.py:3954} INFO - Setting next_dagrun for example_task_group to 2024-05-04 00:00:00+00:00, run_after=2024-05-05 00:00:00+00:00
[2024-05-05T10:26:35.940+0000] {processor.py:183} INFO - Processing /home/airflow/.local/lib/python3.12/site-packages/airflow/example_dags/example_task_group.py took 0.118 seconds
[2024-05-05T10:27:06.190+0000] {processor.py:161} INFO - Started process (PID=4449) to work on /home/airflow/.local/lib/python3.12/site-packages/airflow/example_dags/example_task_group.py
[2024-05-05T10:27:06.191+0000] {processor.py:830} INFO - Processing file /home/airflow/.local/lib/python3.12/site-packages/airflow/example_dags/example_task_group.py for tasks to queue
[2024-05-05T10:27:06.192+0000] {logging_mixin.py:188} INFO - [2024-05-05T10:27:06.192+0000] {dagbag.py:540} INFO - Filling up the DagBag from /home/airflow/.local/lib/python3.12/site-packages/airflow/example_dags/example_task_group.py
[2024-05-05T10:27:06.201+0000] {processor.py:840} INFO - DAG(s) 'example_task_group' retrieved from /home/airflow/.local/lib/python3.12/site-packages/airflow/example_dags/example_task_group.py
[2024-05-05T10:27:06.232+0000] {logging_mixin.py:188} INFO - [2024-05-05T10:27:06.232+0000] {dag.py:3096} INFO - Sync 1 DAGs
[2024-05-05T10:27:06.255+0000] {logging_mixin.py:188} INFO - [2024-05-05T10:27:06.255+0000] {dag.py:3954} INFO - Setting next_dagrun for example_task_group to 2024-05-04 00:00:00+00:00, run_after=2024-05-05 00:00:00+00:00
[2024-05-05T10:27:06.278+0000] {processor.py:183} INFO - Processing /home/airflow/.local/lib/python3.12/site-packages/airflow/example_dags/example_task_group.py took 0.095 seconds
[2024-05-05T10:27:36.690+0000] {processor.py:161} INFO - Started process (PID=4711) to work on /home/airflow/.local/lib/python3.12/site-packages/airflow/example_dags/example_task_group.py
[2024-05-05T10:27:36.691+0000] {processor.py:830} INFO - Processing file /home/airflow/.local/lib/python3.12/site-packages/airflow/example_dags/example_task_group.py for tasks to queue
[2024-05-05T10:27:36.693+0000] {logging_mixin.py:188} INFO - [2024-05-05T10:27:36.693+0000] {dagbag.py:540} INFO - Filling up the DagBag from /home/airflow/.local/lib/python3.12/site-packages/airflow/example_dags/example_task_group.py
[2024-05-05T10:27:36.701+0000] {processor.py:840} INFO - DAG(s) 'example_task_group' retrieved from /home/airflow/.local/lib/python3.12/site-packages/airflow/example_dags/example_task_group.py
[2024-05-05T10:27:36.727+0000] {logging_mixin.py:188} INFO - [2024-05-05T10:27:36.727+0000] {dag.py:3096} INFO - Sync 1 DAGs
[2024-05-05T10:27:36.753+0000] {logging_mixin.py:188} INFO - [2024-05-05T10:27:36.753+0000] {dag.py:3954} INFO - Setting next_dagrun for example_task_group to 2024-05-04 00:00:00+00:00, run_after=2024-05-05 00:00:00+00:00
[2024-05-05T10:27:36.775+0000] {processor.py:183} INFO - Processing /home/airflow/.local/lib/python3.12/site-packages/airflow/example_dags/example_task_group.py took 0.093 seconds
[2024-05-05T10:28:07.259+0000] {processor.py:161} INFO - Started process (PID=4974) to work on /home/airflow/.local/lib/python3.12/site-packages/airflow/example_dags/example_task_group.py
[2024-05-05T10:28:07.260+0000] {processor.py:830} INFO - Processing file /home/airflow/.local/lib/python3.12/site-packages/airflow/example_dags/example_task_group.py for tasks to queue
[2024-05-05T10:28:07.261+0000] {logging_mixin.py:188} INFO - [2024-05-05T10:28:07.261+0000] {dagbag.py:540} INFO - Filling up the DagBag from /home/airflow/.local/lib/python3.12/site-packages/airflow/example_dags/example_task_group.py
[2024-05-05T10:28:07.270+0000] {processor.py:840} INFO - DAG(s) 'example_task_group' retrieved from /home/airflow/.local/lib/python3.12/site-packages/airflow/example_dags/example_task_group.py
[2024-05-05T10:28:07.298+0000] {logging_mixin.py:188} INFO - [2024-05-05T10:28:07.298+0000] {dag.py:3096} INFO - Sync 1 DAGs
[2024-05-05T10:28:07.321+0000] {logging_mixin.py:188} INFO - [2024-05-05T10:28:07.321+0000] {dag.py:3954} INFO - Setting next_dagrun for example_task_group to 2024-05-04 00:00:00+00:00, run_after=2024-05-05 00:00:00+00:00
[2024-05-05T10:28:07.346+0000] {processor.py:183} INFO - Processing /home/airflow/.local/lib/python3.12/site-packages/airflow/example_dags/example_task_group.py took 0.093 seconds
[2024-05-05T10:28:37.502+0000] {processor.py:161} INFO - Started process (PID=5236) to work on /home/airflow/.local/lib/python3.12/site-packages/airflow/example_dags/example_task_group.py
[2024-05-05T10:28:37.503+0000] {processor.py:830} INFO - Processing file /home/airflow/.local/lib/python3.12/site-packages/airflow/example_dags/example_task_group.py for tasks to queue
[2024-05-05T10:28:37.504+0000] {logging_mixin.py:188} INFO - [2024-05-05T10:28:37.504+0000] {dagbag.py:540} INFO - Filling up the DagBag from /home/airflow/.local/lib/python3.12/site-packages/airflow/example_dags/example_task_group.py
[2024-05-05T10:28:37.512+0000] {processor.py:840} INFO - DAG(s) 'example_task_group' retrieved from /home/airflow/.local/lib/python3.12/site-packages/airflow/example_dags/example_task_group.py
[2024-05-05T10:28:37.537+0000] {logging_mixin.py:188} INFO - [2024-05-05T10:28:37.536+0000] {dag.py:3096} INFO - Sync 1 DAGs
[2024-05-05T10:28:37.562+0000] {logging_mixin.py:188} INFO - [2024-05-05T10:28:37.561+0000] {dag.py:3954} INFO - Setting next_dagrun for example_task_group to 2024-05-04 00:00:00+00:00, run_after=2024-05-05 00:00:00+00:00
[2024-05-05T10:28:37.611+0000] {processor.py:183} INFO - Processing /home/airflow/.local/lib/python3.12/site-packages/airflow/example_dags/example_task_group.py took 0.116 seconds
[2024-05-05T10:29:07.664+0000] {processor.py:161} INFO - Started process (PID=5498) to work on /home/airflow/.local/lib/python3.12/site-packages/airflow/example_dags/example_task_group.py
[2024-05-05T10:29:07.665+0000] {processor.py:830} INFO - Processing file /home/airflow/.local/lib/python3.12/site-packages/airflow/example_dags/example_task_group.py for tasks to queue
[2024-05-05T10:29:07.666+0000] {logging_mixin.py:188} INFO - [2024-05-05T10:29:07.666+0000] {dagbag.py:540} INFO - Filling up the DagBag from /home/airflow/.local/lib/python3.12/site-packages/airflow/example_dags/example_task_group.py
[2024-05-05T10:29:07.675+0000] {processor.py:840} INFO - DAG(s) 'example_task_group' retrieved from /home/airflow/.local/lib/python3.12/site-packages/airflow/example_dags/example_task_group.py
[2024-05-05T10:29:07.699+0000] {logging_mixin.py:188} INFO - [2024-05-05T10:29:07.699+0000] {dag.py:3096} INFO - Sync 1 DAGs
[2024-05-05T10:29:07.725+0000] {logging_mixin.py:188} INFO - [2024-05-05T10:29:07.725+0000] {dag.py:3954} INFO - Setting next_dagrun for example_task_group to 2024-05-04 00:00:00+00:00, run_after=2024-05-05 00:00:00+00:00
[2024-05-05T10:29:07.766+0000] {processor.py:183} INFO - Processing /home/airflow/.local/lib/python3.12/site-packages/airflow/example_dags/example_task_group.py took 0.109 seconds
[2024-05-05T10:29:37.885+0000] {processor.py:161} INFO - Started process (PID=5765) to work on /home/airflow/.local/lib/python3.12/site-packages/airflow/example_dags/example_task_group.py
[2024-05-05T10:29:37.885+0000] {processor.py:830} INFO - Processing file /home/airflow/.local/lib/python3.12/site-packages/airflow/example_dags/example_task_group.py for tasks to queue
[2024-05-05T10:29:37.887+0000] {logging_mixin.py:188} INFO - [2024-05-05T10:29:37.887+0000] {dagbag.py:540} INFO - Filling up the DagBag from /home/airflow/.local/lib/python3.12/site-packages/airflow/example_dags/example_task_group.py
[2024-05-05T10:29:37.895+0000] {processor.py:840} INFO - DAG(s) 'example_task_group' retrieved from /home/airflow/.local/lib/python3.12/site-packages/airflow/example_dags/example_task_group.py
[2024-05-05T10:29:37.941+0000] {logging_mixin.py:188} INFO - [2024-05-05T10:29:37.941+0000] {dag.py:3096} INFO - Sync 1 DAGs
[2024-05-05T10:29:37.968+0000] {logging_mixin.py:188} INFO - [2024-05-05T10:29:37.968+0000] {dag.py:3954} INFO - Setting next_dagrun for example_task_group to 2024-05-04 00:00:00+00:00, run_after=2024-05-05 00:00:00+00:00
[2024-05-05T10:29:37.993+0000] {processor.py:183} INFO - Processing /home/airflow/.local/lib/python3.12/site-packages/airflow/example_dags/example_task_group.py took 0.115 seconds
[2024-05-05T10:30:08.614+0000] {processor.py:161} INFO - Started process (PID=6041) to work on /home/airflow/.local/lib/python3.12/site-packages/airflow/example_dags/example_task_group.py
[2024-05-05T10:30:08.615+0000] {processor.py:830} INFO - Processing file /home/airflow/.local/lib/python3.12/site-packages/airflow/example_dags/example_task_group.py for tasks to queue
[2024-05-05T10:30:08.617+0000] {logging_mixin.py:188} INFO - [2024-05-05T10:30:08.616+0000] {dagbag.py:540} INFO - Filling up the DagBag from /home/airflow/.local/lib/python3.12/site-packages/airflow/example_dags/example_task_group.py
[2024-05-05T10:30:08.625+0000] {processor.py:840} INFO - DAG(s) 'example_task_group' retrieved from /home/airflow/.local/lib/python3.12/site-packages/airflow/example_dags/example_task_group.py
[2024-05-05T10:30:08.649+0000] {logging_mixin.py:188} INFO - [2024-05-05T10:30:08.649+0000] {dag.py:3096} INFO - Sync 1 DAGs
[2024-05-05T10:30:08.667+0000] {logging_mixin.py:188} INFO - [2024-05-05T10:30:08.667+0000] {dag.py:3954} INFO - Setting next_dagrun for example_task_group to 2024-05-04 00:00:00+00:00, run_after=2024-05-05 00:00:00+00:00
[2024-05-05T10:30:08.687+0000] {processor.py:183} INFO - Processing /home/airflow/.local/lib/python3.12/site-packages/airflow/example_dags/example_task_group.py took 0.078 seconds
[2024-05-05T10:30:39.490+0000] {processor.py:161} INFO - Started process (PID=6308) to work on /home/airflow/.local/lib/python3.12/site-packages/airflow/example_dags/example_task_group.py
[2024-05-05T10:30:39.491+0000] {processor.py:830} INFO - Processing file /home/airflow/.local/lib/python3.12/site-packages/airflow/example_dags/example_task_group.py for tasks to queue
[2024-05-05T10:30:39.492+0000] {logging_mixin.py:188} INFO - [2024-05-05T10:30:39.492+0000] {dagbag.py:540} INFO - Filling up the DagBag from /home/airflow/.local/lib/python3.12/site-packages/airflow/example_dags/example_task_group.py
[2024-05-05T10:30:39.505+0000] {processor.py:840} INFO - DAG(s) 'example_task_group' retrieved from /home/airflow/.local/lib/python3.12/site-packages/airflow/example_dags/example_task_group.py
[2024-05-05T10:30:39.546+0000] {logging_mixin.py:188} INFO - [2024-05-05T10:30:39.546+0000] {dag.py:3096} INFO - Sync 1 DAGs
[2024-05-05T10:30:39.572+0000] {logging_mixin.py:188} INFO - [2024-05-05T10:30:39.571+0000] {dag.py:3954} INFO - Setting next_dagrun for example_task_group to 2024-05-04 00:00:00+00:00, run_after=2024-05-05 00:00:00+00:00
[2024-05-05T10:30:39.594+0000] {processor.py:183} INFO - Processing /home/airflow/.local/lib/python3.12/site-packages/airflow/example_dags/example_task_group.py took 0.111 seconds
[2024-05-05T10:31:09.981+0000] {processor.py:161} INFO - Started process (PID=6577) to work on /home/airflow/.local/lib/python3.12/site-packages/airflow/example_dags/example_task_group.py
[2024-05-05T10:31:09.981+0000] {processor.py:830} INFO - Processing file /home/airflow/.local/lib/python3.12/site-packages/airflow/example_dags/example_task_group.py for tasks to queue
[2024-05-05T10:31:09.983+0000] {logging_mixin.py:188} INFO - [2024-05-05T10:31:09.982+0000] {dagbag.py:540} INFO - Filling up the DagBag from /home/airflow/.local/lib/python3.12/site-packages/airflow/example_dags/example_task_group.py
[2024-05-05T10:31:09.988+0000] {processor.py:840} INFO - DAG(s) 'example_task_group' retrieved from /home/airflow/.local/lib/python3.12/site-packages/airflow/example_dags/example_task_group.py
[2024-05-05T10:31:10.006+0000] {logging_mixin.py:188} INFO - [2024-05-05T10:31:10.006+0000] {dag.py:3096} INFO - Sync 1 DAGs
[2024-05-05T10:31:10.023+0000] {logging_mixin.py:188} INFO - [2024-05-05T10:31:10.023+0000] {dag.py:3954} INFO - Setting next_dagrun for example_task_group to 2024-05-04 00:00:00+00:00, run_after=2024-05-05 00:00:00+00:00
[2024-05-05T10:31:10.044+0000] {processor.py:183} INFO - Processing /home/airflow/.local/lib/python3.12/site-packages/airflow/example_dags/example_task_group.py took 0.069 seconds
[2024-05-05T10:31:41.784+0000] {processor.py:161} INFO - Started process (PID=6842) to work on /home/airflow/.local/lib/python3.12/site-packages/airflow/example_dags/example_task_group.py
[2024-05-05T10:31:41.784+0000] {processor.py:830} INFO - Processing file /home/airflow/.local/lib/python3.12/site-packages/airflow/example_dags/example_task_group.py for tasks to queue
[2024-05-05T10:31:41.786+0000] {logging_mixin.py:188} INFO - [2024-05-05T10:31:41.786+0000] {dagbag.py:540} INFO - Filling up the DagBag from /home/airflow/.local/lib/python3.12/site-packages/airflow/example_dags/example_task_group.py
[2024-05-05T10:31:41.794+0000] {processor.py:840} INFO - DAG(s) 'example_task_group' retrieved from /home/airflow/.local/lib/python3.12/site-packages/airflow/example_dags/example_task_group.py
[2024-05-05T10:31:41.824+0000] {logging_mixin.py:188} INFO - [2024-05-05T10:31:41.823+0000] {dag.py:3096} INFO - Sync 1 DAGs
[2024-05-05T10:31:41.886+0000] {logging_mixin.py:188} INFO - [2024-05-05T10:31:41.885+0000] {dag.py:3954} INFO - Setting next_dagrun for example_task_group to 2024-05-04 00:00:00+00:00, run_after=2024-05-05 00:00:00+00:00
[2024-05-05T10:31:41.946+0000] {processor.py:183} INFO - Processing /home/airflow/.local/lib/python3.12/site-packages/airflow/example_dags/example_task_group.py took 0.170 seconds
[2024-05-05T10:32:12.919+0000] {processor.py:161} INFO - Started process (PID=7110) to work on /home/airflow/.local/lib/python3.12/site-packages/airflow/example_dags/example_task_group.py
[2024-05-05T10:32:12.919+0000] {processor.py:830} INFO - Processing file /home/airflow/.local/lib/python3.12/site-packages/airflow/example_dags/example_task_group.py for tasks to queue
[2024-05-05T10:32:12.921+0000] {logging_mixin.py:188} INFO - [2024-05-05T10:32:12.921+0000] {dagbag.py:540} INFO - Filling up the DagBag from /home/airflow/.local/lib/python3.12/site-packages/airflow/example_dags/example_task_group.py
[2024-05-05T10:32:12.929+0000] {processor.py:840} INFO - DAG(s) 'example_task_group' retrieved from /home/airflow/.local/lib/python3.12/site-packages/airflow/example_dags/example_task_group.py
[2024-05-05T10:32:12.952+0000] {logging_mixin.py:188} INFO - [2024-05-05T10:32:12.951+0000] {dag.py:3096} INFO - Sync 1 DAGs
[2024-05-05T10:32:13.148+0000] {logging_mixin.py:188} INFO - [2024-05-05T10:32:13.148+0000] {dag.py:3954} INFO - Setting next_dagrun for example_task_group to 2024-05-04 00:00:00+00:00, run_after=2024-05-05 00:00:00+00:00
[2024-05-05T10:32:13.171+0000] {processor.py:183} INFO - Processing /home/airflow/.local/lib/python3.12/site-packages/airflow/example_dags/example_task_group.py took 0.259 seconds
[2024-05-05T10:32:43.864+0000] {processor.py:161} INFO - Started process (PID=7380) to work on /home/airflow/.local/lib/python3.12/site-packages/airflow/example_dags/example_task_group.py
[2024-05-05T10:32:43.865+0000] {processor.py:830} INFO - Processing file /home/airflow/.local/lib/python3.12/site-packages/airflow/example_dags/example_task_group.py for tasks to queue
[2024-05-05T10:32:43.866+0000] {logging_mixin.py:188} INFO - [2024-05-05T10:32:43.866+0000] {dagbag.py:540} INFO - Filling up the DagBag from /home/airflow/.local/lib/python3.12/site-packages/airflow/example_dags/example_task_group.py
[2024-05-05T10:32:43.876+0000] {processor.py:840} INFO - DAG(s) 'example_task_group' retrieved from /home/airflow/.local/lib/python3.12/site-packages/airflow/example_dags/example_task_group.py
[2024-05-05T10:32:43.903+0000] {logging_mixin.py:188} INFO - [2024-05-05T10:32:43.903+0000] {dag.py:3096} INFO - Sync 1 DAGs
[2024-05-05T10:32:43.928+0000] {logging_mixin.py:188} INFO - [2024-05-05T10:32:43.928+0000] {dag.py:3954} INFO - Setting next_dagrun for example_task_group to 2024-05-04 00:00:00+00:00, run_after=2024-05-05 00:00:00+00:00
[2024-05-05T10:32:43.961+0000] {processor.py:183} INFO - Processing /home/airflow/.local/lib/python3.12/site-packages/airflow/example_dags/example_task_group.py took 0.104 seconds
[2024-05-05T10:33:14.846+0000] {processor.py:161} INFO - Started process (PID=7646) to work on /home/airflow/.local/lib/python3.12/site-packages/airflow/example_dags/example_task_group.py
[2024-05-05T10:33:14.847+0000] {processor.py:830} INFO - Processing file /home/airflow/.local/lib/python3.12/site-packages/airflow/example_dags/example_task_group.py for tasks to queue
[2024-05-05T10:33:14.849+0000] {logging_mixin.py:188} INFO - [2024-05-05T10:33:14.849+0000] {dagbag.py:540} INFO - Filling up the DagBag from /home/airflow/.local/lib/python3.12/site-packages/airflow/example_dags/example_task_group.py
[2024-05-05T10:33:14.857+0000] {processor.py:840} INFO - DAG(s) 'example_task_group' retrieved from /home/airflow/.local/lib/python3.12/site-packages/airflow/example_dags/example_task_group.py
[2024-05-05T10:33:14.882+0000] {logging_mixin.py:188} INFO - [2024-05-05T10:33:14.881+0000] {dag.py:3096} INFO - Sync 1 DAGs
[2024-05-05T10:33:14.907+0000] {logging_mixin.py:188} INFO - [2024-05-05T10:33:14.907+0000] {dag.py:3954} INFO - Setting next_dagrun for example_task_group to 2024-05-04 00:00:00+00:00, run_after=2024-05-05 00:00:00+00:00
[2024-05-05T10:33:14.931+0000] {processor.py:183} INFO - Processing /home/airflow/.local/lib/python3.12/site-packages/airflow/example_dags/example_task_group.py took 0.091 seconds
[2024-05-05T10:33:45.761+0000] {processor.py:161} INFO - Started process (PID=7913) to work on /home/airflow/.local/lib/python3.12/site-packages/airflow/example_dags/example_task_group.py
[2024-05-05T10:33:45.762+0000] {processor.py:830} INFO - Processing file /home/airflow/.local/lib/python3.12/site-packages/airflow/example_dags/example_task_group.py for tasks to queue
[2024-05-05T10:33:45.763+0000] {logging_mixin.py:188} INFO - [2024-05-05T10:33:45.763+0000] {dagbag.py:540} INFO - Filling up the DagBag from /home/airflow/.local/lib/python3.12/site-packages/airflow/example_dags/example_task_group.py
[2024-05-05T10:33:45.770+0000] {processor.py:840} INFO - DAG(s) 'example_task_group' retrieved from /home/airflow/.local/lib/python3.12/site-packages/airflow/example_dags/example_task_group.py
[2024-05-05T10:33:45.797+0000] {logging_mixin.py:188} INFO - [2024-05-05T10:33:45.796+0000] {dag.py:3096} INFO - Sync 1 DAGs
[2024-05-05T10:33:45.823+0000] {logging_mixin.py:188} INFO - [2024-05-05T10:33:45.822+0000] {dag.py:3954} INFO - Setting next_dagrun for example_task_group to 2024-05-04 00:00:00+00:00, run_after=2024-05-05 00:00:00+00:00
[2024-05-05T10:33:45.848+0000] {processor.py:183} INFO - Processing /home/airflow/.local/lib/python3.12/site-packages/airflow/example_dags/example_task_group.py took 0.094 seconds
[2024-05-05T10:34:16.536+0000] {processor.py:161} INFO - Started process (PID=8182) to work on /home/airflow/.local/lib/python3.12/site-packages/airflow/example_dags/example_task_group.py
[2024-05-05T10:34:16.538+0000] {processor.py:830} INFO - Processing file /home/airflow/.local/lib/python3.12/site-packages/airflow/example_dags/example_task_group.py for tasks to queue
[2024-05-05T10:34:16.539+0000] {logging_mixin.py:188} INFO - [2024-05-05T10:34:16.539+0000] {dagbag.py:540} INFO - Filling up the DagBag from /home/airflow/.local/lib/python3.12/site-packages/airflow/example_dags/example_task_group.py
[2024-05-05T10:34:16.548+0000] {processor.py:840} INFO - DAG(s) 'example_task_group' retrieved from /home/airflow/.local/lib/python3.12/site-packages/airflow/example_dags/example_task_group.py
[2024-05-05T10:34:16.575+0000] {logging_mixin.py:188} INFO - [2024-05-05T10:34:16.575+0000] {dag.py:3096} INFO - Sync 1 DAGs
[2024-05-05T10:34:16.601+0000] {logging_mixin.py:188} INFO - [2024-05-05T10:34:16.600+0000] {dag.py:3954} INFO - Setting next_dagrun for example_task_group to 2024-05-04 00:00:00+00:00, run_after=2024-05-05 00:00:00+00:00
[2024-05-05T10:34:16.627+0000] {processor.py:183} INFO - Processing /home/airflow/.local/lib/python3.12/site-packages/airflow/example_dags/example_task_group.py took 0.098 seconds
[2024-05-05T10:34:47.295+0000] {processor.py:161} INFO - Started process (PID=8449) to work on /home/airflow/.local/lib/python3.12/site-packages/airflow/example_dags/example_task_group.py
[2024-05-05T10:34:47.296+0000] {processor.py:830} INFO - Processing file /home/airflow/.local/lib/python3.12/site-packages/airflow/example_dags/example_task_group.py for tasks to queue
[2024-05-05T10:34:47.298+0000] {logging_mixin.py:188} INFO - [2024-05-05T10:34:47.297+0000] {dagbag.py:540} INFO - Filling up the DagBag from /home/airflow/.local/lib/python3.12/site-packages/airflow/example_dags/example_task_group.py
[2024-05-05T10:34:47.306+0000] {processor.py:840} INFO - DAG(s) 'example_task_group' retrieved from /home/airflow/.local/lib/python3.12/site-packages/airflow/example_dags/example_task_group.py
[2024-05-05T10:34:47.329+0000] {logging_mixin.py:188} INFO - [2024-05-05T10:34:47.329+0000] {dag.py:3096} INFO - Sync 1 DAGs
[2024-05-05T10:34:47.354+0000] {logging_mixin.py:188} INFO - [2024-05-05T10:34:47.353+0000] {dag.py:3954} INFO - Setting next_dagrun for example_task_group to 2024-05-04 00:00:00+00:00, run_after=2024-05-05 00:00:00+00:00
[2024-05-05T10:34:47.379+0000] {processor.py:183} INFO - Processing /home/airflow/.local/lib/python3.12/site-packages/airflow/example_dags/example_task_group.py took 0.091 seconds
[2024-05-05T10:35:18.220+0000] {processor.py:161} INFO - Started process (PID=8717) to work on /home/airflow/.local/lib/python3.12/site-packages/airflow/example_dags/example_task_group.py
[2024-05-05T10:35:18.226+0000] {processor.py:830} INFO - Processing file /home/airflow/.local/lib/python3.12/site-packages/airflow/example_dags/example_task_group.py for tasks to queue
[2024-05-05T10:35:18.227+0000] {logging_mixin.py:188} INFO - [2024-05-05T10:35:18.227+0000] {dagbag.py:540} INFO - Filling up the DagBag from /home/airflow/.local/lib/python3.12/site-packages/airflow/example_dags/example_task_group.py
[2024-05-05T10:35:18.247+0000] {processor.py:840} INFO - DAG(s) 'example_task_group' retrieved from /home/airflow/.local/lib/python3.12/site-packages/airflow/example_dags/example_task_group.py
[2024-05-05T10:35:18.304+0000] {logging_mixin.py:188} INFO - [2024-05-05T10:35:18.304+0000] {dag.py:3096} INFO - Sync 1 DAGs
[2024-05-05T10:35:18.331+0000] {logging_mixin.py:188} INFO - [2024-05-05T10:35:18.331+0000] {dag.py:3954} INFO - Setting next_dagrun for example_task_group to 2024-05-04 00:00:00+00:00, run_after=2024-05-05 00:00:00+00:00
[2024-05-05T10:35:18.356+0000] {processor.py:183} INFO - Processing /home/airflow/.local/lib/python3.12/site-packages/airflow/example_dags/example_task_group.py took 0.162 seconds
[2024-05-05T10:35:48.922+0000] {processor.py:161} INFO - Started process (PID=8984) to work on /home/airflow/.local/lib/python3.12/site-packages/airflow/example_dags/example_task_group.py
[2024-05-05T10:35:48.922+0000] {processor.py:830} INFO - Processing file /home/airflow/.local/lib/python3.12/site-packages/airflow/example_dags/example_task_group.py for tasks to queue
[2024-05-05T10:35:48.924+0000] {logging_mixin.py:188} INFO - [2024-05-05T10:35:48.924+0000] {dagbag.py:540} INFO - Filling up the DagBag from /home/airflow/.local/lib/python3.12/site-packages/airflow/example_dags/example_task_group.py
[2024-05-05T10:35:48.932+0000] {processor.py:840} INFO - DAG(s) 'example_task_group' retrieved from /home/airflow/.local/lib/python3.12/site-packages/airflow/example_dags/example_task_group.py
[2024-05-05T10:35:48.955+0000] {logging_mixin.py:188} INFO - [2024-05-05T10:35:48.955+0000] {dag.py:3096} INFO - Sync 1 DAGs
[2024-05-05T10:35:48.980+0000] {logging_mixin.py:188} INFO - [2024-05-05T10:35:48.980+0000] {dag.py:3954} INFO - Setting next_dagrun for example_task_group to 2024-05-04 00:00:00+00:00, run_after=2024-05-05 00:00:00+00:00
[2024-05-05T10:35:49.007+0000] {processor.py:183} INFO - Processing /home/airflow/.local/lib/python3.12/site-packages/airflow/example_dags/example_task_group.py took 0.092 seconds
[2024-05-05T10:36:19.423+0000] {processor.py:161} INFO - Started process (PID=9251) to work on /home/airflow/.local/lib/python3.12/site-packages/airflow/example_dags/example_task_group.py
[2024-05-05T10:36:19.428+0000] {processor.py:830} INFO - Processing file /home/airflow/.local/lib/python3.12/site-packages/airflow/example_dags/example_task_group.py for tasks to queue
[2024-05-05T10:36:19.429+0000] {logging_mixin.py:188} INFO - [2024-05-05T10:36:19.429+0000] {dagbag.py:540} INFO - Filling up the DagBag from /home/airflow/.local/lib/python3.12/site-packages/airflow/example_dags/example_task_group.py
[2024-05-05T10:36:19.439+0000] {processor.py:840} INFO - DAG(s) 'example_task_group' retrieved from /home/airflow/.local/lib/python3.12/site-packages/airflow/example_dags/example_task_group.py
[2024-05-05T10:36:19.507+0000] {logging_mixin.py:188} INFO - [2024-05-05T10:36:19.506+0000] {dag.py:3096} INFO - Sync 1 DAGs
[2024-05-05T10:36:19.552+0000] {logging_mixin.py:188} INFO - [2024-05-05T10:36:19.551+0000] {dag.py:3954} INFO - Setting next_dagrun for example_task_group to 2024-05-04 00:00:00+00:00, run_after=2024-05-05 00:00:00+00:00
[2024-05-05T10:36:19.576+0000] {processor.py:183} INFO - Processing /home/airflow/.local/lib/python3.12/site-packages/airflow/example_dags/example_task_group.py took 0.169 seconds
[2024-05-05T10:36:49.930+0000] {processor.py:161} INFO - Started process (PID=9518) to work on /home/airflow/.local/lib/python3.12/site-packages/airflow/example_dags/example_task_group.py
[2024-05-05T10:36:49.931+0000] {processor.py:830} INFO - Processing file /home/airflow/.local/lib/python3.12/site-packages/airflow/example_dags/example_task_group.py for tasks to queue
[2024-05-05T10:36:49.932+0000] {logging_mixin.py:188} INFO - [2024-05-05T10:36:49.932+0000] {dagbag.py:540} INFO - Filling up the DagBag from /home/airflow/.local/lib/python3.12/site-packages/airflow/example_dags/example_task_group.py
[2024-05-05T10:36:49.938+0000] {processor.py:840} INFO - DAG(s) 'example_task_group' retrieved from /home/airflow/.local/lib/python3.12/site-packages/airflow/example_dags/example_task_group.py
[2024-05-05T10:36:49.962+0000] {logging_mixin.py:188} INFO - [2024-05-05T10:36:49.962+0000] {dag.py:3096} INFO - Sync 1 DAGs
[2024-05-05T10:36:49.989+0000] {logging_mixin.py:188} INFO - [2024-05-05T10:36:49.988+0000] {dag.py:3954} INFO - Setting next_dagrun for example_task_group to 2024-05-04 00:00:00+00:00, run_after=2024-05-05 00:00:00+00:00
[2024-05-05T10:36:50.016+0000] {processor.py:183} INFO - Processing /home/airflow/.local/lib/python3.12/site-packages/airflow/example_dags/example_task_group.py took 0.092 seconds
[2024-05-05T10:37:20.256+0000] {processor.py:161} INFO - Started process (PID=9785) to work on /home/airflow/.local/lib/python3.12/site-packages/airflow/example_dags/example_task_group.py
[2024-05-05T10:37:20.257+0000] {processor.py:830} INFO - Processing file /home/airflow/.local/lib/python3.12/site-packages/airflow/example_dags/example_task_group.py for tasks to queue
[2024-05-05T10:37:20.259+0000] {logging_mixin.py:188} INFO - [2024-05-05T10:37:20.259+0000] {dagbag.py:540} INFO - Filling up the DagBag from /home/airflow/.local/lib/python3.12/site-packages/airflow/example_dags/example_task_group.py
[2024-05-05T10:37:20.267+0000] {processor.py:840} INFO - DAG(s) 'example_task_group' retrieved from /home/airflow/.local/lib/python3.12/site-packages/airflow/example_dags/example_task_group.py
[2024-05-05T10:37:20.292+0000] {logging_mixin.py:188} INFO - [2024-05-05T10:37:20.292+0000] {dag.py:3096} INFO - Sync 1 DAGs
[2024-05-05T10:37:20.317+0000] {logging_mixin.py:188} INFO - [2024-05-05T10:37:20.317+0000] {dag.py:3954} INFO - Setting next_dagrun for example_task_group to 2024-05-04 00:00:00+00:00, run_after=2024-05-05 00:00:00+00:00
[2024-05-05T10:37:20.342+0000] {processor.py:183} INFO - Processing /home/airflow/.local/lib/python3.12/site-packages/airflow/example_dags/example_task_group.py took 0.093 seconds
[2024-05-05T10:37:50.747+0000] {processor.py:161} INFO - Started process (PID=10052) to work on /home/airflow/.local/lib/python3.12/site-packages/airflow/example_dags/example_task_group.py
[2024-05-05T10:37:50.749+0000] {processor.py:830} INFO - Processing file /home/airflow/.local/lib/python3.12/site-packages/airflow/example_dags/example_task_group.py for tasks to queue
[2024-05-05T10:37:50.750+0000] {logging_mixin.py:188} INFO - [2024-05-05T10:37:50.750+0000] {dagbag.py:540} INFO - Filling up the DagBag from /home/airflow/.local/lib/python3.12/site-packages/airflow/example_dags/example_task_group.py
[2024-05-05T10:37:50.758+0000] {processor.py:840} INFO - DAG(s) 'example_task_group' retrieved from /home/airflow/.local/lib/python3.12/site-packages/airflow/example_dags/example_task_group.py
[2024-05-05T10:37:50.784+0000] {logging_mixin.py:188} INFO - [2024-05-05T10:37:50.783+0000] {dag.py:3096} INFO - Sync 1 DAGs
[2024-05-05T10:37:50.806+0000] {logging_mixin.py:188} INFO - [2024-05-05T10:37:50.806+0000] {dag.py:3954} INFO - Setting next_dagrun for example_task_group to 2024-05-04 00:00:00+00:00, run_after=2024-05-05 00:00:00+00:00
[2024-05-05T10:37:50.835+0000] {processor.py:183} INFO - Processing /home/airflow/.local/lib/python3.12/site-packages/airflow/example_dags/example_task_group.py took 0.094 seconds
[2024-05-05T10:38:21.422+0000] {processor.py:161} INFO - Started process (PID=10319) to work on /home/airflow/.local/lib/python3.12/site-packages/airflow/example_dags/example_task_group.py
[2024-05-05T10:38:21.422+0000] {processor.py:830} INFO - Processing file /home/airflow/.local/lib/python3.12/site-packages/airflow/example_dags/example_task_group.py for tasks to queue
[2024-05-05T10:38:21.424+0000] {logging_mixin.py:188} INFO - [2024-05-05T10:38:21.424+0000] {dagbag.py:540} INFO - Filling up the DagBag from /home/airflow/.local/lib/python3.12/site-packages/airflow/example_dags/example_task_group.py
[2024-05-05T10:38:21.432+0000] {processor.py:840} INFO - DAG(s) 'example_task_group' retrieved from /home/airflow/.local/lib/python3.12/site-packages/airflow/example_dags/example_task_group.py
[2024-05-05T10:38:21.475+0000] {logging_mixin.py:188} INFO - [2024-05-05T10:38:21.475+0000] {dag.py:3096} INFO - Sync 1 DAGs
[2024-05-05T10:38:21.504+0000] {logging_mixin.py:188} INFO - [2024-05-05T10:38:21.504+0000] {dag.py:3954} INFO - Setting next_dagrun for example_task_group to 2024-05-04 00:00:00+00:00, run_after=2024-05-05 00:00:00+00:00
[2024-05-05T10:38:21.530+0000] {processor.py:183} INFO - Processing /home/airflow/.local/lib/python3.12/site-packages/airflow/example_dags/example_task_group.py took 0.115 seconds
[2024-05-05T10:38:52.140+0000] {processor.py:161} INFO - Started process (PID=10591) to work on /home/airflow/.local/lib/python3.12/site-packages/airflow/example_dags/example_task_group.py
[2024-05-05T10:38:52.141+0000] {processor.py:830} INFO - Processing file /home/airflow/.local/lib/python3.12/site-packages/airflow/example_dags/example_task_group.py for tasks to queue
[2024-05-05T10:38:52.143+0000] {logging_mixin.py:188} INFO - [2024-05-05T10:38:52.142+0000] {dagbag.py:540} INFO - Filling up the DagBag from /home/airflow/.local/lib/python3.12/site-packages/airflow/example_dags/example_task_group.py
[2024-05-05T10:38:52.151+0000] {processor.py:840} INFO - DAG(s) 'example_task_group' retrieved from /home/airflow/.local/lib/python3.12/site-packages/airflow/example_dags/example_task_group.py
[2024-05-05T10:38:52.181+0000] {logging_mixin.py:188} INFO - [2024-05-05T10:38:52.181+0000] {dag.py:3096} INFO - Sync 1 DAGs
[2024-05-05T10:38:52.204+0000] {logging_mixin.py:188} INFO - [2024-05-05T10:38:52.204+0000] {dag.py:3954} INFO - Setting next_dagrun for example_task_group to 2024-05-04 00:00:00+00:00, run_after=2024-05-05 00:00:00+00:00
[2024-05-05T10:38:52.229+0000] {processor.py:183} INFO - Processing /home/airflow/.local/lib/python3.12/site-packages/airflow/example_dags/example_task_group.py took 0.096 seconds
[2024-05-05T10:39:22.288+0000] {processor.py:161} INFO - Started process (PID=10868) to work on /home/airflow/.local/lib/python3.12/site-packages/airflow/example_dags/example_task_group.py
[2024-05-05T10:39:22.288+0000] {processor.py:830} INFO - Processing file /home/airflow/.local/lib/python3.12/site-packages/airflow/example_dags/example_task_group.py for tasks to queue
[2024-05-05T10:39:22.290+0000] {logging_mixin.py:188} INFO - [2024-05-05T10:39:22.290+0000] {dagbag.py:540} INFO - Filling up the DagBag from /home/airflow/.local/lib/python3.12/site-packages/airflow/example_dags/example_task_group.py
[2024-05-05T10:39:22.298+0000] {processor.py:840} INFO - DAG(s) 'example_task_group' retrieved from /home/airflow/.local/lib/python3.12/site-packages/airflow/example_dags/example_task_group.py
[2024-05-05T10:39:22.323+0000] {logging_mixin.py:188} INFO - [2024-05-05T10:39:22.322+0000] {dag.py:3096} INFO - Sync 1 DAGs
[2024-05-05T10:39:22.348+0000] {logging_mixin.py:188} INFO - [2024-05-05T10:39:22.348+0000] {dag.py:3954} INFO - Setting next_dagrun for example_task_group to 2024-05-04 00:00:00+00:00, run_after=2024-05-05 00:00:00+00:00
[2024-05-05T10:39:22.371+0000] {processor.py:183} INFO - Processing /home/airflow/.local/lib/python3.12/site-packages/airflow/example_dags/example_task_group.py took 0.090 seconds
[2024-05-05T10:39:52.795+0000] {processor.py:161} INFO - Started process (PID=11141) to work on /home/airflow/.local/lib/python3.12/site-packages/airflow/example_dags/example_task_group.py
[2024-05-05T10:39:52.796+0000] {processor.py:830} INFO - Processing file /home/airflow/.local/lib/python3.12/site-packages/airflow/example_dags/example_task_group.py for tasks to queue
[2024-05-05T10:39:52.797+0000] {logging_mixin.py:188} INFO - [2024-05-05T10:39:52.797+0000] {dagbag.py:540} INFO - Filling up the DagBag from /home/airflow/.local/lib/python3.12/site-packages/airflow/example_dags/example_task_group.py
[2024-05-05T10:39:52.805+0000] {processor.py:840} INFO - DAG(s) 'example_task_group' retrieved from /home/airflow/.local/lib/python3.12/site-packages/airflow/example_dags/example_task_group.py
[2024-05-05T10:39:52.851+0000] {logging_mixin.py:188} INFO - [2024-05-05T10:39:52.851+0000] {dag.py:3096} INFO - Sync 1 DAGs
[2024-05-05T10:39:52.887+0000] {logging_mixin.py:188} INFO - [2024-05-05T10:39:52.887+0000] {dag.py:3954} INFO - Setting next_dagrun for example_task_group to 2024-05-04 00:00:00+00:00, run_after=2024-05-05 00:00:00+00:00
[2024-05-05T10:39:52.925+0000] {processor.py:183} INFO - Processing /home/airflow/.local/lib/python3.12/site-packages/airflow/example_dags/example_task_group.py took 0.136 seconds
[2024-05-05T10:40:23.665+0000] {processor.py:161} INFO - Started process (PID=11413) to work on /home/airflow/.local/lib/python3.12/site-packages/airflow/example_dags/example_task_group.py
[2024-05-05T10:40:23.666+0000] {processor.py:830} INFO - Processing file /home/airflow/.local/lib/python3.12/site-packages/airflow/example_dags/example_task_group.py for tasks to queue
[2024-05-05T10:40:23.668+0000] {logging_mixin.py:188} INFO - [2024-05-05T10:40:23.667+0000] {dagbag.py:540} INFO - Filling up the DagBag from /home/airflow/.local/lib/python3.12/site-packages/airflow/example_dags/example_task_group.py
[2024-05-05T10:40:23.676+0000] {processor.py:840} INFO - DAG(s) 'example_task_group' retrieved from /home/airflow/.local/lib/python3.12/site-packages/airflow/example_dags/example_task_group.py
[2024-05-05T10:40:23.702+0000] {logging_mixin.py:188} INFO - [2024-05-05T10:40:23.702+0000] {dag.py:3096} INFO - Sync 1 DAGs
[2024-05-05T10:40:23.727+0000] {logging_mixin.py:188} INFO - [2024-05-05T10:40:23.726+0000] {dag.py:3954} INFO - Setting next_dagrun for example_task_group to 2024-05-04 00:00:00+00:00, run_after=2024-05-05 00:00:00+00:00
[2024-05-05T10:40:23.750+0000] {processor.py:183} INFO - Processing /home/airflow/.local/lib/python3.12/site-packages/airflow/example_dags/example_task_group.py took 0.092 seconds
[2024-05-05T10:40:54.376+0000] {processor.py:161} INFO - Started process (PID=11700) to work on /home/airflow/.local/lib/python3.12/site-packages/airflow/example_dags/example_task_group.py
[2024-05-05T10:40:54.377+0000] {processor.py:830} INFO - Processing file /home/airflow/.local/lib/python3.12/site-packages/airflow/example_dags/example_task_group.py for tasks to queue
[2024-05-05T10:40:54.382+0000] {logging_mixin.py:188} INFO - [2024-05-05T10:40:54.382+0000] {dagbag.py:540} INFO - Filling up the DagBag from /home/airflow/.local/lib/python3.12/site-packages/airflow/example_dags/example_task_group.py
[2024-05-05T10:40:54.391+0000] {processor.py:840} INFO - DAG(s) 'example_task_group' retrieved from /home/airflow/.local/lib/python3.12/site-packages/airflow/example_dags/example_task_group.py
[2024-05-05T10:40:54.415+0000] {logging_mixin.py:188} INFO - [2024-05-05T10:40:54.414+0000] {dag.py:3096} INFO - Sync 1 DAGs
[2024-05-05T10:40:54.443+0000] {logging_mixin.py:188} INFO - [2024-05-05T10:40:54.442+0000] {dag.py:3954} INFO - Setting next_dagrun for example_task_group to 2024-05-04 00:00:00+00:00, run_after=2024-05-05 00:00:00+00:00
[2024-05-05T10:40:54.474+0000] {processor.py:183} INFO - Processing /home/airflow/.local/lib/python3.12/site-packages/airflow/example_dags/example_task_group.py took 0.105 seconds
[2024-05-05T10:41:25.110+0000] {processor.py:161} INFO - Started process (PID=11973) to work on /home/airflow/.local/lib/python3.12/site-packages/airflow/example_dags/example_task_group.py
[2024-05-05T10:41:25.111+0000] {processor.py:830} INFO - Processing file /home/airflow/.local/lib/python3.12/site-packages/airflow/example_dags/example_task_group.py for tasks to queue
[2024-05-05T10:41:25.119+0000] {logging_mixin.py:188} INFO - [2024-05-05T10:41:25.118+0000] {dagbag.py:540} INFO - Filling up the DagBag from /home/airflow/.local/lib/python3.12/site-packages/airflow/example_dags/example_task_group.py
[2024-05-05T10:41:25.135+0000] {processor.py:840} INFO - DAG(s) 'example_task_group' retrieved from /home/airflow/.local/lib/python3.12/site-packages/airflow/example_dags/example_task_group.py
[2024-05-05T10:41:25.166+0000] {logging_mixin.py:188} INFO - [2024-05-05T10:41:25.166+0000] {dag.py:3096} INFO - Sync 1 DAGs
[2024-05-05T10:41:25.228+0000] {logging_mixin.py:188} INFO - [2024-05-05T10:41:25.228+0000] {dag.py:3954} INFO - Setting next_dagrun for example_task_group to 2024-05-04 00:00:00+00:00, run_after=2024-05-05 00:00:00+00:00
[2024-05-05T10:41:25.262+0000] {processor.py:183} INFO - Processing /home/airflow/.local/lib/python3.12/site-packages/airflow/example_dags/example_task_group.py took 0.173 seconds
[2024-05-05T10:41:55.491+0000] {processor.py:161} INFO - Started process (PID=12252) to work on /home/airflow/.local/lib/python3.12/site-packages/airflow/example_dags/example_task_group.py
[2024-05-05T10:41:55.491+0000] {processor.py:830} INFO - Processing file /home/airflow/.local/lib/python3.12/site-packages/airflow/example_dags/example_task_group.py for tasks to queue
[2024-05-05T10:41:55.493+0000] {logging_mixin.py:188} INFO - [2024-05-05T10:41:55.493+0000] {dagbag.py:540} INFO - Filling up the DagBag from /home/airflow/.local/lib/python3.12/site-packages/airflow/example_dags/example_task_group.py
[2024-05-05T10:41:55.501+0000] {processor.py:840} INFO - DAG(s) 'example_task_group' retrieved from /home/airflow/.local/lib/python3.12/site-packages/airflow/example_dags/example_task_group.py
[2024-05-05T10:41:55.525+0000] {logging_mixin.py:188} INFO - [2024-05-05T10:41:55.525+0000] {dag.py:3096} INFO - Sync 1 DAGs
[2024-05-05T10:41:55.549+0000] {logging_mixin.py:188} INFO - [2024-05-05T10:41:55.549+0000] {dag.py:3954} INFO - Setting next_dagrun for example_task_group to 2024-05-04 00:00:00+00:00, run_after=2024-05-05 00:00:00+00:00
[2024-05-05T10:41:55.573+0000] {processor.py:183} INFO - Processing /home/airflow/.local/lib/python3.12/site-packages/airflow/example_dags/example_task_group.py took 0.089 seconds
[2024-05-05T10:42:26.545+0000] {processor.py:161} INFO - Started process (PID=12524) to work on /home/airflow/.local/lib/python3.12/site-packages/airflow/example_dags/example_task_group.py
[2024-05-05T10:42:26.546+0000] {processor.py:830} INFO - Processing file /home/airflow/.local/lib/python3.12/site-packages/airflow/example_dags/example_task_group.py for tasks to queue
[2024-05-05T10:42:26.548+0000] {logging_mixin.py:188} INFO - [2024-05-05T10:42:26.547+0000] {dagbag.py:540} INFO - Filling up the DagBag from /home/airflow/.local/lib/python3.12/site-packages/airflow/example_dags/example_task_group.py
[2024-05-05T10:42:26.555+0000] {processor.py:840} INFO - DAG(s) 'example_task_group' retrieved from /home/airflow/.local/lib/python3.12/site-packages/airflow/example_dags/example_task_group.py
[2024-05-05T10:42:26.578+0000] {logging_mixin.py:188} INFO - [2024-05-05T10:42:26.578+0000] {dag.py:3096} INFO - Sync 1 DAGs
[2024-05-05T10:42:26.604+0000] {logging_mixin.py:188} INFO - [2024-05-05T10:42:26.603+0000] {dag.py:3954} INFO - Setting next_dagrun for example_task_group to 2024-05-04 00:00:00+00:00, run_after=2024-05-05 00:00:00+00:00
[2024-05-05T10:42:26.629+0000] {processor.py:183} INFO - Processing /home/airflow/.local/lib/python3.12/site-packages/airflow/example_dags/example_task_group.py took 0.091 seconds
[2024-05-05T10:42:57.397+0000] {processor.py:161} INFO - Started process (PID=12803) to work on /home/airflow/.local/lib/python3.12/site-packages/airflow/example_dags/example_task_group.py
[2024-05-05T10:42:57.398+0000] {processor.py:830} INFO - Processing file /home/airflow/.local/lib/python3.12/site-packages/airflow/example_dags/example_task_group.py for tasks to queue
[2024-05-05T10:42:57.403+0000] {logging_mixin.py:188} INFO - [2024-05-05T10:42:57.399+0000] {dagbag.py:540} INFO - Filling up the DagBag from /home/airflow/.local/lib/python3.12/site-packages/airflow/example_dags/example_task_group.py
[2024-05-05T10:42:57.412+0000] {processor.py:840} INFO - DAG(s) 'example_task_group' retrieved from /home/airflow/.local/lib/python3.12/site-packages/airflow/example_dags/example_task_group.py
[2024-05-05T10:42:57.451+0000] {logging_mixin.py:188} INFO - [2024-05-05T10:42:57.450+0000] {dag.py:3096} INFO - Sync 1 DAGs
[2024-05-05T10:42:57.479+0000] {logging_mixin.py:188} INFO - [2024-05-05T10:42:57.478+0000] {dag.py:3954} INFO - Setting next_dagrun for example_task_group to 2024-05-04 00:00:00+00:00, run_after=2024-05-05 00:00:00+00:00
[2024-05-05T10:42:57.503+0000] {processor.py:183} INFO - Processing /home/airflow/.local/lib/python3.12/site-packages/airflow/example_dags/example_task_group.py took 0.123 seconds
[2024-05-05T10:43:28.001+0000] {processor.py:161} INFO - Started process (PID=13076) to work on /home/airflow/.local/lib/python3.12/site-packages/airflow/example_dags/example_task_group.py
[2024-05-05T10:43:28.002+0000] {processor.py:830} INFO - Processing file /home/airflow/.local/lib/python3.12/site-packages/airflow/example_dags/example_task_group.py for tasks to queue
[2024-05-05T10:43:28.004+0000] {logging_mixin.py:188} INFO - [2024-05-05T10:43:28.004+0000] {dagbag.py:540} INFO - Filling up the DagBag from /home/airflow/.local/lib/python3.12/site-packages/airflow/example_dags/example_task_group.py
[2024-05-05T10:43:28.012+0000] {processor.py:840} INFO - DAG(s) 'example_task_group' retrieved from /home/airflow/.local/lib/python3.12/site-packages/airflow/example_dags/example_task_group.py
[2024-05-05T10:43:28.034+0000] {logging_mixin.py:188} INFO - [2024-05-05T10:43:28.034+0000] {dag.py:3096} INFO - Sync 1 DAGs
[2024-05-05T10:43:28.062+0000] {logging_mixin.py:188} INFO - [2024-05-05T10:43:28.061+0000] {dag.py:3954} INFO - Setting next_dagrun for example_task_group to 2024-05-04 00:00:00+00:00, run_after=2024-05-05 00:00:00+00:00
[2024-05-05T10:43:28.086+0000] {processor.py:183} INFO - Processing /home/airflow/.local/lib/python3.12/site-packages/airflow/example_dags/example_task_group.py took 0.092 seconds
[2024-05-05T10:43:58.557+0000] {processor.py:161} INFO - Started process (PID=13348) to work on /home/airflow/.local/lib/python3.12/site-packages/airflow/example_dags/example_task_group.py
[2024-05-05T10:43:58.558+0000] {processor.py:830} INFO - Processing file /home/airflow/.local/lib/python3.12/site-packages/airflow/example_dags/example_task_group.py for tasks to queue
[2024-05-05T10:43:58.560+0000] {logging_mixin.py:188} INFO - [2024-05-05T10:43:58.559+0000] {dagbag.py:540} INFO - Filling up the DagBag from /home/airflow/.local/lib/python3.12/site-packages/airflow/example_dags/example_task_group.py
[2024-05-05T10:43:58.576+0000] {processor.py:840} INFO - DAG(s) 'example_task_group' retrieved from /home/airflow/.local/lib/python3.12/site-packages/airflow/example_dags/example_task_group.py
[2024-05-05T10:43:58.617+0000] {logging_mixin.py:188} INFO - [2024-05-05T10:43:58.617+0000] {dag.py:3096} INFO - Sync 1 DAGs
[2024-05-05T10:43:58.642+0000] {logging_mixin.py:188} INFO - [2024-05-05T10:43:58.641+0000] {dag.py:3954} INFO - Setting next_dagrun for example_task_group to 2024-05-04 00:00:00+00:00, run_after=2024-05-05 00:00:00+00:00
[2024-05-05T10:43:58.666+0000] {processor.py:183} INFO - Processing /home/airflow/.local/lib/python3.12/site-packages/airflow/example_dags/example_task_group.py took 0.131 seconds
[2024-05-05T10:44:29.396+0000] {processor.py:161} INFO - Started process (PID=13622) to work on /home/airflow/.local/lib/python3.12/site-packages/airflow/example_dags/example_task_group.py
[2024-05-05T10:44:29.397+0000] {processor.py:830} INFO - Processing file /home/airflow/.local/lib/python3.12/site-packages/airflow/example_dags/example_task_group.py for tasks to queue
[2024-05-05T10:44:29.399+0000] {logging_mixin.py:188} INFO - [2024-05-05T10:44:29.398+0000] {dagbag.py:540} INFO - Filling up the DagBag from /home/airflow/.local/lib/python3.12/site-packages/airflow/example_dags/example_task_group.py
[2024-05-05T10:44:29.407+0000] {processor.py:840} INFO - DAG(s) 'example_task_group' retrieved from /home/airflow/.local/lib/python3.12/site-packages/airflow/example_dags/example_task_group.py
[2024-05-05T10:44:29.433+0000] {logging_mixin.py:188} INFO - [2024-05-05T10:44:29.433+0000] {dag.py:3096} INFO - Sync 1 DAGs
[2024-05-05T10:44:29.461+0000] {logging_mixin.py:188} INFO - [2024-05-05T10:44:29.460+0000] {dag.py:3954} INFO - Setting next_dagrun for example_task_group to 2024-05-04 00:00:00+00:00, run_after=2024-05-05 00:00:00+00:00
[2024-05-05T10:44:29.487+0000] {processor.py:183} INFO - Processing /home/airflow/.local/lib/python3.12/site-packages/airflow/example_dags/example_task_group.py took 0.098 seconds
[2024-05-05T10:44:59.817+0000] {processor.py:161} INFO - Started process (PID=13893) to work on /home/airflow/.local/lib/python3.12/site-packages/airflow/example_dags/example_task_group.py
[2024-05-05T10:44:59.818+0000] {processor.py:830} INFO - Processing file /home/airflow/.local/lib/python3.12/site-packages/airflow/example_dags/example_task_group.py for tasks to queue
[2024-05-05T10:44:59.819+0000] {logging_mixin.py:188} INFO - [2024-05-05T10:44:59.819+0000] {dagbag.py:540} INFO - Filling up the DagBag from /home/airflow/.local/lib/python3.12/site-packages/airflow/example_dags/example_task_group.py
[2024-05-05T10:44:59.827+0000] {processor.py:840} INFO - DAG(s) 'example_task_group' retrieved from /home/airflow/.local/lib/python3.12/site-packages/airflow/example_dags/example_task_group.py
[2024-05-05T10:44:59.853+0000] {logging_mixin.py:188} INFO - [2024-05-05T10:44:59.852+0000] {dag.py:3096} INFO - Sync 1 DAGs
[2024-05-05T10:44:59.875+0000] {logging_mixin.py:188} INFO - [2024-05-05T10:44:59.875+0000] {dag.py:3954} INFO - Setting next_dagrun for example_task_group to 2024-05-04 00:00:00+00:00, run_after=2024-05-05 00:00:00+00:00
[2024-05-05T10:44:59.899+0000] {processor.py:183} INFO - Processing /home/airflow/.local/lib/python3.12/site-packages/airflow/example_dags/example_task_group.py took 0.089 seconds
[2024-05-05T10:45:30.344+0000] {processor.py:161} INFO - Started process (PID=14165) to work on /home/airflow/.local/lib/python3.12/site-packages/airflow/example_dags/example_task_group.py
[2024-05-05T10:45:30.345+0000] {processor.py:830} INFO - Processing file /home/airflow/.local/lib/python3.12/site-packages/airflow/example_dags/example_task_group.py for tasks to queue
[2024-05-05T10:45:30.347+0000] {logging_mixin.py:188} INFO - [2024-05-05T10:45:30.346+0000] {dagbag.py:540} INFO - Filling up the DagBag from /home/airflow/.local/lib/python3.12/site-packages/airflow/example_dags/example_task_group.py
[2024-05-05T10:45:30.355+0000] {processor.py:840} INFO - DAG(s) 'example_task_group' retrieved from /home/airflow/.local/lib/python3.12/site-packages/airflow/example_dags/example_task_group.py
[2024-05-05T10:45:30.380+0000] {logging_mixin.py:188} INFO - [2024-05-05T10:45:30.380+0000] {dag.py:3096} INFO - Sync 1 DAGs
[2024-05-05T10:45:30.404+0000] {logging_mixin.py:188} INFO - [2024-05-05T10:45:30.403+0000] {dag.py:3954} INFO - Setting next_dagrun for example_task_group to 2024-05-04 00:00:00+00:00, run_after=2024-05-05 00:00:00+00:00
[2024-05-05T10:45:30.428+0000] {processor.py:183} INFO - Processing /home/airflow/.local/lib/python3.12/site-packages/airflow/example_dags/example_task_group.py took 0.090 seconds
[2024-05-05T10:46:00.714+0000] {processor.py:161} INFO - Started process (PID=14437) to work on /home/airflow/.local/lib/python3.12/site-packages/airflow/example_dags/example_task_group.py
[2024-05-05T10:46:00.714+0000] {processor.py:830} INFO - Processing file /home/airflow/.local/lib/python3.12/site-packages/airflow/example_dags/example_task_group.py for tasks to queue
[2024-05-05T10:46:00.716+0000] {logging_mixin.py:188} INFO - [2024-05-05T10:46:00.716+0000] {dagbag.py:540} INFO - Filling up the DagBag from /home/airflow/.local/lib/python3.12/site-packages/airflow/example_dags/example_task_group.py
[2024-05-05T10:46:00.724+0000] {processor.py:840} INFO - DAG(s) 'example_task_group' retrieved from /home/airflow/.local/lib/python3.12/site-packages/airflow/example_dags/example_task_group.py
[2024-05-05T10:46:00.747+0000] {logging_mixin.py:188} INFO - [2024-05-05T10:46:00.747+0000] {dag.py:3096} INFO - Sync 1 DAGs
[2024-05-05T10:46:00.771+0000] {logging_mixin.py:188} INFO - [2024-05-05T10:46:00.771+0000] {dag.py:3954} INFO - Setting next_dagrun for example_task_group to 2024-05-04 00:00:00+00:00, run_after=2024-05-05 00:00:00+00:00
[2024-05-05T10:46:00.796+0000] {processor.py:183} INFO - Processing /home/airflow/.local/lib/python3.12/site-packages/airflow/example_dags/example_task_group.py took 0.089 seconds
[2024-05-05T10:46:31.999+0000] {processor.py:161} INFO - Started process (PID=14715) to work on /home/airflow/.local/lib/python3.12/site-packages/airflow/example_dags/example_task_group.py
[2024-05-05T10:46:31.999+0000] {processor.py:830} INFO - Processing file /home/airflow/.local/lib/python3.12/site-packages/airflow/example_dags/example_task_group.py for tasks to queue
[2024-05-05T10:46:32.001+0000] {logging_mixin.py:188} INFO - [2024-05-05T10:46:32.001+0000] {dagbag.py:540} INFO - Filling up the DagBag from /home/airflow/.local/lib/python3.12/site-packages/airflow/example_dags/example_task_group.py
[2024-05-05T10:46:32.009+0000] {processor.py:840} INFO - DAG(s) 'example_task_group' retrieved from /home/airflow/.local/lib/python3.12/site-packages/airflow/example_dags/example_task_group.py
[2024-05-05T10:46:32.032+0000] {logging_mixin.py:188} INFO - [2024-05-05T10:46:32.032+0000] {dag.py:3096} INFO - Sync 1 DAGs
[2024-05-05T10:46:32.059+0000] {logging_mixin.py:188} INFO - [2024-05-05T10:46:32.059+0000] {dag.py:3954} INFO - Setting next_dagrun for example_task_group to 2024-05-04 00:00:00+00:00, run_after=2024-05-05 00:00:00+00:00
[2024-05-05T10:46:32.094+0000] {processor.py:183} INFO - Processing /home/airflow/.local/lib/python3.12/site-packages/airflow/example_dags/example_task_group.py took 0.103 seconds
[2024-05-05T10:47:02.156+0000] {processor.py:161} INFO - Started process (PID=14987) to work on /home/airflow/.local/lib/python3.12/site-packages/airflow/example_dags/example_task_group.py
[2024-05-05T10:47:02.156+0000] {processor.py:830} INFO - Processing file /home/airflow/.local/lib/python3.12/site-packages/airflow/example_dags/example_task_group.py for tasks to queue
[2024-05-05T10:47:02.158+0000] {logging_mixin.py:188} INFO - [2024-05-05T10:47:02.158+0000] {dagbag.py:540} INFO - Filling up the DagBag from /home/airflow/.local/lib/python3.12/site-packages/airflow/example_dags/example_task_group.py
[2024-05-05T10:47:02.166+0000] {processor.py:840} INFO - DAG(s) 'example_task_group' retrieved from /home/airflow/.local/lib/python3.12/site-packages/airflow/example_dags/example_task_group.py
[2024-05-05T10:47:02.202+0000] {logging_mixin.py:188} INFO - [2024-05-05T10:47:02.202+0000] {dag.py:3096} INFO - Sync 1 DAGs
[2024-05-05T10:47:02.230+0000] {logging_mixin.py:188} INFO - [2024-05-05T10:47:02.230+0000] {dag.py:3954} INFO - Setting next_dagrun for example_task_group to 2024-05-04 00:00:00+00:00, run_after=2024-05-05 00:00:00+00:00
[2024-05-05T10:47:02.252+0000] {processor.py:183} INFO - Processing /home/airflow/.local/lib/python3.12/site-packages/airflow/example_dags/example_task_group.py took 0.103 seconds
[2024-05-05T10:47:33.154+0000] {processor.py:161} INFO - Started process (PID=15259) to work on /home/airflow/.local/lib/python3.12/site-packages/airflow/example_dags/example_task_group.py
[2024-05-05T10:47:33.155+0000] {processor.py:830} INFO - Processing file /home/airflow/.local/lib/python3.12/site-packages/airflow/example_dags/example_task_group.py for tasks to queue
[2024-05-05T10:47:33.156+0000] {logging_mixin.py:188} INFO - [2024-05-05T10:47:33.156+0000] {dagbag.py:540} INFO - Filling up the DagBag from /home/airflow/.local/lib/python3.12/site-packages/airflow/example_dags/example_task_group.py
[2024-05-05T10:47:33.170+0000] {processor.py:840} INFO - DAG(s) 'example_task_group' retrieved from /home/airflow/.local/lib/python3.12/site-packages/airflow/example_dags/example_task_group.py
[2024-05-05T10:47:33.209+0000] {logging_mixin.py:188} INFO - [2024-05-05T10:47:33.208+0000] {dag.py:3096} INFO - Sync 1 DAGs
[2024-05-05T10:47:33.252+0000] {logging_mixin.py:188} INFO - [2024-05-05T10:47:33.252+0000] {dag.py:3954} INFO - Setting next_dagrun for example_task_group to 2024-05-04 00:00:00+00:00, run_after=2024-05-05 00:00:00+00:00
[2024-05-05T10:47:33.273+0000] {processor.py:183} INFO - Processing /home/airflow/.local/lib/python3.12/site-packages/airflow/example_dags/example_task_group.py took 0.126 seconds
[2024-05-05T10:48:04.030+0000] {processor.py:161} INFO - Started process (PID=15531) to work on /home/airflow/.local/lib/python3.12/site-packages/airflow/example_dags/example_task_group.py
[2024-05-05T10:48:04.031+0000] {processor.py:830} INFO - Processing file /home/airflow/.local/lib/python3.12/site-packages/airflow/example_dags/example_task_group.py for tasks to queue
[2024-05-05T10:48:04.033+0000] {logging_mixin.py:188} INFO - [2024-05-05T10:48:04.032+0000] {dagbag.py:540} INFO - Filling up the DagBag from /home/airflow/.local/lib/python3.12/site-packages/airflow/example_dags/example_task_group.py
[2024-05-05T10:48:04.042+0000] {processor.py:840} INFO - DAG(s) 'example_task_group' retrieved from /home/airflow/.local/lib/python3.12/site-packages/airflow/example_dags/example_task_group.py
[2024-05-05T10:48:04.067+0000] {logging_mixin.py:188} INFO - [2024-05-05T10:48:04.067+0000] {dag.py:3096} INFO - Sync 1 DAGs
[2024-05-05T10:48:04.091+0000] {logging_mixin.py:188} INFO - [2024-05-05T10:48:04.091+0000] {dag.py:3954} INFO - Setting next_dagrun for example_task_group to 2024-05-04 00:00:00+00:00, run_after=2024-05-05 00:00:00+00:00
[2024-05-05T10:48:04.115+0000] {processor.py:183} INFO - Processing /home/airflow/.local/lib/python3.12/site-packages/airflow/example_dags/example_task_group.py took 0.091 seconds
[2024-05-05T10:48:35.077+0000] {processor.py:161} INFO - Started process (PID=15803) to work on /home/airflow/.local/lib/python3.12/site-packages/airflow/example_dags/example_task_group.py
[2024-05-05T10:48:35.078+0000] {processor.py:830} INFO - Processing file /home/airflow/.local/lib/python3.12/site-packages/airflow/example_dags/example_task_group.py for tasks to queue
[2024-05-05T10:48:35.079+0000] {logging_mixin.py:188} INFO - [2024-05-05T10:48:35.079+0000] {dagbag.py:540} INFO - Filling up the DagBag from /home/airflow/.local/lib/python3.12/site-packages/airflow/example_dags/example_task_group.py
[2024-05-05T10:48:35.088+0000] {processor.py:840} INFO - DAG(s) 'example_task_group' retrieved from /home/airflow/.local/lib/python3.12/site-packages/airflow/example_dags/example_task_group.py
[2024-05-05T10:48:35.112+0000] {logging_mixin.py:188} INFO - [2024-05-05T10:48:35.112+0000] {dag.py:3096} INFO - Sync 1 DAGs
[2024-05-05T10:48:35.138+0000] {logging_mixin.py:188} INFO - [2024-05-05T10:48:35.138+0000] {dag.py:3954} INFO - Setting next_dagrun for example_task_group to 2024-05-04 00:00:00+00:00, run_after=2024-05-05 00:00:00+00:00
[2024-05-05T10:48:35.164+0000] {processor.py:183} INFO - Processing /home/airflow/.local/lib/python3.12/site-packages/airflow/example_dags/example_task_group.py took 0.095 seconds
[2024-05-05T10:49:05.984+0000] {processor.py:161} INFO - Started process (PID=16075) to work on /home/airflow/.local/lib/python3.12/site-packages/airflow/example_dags/example_task_group.py
[2024-05-05T10:49:05.985+0000] {processor.py:830} INFO - Processing file /home/airflow/.local/lib/python3.12/site-packages/airflow/example_dags/example_task_group.py for tasks to queue
[2024-05-05T10:49:05.987+0000] {logging_mixin.py:188} INFO - [2024-05-05T10:49:05.986+0000] {dagbag.py:540} INFO - Filling up the DagBag from /home/airflow/.local/lib/python3.12/site-packages/airflow/example_dags/example_task_group.py
[2024-05-05T10:49:05.995+0000] {processor.py:840} INFO - DAG(s) 'example_task_group' retrieved from /home/airflow/.local/lib/python3.12/site-packages/airflow/example_dags/example_task_group.py
[2024-05-05T10:49:06.024+0000] {logging_mixin.py:188} INFO - [2024-05-05T10:49:06.024+0000] {dag.py:3096} INFO - Sync 1 DAGs
[2024-05-05T10:49:06.046+0000] {logging_mixin.py:188} INFO - [2024-05-05T10:49:06.046+0000] {dag.py:3954} INFO - Setting next_dagrun for example_task_group to 2024-05-04 00:00:00+00:00, run_after=2024-05-05 00:00:00+00:00
[2024-05-05T10:49:06.066+0000] {processor.py:183} INFO - Processing /home/airflow/.local/lib/python3.12/site-packages/airflow/example_dags/example_task_group.py took 0.089 seconds
[2024-05-05T10:49:36.301+0000] {processor.py:161} INFO - Started process (PID=16357) to work on /home/airflow/.local/lib/python3.12/site-packages/airflow/example_dags/example_task_group.py
[2024-05-05T10:49:36.301+0000] {processor.py:830} INFO - Processing file /home/airflow/.local/lib/python3.12/site-packages/airflow/example_dags/example_task_group.py for tasks to queue
[2024-05-05T10:49:36.303+0000] {logging_mixin.py:188} INFO - [2024-05-05T10:49:36.302+0000] {dagbag.py:540} INFO - Filling up the DagBag from /home/airflow/.local/lib/python3.12/site-packages/airflow/example_dags/example_task_group.py
[2024-05-05T10:49:36.310+0000] {processor.py:840} INFO - DAG(s) 'example_task_group' retrieved from /home/airflow/.local/lib/python3.12/site-packages/airflow/example_dags/example_task_group.py
[2024-05-05T10:49:36.334+0000] {logging_mixin.py:188} INFO - [2024-05-05T10:49:36.333+0000] {dag.py:3096} INFO - Sync 1 DAGs
[2024-05-05T10:49:36.351+0000] {logging_mixin.py:188} INFO - [2024-05-05T10:49:36.351+0000] {dag.py:3954} INFO - Setting next_dagrun for example_task_group to 2024-05-04 00:00:00+00:00, run_after=2024-05-05 00:00:00+00:00
[2024-05-05T10:49:36.371+0000] {processor.py:183} INFO - Processing /home/airflow/.local/lib/python3.12/site-packages/airflow/example_dags/example_task_group.py took 0.076 seconds
[2024-05-05T10:50:07.151+0000] {processor.py:161} INFO - Started process (PID=16634) to work on /home/airflow/.local/lib/python3.12/site-packages/airflow/example_dags/example_task_group.py
[2024-05-05T10:50:07.152+0000] {processor.py:830} INFO - Processing file /home/airflow/.local/lib/python3.12/site-packages/airflow/example_dags/example_task_group.py for tasks to queue
[2024-05-05T10:50:07.154+0000] {logging_mixin.py:188} INFO - [2024-05-05T10:50:07.154+0000] {dagbag.py:540} INFO - Filling up the DagBag from /home/airflow/.local/lib/python3.12/site-packages/airflow/example_dags/example_task_group.py
[2024-05-05T10:50:07.162+0000] {processor.py:840} INFO - DAG(s) 'example_task_group' retrieved from /home/airflow/.local/lib/python3.12/site-packages/airflow/example_dags/example_task_group.py
[2024-05-05T10:50:07.187+0000] {logging_mixin.py:188} INFO - [2024-05-05T10:50:07.187+0000] {dag.py:3096} INFO - Sync 1 DAGs
[2024-05-05T10:50:07.210+0000] {logging_mixin.py:188} INFO - [2024-05-05T10:50:07.210+0000] {dag.py:3954} INFO - Setting next_dagrun for example_task_group to 2024-05-04 00:00:00+00:00, run_after=2024-05-05 00:00:00+00:00
[2024-05-05T10:50:07.233+0000] {processor.py:183} INFO - Processing /home/airflow/.local/lib/python3.12/site-packages/airflow/example_dags/example_task_group.py took 0.088 seconds
[2024-05-05T10:50:37.500+0000] {processor.py:161} INFO - Started process (PID=16911) to work on /home/airflow/.local/lib/python3.12/site-packages/airflow/example_dags/example_task_group.py
[2024-05-05T10:50:37.501+0000] {processor.py:830} INFO - Processing file /home/airflow/.local/lib/python3.12/site-packages/airflow/example_dags/example_task_group.py for tasks to queue
[2024-05-05T10:50:37.503+0000] {logging_mixin.py:188} INFO - [2024-05-05T10:50:37.502+0000] {dagbag.py:540} INFO - Filling up the DagBag from /home/airflow/.local/lib/python3.12/site-packages/airflow/example_dags/example_task_group.py
[2024-05-05T10:50:37.511+0000] {processor.py:840} INFO - DAG(s) 'example_task_group' retrieved from /home/airflow/.local/lib/python3.12/site-packages/airflow/example_dags/example_task_group.py
[2024-05-05T10:50:37.534+0000] {logging_mixin.py:188} INFO - [2024-05-05T10:50:37.533+0000] {dag.py:3096} INFO - Sync 1 DAGs
[2024-05-05T10:50:37.557+0000] {logging_mixin.py:188} INFO - [2024-05-05T10:50:37.557+0000] {dag.py:3954} INFO - Setting next_dagrun for example_task_group to 2024-05-04 00:00:00+00:00, run_after=2024-05-05 00:00:00+00:00
[2024-05-05T10:50:37.579+0000] {processor.py:183} INFO - Processing /home/airflow/.local/lib/python3.12/site-packages/airflow/example_dags/example_task_group.py took 0.085 seconds
[2024-05-05T10:51:08.438+0000] {processor.py:161} INFO - Started process (PID=17188) to work on /home/airflow/.local/lib/python3.12/site-packages/airflow/example_dags/example_task_group.py
[2024-05-05T10:51:08.439+0000] {processor.py:830} INFO - Processing file /home/airflow/.local/lib/python3.12/site-packages/airflow/example_dags/example_task_group.py for tasks to queue
[2024-05-05T10:51:08.441+0000] {logging_mixin.py:188} INFO - [2024-05-05T10:51:08.441+0000] {dagbag.py:540} INFO - Filling up the DagBag from /home/airflow/.local/lib/python3.12/site-packages/airflow/example_dags/example_task_group.py
[2024-05-05T10:51:08.449+0000] {processor.py:840} INFO - DAG(s) 'example_task_group' retrieved from /home/airflow/.local/lib/python3.12/site-packages/airflow/example_dags/example_task_group.py
[2024-05-05T10:51:08.476+0000] {logging_mixin.py:188} INFO - [2024-05-05T10:51:08.475+0000] {dag.py:3096} INFO - Sync 1 DAGs
[2024-05-05T10:51:08.497+0000] {logging_mixin.py:188} INFO - [2024-05-05T10:51:08.497+0000] {dag.py:3954} INFO - Setting next_dagrun for example_task_group to 2024-05-04 00:00:00+00:00, run_after=2024-05-05 00:00:00+00:00
[2024-05-05T10:51:08.517+0000] {processor.py:183} INFO - Processing /home/airflow/.local/lib/python3.12/site-packages/airflow/example_dags/example_task_group.py took 0.087 seconds
[2024-05-05T10:51:39.526+0000] {processor.py:161} INFO - Started process (PID=17465) to work on /home/airflow/.local/lib/python3.12/site-packages/airflow/example_dags/example_task_group.py
[2024-05-05T10:51:39.527+0000] {processor.py:830} INFO - Processing file /home/airflow/.local/lib/python3.12/site-packages/airflow/example_dags/example_task_group.py for tasks to queue
[2024-05-05T10:51:39.529+0000] {logging_mixin.py:188} INFO - [2024-05-05T10:51:39.528+0000] {dagbag.py:540} INFO - Filling up the DagBag from /home/airflow/.local/lib/python3.12/site-packages/airflow/example_dags/example_task_group.py
[2024-05-05T10:51:39.537+0000] {processor.py:840} INFO - DAG(s) 'example_task_group' retrieved from /home/airflow/.local/lib/python3.12/site-packages/airflow/example_dags/example_task_group.py
[2024-05-05T10:51:39.559+0000] {logging_mixin.py:188} INFO - [2024-05-05T10:51:39.559+0000] {dag.py:3096} INFO - Sync 1 DAGs
[2024-05-05T10:51:39.577+0000] {logging_mixin.py:188} INFO - [2024-05-05T10:51:39.576+0000] {dag.py:3954} INFO - Setting next_dagrun for example_task_group to 2024-05-04 00:00:00+00:00, run_after=2024-05-05 00:00:00+00:00
[2024-05-05T10:51:39.597+0000] {processor.py:183} INFO - Processing /home/airflow/.local/lib/python3.12/site-packages/airflow/example_dags/example_task_group.py took 0.078 seconds
[2024-05-05T10:52:10.009+0000] {processor.py:161} INFO - Started process (PID=17742) to work on /home/airflow/.local/lib/python3.12/site-packages/airflow/example_dags/example_task_group.py
[2024-05-05T10:52:10.009+0000] {processor.py:830} INFO - Processing file /home/airflow/.local/lib/python3.12/site-packages/airflow/example_dags/example_task_group.py for tasks to queue
[2024-05-05T10:52:10.011+0000] {logging_mixin.py:188} INFO - [2024-05-05T10:52:10.011+0000] {dagbag.py:540} INFO - Filling up the DagBag from /home/airflow/.local/lib/python3.12/site-packages/airflow/example_dags/example_task_group.py
[2024-05-05T10:52:10.019+0000] {processor.py:840} INFO - DAG(s) 'example_task_group' retrieved from /home/airflow/.local/lib/python3.12/site-packages/airflow/example_dags/example_task_group.py
[2024-05-05T10:52:10.041+0000] {logging_mixin.py:188} INFO - [2024-05-05T10:52:10.041+0000] {dag.py:3096} INFO - Sync 1 DAGs
[2024-05-05T10:52:10.067+0000] {logging_mixin.py:188} INFO - [2024-05-05T10:52:10.067+0000] {dag.py:3954} INFO - Setting next_dagrun for example_task_group to 2024-05-04 00:00:00+00:00, run_after=2024-05-05 00:00:00+00:00
[2024-05-05T10:52:10.091+0000] {processor.py:183} INFO - Processing /home/airflow/.local/lib/python3.12/site-packages/airflow/example_dags/example_task_group.py took 0.090 seconds
[2024-05-05T10:52:46.790+0000] {processor.py:161} INFO - Started process (PID=18067) to work on /home/airflow/.local/lib/python3.12/site-packages/airflow/example_dags/example_task_group.py
[2024-05-05T10:52:46.791+0000] {processor.py:830} INFO - Processing file /home/airflow/.local/lib/python3.12/site-packages/airflow/example_dags/example_task_group.py for tasks to queue
[2024-05-05T10:52:46.793+0000] {logging_mixin.py:188} INFO - [2024-05-05T10:52:46.792+0000] {dagbag.py:540} INFO - Filling up the DagBag from /home/airflow/.local/lib/python3.12/site-packages/airflow/example_dags/example_task_group.py
[2024-05-05T10:52:46.800+0000] {processor.py:840} INFO - DAG(s) 'example_task_group' retrieved from /home/airflow/.local/lib/python3.12/site-packages/airflow/example_dags/example_task_group.py
[2024-05-05T10:52:46.826+0000] {logging_mixin.py:188} INFO - [2024-05-05T10:52:46.825+0000] {dag.py:3096} INFO - Sync 1 DAGs
[2024-05-05T10:52:46.855+0000] {logging_mixin.py:188} INFO - [2024-05-05T10:52:46.854+0000] {dag.py:3954} INFO - Setting next_dagrun for example_task_group to 2024-05-04 00:00:00+00:00, run_after=2024-05-05 00:00:00+00:00
[2024-05-05T10:52:46.881+0000] {processor.py:183} INFO - Processing /home/airflow/.local/lib/python3.12/site-packages/airflow/example_dags/example_task_group.py took 0.098 seconds
[2024-05-05T10:53:17.705+0000] {processor.py:161} INFO - Started process (PID=18344) to work on /home/airflow/.local/lib/python3.12/site-packages/airflow/example_dags/example_task_group.py
[2024-05-05T10:53:17.706+0000] {processor.py:830} INFO - Processing file /home/airflow/.local/lib/python3.12/site-packages/airflow/example_dags/example_task_group.py for tasks to queue
[2024-05-05T10:53:17.708+0000] {logging_mixin.py:188} INFO - [2024-05-05T10:53:17.707+0000] {dagbag.py:540} INFO - Filling up the DagBag from /home/airflow/.local/lib/python3.12/site-packages/airflow/example_dags/example_task_group.py
[2024-05-05T10:53:17.715+0000] {processor.py:840} INFO - DAG(s) 'example_task_group' retrieved from /home/airflow/.local/lib/python3.12/site-packages/airflow/example_dags/example_task_group.py
[2024-05-05T10:53:17.741+0000] {logging_mixin.py:188} INFO - [2024-05-05T10:53:17.741+0000] {dag.py:3096} INFO - Sync 1 DAGs
[2024-05-05T10:53:17.766+0000] {logging_mixin.py:188} INFO - [2024-05-05T10:53:17.766+0000] {dag.py:3954} INFO - Setting next_dagrun for example_task_group to 2024-05-04 00:00:00+00:00, run_after=2024-05-05 00:00:00+00:00
[2024-05-05T10:53:17.790+0000] {processor.py:183} INFO - Processing /home/airflow/.local/lib/python3.12/site-packages/airflow/example_dags/example_task_group.py took 0.092 seconds
[2024-05-05T10:53:48.494+0000] {processor.py:161} INFO - Started process (PID=18621) to work on /home/airflow/.local/lib/python3.12/site-packages/airflow/example_dags/example_task_group.py
[2024-05-05T10:53:48.494+0000] {processor.py:830} INFO - Processing file /home/airflow/.local/lib/python3.12/site-packages/airflow/example_dags/example_task_group.py for tasks to queue
[2024-05-05T10:53:48.496+0000] {logging_mixin.py:188} INFO - [2024-05-05T10:53:48.496+0000] {dagbag.py:540} INFO - Filling up the DagBag from /home/airflow/.local/lib/python3.12/site-packages/airflow/example_dags/example_task_group.py
[2024-05-05T10:53:48.504+0000] {processor.py:840} INFO - DAG(s) 'example_task_group' retrieved from /home/airflow/.local/lib/python3.12/site-packages/airflow/example_dags/example_task_group.py
[2024-05-05T10:53:48.529+0000] {logging_mixin.py:188} INFO - [2024-05-05T10:53:48.529+0000] {dag.py:3096} INFO - Sync 1 DAGs
[2024-05-05T10:53:48.556+0000] {logging_mixin.py:188} INFO - [2024-05-05T10:53:48.556+0000] {dag.py:3954} INFO - Setting next_dagrun for example_task_group to 2024-05-04 00:00:00+00:00, run_after=2024-05-05 00:00:00+00:00
[2024-05-05T10:53:48.585+0000] {processor.py:183} INFO - Processing /home/airflow/.local/lib/python3.12/site-packages/airflow/example_dags/example_task_group.py took 0.099 seconds
[2024-05-05T10:54:26.471+0000] {processor.py:161} INFO - Started process (PID=18934) to work on /home/airflow/.local/lib/python3.12/site-packages/airflow/example_dags/example_task_group.py
[2024-05-05T10:54:26.499+0000] {processor.py:830} INFO - Processing file /home/airflow/.local/lib/python3.12/site-packages/airflow/example_dags/example_task_group.py for tasks to queue
[2024-05-05T10:54:26.526+0000] {logging_mixin.py:188} INFO - [2024-05-05T10:54:26.525+0000] {dagbag.py:540} INFO - Filling up the DagBag from /home/airflow/.local/lib/python3.12/site-packages/airflow/example_dags/example_task_group.py
[2024-05-05T10:54:26.654+0000] {processor.py:840} INFO - DAG(s) 'example_task_group' retrieved from /home/airflow/.local/lib/python3.12/site-packages/airflow/example_dags/example_task_group.py
[2024-05-05T10:54:26.924+0000] {logging_mixin.py:188} INFO - [2024-05-05T10:54:26.924+0000] {dag.py:3096} INFO - Sync 1 DAGs
[2024-05-05T10:54:27.158+0000] {logging_mixin.py:188} INFO - [2024-05-05T10:54:27.158+0000] {dag.py:3954} INFO - Setting next_dagrun for example_task_group to 2024-05-04 00:00:00+00:00, run_after=2024-05-05 00:00:00+00:00
[2024-05-05T10:54:27.338+0000] {processor.py:183} INFO - Processing /home/airflow/.local/lib/python3.12/site-packages/airflow/example_dags/example_task_group.py took 0.911 seconds
[2024-05-05T10:54:58.026+0000] {processor.py:161} INFO - Started process (PID=19238) to work on /home/airflow/.local/lib/python3.12/site-packages/airflow/example_dags/example_task_group.py
[2024-05-05T10:54:58.026+0000] {processor.py:830} INFO - Processing file /home/airflow/.local/lib/python3.12/site-packages/airflow/example_dags/example_task_group.py for tasks to queue
[2024-05-05T10:54:58.028+0000] {logging_mixin.py:188} INFO - [2024-05-05T10:54:58.028+0000] {dagbag.py:540} INFO - Filling up the DagBag from /home/airflow/.local/lib/python3.12/site-packages/airflow/example_dags/example_task_group.py
[2024-05-05T10:54:58.036+0000] {processor.py:840} INFO - DAG(s) 'example_task_group' retrieved from /home/airflow/.local/lib/python3.12/site-packages/airflow/example_dags/example_task_group.py
[2024-05-05T10:54:58.070+0000] {logging_mixin.py:188} INFO - [2024-05-05T10:54:58.069+0000] {dag.py:3096} INFO - Sync 1 DAGs
[2024-05-05T10:54:58.108+0000] {logging_mixin.py:188} INFO - [2024-05-05T10:54:58.108+0000] {dag.py:3954} INFO - Setting next_dagrun for example_task_group to 2024-05-04 00:00:00+00:00, run_after=2024-05-05 00:00:00+00:00
[2024-05-05T10:54:58.144+0000] {processor.py:183} INFO - Processing /home/airflow/.local/lib/python3.12/site-packages/airflow/example_dags/example_task_group.py took 0.124 seconds
[2024-05-05T10:55:28.948+0000] {processor.py:161} INFO - Started process (PID=19515) to work on /home/airflow/.local/lib/python3.12/site-packages/airflow/example_dags/example_task_group.py
[2024-05-05T10:55:28.949+0000] {processor.py:830} INFO - Processing file /home/airflow/.local/lib/python3.12/site-packages/airflow/example_dags/example_task_group.py for tasks to queue
[2024-05-05T10:55:28.950+0000] {logging_mixin.py:188} INFO - [2024-05-05T10:55:28.950+0000] {dagbag.py:540} INFO - Filling up the DagBag from /home/airflow/.local/lib/python3.12/site-packages/airflow/example_dags/example_task_group.py
[2024-05-05T10:55:28.958+0000] {processor.py:840} INFO - DAG(s) 'example_task_group' retrieved from /home/airflow/.local/lib/python3.12/site-packages/airflow/example_dags/example_task_group.py
[2024-05-05T10:55:28.981+0000] {logging_mixin.py:188} INFO - [2024-05-05T10:55:28.981+0000] {dag.py:3096} INFO - Sync 1 DAGs
[2024-05-05T10:55:29.008+0000] {logging_mixin.py:188} INFO - [2024-05-05T10:55:29.008+0000] {dag.py:3954} INFO - Setting next_dagrun for example_task_group to 2024-05-04 00:00:00+00:00, run_after=2024-05-05 00:00:00+00:00
[2024-05-05T10:55:29.032+0000] {processor.py:183} INFO - Processing /home/airflow/.local/lib/python3.12/site-packages/airflow/example_dags/example_task_group.py took 0.090 seconds
