[2024-05-05T10:19:19.426+0000] {processor.py:161} INFO - Started process (PID=212) to work on /home/airflow/.local/lib/python3.12/site-packages/airflow/example_dags/example_bash_operator.py
[2024-05-05T10:19:19.427+0000] {processor.py:830} INFO - Processing file /home/airflow/.local/lib/python3.12/site-packages/airflow/example_dags/example_bash_operator.py for tasks to queue
[2024-05-05T10:19:19.429+0000] {logging_mixin.py:188} INFO - [2024-05-05T10:19:19.428+0000] {dagbag.py:540} INFO - Filling up the DagBag from /home/airflow/.local/lib/python3.12/site-packages/airflow/example_dags/example_bash_operator.py
[2024-05-05T10:19:19.445+0000] {processor.py:840} INFO - DAG(s) 'example_bash_operator' retrieved from /home/airflow/.local/lib/python3.12/site-packages/airflow/example_dags/example_bash_operator.py
[2024-05-05T10:19:19.919+0000] {logging_mixin.py:188} INFO - [2024-05-05T10:19:19.918+0000] {override.py:1829} INFO - Created Permission View: can delete on DAG:example_bash_operator
[2024-05-05T10:19:19.953+0000] {logging_mixin.py:188} INFO - [2024-05-05T10:19:19.952+0000] {override.py:1829} INFO - Created Permission View: can edit on DAG:example_bash_operator
[2024-05-05T10:19:19.966+0000] {logging_mixin.py:188} INFO - [2024-05-05T10:19:19.965+0000] {override.py:1829} INFO - Created Permission View: can read on DAG:example_bash_operator
[2024-05-05T10:19:19.966+0000] {logging_mixin.py:188} INFO - [2024-05-05T10:19:19.966+0000] {dag.py:3096} INFO - Sync 1 DAGs
[2024-05-05T10:19:19.982+0000] {logging_mixin.py:188} INFO - [2024-05-05T10:19:19.982+0000] {dag.py:3118} INFO - Creating ORM DAG for example_bash_operator
[2024-05-05T10:19:20.018+0000] {logging_mixin.py:188} INFO - [2024-05-05T10:19:20.017+0000] {dag.py:3954} INFO - Setting next_dagrun for example_bash_operator to 2024-05-04 00:00:00+00:00, run_after=2024-05-05 00:00:00+00:00
[2024-05-05T10:19:20.052+0000] {processor.py:183} INFO - Processing /home/airflow/.local/lib/python3.12/site-packages/airflow/example_dags/example_bash_operator.py took 0.633 seconds
[2024-05-05T10:19:50.920+0000] {processor.py:161} INFO - Started process (PID=476) to work on /home/airflow/.local/lib/python3.12/site-packages/airflow/example_dags/example_bash_operator.py
[2024-05-05T10:19:50.921+0000] {processor.py:830} INFO - Processing file /home/airflow/.local/lib/python3.12/site-packages/airflow/example_dags/example_bash_operator.py for tasks to queue
[2024-05-05T10:19:50.923+0000] {logging_mixin.py:188} INFO - [2024-05-05T10:19:50.922+0000] {dagbag.py:540} INFO - Filling up the DagBag from /home/airflow/.local/lib/python3.12/site-packages/airflow/example_dags/example_bash_operator.py
[2024-05-05T10:19:50.936+0000] {processor.py:840} INFO - DAG(s) 'example_bash_operator' retrieved from /home/airflow/.local/lib/python3.12/site-packages/airflow/example_dags/example_bash_operator.py
[2024-05-05T10:19:50.970+0000] {logging_mixin.py:188} INFO - [2024-05-05T10:19:50.969+0000] {dag.py:3096} INFO - Sync 1 DAGs
[2024-05-05T10:19:50.995+0000] {logging_mixin.py:188} INFO - [2024-05-05T10:19:50.995+0000] {dag.py:3954} INFO - Setting next_dagrun for example_bash_operator to 2024-05-04 00:00:00+00:00, run_after=2024-05-05 00:00:00+00:00
[2024-05-05T10:19:51.020+0000] {processor.py:183} INFO - Processing /home/airflow/.local/lib/python3.12/site-packages/airflow/example_dags/example_bash_operator.py took 0.106 seconds
[2024-05-05T10:20:21.060+0000] {processor.py:161} INFO - Started process (PID=738) to work on /home/airflow/.local/lib/python3.12/site-packages/airflow/example_dags/example_bash_operator.py
[2024-05-05T10:20:21.060+0000] {processor.py:830} INFO - Processing file /home/airflow/.local/lib/python3.12/site-packages/airflow/example_dags/example_bash_operator.py for tasks to queue
[2024-05-05T10:20:21.061+0000] {logging_mixin.py:188} INFO - [2024-05-05T10:20:21.061+0000] {dagbag.py:540} INFO - Filling up the DagBag from /home/airflow/.local/lib/python3.12/site-packages/airflow/example_dags/example_bash_operator.py
[2024-05-05T10:20:21.070+0000] {processor.py:840} INFO - DAG(s) 'example_bash_operator' retrieved from /home/airflow/.local/lib/python3.12/site-packages/airflow/example_dags/example_bash_operator.py
[2024-05-05T10:20:21.094+0000] {logging_mixin.py:188} INFO - [2024-05-05T10:20:21.094+0000] {dag.py:3096} INFO - Sync 1 DAGs
[2024-05-05T10:20:21.112+0000] {logging_mixin.py:188} INFO - [2024-05-05T10:20:21.112+0000] {dag.py:3954} INFO - Setting next_dagrun for example_bash_operator to 2024-05-04 00:00:00+00:00, run_after=2024-05-05 00:00:00+00:00
[2024-05-05T10:20:21.132+0000] {processor.py:183} INFO - Processing /home/airflow/.local/lib/python3.12/site-packages/airflow/example_dags/example_bash_operator.py took 0.077 seconds
[2024-05-05T10:20:51.254+0000] {processor.py:161} INFO - Started process (PID=1000) to work on /home/airflow/.local/lib/python3.12/site-packages/airflow/example_dags/example_bash_operator.py
[2024-05-05T10:20:51.255+0000] {processor.py:830} INFO - Processing file /home/airflow/.local/lib/python3.12/site-packages/airflow/example_dags/example_bash_operator.py for tasks to queue
[2024-05-05T10:20:51.256+0000] {logging_mixin.py:188} INFO - [2024-05-05T10:20:51.256+0000] {dagbag.py:540} INFO - Filling up the DagBag from /home/airflow/.local/lib/python3.12/site-packages/airflow/example_dags/example_bash_operator.py
[2024-05-05T10:20:51.265+0000] {processor.py:840} INFO - DAG(s) 'example_bash_operator' retrieved from /home/airflow/.local/lib/python3.12/site-packages/airflow/example_dags/example_bash_operator.py
[2024-05-05T10:20:51.289+0000] {logging_mixin.py:188} INFO - [2024-05-05T10:20:51.288+0000] {dag.py:3096} INFO - Sync 1 DAGs
[2024-05-05T10:20:51.308+0000] {logging_mixin.py:188} INFO - [2024-05-05T10:20:51.307+0000] {dag.py:3954} INFO - Setting next_dagrun for example_bash_operator to 2024-05-04 00:00:00+00:00, run_after=2024-05-05 00:00:00+00:00
[2024-05-05T10:20:51.329+0000] {processor.py:183} INFO - Processing /home/airflow/.local/lib/python3.12/site-packages/airflow/example_dags/example_bash_operator.py took 0.079 seconds
[2024-05-05T10:21:21.540+0000] {processor.py:161} INFO - Started process (PID=1262) to work on /home/airflow/.local/lib/python3.12/site-packages/airflow/example_dags/example_bash_operator.py
[2024-05-05T10:21:21.541+0000] {processor.py:830} INFO - Processing file /home/airflow/.local/lib/python3.12/site-packages/airflow/example_dags/example_bash_operator.py for tasks to queue
[2024-05-05T10:21:21.542+0000] {logging_mixin.py:188} INFO - [2024-05-05T10:21:21.542+0000] {dagbag.py:540} INFO - Filling up the DagBag from /home/airflow/.local/lib/python3.12/site-packages/airflow/example_dags/example_bash_operator.py
[2024-05-05T10:21:21.551+0000] {processor.py:840} INFO - DAG(s) 'example_bash_operator' retrieved from /home/airflow/.local/lib/python3.12/site-packages/airflow/example_dags/example_bash_operator.py
[2024-05-05T10:21:21.584+0000] {logging_mixin.py:188} INFO - [2024-05-05T10:21:21.584+0000] {dag.py:3096} INFO - Sync 1 DAGs
[2024-05-05T10:21:21.613+0000] {logging_mixin.py:188} INFO - [2024-05-05T10:21:21.612+0000] {dag.py:3954} INFO - Setting next_dagrun for example_bash_operator to 2024-05-04 00:00:00+00:00, run_after=2024-05-05 00:00:00+00:00
[2024-05-05T10:21:21.638+0000] {processor.py:183} INFO - Processing /home/airflow/.local/lib/python3.12/site-packages/airflow/example_dags/example_bash_operator.py took 0.102 seconds
[2024-05-05T10:21:52.481+0000] {processor.py:161} INFO - Started process (PID=1524) to work on /home/airflow/.local/lib/python3.12/site-packages/airflow/example_dags/example_bash_operator.py
[2024-05-05T10:21:52.482+0000] {processor.py:830} INFO - Processing file /home/airflow/.local/lib/python3.12/site-packages/airflow/example_dags/example_bash_operator.py for tasks to queue
[2024-05-05T10:21:52.483+0000] {logging_mixin.py:188} INFO - [2024-05-05T10:21:52.483+0000] {dagbag.py:540} INFO - Filling up the DagBag from /home/airflow/.local/lib/python3.12/site-packages/airflow/example_dags/example_bash_operator.py
[2024-05-05T10:21:52.494+0000] {processor.py:840} INFO - DAG(s) 'example_bash_operator' retrieved from /home/airflow/.local/lib/python3.12/site-packages/airflow/example_dags/example_bash_operator.py
[2024-05-05T10:21:52.517+0000] {logging_mixin.py:188} INFO - [2024-05-05T10:21:52.516+0000] {dag.py:3096} INFO - Sync 1 DAGs
[2024-05-05T10:21:52.535+0000] {logging_mixin.py:188} INFO - [2024-05-05T10:21:52.535+0000] {dag.py:3954} INFO - Setting next_dagrun for example_bash_operator to 2024-05-04 00:00:00+00:00, run_after=2024-05-05 00:00:00+00:00
[2024-05-05T10:21:52.556+0000] {processor.py:183} INFO - Processing /home/airflow/.local/lib/python3.12/site-packages/airflow/example_dags/example_bash_operator.py took 0.079 seconds
[2024-05-05T10:22:23.189+0000] {processor.py:161} INFO - Started process (PID=1787) to work on /home/airflow/.local/lib/python3.12/site-packages/airflow/example_dags/example_bash_operator.py
[2024-05-05T10:22:23.190+0000] {processor.py:830} INFO - Processing file /home/airflow/.local/lib/python3.12/site-packages/airflow/example_dags/example_bash_operator.py for tasks to queue
[2024-05-05T10:22:23.192+0000] {logging_mixin.py:188} INFO - [2024-05-05T10:22:23.191+0000] {dagbag.py:540} INFO - Filling up the DagBag from /home/airflow/.local/lib/python3.12/site-packages/airflow/example_dags/example_bash_operator.py
[2024-05-05T10:22:23.207+0000] {processor.py:840} INFO - DAG(s) 'example_bash_operator' retrieved from /home/airflow/.local/lib/python3.12/site-packages/airflow/example_dags/example_bash_operator.py
[2024-05-05T10:22:23.229+0000] {logging_mixin.py:188} INFO - [2024-05-05T10:22:23.229+0000] {dag.py:3096} INFO - Sync 1 DAGs
[2024-05-05T10:22:23.250+0000] {logging_mixin.py:188} INFO - [2024-05-05T10:22:23.250+0000] {dag.py:3954} INFO - Setting next_dagrun for example_bash_operator to 2024-05-04 00:00:00+00:00, run_after=2024-05-05 00:00:00+00:00
[2024-05-05T10:22:23.270+0000] {processor.py:183} INFO - Processing /home/airflow/.local/lib/python3.12/site-packages/airflow/example_dags/example_bash_operator.py took 0.091 seconds
[2024-05-05T10:22:53.479+0000] {processor.py:161} INFO - Started process (PID=2128) to work on /home/airflow/.local/lib/python3.12/site-packages/airflow/example_dags/example_bash_operator.py
[2024-05-05T10:22:53.492+0000] {processor.py:830} INFO - Processing file /home/airflow/.local/lib/python3.12/site-packages/airflow/example_dags/example_bash_operator.py for tasks to queue
[2024-05-05T10:22:53.500+0000] {logging_mixin.py:188} INFO - [2024-05-05T10:22:53.500+0000] {dagbag.py:540} INFO - Filling up the DagBag from /home/airflow/.local/lib/python3.12/site-packages/airflow/example_dags/example_bash_operator.py
[2024-05-05T10:22:53.553+0000] {processor.py:840} INFO - DAG(s) 'example_bash_operator' retrieved from /home/airflow/.local/lib/python3.12/site-packages/airflow/example_dags/example_bash_operator.py
[2024-05-05T10:22:53.732+0000] {logging_mixin.py:188} INFO - [2024-05-05T10:22:53.732+0000] {dag.py:3096} INFO - Sync 1 DAGs
[2024-05-05T10:22:53.810+0000] {logging_mixin.py:188} INFO - [2024-05-05T10:22:53.810+0000] {dag.py:3954} INFO - Setting next_dagrun for example_bash_operator to 2024-05-04 00:00:00+00:00, run_after=2024-05-05 00:00:00+00:00
[2024-05-05T10:22:53.864+0000] {processor.py:183} INFO - Processing /home/airflow/.local/lib/python3.12/site-packages/airflow/example_dags/example_bash_operator.py took 0.406 seconds
[2024-05-05T10:23:24.646+0000] {processor.py:161} INFO - Started process (PID=2456) to work on /home/airflow/.local/lib/python3.12/site-packages/airflow/example_dags/example_bash_operator.py
[2024-05-05T10:23:24.647+0000] {processor.py:830} INFO - Processing file /home/airflow/.local/lib/python3.12/site-packages/airflow/example_dags/example_bash_operator.py for tasks to queue
[2024-05-05T10:23:24.649+0000] {logging_mixin.py:188} INFO - [2024-05-05T10:23:24.648+0000] {dagbag.py:540} INFO - Filling up the DagBag from /home/airflow/.local/lib/python3.12/site-packages/airflow/example_dags/example_bash_operator.py
[2024-05-05T10:23:24.671+0000] {processor.py:840} INFO - DAG(s) 'example_bash_operator' retrieved from /home/airflow/.local/lib/python3.12/site-packages/airflow/example_dags/example_bash_operator.py
[2024-05-05T10:23:24.707+0000] {logging_mixin.py:188} INFO - [2024-05-05T10:23:24.707+0000] {dag.py:3096} INFO - Sync 1 DAGs
[2024-05-05T10:23:24.735+0000] {logging_mixin.py:188} INFO - [2024-05-05T10:23:24.735+0000] {dag.py:3954} INFO - Setting next_dagrun for example_bash_operator to 2024-05-04 00:00:00+00:00, run_after=2024-05-05 00:00:00+00:00
[2024-05-05T10:23:24.759+0000] {processor.py:183} INFO - Processing /home/airflow/.local/lib/python3.12/site-packages/airflow/example_dags/example_bash_operator.py took 0.120 seconds
[2024-05-05T10:23:55.160+0000] {processor.py:161} INFO - Started process (PID=2718) to work on /home/airflow/.local/lib/python3.12/site-packages/airflow/example_dags/example_bash_operator.py
[2024-05-05T10:23:55.161+0000] {processor.py:830} INFO - Processing file /home/airflow/.local/lib/python3.12/site-packages/airflow/example_dags/example_bash_operator.py for tasks to queue
[2024-05-05T10:23:55.163+0000] {logging_mixin.py:188} INFO - [2024-05-05T10:23:55.162+0000] {dagbag.py:540} INFO - Filling up the DagBag from /home/airflow/.local/lib/python3.12/site-packages/airflow/example_dags/example_bash_operator.py
[2024-05-05T10:23:55.176+0000] {processor.py:840} INFO - DAG(s) 'example_bash_operator' retrieved from /home/airflow/.local/lib/python3.12/site-packages/airflow/example_dags/example_bash_operator.py
[2024-05-05T10:23:55.209+0000] {logging_mixin.py:188} INFO - [2024-05-05T10:23:55.209+0000] {dag.py:3096} INFO - Sync 1 DAGs
[2024-05-05T10:23:55.236+0000] {logging_mixin.py:188} INFO - [2024-05-05T10:23:55.236+0000] {dag.py:3954} INFO - Setting next_dagrun for example_bash_operator to 2024-05-04 00:00:00+00:00, run_after=2024-05-05 00:00:00+00:00
[2024-05-05T10:23:55.262+0000] {processor.py:183} INFO - Processing /home/airflow/.local/lib/python3.12/site-packages/airflow/example_dags/example_bash_operator.py took 0.108 seconds
[2024-05-05T10:24:25.853+0000] {processor.py:161} INFO - Started process (PID=2980) to work on /home/airflow/.local/lib/python3.12/site-packages/airflow/example_dags/example_bash_operator.py
[2024-05-05T10:24:25.853+0000] {processor.py:830} INFO - Processing file /home/airflow/.local/lib/python3.12/site-packages/airflow/example_dags/example_bash_operator.py for tasks to queue
[2024-05-05T10:24:25.857+0000] {logging_mixin.py:188} INFO - [2024-05-05T10:24:25.856+0000] {dagbag.py:540} INFO - Filling up the DagBag from /home/airflow/.local/lib/python3.12/site-packages/airflow/example_dags/example_bash_operator.py
[2024-05-05T10:24:25.870+0000] {processor.py:840} INFO - DAG(s) 'example_bash_operator' retrieved from /home/airflow/.local/lib/python3.12/site-packages/airflow/example_dags/example_bash_operator.py
[2024-05-05T10:24:25.904+0000] {logging_mixin.py:188} INFO - [2024-05-05T10:24:25.904+0000] {dag.py:3096} INFO - Sync 1 DAGs
[2024-05-05T10:24:25.932+0000] {logging_mixin.py:188} INFO - [2024-05-05T10:24:25.932+0000] {dag.py:3954} INFO - Setting next_dagrun for example_bash_operator to 2024-05-04 00:00:00+00:00, run_after=2024-05-05 00:00:00+00:00
[2024-05-05T10:24:25.955+0000] {processor.py:183} INFO - Processing /home/airflow/.local/lib/python3.12/site-packages/airflow/example_dags/example_bash_operator.py took 0.109 seconds
[2024-05-05T10:24:56.522+0000] {processor.py:161} INFO - Started process (PID=3242) to work on /home/airflow/.local/lib/python3.12/site-packages/airflow/example_dags/example_bash_operator.py
[2024-05-05T10:24:56.522+0000] {processor.py:830} INFO - Processing file /home/airflow/.local/lib/python3.12/site-packages/airflow/example_dags/example_bash_operator.py for tasks to queue
[2024-05-05T10:24:56.524+0000] {logging_mixin.py:188} INFO - [2024-05-05T10:24:56.524+0000] {dagbag.py:540} INFO - Filling up the DagBag from /home/airflow/.local/lib/python3.12/site-packages/airflow/example_dags/example_bash_operator.py
[2024-05-05T10:24:56.538+0000] {processor.py:840} INFO - DAG(s) 'example_bash_operator' retrieved from /home/airflow/.local/lib/python3.12/site-packages/airflow/example_dags/example_bash_operator.py
[2024-05-05T10:24:56.589+0000] {logging_mixin.py:188} INFO - [2024-05-05T10:24:56.589+0000] {dag.py:3096} INFO - Sync 1 DAGs
[2024-05-05T10:24:56.622+0000] {logging_mixin.py:188} INFO - [2024-05-05T10:24:56.621+0000] {dag.py:3954} INFO - Setting next_dagrun for example_bash_operator to 2024-05-04 00:00:00+00:00, run_after=2024-05-05 00:00:00+00:00
[2024-05-05T10:24:56.663+0000] {processor.py:183} INFO - Processing /home/airflow/.local/lib/python3.12/site-packages/airflow/example_dags/example_bash_operator.py took 0.148 seconds
[2024-05-05T10:25:26.873+0000] {processor.py:161} INFO - Started process (PID=3506) to work on /home/airflow/.local/lib/python3.12/site-packages/airflow/example_dags/example_bash_operator.py
[2024-05-05T10:25:26.874+0000] {processor.py:830} INFO - Processing file /home/airflow/.local/lib/python3.12/site-packages/airflow/example_dags/example_bash_operator.py for tasks to queue
[2024-05-05T10:25:26.875+0000] {logging_mixin.py:188} INFO - [2024-05-05T10:25:26.875+0000] {dagbag.py:540} INFO - Filling up the DagBag from /home/airflow/.local/lib/python3.12/site-packages/airflow/example_dags/example_bash_operator.py
[2024-05-05T10:25:26.889+0000] {processor.py:840} INFO - DAG(s) 'example_bash_operator' retrieved from /home/airflow/.local/lib/python3.12/site-packages/airflow/example_dags/example_bash_operator.py
[2024-05-05T10:25:26.937+0000] {logging_mixin.py:188} INFO - [2024-05-05T10:25:26.937+0000] {dag.py:3096} INFO - Sync 1 DAGs
[2024-05-05T10:25:26.994+0000] {logging_mixin.py:188} INFO - [2024-05-05T10:25:26.994+0000] {dag.py:3954} INFO - Setting next_dagrun for example_bash_operator to 2024-05-04 00:00:00+00:00, run_after=2024-05-05 00:00:00+00:00
[2024-05-05T10:25:27.029+0000] {processor.py:183} INFO - Processing /home/airflow/.local/lib/python3.12/site-packages/airflow/example_dags/example_bash_operator.py took 0.163 seconds
[2024-05-05T10:25:57.275+0000] {processor.py:161} INFO - Started process (PID=3774) to work on /home/airflow/.local/lib/python3.12/site-packages/airflow/example_dags/example_bash_operator.py
[2024-05-05T10:25:57.275+0000] {processor.py:830} INFO - Processing file /home/airflow/.local/lib/python3.12/site-packages/airflow/example_dags/example_bash_operator.py for tasks to queue
[2024-05-05T10:25:57.277+0000] {logging_mixin.py:188} INFO - [2024-05-05T10:25:57.277+0000] {dagbag.py:540} INFO - Filling up the DagBag from /home/airflow/.local/lib/python3.12/site-packages/airflow/example_dags/example_bash_operator.py
[2024-05-05T10:25:57.290+0000] {processor.py:840} INFO - DAG(s) 'example_bash_operator' retrieved from /home/airflow/.local/lib/python3.12/site-packages/airflow/example_dags/example_bash_operator.py
[2024-05-05T10:25:57.324+0000] {logging_mixin.py:188} INFO - [2024-05-05T10:25:57.323+0000] {dag.py:3096} INFO - Sync 1 DAGs
[2024-05-05T10:25:57.354+0000] {logging_mixin.py:188} INFO - [2024-05-05T10:25:57.354+0000] {dag.py:3954} INFO - Setting next_dagrun for example_bash_operator to 2024-05-04 00:00:00+00:00, run_after=2024-05-05 00:00:00+00:00
[2024-05-05T10:25:57.381+0000] {processor.py:183} INFO - Processing /home/airflow/.local/lib/python3.12/site-packages/airflow/example_dags/example_bash_operator.py took 0.114 seconds
[2024-05-05T10:26:27.472+0000] {processor.py:161} INFO - Started process (PID=4037) to work on /home/airflow/.local/lib/python3.12/site-packages/airflow/example_dags/example_bash_operator.py
[2024-05-05T10:26:27.473+0000] {processor.py:830} INFO - Processing file /home/airflow/.local/lib/python3.12/site-packages/airflow/example_dags/example_bash_operator.py for tasks to queue
[2024-05-05T10:26:27.476+0000] {logging_mixin.py:188} INFO - [2024-05-05T10:26:27.476+0000] {dagbag.py:540} INFO - Filling up the DagBag from /home/airflow/.local/lib/python3.12/site-packages/airflow/example_dags/example_bash_operator.py
[2024-05-05T10:26:27.489+0000] {processor.py:840} INFO - DAG(s) 'example_bash_operator' retrieved from /home/airflow/.local/lib/python3.12/site-packages/airflow/example_dags/example_bash_operator.py
[2024-05-05T10:26:27.523+0000] {logging_mixin.py:188} INFO - [2024-05-05T10:26:27.523+0000] {dag.py:3096} INFO - Sync 1 DAGs
[2024-05-05T10:26:27.551+0000] {logging_mixin.py:188} INFO - [2024-05-05T10:26:27.550+0000] {dag.py:3954} INFO - Setting next_dagrun for example_bash_operator to 2024-05-04 00:00:00+00:00, run_after=2024-05-05 00:00:00+00:00
[2024-05-05T10:26:27.574+0000] {processor.py:183} INFO - Processing /home/airflow/.local/lib/python3.12/site-packages/airflow/example_dags/example_bash_operator.py took 0.108 seconds
[2024-05-05T10:26:58.136+0000] {processor.py:161} INFO - Started process (PID=4299) to work on /home/airflow/.local/lib/python3.12/site-packages/airflow/example_dags/example_bash_operator.py
[2024-05-05T10:26:58.137+0000] {processor.py:830} INFO - Processing file /home/airflow/.local/lib/python3.12/site-packages/airflow/example_dags/example_bash_operator.py for tasks to queue
[2024-05-05T10:26:58.138+0000] {logging_mixin.py:188} INFO - [2024-05-05T10:26:58.138+0000] {dagbag.py:540} INFO - Filling up the DagBag from /home/airflow/.local/lib/python3.12/site-packages/airflow/example_dags/example_bash_operator.py
[2024-05-05T10:26:58.156+0000] {processor.py:840} INFO - DAG(s) 'example_bash_operator' retrieved from /home/airflow/.local/lib/python3.12/site-packages/airflow/example_dags/example_bash_operator.py
[2024-05-05T10:26:58.188+0000] {logging_mixin.py:188} INFO - [2024-05-05T10:26:58.188+0000] {dag.py:3096} INFO - Sync 1 DAGs
[2024-05-05T10:26:58.216+0000] {logging_mixin.py:188} INFO - [2024-05-05T10:26:58.216+0000] {dag.py:3954} INFO - Setting next_dagrun for example_bash_operator to 2024-05-04 00:00:00+00:00, run_after=2024-05-05 00:00:00+00:00
[2024-05-05T10:26:58.248+0000] {processor.py:183} INFO - Processing /home/airflow/.local/lib/python3.12/site-packages/airflow/example_dags/example_bash_operator.py took 0.119 seconds
[2024-05-05T10:27:28.466+0000] {processor.py:161} INFO - Started process (PID=4561) to work on /home/airflow/.local/lib/python3.12/site-packages/airflow/example_dags/example_bash_operator.py
[2024-05-05T10:27:28.466+0000] {processor.py:830} INFO - Processing file /home/airflow/.local/lib/python3.12/site-packages/airflow/example_dags/example_bash_operator.py for tasks to queue
[2024-05-05T10:27:28.468+0000] {logging_mixin.py:188} INFO - [2024-05-05T10:27:28.468+0000] {dagbag.py:540} INFO - Filling up the DagBag from /home/airflow/.local/lib/python3.12/site-packages/airflow/example_dags/example_bash_operator.py
[2024-05-05T10:27:28.482+0000] {processor.py:840} INFO - DAG(s) 'example_bash_operator' retrieved from /home/airflow/.local/lib/python3.12/site-packages/airflow/example_dags/example_bash_operator.py
[2024-05-05T10:27:28.516+0000] {logging_mixin.py:188} INFO - [2024-05-05T10:27:28.516+0000] {dag.py:3096} INFO - Sync 1 DAGs
[2024-05-05T10:27:28.544+0000] {logging_mixin.py:188} INFO - [2024-05-05T10:27:28.543+0000] {dag.py:3954} INFO - Setting next_dagrun for example_bash_operator to 2024-05-04 00:00:00+00:00, run_after=2024-05-05 00:00:00+00:00
[2024-05-05T10:27:28.569+0000] {processor.py:183} INFO - Processing /home/airflow/.local/lib/python3.12/site-packages/airflow/example_dags/example_bash_operator.py took 0.110 seconds
[2024-05-05T10:27:58.985+0000] {processor.py:161} INFO - Started process (PID=4824) to work on /home/airflow/.local/lib/python3.12/site-packages/airflow/example_dags/example_bash_operator.py
[2024-05-05T10:27:58.986+0000] {processor.py:830} INFO - Processing file /home/airflow/.local/lib/python3.12/site-packages/airflow/example_dags/example_bash_operator.py for tasks to queue
[2024-05-05T10:27:58.988+0000] {logging_mixin.py:188} INFO - [2024-05-05T10:27:58.988+0000] {dagbag.py:540} INFO - Filling up the DagBag from /home/airflow/.local/lib/python3.12/site-packages/airflow/example_dags/example_bash_operator.py
[2024-05-05T10:27:59.006+0000] {processor.py:840} INFO - DAG(s) 'example_bash_operator' retrieved from /home/airflow/.local/lib/python3.12/site-packages/airflow/example_dags/example_bash_operator.py
[2024-05-05T10:27:59.130+0000] {logging_mixin.py:188} INFO - [2024-05-05T10:27:59.129+0000] {dag.py:3096} INFO - Sync 1 DAGs
[2024-05-05T10:27:59.181+0000] {logging_mixin.py:188} INFO - [2024-05-05T10:27:59.181+0000] {dag.py:3954} INFO - Setting next_dagrun for example_bash_operator to 2024-05-04 00:00:00+00:00, run_after=2024-05-05 00:00:00+00:00
[2024-05-05T10:27:59.210+0000] {processor.py:183} INFO - Processing /home/airflow/.local/lib/python3.12/site-packages/airflow/example_dags/example_bash_operator.py took 0.232 seconds
[2024-05-05T10:28:30.145+0000] {processor.py:161} INFO - Started process (PID=5086) to work on /home/airflow/.local/lib/python3.12/site-packages/airflow/example_dags/example_bash_operator.py
[2024-05-05T10:28:30.145+0000] {processor.py:830} INFO - Processing file /home/airflow/.local/lib/python3.12/site-packages/airflow/example_dags/example_bash_operator.py for tasks to queue
[2024-05-05T10:28:30.147+0000] {logging_mixin.py:188} INFO - [2024-05-05T10:28:30.147+0000] {dagbag.py:540} INFO - Filling up the DagBag from /home/airflow/.local/lib/python3.12/site-packages/airflow/example_dags/example_bash_operator.py
[2024-05-05T10:28:30.161+0000] {processor.py:840} INFO - DAG(s) 'example_bash_operator' retrieved from /home/airflow/.local/lib/python3.12/site-packages/airflow/example_dags/example_bash_operator.py
[2024-05-05T10:28:30.194+0000] {logging_mixin.py:188} INFO - [2024-05-05T10:28:30.193+0000] {dag.py:3096} INFO - Sync 1 DAGs
[2024-05-05T10:28:30.221+0000] {logging_mixin.py:188} INFO - [2024-05-05T10:28:30.221+0000] {dag.py:3954} INFO - Setting next_dagrun for example_bash_operator to 2024-05-04 00:00:00+00:00, run_after=2024-05-05 00:00:00+00:00
[2024-05-05T10:28:30.253+0000] {processor.py:183} INFO - Processing /home/airflow/.local/lib/python3.12/site-packages/airflow/example_dags/example_bash_operator.py took 0.115 seconds
[2024-05-05T10:29:00.330+0000] {processor.py:161} INFO - Started process (PID=5348) to work on /home/airflow/.local/lib/python3.12/site-packages/airflow/example_dags/example_bash_operator.py
[2024-05-05T10:29:00.331+0000] {processor.py:830} INFO - Processing file /home/airflow/.local/lib/python3.12/site-packages/airflow/example_dags/example_bash_operator.py for tasks to queue
[2024-05-05T10:29:00.332+0000] {logging_mixin.py:188} INFO - [2024-05-05T10:29:00.332+0000] {dagbag.py:540} INFO - Filling up the DagBag from /home/airflow/.local/lib/python3.12/site-packages/airflow/example_dags/example_bash_operator.py
[2024-05-05T10:29:00.360+0000] {processor.py:840} INFO - DAG(s) 'example_bash_operator' retrieved from /home/airflow/.local/lib/python3.12/site-packages/airflow/example_dags/example_bash_operator.py
[2024-05-05T10:29:00.401+0000] {logging_mixin.py:188} INFO - [2024-05-05T10:29:00.400+0000] {dag.py:3096} INFO - Sync 1 DAGs
[2024-05-05T10:29:00.426+0000] {logging_mixin.py:188} INFO - [2024-05-05T10:29:00.426+0000] {dag.py:3954} INFO - Setting next_dagrun for example_bash_operator to 2024-05-04 00:00:00+00:00, run_after=2024-05-05 00:00:00+00:00
[2024-05-05T10:29:00.457+0000] {processor.py:183} INFO - Processing /home/airflow/.local/lib/python3.12/site-packages/airflow/example_dags/example_bash_operator.py took 0.133 seconds
[2024-05-05T10:29:30.541+0000] {processor.py:161} INFO - Started process (PID=5615) to work on /home/airflow/.local/lib/python3.12/site-packages/airflow/example_dags/example_bash_operator.py
[2024-05-05T10:29:30.550+0000] {processor.py:830} INFO - Processing file /home/airflow/.local/lib/python3.12/site-packages/airflow/example_dags/example_bash_operator.py for tasks to queue
[2024-05-05T10:29:30.557+0000] {logging_mixin.py:188} INFO - [2024-05-05T10:29:30.555+0000] {dagbag.py:540} INFO - Filling up the DagBag from /home/airflow/.local/lib/python3.12/site-packages/airflow/example_dags/example_bash_operator.py
[2024-05-05T10:29:30.572+0000] {processor.py:840} INFO - DAG(s) 'example_bash_operator' retrieved from /home/airflow/.local/lib/python3.12/site-packages/airflow/example_dags/example_bash_operator.py
[2024-05-05T10:29:30.652+0000] {logging_mixin.py:188} INFO - [2024-05-05T10:29:30.652+0000] {dag.py:3096} INFO - Sync 1 DAGs
[2024-05-05T10:29:30.681+0000] {logging_mixin.py:188} INFO - [2024-05-05T10:29:30.681+0000] {dag.py:3954} INFO - Setting next_dagrun for example_bash_operator to 2024-05-04 00:00:00+00:00, run_after=2024-05-05 00:00:00+00:00
[2024-05-05T10:29:30.706+0000] {processor.py:183} INFO - Processing /home/airflow/.local/lib/python3.12/site-packages/airflow/example_dags/example_bash_operator.py took 0.171 seconds
[2024-05-05T10:30:01.428+0000] {processor.py:161} INFO - Started process (PID=5891) to work on /home/airflow/.local/lib/python3.12/site-packages/airflow/example_dags/example_bash_operator.py
[2024-05-05T10:30:01.429+0000] {processor.py:830} INFO - Processing file /home/airflow/.local/lib/python3.12/site-packages/airflow/example_dags/example_bash_operator.py for tasks to queue
[2024-05-05T10:30:01.431+0000] {logging_mixin.py:188} INFO - [2024-05-05T10:30:01.431+0000] {dagbag.py:540} INFO - Filling up the DagBag from /home/airflow/.local/lib/python3.12/site-packages/airflow/example_dags/example_bash_operator.py
[2024-05-05T10:30:01.445+0000] {processor.py:840} INFO - DAG(s) 'example_bash_operator' retrieved from /home/airflow/.local/lib/python3.12/site-packages/airflow/example_dags/example_bash_operator.py
[2024-05-05T10:30:01.470+0000] {logging_mixin.py:188} INFO - [2024-05-05T10:30:01.470+0000] {dag.py:3096} INFO - Sync 1 DAGs
[2024-05-05T10:30:01.488+0000] {logging_mixin.py:188} INFO - [2024-05-05T10:30:01.488+0000] {dag.py:3954} INFO - Setting next_dagrun for example_bash_operator to 2024-05-04 00:00:00+00:00, run_after=2024-05-05 00:00:00+00:00
[2024-05-05T10:30:01.510+0000] {processor.py:183} INFO - Processing /home/airflow/.local/lib/python3.12/site-packages/airflow/example_dags/example_bash_operator.py took 0.087 seconds
[2024-05-05T10:30:32.091+0000] {processor.py:161} INFO - Started process (PID=6158) to work on /home/airflow/.local/lib/python3.12/site-packages/airflow/example_dags/example_bash_operator.py
[2024-05-05T10:30:32.093+0000] {processor.py:830} INFO - Processing file /home/airflow/.local/lib/python3.12/site-packages/airflow/example_dags/example_bash_operator.py for tasks to queue
[2024-05-05T10:30:32.094+0000] {logging_mixin.py:188} INFO - [2024-05-05T10:30:32.094+0000] {dagbag.py:540} INFO - Filling up the DagBag from /home/airflow/.local/lib/python3.12/site-packages/airflow/example_dags/example_bash_operator.py
[2024-05-05T10:30:32.109+0000] {processor.py:840} INFO - DAG(s) 'example_bash_operator' retrieved from /home/airflow/.local/lib/python3.12/site-packages/airflow/example_dags/example_bash_operator.py
[2024-05-05T10:30:32.142+0000] {logging_mixin.py:188} INFO - [2024-05-05T10:30:32.141+0000] {dag.py:3096} INFO - Sync 1 DAGs
[2024-05-05T10:30:32.169+0000] {logging_mixin.py:188} INFO - [2024-05-05T10:30:32.168+0000] {dag.py:3954} INFO - Setting next_dagrun for example_bash_operator to 2024-05-04 00:00:00+00:00, run_after=2024-05-05 00:00:00+00:00
[2024-05-05T10:30:32.197+0000] {processor.py:183} INFO - Processing /home/airflow/.local/lib/python3.12/site-packages/airflow/example_dags/example_bash_operator.py took 0.114 seconds
[2024-05-05T10:31:02.589+0000] {processor.py:161} INFO - Started process (PID=6425) to work on /home/airflow/.local/lib/python3.12/site-packages/airflow/example_dags/example_bash_operator.py
[2024-05-05T10:31:02.589+0000] {processor.py:830} INFO - Processing file /home/airflow/.local/lib/python3.12/site-packages/airflow/example_dags/example_bash_operator.py for tasks to queue
[2024-05-05T10:31:02.591+0000] {logging_mixin.py:188} INFO - [2024-05-05T10:31:02.591+0000] {dagbag.py:540} INFO - Filling up the DagBag from /home/airflow/.local/lib/python3.12/site-packages/airflow/example_dags/example_bash_operator.py
[2024-05-05T10:31:02.605+0000] {processor.py:840} INFO - DAG(s) 'example_bash_operator' retrieved from /home/airflow/.local/lib/python3.12/site-packages/airflow/example_dags/example_bash_operator.py
[2024-05-05T10:31:02.649+0000] {logging_mixin.py:188} INFO - [2024-05-05T10:31:02.649+0000] {dag.py:3096} INFO - Sync 1 DAGs
[2024-05-05T10:31:02.686+0000] {logging_mixin.py:188} INFO - [2024-05-05T10:31:02.685+0000] {dag.py:3954} INFO - Setting next_dagrun for example_bash_operator to 2024-05-04 00:00:00+00:00, run_after=2024-05-05 00:00:00+00:00
[2024-05-05T10:31:02.709+0000] {processor.py:183} INFO - Processing /home/airflow/.local/lib/python3.12/site-packages/airflow/example_dags/example_bash_operator.py took 0.128 seconds
[2024-05-05T10:31:32.977+0000] {processor.py:161} INFO - Started process (PID=6692) to work on /home/airflow/.local/lib/python3.12/site-packages/airflow/example_dags/example_bash_operator.py
[2024-05-05T10:31:32.978+0000] {processor.py:830} INFO - Processing file /home/airflow/.local/lib/python3.12/site-packages/airflow/example_dags/example_bash_operator.py for tasks to queue
[2024-05-05T10:31:32.980+0000] {logging_mixin.py:188} INFO - [2024-05-05T10:31:32.980+0000] {dagbag.py:540} INFO - Filling up the DagBag from /home/airflow/.local/lib/python3.12/site-packages/airflow/example_dags/example_bash_operator.py
[2024-05-05T10:31:32.994+0000] {processor.py:840} INFO - DAG(s) 'example_bash_operator' retrieved from /home/airflow/.local/lib/python3.12/site-packages/airflow/example_dags/example_bash_operator.py
[2024-05-05T10:31:33.027+0000] {logging_mixin.py:188} INFO - [2024-05-05T10:31:33.026+0000] {dag.py:3096} INFO - Sync 1 DAGs
[2024-05-05T10:31:33.053+0000] {logging_mixin.py:188} INFO - [2024-05-05T10:31:33.053+0000] {dag.py:3954} INFO - Setting next_dagrun for example_bash_operator to 2024-05-04 00:00:00+00:00, run_after=2024-05-05 00:00:00+00:00
[2024-05-05T10:31:33.077+0000] {processor.py:183} INFO - Processing /home/airflow/.local/lib/python3.12/site-packages/airflow/example_dags/example_bash_operator.py took 0.108 seconds
[2024-05-05T10:32:03.391+0000] {processor.py:161} INFO - Started process (PID=6960) to work on /home/airflow/.local/lib/python3.12/site-packages/airflow/example_dags/example_bash_operator.py
[2024-05-05T10:32:03.392+0000] {processor.py:830} INFO - Processing file /home/airflow/.local/lib/python3.12/site-packages/airflow/example_dags/example_bash_operator.py for tasks to queue
[2024-05-05T10:32:03.394+0000] {logging_mixin.py:188} INFO - [2024-05-05T10:32:03.393+0000] {dagbag.py:540} INFO - Filling up the DagBag from /home/airflow/.local/lib/python3.12/site-packages/airflow/example_dags/example_bash_operator.py
[2024-05-05T10:32:03.407+0000] {processor.py:840} INFO - DAG(s) 'example_bash_operator' retrieved from /home/airflow/.local/lib/python3.12/site-packages/airflow/example_dags/example_bash_operator.py
[2024-05-05T10:32:03.440+0000] {logging_mixin.py:188} INFO - [2024-05-05T10:32:03.440+0000] {dag.py:3096} INFO - Sync 1 DAGs
[2024-05-05T10:32:03.467+0000] {logging_mixin.py:188} INFO - [2024-05-05T10:32:03.466+0000] {dag.py:3954} INFO - Setting next_dagrun for example_bash_operator to 2024-05-04 00:00:00+00:00, run_after=2024-05-05 00:00:00+00:00
[2024-05-05T10:32:03.494+0000] {processor.py:183} INFO - Processing /home/airflow/.local/lib/python3.12/site-packages/airflow/example_dags/example_bash_operator.py took 0.109 seconds
[2024-05-05T10:32:33.627+0000] {processor.py:161} INFO - Started process (PID=7228) to work on /home/airflow/.local/lib/python3.12/site-packages/airflow/example_dags/example_bash_operator.py
[2024-05-05T10:32:33.627+0000] {processor.py:830} INFO - Processing file /home/airflow/.local/lib/python3.12/site-packages/airflow/example_dags/example_bash_operator.py for tasks to queue
[2024-05-05T10:32:33.629+0000] {logging_mixin.py:188} INFO - [2024-05-05T10:32:33.629+0000] {dagbag.py:540} INFO - Filling up the DagBag from /home/airflow/.local/lib/python3.12/site-packages/airflow/example_dags/example_bash_operator.py
[2024-05-05T10:32:33.646+0000] {processor.py:840} INFO - DAG(s) 'example_bash_operator' retrieved from /home/airflow/.local/lib/python3.12/site-packages/airflow/example_dags/example_bash_operator.py
[2024-05-05T10:32:33.679+0000] {logging_mixin.py:188} INFO - [2024-05-05T10:32:33.679+0000] {dag.py:3096} INFO - Sync 1 DAGs
[2024-05-05T10:32:33.706+0000] {logging_mixin.py:188} INFO - [2024-05-05T10:32:33.706+0000] {dag.py:3954} INFO - Setting next_dagrun for example_bash_operator to 2024-05-04 00:00:00+00:00, run_after=2024-05-05 00:00:00+00:00
[2024-05-05T10:32:33.729+0000] {processor.py:183} INFO - Processing /home/airflow/.local/lib/python3.12/site-packages/airflow/example_dags/example_bash_operator.py took 0.109 seconds
[2024-05-05T10:33:04.455+0000] {processor.py:161} INFO - Started process (PID=7496) to work on /home/airflow/.local/lib/python3.12/site-packages/airflow/example_dags/example_bash_operator.py
[2024-05-05T10:33:04.455+0000] {processor.py:830} INFO - Processing file /home/airflow/.local/lib/python3.12/site-packages/airflow/example_dags/example_bash_operator.py for tasks to queue
[2024-05-05T10:33:04.457+0000] {logging_mixin.py:188} INFO - [2024-05-05T10:33:04.457+0000] {dagbag.py:540} INFO - Filling up the DagBag from /home/airflow/.local/lib/python3.12/site-packages/airflow/example_dags/example_bash_operator.py
[2024-05-05T10:33:04.470+0000] {processor.py:840} INFO - DAG(s) 'example_bash_operator' retrieved from /home/airflow/.local/lib/python3.12/site-packages/airflow/example_dags/example_bash_operator.py
[2024-05-05T10:33:04.506+0000] {logging_mixin.py:188} INFO - [2024-05-05T10:33:04.505+0000] {dag.py:3096} INFO - Sync 1 DAGs
[2024-05-05T10:33:04.687+0000] {logging_mixin.py:188} INFO - [2024-05-05T10:33:04.687+0000] {dag.py:3954} INFO - Setting next_dagrun for example_bash_operator to 2024-05-04 00:00:00+00:00, run_after=2024-05-05 00:00:00+00:00
[2024-05-05T10:33:04.714+0000] {processor.py:183} INFO - Processing /home/airflow/.local/lib/python3.12/site-packages/airflow/example_dags/example_bash_operator.py took 0.266 seconds
[2024-05-05T10:33:34.850+0000] {processor.py:161} INFO - Started process (PID=7763) to work on /home/airflow/.local/lib/python3.12/site-packages/airflow/example_dags/example_bash_operator.py
[2024-05-05T10:33:34.851+0000] {processor.py:830} INFO - Processing file /home/airflow/.local/lib/python3.12/site-packages/airflow/example_dags/example_bash_operator.py for tasks to queue
[2024-05-05T10:33:34.852+0000] {logging_mixin.py:188} INFO - [2024-05-05T10:33:34.852+0000] {dagbag.py:540} INFO - Filling up the DagBag from /home/airflow/.local/lib/python3.12/site-packages/airflow/example_dags/example_bash_operator.py
[2024-05-05T10:33:34.866+0000] {processor.py:840} INFO - DAG(s) 'example_bash_operator' retrieved from /home/airflow/.local/lib/python3.12/site-packages/airflow/example_dags/example_bash_operator.py
[2024-05-05T10:33:34.901+0000] {logging_mixin.py:188} INFO - [2024-05-05T10:33:34.901+0000] {dag.py:3096} INFO - Sync 1 DAGs
[2024-05-05T10:33:35.149+0000] {logging_mixin.py:188} INFO - [2024-05-05T10:33:35.149+0000] {dag.py:3954} INFO - Setting next_dagrun for example_bash_operator to 2024-05-04 00:00:00+00:00, run_after=2024-05-05 00:00:00+00:00
[2024-05-05T10:33:35.171+0000] {processor.py:183} INFO - Processing /home/airflow/.local/lib/python3.12/site-packages/airflow/example_dags/example_bash_operator.py took 0.328 seconds
[2024-05-05T10:34:05.404+0000] {processor.py:161} INFO - Started process (PID=8032) to work on /home/airflow/.local/lib/python3.12/site-packages/airflow/example_dags/example_bash_operator.py
[2024-05-05T10:34:05.405+0000] {processor.py:830} INFO - Processing file /home/airflow/.local/lib/python3.12/site-packages/airflow/example_dags/example_bash_operator.py for tasks to queue
[2024-05-05T10:34:05.407+0000] {logging_mixin.py:188} INFO - [2024-05-05T10:34:05.406+0000] {dagbag.py:540} INFO - Filling up the DagBag from /home/airflow/.local/lib/python3.12/site-packages/airflow/example_dags/example_bash_operator.py
[2024-05-05T10:34:05.420+0000] {processor.py:840} INFO - DAG(s) 'example_bash_operator' retrieved from /home/airflow/.local/lib/python3.12/site-packages/airflow/example_dags/example_bash_operator.py
[2024-05-05T10:34:05.455+0000] {logging_mixin.py:188} INFO - [2024-05-05T10:34:05.455+0000] {dag.py:3096} INFO - Sync 1 DAGs
[2024-05-05T10:34:05.486+0000] {logging_mixin.py:188} INFO - [2024-05-05T10:34:05.486+0000] {dag.py:3954} INFO - Setting next_dagrun for example_bash_operator to 2024-05-04 00:00:00+00:00, run_after=2024-05-05 00:00:00+00:00
[2024-05-05T10:34:05.509+0000] {processor.py:183} INFO - Processing /home/airflow/.local/lib/python3.12/site-packages/airflow/example_dags/example_bash_operator.py took 0.112 seconds
[2024-05-05T10:34:35.978+0000] {processor.py:161} INFO - Started process (PID=8298) to work on /home/airflow/.local/lib/python3.12/site-packages/airflow/example_dags/example_bash_operator.py
[2024-05-05T10:34:35.987+0000] {processor.py:830} INFO - Processing file /home/airflow/.local/lib/python3.12/site-packages/airflow/example_dags/example_bash_operator.py for tasks to queue
[2024-05-05T10:34:35.990+0000] {logging_mixin.py:188} INFO - [2024-05-05T10:34:35.989+0000] {dagbag.py:540} INFO - Filling up the DagBag from /home/airflow/.local/lib/python3.12/site-packages/airflow/example_dags/example_bash_operator.py
[2024-05-05T10:34:36.052+0000] {processor.py:840} INFO - DAG(s) 'example_bash_operator' retrieved from /home/airflow/.local/lib/python3.12/site-packages/airflow/example_dags/example_bash_operator.py
[2024-05-05T10:34:36.143+0000] {logging_mixin.py:188} INFO - [2024-05-05T10:34:36.142+0000] {dag.py:3096} INFO - Sync 1 DAGs
[2024-05-05T10:34:36.197+0000] {logging_mixin.py:188} INFO - [2024-05-05T10:34:36.196+0000] {dag.py:3954} INFO - Setting next_dagrun for example_bash_operator to 2024-05-04 00:00:00+00:00, run_after=2024-05-05 00:00:00+00:00
[2024-05-05T10:34:36.219+0000] {processor.py:183} INFO - Processing /home/airflow/.local/lib/python3.12/site-packages/airflow/example_dags/example_bash_operator.py took 0.261 seconds
[2024-05-05T10:35:06.744+0000] {processor.py:161} INFO - Started process (PID=8567) to work on /home/airflow/.local/lib/python3.12/site-packages/airflow/example_dags/example_bash_operator.py
[2024-05-05T10:35:06.748+0000] {processor.py:830} INFO - Processing file /home/airflow/.local/lib/python3.12/site-packages/airflow/example_dags/example_bash_operator.py for tasks to queue
[2024-05-05T10:35:06.754+0000] {logging_mixin.py:188} INFO - [2024-05-05T10:35:06.749+0000] {dagbag.py:540} INFO - Filling up the DagBag from /home/airflow/.local/lib/python3.12/site-packages/airflow/example_dags/example_bash_operator.py
[2024-05-05T10:35:06.784+0000] {processor.py:840} INFO - DAG(s) 'example_bash_operator' retrieved from /home/airflow/.local/lib/python3.12/site-packages/airflow/example_dags/example_bash_operator.py
[2024-05-05T10:35:06.854+0000] {logging_mixin.py:188} INFO - [2024-05-05T10:35:06.854+0000] {dag.py:3096} INFO - Sync 1 DAGs
[2024-05-05T10:35:06.898+0000] {logging_mixin.py:188} INFO - [2024-05-05T10:35:06.898+0000] {dag.py:3954} INFO - Setting next_dagrun for example_bash_operator to 2024-05-04 00:00:00+00:00, run_after=2024-05-05 00:00:00+00:00
[2024-05-05T10:35:06.931+0000] {processor.py:183} INFO - Processing /home/airflow/.local/lib/python3.12/site-packages/airflow/example_dags/example_bash_operator.py took 0.197 seconds
[2024-05-05T10:35:37.662+0000] {processor.py:161} INFO - Started process (PID=8834) to work on /home/airflow/.local/lib/python3.12/site-packages/airflow/example_dags/example_bash_operator.py
[2024-05-05T10:35:37.663+0000] {processor.py:830} INFO - Processing file /home/airflow/.local/lib/python3.12/site-packages/airflow/example_dags/example_bash_operator.py for tasks to queue
[2024-05-05T10:35:37.664+0000] {logging_mixin.py:188} INFO - [2024-05-05T10:35:37.664+0000] {dagbag.py:540} INFO - Filling up the DagBag from /home/airflow/.local/lib/python3.12/site-packages/airflow/example_dags/example_bash_operator.py
[2024-05-05T10:35:37.679+0000] {processor.py:840} INFO - DAG(s) 'example_bash_operator' retrieved from /home/airflow/.local/lib/python3.12/site-packages/airflow/example_dags/example_bash_operator.py
[2024-05-05T10:35:37.713+0000] {logging_mixin.py:188} INFO - [2024-05-05T10:35:37.713+0000] {dag.py:3096} INFO - Sync 1 DAGs
[2024-05-05T10:35:37.741+0000] {logging_mixin.py:188} INFO - [2024-05-05T10:35:37.741+0000] {dag.py:3954} INFO - Setting next_dagrun for example_bash_operator to 2024-05-04 00:00:00+00:00, run_after=2024-05-05 00:00:00+00:00
[2024-05-05T10:35:37.766+0000] {processor.py:183} INFO - Processing /home/airflow/.local/lib/python3.12/site-packages/airflow/example_dags/example_bash_operator.py took 0.111 seconds
[2024-05-05T10:36:08.286+0000] {processor.py:161} INFO - Started process (PID=9101) to work on /home/airflow/.local/lib/python3.12/site-packages/airflow/example_dags/example_bash_operator.py
[2024-05-05T10:36:08.286+0000] {processor.py:830} INFO - Processing file /home/airflow/.local/lib/python3.12/site-packages/airflow/example_dags/example_bash_operator.py for tasks to queue
[2024-05-05T10:36:08.288+0000] {logging_mixin.py:188} INFO - [2024-05-05T10:36:08.288+0000] {dagbag.py:540} INFO - Filling up the DagBag from /home/airflow/.local/lib/python3.12/site-packages/airflow/example_dags/example_bash_operator.py
[2024-05-05T10:36:08.302+0000] {processor.py:840} INFO - DAG(s) 'example_bash_operator' retrieved from /home/airflow/.local/lib/python3.12/site-packages/airflow/example_dags/example_bash_operator.py
[2024-05-05T10:36:08.336+0000] {logging_mixin.py:188} INFO - [2024-05-05T10:36:08.336+0000] {dag.py:3096} INFO - Sync 1 DAGs
[2024-05-05T10:36:08.364+0000] {logging_mixin.py:188} INFO - [2024-05-05T10:36:08.364+0000] {dag.py:3954} INFO - Setting next_dagrun for example_bash_operator to 2024-05-04 00:00:00+00:00, run_after=2024-05-05 00:00:00+00:00
[2024-05-05T10:36:08.388+0000] {processor.py:183} INFO - Processing /home/airflow/.local/lib/python3.12/site-packages/airflow/example_dags/example_bash_operator.py took 0.110 seconds
[2024-05-05T10:36:38.875+0000] {processor.py:161} INFO - Started process (PID=9368) to work on /home/airflow/.local/lib/python3.12/site-packages/airflow/example_dags/example_bash_operator.py
[2024-05-05T10:36:38.876+0000] {processor.py:830} INFO - Processing file /home/airflow/.local/lib/python3.12/site-packages/airflow/example_dags/example_bash_operator.py for tasks to queue
[2024-05-05T10:36:38.877+0000] {logging_mixin.py:188} INFO - [2024-05-05T10:36:38.877+0000] {dagbag.py:540} INFO - Filling up the DagBag from /home/airflow/.local/lib/python3.12/site-packages/airflow/example_dags/example_bash_operator.py
[2024-05-05T10:36:38.890+0000] {processor.py:840} INFO - DAG(s) 'example_bash_operator' retrieved from /home/airflow/.local/lib/python3.12/site-packages/airflow/example_dags/example_bash_operator.py
[2024-05-05T10:36:38.924+0000] {logging_mixin.py:188} INFO - [2024-05-05T10:36:38.923+0000] {dag.py:3096} INFO - Sync 1 DAGs
[2024-05-05T10:36:38.951+0000] {logging_mixin.py:188} INFO - [2024-05-05T10:36:38.951+0000] {dag.py:3954} INFO - Setting next_dagrun for example_bash_operator to 2024-05-04 00:00:00+00:00, run_after=2024-05-05 00:00:00+00:00
[2024-05-05T10:36:38.982+0000] {processor.py:183} INFO - Processing /home/airflow/.local/lib/python3.12/site-packages/airflow/example_dags/example_bash_operator.py took 0.115 seconds
[2024-05-05T10:37:09.190+0000] {processor.py:161} INFO - Started process (PID=9635) to work on /home/airflow/.local/lib/python3.12/site-packages/airflow/example_dags/example_bash_operator.py
[2024-05-05T10:37:09.191+0000] {processor.py:830} INFO - Processing file /home/airflow/.local/lib/python3.12/site-packages/airflow/example_dags/example_bash_operator.py for tasks to queue
[2024-05-05T10:37:09.193+0000] {logging_mixin.py:188} INFO - [2024-05-05T10:37:09.192+0000] {dagbag.py:540} INFO - Filling up the DagBag from /home/airflow/.local/lib/python3.12/site-packages/airflow/example_dags/example_bash_operator.py
[2024-05-05T10:37:09.206+0000] {processor.py:840} INFO - DAG(s) 'example_bash_operator' retrieved from /home/airflow/.local/lib/python3.12/site-packages/airflow/example_dags/example_bash_operator.py
[2024-05-05T10:37:09.241+0000] {logging_mixin.py:188} INFO - [2024-05-05T10:37:09.241+0000] {dag.py:3096} INFO - Sync 1 DAGs
[2024-05-05T10:37:09.270+0000] {logging_mixin.py:188} INFO - [2024-05-05T10:37:09.270+0000] {dag.py:3954} INFO - Setting next_dagrun for example_bash_operator to 2024-05-04 00:00:00+00:00, run_after=2024-05-05 00:00:00+00:00
[2024-05-05T10:37:09.299+0000] {processor.py:183} INFO - Processing /home/airflow/.local/lib/python3.12/site-packages/airflow/example_dags/example_bash_operator.py took 0.115 seconds
[2024-05-05T10:37:39.560+0000] {processor.py:161} INFO - Started process (PID=9900) to work on /home/airflow/.local/lib/python3.12/site-packages/airflow/example_dags/example_bash_operator.py
[2024-05-05T10:37:39.561+0000] {processor.py:830} INFO - Processing file /home/airflow/.local/lib/python3.12/site-packages/airflow/example_dags/example_bash_operator.py for tasks to queue
[2024-05-05T10:37:39.563+0000] {logging_mixin.py:188} INFO - [2024-05-05T10:37:39.562+0000] {dagbag.py:540} INFO - Filling up the DagBag from /home/airflow/.local/lib/python3.12/site-packages/airflow/example_dags/example_bash_operator.py
[2024-05-05T10:37:39.590+0000] {processor.py:840} INFO - DAG(s) 'example_bash_operator' retrieved from /home/airflow/.local/lib/python3.12/site-packages/airflow/example_dags/example_bash_operator.py
[2024-05-05T10:37:39.648+0000] {logging_mixin.py:188} INFO - [2024-05-05T10:37:39.648+0000] {dag.py:3096} INFO - Sync 1 DAGs
[2024-05-05T10:37:39.682+0000] {logging_mixin.py:188} INFO - [2024-05-05T10:37:39.682+0000] {dag.py:3954} INFO - Setting next_dagrun for example_bash_operator to 2024-05-04 00:00:00+00:00, run_after=2024-05-05 00:00:00+00:00
[2024-05-05T10:37:39.712+0000] {processor.py:183} INFO - Processing /home/airflow/.local/lib/python3.12/site-packages/airflow/example_dags/example_bash_operator.py took 0.162 seconds
[2024-05-05T10:38:10.220+0000] {processor.py:161} INFO - Started process (PID=10169) to work on /home/airflow/.local/lib/python3.12/site-packages/airflow/example_dags/example_bash_operator.py
[2024-05-05T10:38:10.220+0000] {processor.py:830} INFO - Processing file /home/airflow/.local/lib/python3.12/site-packages/airflow/example_dags/example_bash_operator.py for tasks to queue
[2024-05-05T10:38:10.222+0000] {logging_mixin.py:188} INFO - [2024-05-05T10:38:10.222+0000] {dagbag.py:540} INFO - Filling up the DagBag from /home/airflow/.local/lib/python3.12/site-packages/airflow/example_dags/example_bash_operator.py
[2024-05-05T10:38:10.236+0000] {processor.py:840} INFO - DAG(s) 'example_bash_operator' retrieved from /home/airflow/.local/lib/python3.12/site-packages/airflow/example_dags/example_bash_operator.py
[2024-05-05T10:38:10.295+0000] {logging_mixin.py:188} INFO - [2024-05-05T10:38:10.295+0000] {dag.py:3096} INFO - Sync 1 DAGs
[2024-05-05T10:38:10.344+0000] {logging_mixin.py:188} INFO - [2024-05-05T10:38:10.344+0000] {dag.py:3954} INFO - Setting next_dagrun for example_bash_operator to 2024-05-04 00:00:00+00:00, run_after=2024-05-05 00:00:00+00:00
[2024-05-05T10:38:10.398+0000] {processor.py:183} INFO - Processing /home/airflow/.local/lib/python3.12/site-packages/airflow/example_dags/example_bash_operator.py took 0.186 seconds
[2024-05-05T10:38:40.730+0000] {processor.py:161} INFO - Started process (PID=10435) to work on /home/airflow/.local/lib/python3.12/site-packages/airflow/example_dags/example_bash_operator.py
[2024-05-05T10:38:40.731+0000] {processor.py:830} INFO - Processing file /home/airflow/.local/lib/python3.12/site-packages/airflow/example_dags/example_bash_operator.py for tasks to queue
[2024-05-05T10:38:40.733+0000] {logging_mixin.py:188} INFO - [2024-05-05T10:38:40.733+0000] {dagbag.py:540} INFO - Filling up the DagBag from /home/airflow/.local/lib/python3.12/site-packages/airflow/example_dags/example_bash_operator.py
[2024-05-05T10:38:40.748+0000] {processor.py:840} INFO - DAG(s) 'example_bash_operator' retrieved from /home/airflow/.local/lib/python3.12/site-packages/airflow/example_dags/example_bash_operator.py
[2024-05-05T10:38:40.785+0000] {logging_mixin.py:188} INFO - [2024-05-05T10:38:40.785+0000] {dag.py:3096} INFO - Sync 1 DAGs
[2024-05-05T10:38:40.909+0000] {logging_mixin.py:188} INFO - [2024-05-05T10:38:40.909+0000] {dag.py:3954} INFO - Setting next_dagrun for example_bash_operator to 2024-05-04 00:00:00+00:00, run_after=2024-05-05 00:00:00+00:00
[2024-05-05T10:38:40.959+0000] {processor.py:183} INFO - Processing /home/airflow/.local/lib/python3.12/site-packages/airflow/example_dags/example_bash_operator.py took 0.246 seconds
[2024-05-05T10:39:11.536+0000] {processor.py:161} INFO - Started process (PID=10703) to work on /home/airflow/.local/lib/python3.12/site-packages/airflow/example_dags/example_bash_operator.py
[2024-05-05T10:39:11.537+0000] {processor.py:830} INFO - Processing file /home/airflow/.local/lib/python3.12/site-packages/airflow/example_dags/example_bash_operator.py for tasks to queue
[2024-05-05T10:39:11.539+0000] {logging_mixin.py:188} INFO - [2024-05-05T10:39:11.538+0000] {dagbag.py:540} INFO - Filling up the DagBag from /home/airflow/.local/lib/python3.12/site-packages/airflow/example_dags/example_bash_operator.py
[2024-05-05T10:39:11.552+0000] {processor.py:840} INFO - DAG(s) 'example_bash_operator' retrieved from /home/airflow/.local/lib/python3.12/site-packages/airflow/example_dags/example_bash_operator.py
[2024-05-05T10:39:11.587+0000] {logging_mixin.py:188} INFO - [2024-05-05T10:39:11.586+0000] {dag.py:3096} INFO - Sync 1 DAGs
[2024-05-05T10:39:11.617+0000] {logging_mixin.py:188} INFO - [2024-05-05T10:39:11.616+0000] {dag.py:3954} INFO - Setting next_dagrun for example_bash_operator to 2024-05-04 00:00:00+00:00, run_after=2024-05-05 00:00:00+00:00
[2024-05-05T10:39:11.646+0000] {processor.py:183} INFO - Processing /home/airflow/.local/lib/python3.12/site-packages/airflow/example_dags/example_bash_operator.py took 0.116 seconds
[2024-05-05T10:39:42.035+0000] {processor.py:161} INFO - Started process (PID=10981) to work on /home/airflow/.local/lib/python3.12/site-packages/airflow/example_dags/example_bash_operator.py
[2024-05-05T10:39:42.036+0000] {processor.py:830} INFO - Processing file /home/airflow/.local/lib/python3.12/site-packages/airflow/example_dags/example_bash_operator.py for tasks to queue
[2024-05-05T10:39:42.038+0000] {logging_mixin.py:188} INFO - [2024-05-05T10:39:42.037+0000] {dagbag.py:540} INFO - Filling up the DagBag from /home/airflow/.local/lib/python3.12/site-packages/airflow/example_dags/example_bash_operator.py
[2024-05-05T10:39:42.051+0000] {processor.py:840} INFO - DAG(s) 'example_bash_operator' retrieved from /home/airflow/.local/lib/python3.12/site-packages/airflow/example_dags/example_bash_operator.py
[2024-05-05T10:39:42.085+0000] {logging_mixin.py:188} INFO - [2024-05-05T10:39:42.085+0000] {dag.py:3096} INFO - Sync 1 DAGs
[2024-05-05T10:39:42.113+0000] {logging_mixin.py:188} INFO - [2024-05-05T10:39:42.112+0000] {dag.py:3954} INFO - Setting next_dagrun for example_bash_operator to 2024-05-04 00:00:00+00:00, run_after=2024-05-05 00:00:00+00:00
[2024-05-05T10:39:42.143+0000] {processor.py:183} INFO - Processing /home/airflow/.local/lib/python3.12/site-packages/airflow/example_dags/example_bash_operator.py took 0.114 seconds
[2024-05-05T10:40:13.170+0000] {processor.py:161} INFO - Started process (PID=11249) to work on /home/airflow/.local/lib/python3.12/site-packages/airflow/example_dags/example_bash_operator.py
[2024-05-05T10:40:13.171+0000] {processor.py:830} INFO - Processing file /home/airflow/.local/lib/python3.12/site-packages/airflow/example_dags/example_bash_operator.py for tasks to queue
[2024-05-05T10:40:13.172+0000] {logging_mixin.py:188} INFO - [2024-05-05T10:40:13.172+0000] {dagbag.py:540} INFO - Filling up the DagBag from /home/airflow/.local/lib/python3.12/site-packages/airflow/example_dags/example_bash_operator.py
[2024-05-05T10:40:13.186+0000] {processor.py:840} INFO - DAG(s) 'example_bash_operator' retrieved from /home/airflow/.local/lib/python3.12/site-packages/airflow/example_dags/example_bash_operator.py
[2024-05-05T10:40:13.219+0000] {logging_mixin.py:188} INFO - [2024-05-05T10:40:13.219+0000] {dag.py:3096} INFO - Sync 1 DAGs
[2024-05-05T10:40:13.248+0000] {logging_mixin.py:188} INFO - [2024-05-05T10:40:13.248+0000] {dag.py:3954} INFO - Setting next_dagrun for example_bash_operator to 2024-05-04 00:00:00+00:00, run_after=2024-05-05 00:00:00+00:00
[2024-05-05T10:40:13.274+0000] {processor.py:183} INFO - Processing /home/airflow/.local/lib/python3.12/site-packages/airflow/example_dags/example_bash_operator.py took 0.111 seconds
[2024-05-05T10:40:43.961+0000] {processor.py:161} INFO - Started process (PID=11531) to work on /home/airflow/.local/lib/python3.12/site-packages/airflow/example_dags/example_bash_operator.py
[2024-05-05T10:40:43.964+0000] {processor.py:830} INFO - Processing file /home/airflow/.local/lib/python3.12/site-packages/airflow/example_dags/example_bash_operator.py for tasks to queue
[2024-05-05T10:40:43.966+0000] {logging_mixin.py:188} INFO - [2024-05-05T10:40:43.966+0000] {dagbag.py:540} INFO - Filling up the DagBag from /home/airflow/.local/lib/python3.12/site-packages/airflow/example_dags/example_bash_operator.py
[2024-05-05T10:40:43.984+0000] {processor.py:840} INFO - DAG(s) 'example_bash_operator' retrieved from /home/airflow/.local/lib/python3.12/site-packages/airflow/example_dags/example_bash_operator.py
[2024-05-05T10:40:44.022+0000] {logging_mixin.py:188} INFO - [2024-05-05T10:40:44.022+0000] {dag.py:3096} INFO - Sync 1 DAGs
[2024-05-05T10:40:44.050+0000] {logging_mixin.py:188} INFO - [2024-05-05T10:40:44.050+0000] {dag.py:3954} INFO - Setting next_dagrun for example_bash_operator to 2024-05-04 00:00:00+00:00, run_after=2024-05-05 00:00:00+00:00
[2024-05-05T10:40:44.077+0000] {processor.py:183} INFO - Processing /home/airflow/.local/lib/python3.12/site-packages/airflow/example_dags/example_bash_operator.py took 0.124 seconds
[2024-05-05T10:41:14.593+0000] {processor.py:161} INFO - Started process (PID=11814) to work on /home/airflow/.local/lib/python3.12/site-packages/airflow/example_dags/example_bash_operator.py
[2024-05-05T10:41:14.593+0000] {processor.py:830} INFO - Processing file /home/airflow/.local/lib/python3.12/site-packages/airflow/example_dags/example_bash_operator.py for tasks to queue
[2024-05-05T10:41:14.595+0000] {logging_mixin.py:188} INFO - [2024-05-05T10:41:14.595+0000] {dagbag.py:540} INFO - Filling up the DagBag from /home/airflow/.local/lib/python3.12/site-packages/airflow/example_dags/example_bash_operator.py
[2024-05-05T10:41:14.610+0000] {processor.py:840} INFO - DAG(s) 'example_bash_operator' retrieved from /home/airflow/.local/lib/python3.12/site-packages/airflow/example_dags/example_bash_operator.py
[2024-05-05T10:41:14.648+0000] {logging_mixin.py:188} INFO - [2024-05-05T10:41:14.648+0000] {dag.py:3096} INFO - Sync 1 DAGs
[2024-05-05T10:41:14.676+0000] {logging_mixin.py:188} INFO - [2024-05-05T10:41:14.676+0000] {dag.py:3954} INFO - Setting next_dagrun for example_bash_operator to 2024-05-04 00:00:00+00:00, run_after=2024-05-05 00:00:00+00:00
[2024-05-05T10:41:14.699+0000] {processor.py:183} INFO - Processing /home/airflow/.local/lib/python3.12/site-packages/airflow/example_dags/example_bash_operator.py took 0.113 seconds
[2024-05-05T10:41:45.153+0000] {processor.py:161} INFO - Started process (PID=12093) to work on /home/airflow/.local/lib/python3.12/site-packages/airflow/example_dags/example_bash_operator.py
[2024-05-05T10:41:45.153+0000] {processor.py:830} INFO - Processing file /home/airflow/.local/lib/python3.12/site-packages/airflow/example_dags/example_bash_operator.py for tasks to queue
[2024-05-05T10:41:45.155+0000] {logging_mixin.py:188} INFO - [2024-05-05T10:41:45.155+0000] {dagbag.py:540} INFO - Filling up the DagBag from /home/airflow/.local/lib/python3.12/site-packages/airflow/example_dags/example_bash_operator.py
[2024-05-05T10:41:45.168+0000] {processor.py:840} INFO - DAG(s) 'example_bash_operator' retrieved from /home/airflow/.local/lib/python3.12/site-packages/airflow/example_dags/example_bash_operator.py
[2024-05-05T10:41:45.204+0000] {logging_mixin.py:188} INFO - [2024-05-05T10:41:45.204+0000] {dag.py:3096} INFO - Sync 1 DAGs
[2024-05-05T10:41:45.232+0000] {logging_mixin.py:188} INFO - [2024-05-05T10:41:45.231+0000] {dag.py:3954} INFO - Setting next_dagrun for example_bash_operator to 2024-05-04 00:00:00+00:00, run_after=2024-05-05 00:00:00+00:00
[2024-05-05T10:41:45.256+0000] {processor.py:183} INFO - Processing /home/airflow/.local/lib/python3.12/site-packages/airflow/example_dags/example_bash_operator.py took 0.110 seconds
[2024-05-05T10:42:15.943+0000] {processor.py:161} INFO - Started process (PID=12365) to work on /home/airflow/.local/lib/python3.12/site-packages/airflow/example_dags/example_bash_operator.py
[2024-05-05T10:42:15.944+0000] {processor.py:830} INFO - Processing file /home/airflow/.local/lib/python3.12/site-packages/airflow/example_dags/example_bash_operator.py for tasks to queue
[2024-05-05T10:42:15.946+0000] {logging_mixin.py:188} INFO - [2024-05-05T10:42:15.945+0000] {dagbag.py:540} INFO - Filling up the DagBag from /home/airflow/.local/lib/python3.12/site-packages/airflow/example_dags/example_bash_operator.py
[2024-05-05T10:42:15.960+0000] {processor.py:840} INFO - DAG(s) 'example_bash_operator' retrieved from /home/airflow/.local/lib/python3.12/site-packages/airflow/example_dags/example_bash_operator.py
[2024-05-05T10:42:15.995+0000] {logging_mixin.py:188} INFO - [2024-05-05T10:42:15.995+0000] {dag.py:3096} INFO - Sync 1 DAGs
[2024-05-05T10:42:16.024+0000] {logging_mixin.py:188} INFO - [2024-05-05T10:42:16.024+0000] {dag.py:3954} INFO - Setting next_dagrun for example_bash_operator to 2024-05-04 00:00:00+00:00, run_after=2024-05-05 00:00:00+00:00
[2024-05-05T10:42:16.047+0000] {processor.py:183} INFO - Processing /home/airflow/.local/lib/python3.12/site-packages/airflow/example_dags/example_bash_operator.py took 0.110 seconds
[2024-05-05T10:42:46.854+0000] {processor.py:161} INFO - Started process (PID=12644) to work on /home/airflow/.local/lib/python3.12/site-packages/airflow/example_dags/example_bash_operator.py
[2024-05-05T10:42:46.855+0000] {processor.py:830} INFO - Processing file /home/airflow/.local/lib/python3.12/site-packages/airflow/example_dags/example_bash_operator.py for tasks to queue
[2024-05-05T10:42:46.856+0000] {logging_mixin.py:188} INFO - [2024-05-05T10:42:46.856+0000] {dagbag.py:540} INFO - Filling up the DagBag from /home/airflow/.local/lib/python3.12/site-packages/airflow/example_dags/example_bash_operator.py
[2024-05-05T10:42:46.871+0000] {processor.py:840} INFO - DAG(s) 'example_bash_operator' retrieved from /home/airflow/.local/lib/python3.12/site-packages/airflow/example_dags/example_bash_operator.py
[2024-05-05T10:42:46.906+0000] {logging_mixin.py:188} INFO - [2024-05-05T10:42:46.906+0000] {dag.py:3096} INFO - Sync 1 DAGs
[2024-05-05T10:42:46.933+0000] {logging_mixin.py:188} INFO - [2024-05-05T10:42:46.933+0000] {dag.py:3954} INFO - Setting next_dagrun for example_bash_operator to 2024-05-04 00:00:00+00:00, run_after=2024-05-05 00:00:00+00:00
[2024-05-05T10:42:46.955+0000] {processor.py:183} INFO - Processing /home/airflow/.local/lib/python3.12/site-packages/airflow/example_dags/example_bash_operator.py took 0.108 seconds
[2024-05-05T10:43:17.624+0000] {processor.py:161} INFO - Started process (PID=12917) to work on /home/airflow/.local/lib/python3.12/site-packages/airflow/example_dags/example_bash_operator.py
[2024-05-05T10:43:17.625+0000] {processor.py:830} INFO - Processing file /home/airflow/.local/lib/python3.12/site-packages/airflow/example_dags/example_bash_operator.py for tasks to queue
[2024-05-05T10:43:17.626+0000] {logging_mixin.py:188} INFO - [2024-05-05T10:43:17.626+0000] {dagbag.py:540} INFO - Filling up the DagBag from /home/airflow/.local/lib/python3.12/site-packages/airflow/example_dags/example_bash_operator.py
[2024-05-05T10:43:17.639+0000] {processor.py:840} INFO - DAG(s) 'example_bash_operator' retrieved from /home/airflow/.local/lib/python3.12/site-packages/airflow/example_dags/example_bash_operator.py
[2024-05-05T10:43:17.674+0000] {logging_mixin.py:188} INFO - [2024-05-05T10:43:17.674+0000] {dag.py:3096} INFO - Sync 1 DAGs
[2024-05-05T10:43:17.702+0000] {logging_mixin.py:188} INFO - [2024-05-05T10:43:17.701+0000] {dag.py:3954} INFO - Setting next_dagrun for example_bash_operator to 2024-05-04 00:00:00+00:00, run_after=2024-05-05 00:00:00+00:00
[2024-05-05T10:43:17.725+0000] {processor.py:183} INFO - Processing /home/airflow/.local/lib/python3.12/site-packages/airflow/example_dags/example_bash_operator.py took 0.108 seconds
[2024-05-05T10:43:48.337+0000] {processor.py:161} INFO - Started process (PID=13189) to work on /home/airflow/.local/lib/python3.12/site-packages/airflow/example_dags/example_bash_operator.py
[2024-05-05T10:43:48.338+0000] {processor.py:830} INFO - Processing file /home/airflow/.local/lib/python3.12/site-packages/airflow/example_dags/example_bash_operator.py for tasks to queue
[2024-05-05T10:43:48.340+0000] {logging_mixin.py:188} INFO - [2024-05-05T10:43:48.340+0000] {dagbag.py:540} INFO - Filling up the DagBag from /home/airflow/.local/lib/python3.12/site-packages/airflow/example_dags/example_bash_operator.py
[2024-05-05T10:43:48.358+0000] {processor.py:840} INFO - DAG(s) 'example_bash_operator' retrieved from /home/airflow/.local/lib/python3.12/site-packages/airflow/example_dags/example_bash_operator.py
[2024-05-05T10:43:48.392+0000] {logging_mixin.py:188} INFO - [2024-05-05T10:43:48.392+0000] {dag.py:3096} INFO - Sync 1 DAGs
[2024-05-05T10:43:48.418+0000] {logging_mixin.py:188} INFO - [2024-05-05T10:43:48.418+0000] {dag.py:3954} INFO - Setting next_dagrun for example_bash_operator to 2024-05-04 00:00:00+00:00, run_after=2024-05-05 00:00:00+00:00
[2024-05-05T10:43:48.441+0000] {processor.py:183} INFO - Processing /home/airflow/.local/lib/python3.12/site-packages/airflow/example_dags/example_bash_operator.py took 0.110 seconds
[2024-05-05T10:44:19.075+0000] {processor.py:161} INFO - Started process (PID=13461) to work on /home/airflow/.local/lib/python3.12/site-packages/airflow/example_dags/example_bash_operator.py
[2024-05-05T10:44:19.076+0000] {processor.py:830} INFO - Processing file /home/airflow/.local/lib/python3.12/site-packages/airflow/example_dags/example_bash_operator.py for tasks to queue
[2024-05-05T10:44:19.078+0000] {logging_mixin.py:188} INFO - [2024-05-05T10:44:19.077+0000] {dagbag.py:540} INFO - Filling up the DagBag from /home/airflow/.local/lib/python3.12/site-packages/airflow/example_dags/example_bash_operator.py
[2024-05-05T10:44:19.091+0000] {processor.py:840} INFO - DAG(s) 'example_bash_operator' retrieved from /home/airflow/.local/lib/python3.12/site-packages/airflow/example_dags/example_bash_operator.py
[2024-05-05T10:44:19.126+0000] {logging_mixin.py:188} INFO - [2024-05-05T10:44:19.125+0000] {dag.py:3096} INFO - Sync 1 DAGs
[2024-05-05T10:44:19.153+0000] {logging_mixin.py:188} INFO - [2024-05-05T10:44:19.152+0000] {dag.py:3954} INFO - Setting next_dagrun for example_bash_operator to 2024-05-04 00:00:00+00:00, run_after=2024-05-05 00:00:00+00:00
[2024-05-05T10:44:19.175+0000] {processor.py:183} INFO - Processing /home/airflow/.local/lib/python3.12/site-packages/airflow/example_dags/example_bash_operator.py took 0.107 seconds
[2024-05-05T10:44:49.662+0000] {processor.py:161} INFO - Started process (PID=13734) to work on /home/airflow/.local/lib/python3.12/site-packages/airflow/example_dags/example_bash_operator.py
[2024-05-05T10:44:49.663+0000] {processor.py:830} INFO - Processing file /home/airflow/.local/lib/python3.12/site-packages/airflow/example_dags/example_bash_operator.py for tasks to queue
[2024-05-05T10:44:49.669+0000] {logging_mixin.py:188} INFO - [2024-05-05T10:44:49.669+0000] {dagbag.py:540} INFO - Filling up the DagBag from /home/airflow/.local/lib/python3.12/site-packages/airflow/example_dags/example_bash_operator.py
[2024-05-05T10:44:49.683+0000] {processor.py:840} INFO - DAG(s) 'example_bash_operator' retrieved from /home/airflow/.local/lib/python3.12/site-packages/airflow/example_dags/example_bash_operator.py
[2024-05-05T10:44:49.716+0000] {logging_mixin.py:188} INFO - [2024-05-05T10:44:49.716+0000] {dag.py:3096} INFO - Sync 1 DAGs
[2024-05-05T10:44:49.743+0000] {logging_mixin.py:188} INFO - [2024-05-05T10:44:49.743+0000] {dag.py:3954} INFO - Setting next_dagrun for example_bash_operator to 2024-05-04 00:00:00+00:00, run_after=2024-05-05 00:00:00+00:00
[2024-05-05T10:44:49.766+0000] {processor.py:183} INFO - Processing /home/airflow/.local/lib/python3.12/site-packages/airflow/example_dags/example_bash_operator.py took 0.110 seconds
[2024-05-05T10:45:20.151+0000] {processor.py:161} INFO - Started process (PID=14006) to work on /home/airflow/.local/lib/python3.12/site-packages/airflow/example_dags/example_bash_operator.py
[2024-05-05T10:45:20.152+0000] {processor.py:830} INFO - Processing file /home/airflow/.local/lib/python3.12/site-packages/airflow/example_dags/example_bash_operator.py for tasks to queue
[2024-05-05T10:45:20.153+0000] {logging_mixin.py:188} INFO - [2024-05-05T10:45:20.153+0000] {dagbag.py:540} INFO - Filling up the DagBag from /home/airflow/.local/lib/python3.12/site-packages/airflow/example_dags/example_bash_operator.py
[2024-05-05T10:45:20.166+0000] {processor.py:840} INFO - DAG(s) 'example_bash_operator' retrieved from /home/airflow/.local/lib/python3.12/site-packages/airflow/example_dags/example_bash_operator.py
[2024-05-05T10:45:20.201+0000] {logging_mixin.py:188} INFO - [2024-05-05T10:45:20.201+0000] {dag.py:3096} INFO - Sync 1 DAGs
[2024-05-05T10:45:20.229+0000] {logging_mixin.py:188} INFO - [2024-05-05T10:45:20.228+0000] {dag.py:3954} INFO - Setting next_dagrun for example_bash_operator to 2024-05-04 00:00:00+00:00, run_after=2024-05-05 00:00:00+00:00
[2024-05-05T10:45:20.256+0000] {processor.py:183} INFO - Processing /home/airflow/.local/lib/python3.12/site-packages/airflow/example_dags/example_bash_operator.py took 0.112 seconds
[2024-05-05T10:45:51.107+0000] {processor.py:161} INFO - Started process (PID=14278) to work on /home/airflow/.local/lib/python3.12/site-packages/airflow/example_dags/example_bash_operator.py
[2024-05-05T10:45:51.108+0000] {processor.py:830} INFO - Processing file /home/airflow/.local/lib/python3.12/site-packages/airflow/example_dags/example_bash_operator.py for tasks to queue
[2024-05-05T10:45:51.110+0000] {logging_mixin.py:188} INFO - [2024-05-05T10:45:51.109+0000] {dagbag.py:540} INFO - Filling up the DagBag from /home/airflow/.local/lib/python3.12/site-packages/airflow/example_dags/example_bash_operator.py
[2024-05-05T10:45:51.124+0000] {processor.py:840} INFO - DAG(s) 'example_bash_operator' retrieved from /home/airflow/.local/lib/python3.12/site-packages/airflow/example_dags/example_bash_operator.py
[2024-05-05T10:45:51.161+0000] {logging_mixin.py:188} INFO - [2024-05-05T10:45:51.161+0000] {dag.py:3096} INFO - Sync 1 DAGs
[2024-05-05T10:45:51.187+0000] {logging_mixin.py:188} INFO - [2024-05-05T10:45:51.187+0000] {dag.py:3954} INFO - Setting next_dagrun for example_bash_operator to 2024-05-04 00:00:00+00:00, run_after=2024-05-05 00:00:00+00:00
[2024-05-05T10:45:51.211+0000] {processor.py:183} INFO - Processing /home/airflow/.local/lib/python3.12/site-packages/airflow/example_dags/example_bash_operator.py took 0.110 seconds
[2024-05-05T10:46:21.288+0000] {processor.py:161} INFO - Started process (PID=14550) to work on /home/airflow/.local/lib/python3.12/site-packages/airflow/example_dags/example_bash_operator.py
[2024-05-05T10:46:21.290+0000] {processor.py:830} INFO - Processing file /home/airflow/.local/lib/python3.12/site-packages/airflow/example_dags/example_bash_operator.py for tasks to queue
[2024-05-05T10:46:21.291+0000] {logging_mixin.py:188} INFO - [2024-05-05T10:46:21.291+0000] {dagbag.py:540} INFO - Filling up the DagBag from /home/airflow/.local/lib/python3.12/site-packages/airflow/example_dags/example_bash_operator.py
[2024-05-05T10:46:21.305+0000] {processor.py:840} INFO - DAG(s) 'example_bash_operator' retrieved from /home/airflow/.local/lib/python3.12/site-packages/airflow/example_dags/example_bash_operator.py
[2024-05-05T10:46:21.338+0000] {logging_mixin.py:188} INFO - [2024-05-05T10:46:21.338+0000] {dag.py:3096} INFO - Sync 1 DAGs
[2024-05-05T10:46:21.365+0000] {logging_mixin.py:188} INFO - [2024-05-05T10:46:21.365+0000] {dag.py:3954} INFO - Setting next_dagrun for example_bash_operator to 2024-05-04 00:00:00+00:00, run_after=2024-05-05 00:00:00+00:00
[2024-05-05T10:46:21.387+0000] {processor.py:183} INFO - Processing /home/airflow/.local/lib/python3.12/site-packages/airflow/example_dags/example_bash_operator.py took 0.106 seconds
[2024-05-05T10:46:51.476+0000] {processor.py:161} INFO - Started process (PID=14825) to work on /home/airflow/.local/lib/python3.12/site-packages/airflow/example_dags/example_bash_operator.py
[2024-05-05T10:46:51.477+0000] {processor.py:830} INFO - Processing file /home/airflow/.local/lib/python3.12/site-packages/airflow/example_dags/example_bash_operator.py for tasks to queue
[2024-05-05T10:46:51.479+0000] {logging_mixin.py:188} INFO - [2024-05-05T10:46:51.478+0000] {dagbag.py:540} INFO - Filling up the DagBag from /home/airflow/.local/lib/python3.12/site-packages/airflow/example_dags/example_bash_operator.py
[2024-05-05T10:46:51.493+0000] {processor.py:840} INFO - DAG(s) 'example_bash_operator' retrieved from /home/airflow/.local/lib/python3.12/site-packages/airflow/example_dags/example_bash_operator.py
[2024-05-05T10:46:51.520+0000] {logging_mixin.py:188} INFO - [2024-05-05T10:46:51.520+0000] {dag.py:3096} INFO - Sync 1 DAGs
[2024-05-05T10:46:51.539+0000] {logging_mixin.py:188} INFO - [2024-05-05T10:46:51.539+0000] {dag.py:3954} INFO - Setting next_dagrun for example_bash_operator to 2024-05-04 00:00:00+00:00, run_after=2024-05-05 00:00:00+00:00
[2024-05-05T10:46:51.559+0000] {processor.py:183} INFO - Processing /home/airflow/.local/lib/python3.12/site-packages/airflow/example_dags/example_bash_operator.py took 0.102 seconds
[2024-05-05T10:47:21.613+0000] {processor.py:161} INFO - Started process (PID=15099) to work on /home/airflow/.local/lib/python3.12/site-packages/airflow/example_dags/example_bash_operator.py
[2024-05-05T10:47:21.614+0000] {processor.py:830} INFO - Processing file /home/airflow/.local/lib/python3.12/site-packages/airflow/example_dags/example_bash_operator.py for tasks to queue
[2024-05-05T10:47:21.615+0000] {logging_mixin.py:188} INFO - [2024-05-05T10:47:21.615+0000] {dagbag.py:540} INFO - Filling up the DagBag from /home/airflow/.local/lib/python3.12/site-packages/airflow/example_dags/example_bash_operator.py
[2024-05-05T10:47:21.624+0000] {processor.py:840} INFO - DAG(s) 'example_bash_operator' retrieved from /home/airflow/.local/lib/python3.12/site-packages/airflow/example_dags/example_bash_operator.py
[2024-05-05T10:47:21.647+0000] {logging_mixin.py:188} INFO - [2024-05-05T10:47:21.647+0000] {dag.py:3096} INFO - Sync 1 DAGs
[2024-05-05T10:47:21.665+0000] {logging_mixin.py:188} INFO - [2024-05-05T10:47:21.665+0000] {dag.py:3954} INFO - Setting next_dagrun for example_bash_operator to 2024-05-04 00:00:00+00:00, run_after=2024-05-05 00:00:00+00:00
[2024-05-05T10:47:21.692+0000] {processor.py:183} INFO - Processing /home/airflow/.local/lib/python3.12/site-packages/airflow/example_dags/example_bash_operator.py took 0.083 seconds
[2024-05-05T10:47:51.752+0000] {processor.py:161} INFO - Started process (PID=15371) to work on /home/airflow/.local/lib/python3.12/site-packages/airflow/example_dags/example_bash_operator.py
[2024-05-05T10:47:51.753+0000] {processor.py:830} INFO - Processing file /home/airflow/.local/lib/python3.12/site-packages/airflow/example_dags/example_bash_operator.py for tasks to queue
[2024-05-05T10:47:51.754+0000] {logging_mixin.py:188} INFO - [2024-05-05T10:47:51.754+0000] {dagbag.py:540} INFO - Filling up the DagBag from /home/airflow/.local/lib/python3.12/site-packages/airflow/example_dags/example_bash_operator.py
[2024-05-05T10:47:51.763+0000] {processor.py:840} INFO - DAG(s) 'example_bash_operator' retrieved from /home/airflow/.local/lib/python3.12/site-packages/airflow/example_dags/example_bash_operator.py
[2024-05-05T10:47:51.787+0000] {logging_mixin.py:188} INFO - [2024-05-05T10:47:51.786+0000] {dag.py:3096} INFO - Sync 1 DAGs
[2024-05-05T10:47:51.805+0000] {logging_mixin.py:188} INFO - [2024-05-05T10:47:51.805+0000] {dag.py:3954} INFO - Setting next_dagrun for example_bash_operator to 2024-05-04 00:00:00+00:00, run_after=2024-05-05 00:00:00+00:00
[2024-05-05T10:47:51.826+0000] {processor.py:183} INFO - Processing /home/airflow/.local/lib/python3.12/site-packages/airflow/example_dags/example_bash_operator.py took 0.078 seconds
[2024-05-05T10:48:22.034+0000] {processor.py:161} INFO - Started process (PID=15643) to work on /home/airflow/.local/lib/python3.12/site-packages/airflow/example_dags/example_bash_operator.py
[2024-05-05T10:48:22.035+0000] {processor.py:830} INFO - Processing file /home/airflow/.local/lib/python3.12/site-packages/airflow/example_dags/example_bash_operator.py for tasks to queue
[2024-05-05T10:48:22.037+0000] {logging_mixin.py:188} INFO - [2024-05-05T10:48:22.037+0000] {dagbag.py:540} INFO - Filling up the DagBag from /home/airflow/.local/lib/python3.12/site-packages/airflow/example_dags/example_bash_operator.py
[2024-05-05T10:48:22.050+0000] {processor.py:840} INFO - DAG(s) 'example_bash_operator' retrieved from /home/airflow/.local/lib/python3.12/site-packages/airflow/example_dags/example_bash_operator.py
[2024-05-05T10:48:22.107+0000] {logging_mixin.py:188} INFO - [2024-05-05T10:48:22.106+0000] {dag.py:3096} INFO - Sync 1 DAGs
[2024-05-05T10:48:22.137+0000] {logging_mixin.py:188} INFO - [2024-05-05T10:48:22.137+0000] {dag.py:3954} INFO - Setting next_dagrun for example_bash_operator to 2024-05-04 00:00:00+00:00, run_after=2024-05-05 00:00:00+00:00
[2024-05-05T10:48:22.173+0000] {processor.py:183} INFO - Processing /home/airflow/.local/lib/python3.12/site-packages/airflow/example_dags/example_bash_operator.py took 0.146 seconds
[2024-05-05T10:48:52.559+0000] {processor.py:161} INFO - Started process (PID=15908) to work on /home/airflow/.local/lib/python3.12/site-packages/airflow/example_dags/example_bash_operator.py
[2024-05-05T10:48:52.560+0000] {processor.py:830} INFO - Processing file /home/airflow/.local/lib/python3.12/site-packages/airflow/example_dags/example_bash_operator.py for tasks to queue
[2024-05-05T10:48:52.569+0000] {logging_mixin.py:188} INFO - [2024-05-05T10:48:52.568+0000] {dagbag.py:540} INFO - Filling up the DagBag from /home/airflow/.local/lib/python3.12/site-packages/airflow/example_dags/example_bash_operator.py
[2024-05-05T10:48:52.583+0000] {processor.py:840} INFO - DAG(s) 'example_bash_operator' retrieved from /home/airflow/.local/lib/python3.12/site-packages/airflow/example_dags/example_bash_operator.py
[2024-05-05T10:48:52.619+0000] {logging_mixin.py:188} INFO - [2024-05-05T10:48:52.619+0000] {dag.py:3096} INFO - Sync 1 DAGs
[2024-05-05T10:48:52.650+0000] {logging_mixin.py:188} INFO - [2024-05-05T10:48:52.649+0000] {dag.py:3954} INFO - Setting next_dagrun for example_bash_operator to 2024-05-04 00:00:00+00:00, run_after=2024-05-05 00:00:00+00:00
[2024-05-05T10:48:52.679+0000] {processor.py:183} INFO - Processing /home/airflow/.local/lib/python3.12/site-packages/airflow/example_dags/example_bash_operator.py took 0.126 seconds
[2024-05-05T10:49:23.460+0000] {processor.py:161} INFO - Started process (PID=16185) to work on /home/airflow/.local/lib/python3.12/site-packages/airflow/example_dags/example_bash_operator.py
[2024-05-05T10:49:23.460+0000] {processor.py:830} INFO - Processing file /home/airflow/.local/lib/python3.12/site-packages/airflow/example_dags/example_bash_operator.py for tasks to queue
[2024-05-05T10:49:23.462+0000] {logging_mixin.py:188} INFO - [2024-05-05T10:49:23.462+0000] {dagbag.py:540} INFO - Filling up the DagBag from /home/airflow/.local/lib/python3.12/site-packages/airflow/example_dags/example_bash_operator.py
[2024-05-05T10:49:23.475+0000] {processor.py:840} INFO - DAG(s) 'example_bash_operator' retrieved from /home/airflow/.local/lib/python3.12/site-packages/airflow/example_dags/example_bash_operator.py
[2024-05-05T10:49:23.510+0000] {logging_mixin.py:188} INFO - [2024-05-05T10:49:23.510+0000] {dag.py:3096} INFO - Sync 1 DAGs
[2024-05-05T10:49:23.539+0000] {logging_mixin.py:188} INFO - [2024-05-05T10:49:23.539+0000] {dag.py:3954} INFO - Setting next_dagrun for example_bash_operator to 2024-05-04 00:00:00+00:00, run_after=2024-05-05 00:00:00+00:00
[2024-05-05T10:49:23.566+0000] {processor.py:183} INFO - Processing /home/airflow/.local/lib/python3.12/site-packages/airflow/example_dags/example_bash_operator.py took 0.113 seconds
[2024-05-05T10:49:53.759+0000] {processor.py:161} INFO - Started process (PID=16462) to work on /home/airflow/.local/lib/python3.12/site-packages/airflow/example_dags/example_bash_operator.py
[2024-05-05T10:49:53.760+0000] {processor.py:830} INFO - Processing file /home/airflow/.local/lib/python3.12/site-packages/airflow/example_dags/example_bash_operator.py for tasks to queue
[2024-05-05T10:49:53.763+0000] {logging_mixin.py:188} INFO - [2024-05-05T10:49:53.761+0000] {dagbag.py:540} INFO - Filling up the DagBag from /home/airflow/.local/lib/python3.12/site-packages/airflow/example_dags/example_bash_operator.py
[2024-05-05T10:49:53.781+0000] {processor.py:840} INFO - DAG(s) 'example_bash_operator' retrieved from /home/airflow/.local/lib/python3.12/site-packages/airflow/example_dags/example_bash_operator.py
[2024-05-05T10:49:53.818+0000] {logging_mixin.py:188} INFO - [2024-05-05T10:49:53.817+0000] {dag.py:3096} INFO - Sync 1 DAGs
[2024-05-05T10:49:53.847+0000] {logging_mixin.py:188} INFO - [2024-05-05T10:49:53.847+0000] {dag.py:3954} INFO - Setting next_dagrun for example_bash_operator to 2024-05-04 00:00:00+00:00, run_after=2024-05-05 00:00:00+00:00
[2024-05-05T10:49:53.875+0000] {processor.py:183} INFO - Processing /home/airflow/.local/lib/python3.12/site-packages/airflow/example_dags/example_bash_operator.py took 0.122 seconds
[2024-05-05T10:50:24.510+0000] {processor.py:161} INFO - Started process (PID=16739) to work on /home/airflow/.local/lib/python3.12/site-packages/airflow/example_dags/example_bash_operator.py
[2024-05-05T10:50:24.511+0000] {processor.py:830} INFO - Processing file /home/airflow/.local/lib/python3.12/site-packages/airflow/example_dags/example_bash_operator.py for tasks to queue
[2024-05-05T10:50:24.512+0000] {logging_mixin.py:188} INFO - [2024-05-05T10:50:24.512+0000] {dagbag.py:540} INFO - Filling up the DagBag from /home/airflow/.local/lib/python3.12/site-packages/airflow/example_dags/example_bash_operator.py
[2024-05-05T10:50:24.526+0000] {processor.py:840} INFO - DAG(s) 'example_bash_operator' retrieved from /home/airflow/.local/lib/python3.12/site-packages/airflow/example_dags/example_bash_operator.py
[2024-05-05T10:50:24.558+0000] {logging_mixin.py:188} INFO - [2024-05-05T10:50:24.558+0000] {dag.py:3096} INFO - Sync 1 DAGs
[2024-05-05T10:50:24.590+0000] {logging_mixin.py:188} INFO - [2024-05-05T10:50:24.589+0000] {dag.py:3954} INFO - Setting next_dagrun for example_bash_operator to 2024-05-04 00:00:00+00:00, run_after=2024-05-05 00:00:00+00:00
[2024-05-05T10:50:24.626+0000] {processor.py:183} INFO - Processing /home/airflow/.local/lib/python3.12/site-packages/airflow/example_dags/example_bash_operator.py took 0.124 seconds
[2024-05-05T10:50:55.041+0000] {processor.py:161} INFO - Started process (PID=17016) to work on /home/airflow/.local/lib/python3.12/site-packages/airflow/example_dags/example_bash_operator.py
[2024-05-05T10:50:55.042+0000] {processor.py:830} INFO - Processing file /home/airflow/.local/lib/python3.12/site-packages/airflow/example_dags/example_bash_operator.py for tasks to queue
[2024-05-05T10:50:55.044+0000] {logging_mixin.py:188} INFO - [2024-05-05T10:50:55.043+0000] {dagbag.py:540} INFO - Filling up the DagBag from /home/airflow/.local/lib/python3.12/site-packages/airflow/example_dags/example_bash_operator.py
[2024-05-05T10:50:55.057+0000] {processor.py:840} INFO - DAG(s) 'example_bash_operator' retrieved from /home/airflow/.local/lib/python3.12/site-packages/airflow/example_dags/example_bash_operator.py
[2024-05-05T10:50:55.112+0000] {logging_mixin.py:188} INFO - [2024-05-05T10:50:55.112+0000] {dag.py:3096} INFO - Sync 1 DAGs
[2024-05-05T10:50:55.158+0000] {logging_mixin.py:188} INFO - [2024-05-05T10:50:55.158+0000] {dag.py:3954} INFO - Setting next_dagrun for example_bash_operator to 2024-05-04 00:00:00+00:00, run_after=2024-05-05 00:00:00+00:00
[2024-05-05T10:50:55.194+0000] {processor.py:183} INFO - Processing /home/airflow/.local/lib/python3.12/site-packages/airflow/example_dags/example_bash_operator.py took 0.160 seconds
[2024-05-05T10:51:25.918+0000] {processor.py:161} INFO - Started process (PID=17293) to work on /home/airflow/.local/lib/python3.12/site-packages/airflow/example_dags/example_bash_operator.py
[2024-05-05T10:51:25.926+0000] {processor.py:830} INFO - Processing file /home/airflow/.local/lib/python3.12/site-packages/airflow/example_dags/example_bash_operator.py for tasks to queue
[2024-05-05T10:51:25.931+0000] {logging_mixin.py:188} INFO - [2024-05-05T10:51:25.931+0000] {dagbag.py:540} INFO - Filling up the DagBag from /home/airflow/.local/lib/python3.12/site-packages/airflow/example_dags/example_bash_operator.py
[2024-05-05T10:51:25.950+0000] {processor.py:840} INFO - DAG(s) 'example_bash_operator' retrieved from /home/airflow/.local/lib/python3.12/site-packages/airflow/example_dags/example_bash_operator.py
[2024-05-05T10:51:26.002+0000] {logging_mixin.py:188} INFO - [2024-05-05T10:51:26.001+0000] {dag.py:3096} INFO - Sync 1 DAGs
[2024-05-05T10:51:26.060+0000] {logging_mixin.py:188} INFO - [2024-05-05T10:51:26.060+0000] {dag.py:3954} INFO - Setting next_dagrun for example_bash_operator to 2024-05-04 00:00:00+00:00, run_after=2024-05-05 00:00:00+00:00
[2024-05-05T10:51:26.115+0000] {processor.py:183} INFO - Processing /home/airflow/.local/lib/python3.12/site-packages/airflow/example_dags/example_bash_operator.py took 0.212 seconds
[2024-05-05T10:51:56.937+0000] {processor.py:161} INFO - Started process (PID=17570) to work on /home/airflow/.local/lib/python3.12/site-packages/airflow/example_dags/example_bash_operator.py
[2024-05-05T10:51:56.938+0000] {processor.py:830} INFO - Processing file /home/airflow/.local/lib/python3.12/site-packages/airflow/example_dags/example_bash_operator.py for tasks to queue
[2024-05-05T10:51:56.940+0000] {logging_mixin.py:188} INFO - [2024-05-05T10:51:56.940+0000] {dagbag.py:540} INFO - Filling up the DagBag from /home/airflow/.local/lib/python3.12/site-packages/airflow/example_dags/example_bash_operator.py
[2024-05-05T10:51:56.954+0000] {processor.py:840} INFO - DAG(s) 'example_bash_operator' retrieved from /home/airflow/.local/lib/python3.12/site-packages/airflow/example_dags/example_bash_operator.py
[2024-05-05T10:51:57.048+0000] {logging_mixin.py:188} INFO - [2024-05-05T10:51:57.048+0000] {dag.py:3096} INFO - Sync 1 DAGs
[2024-05-05T10:51:57.078+0000] {logging_mixin.py:188} INFO - [2024-05-05T10:51:57.078+0000] {dag.py:3954} INFO - Setting next_dagrun for example_bash_operator to 2024-05-04 00:00:00+00:00, run_after=2024-05-05 00:00:00+00:00
[2024-05-05T10:51:57.102+0000] {processor.py:183} INFO - Processing /home/airflow/.local/lib/python3.12/site-packages/airflow/example_dags/example_bash_operator.py took 0.182 seconds
[2024-05-05T10:52:32.322+0000] {processor.py:161} INFO - Started process (PID=17875) to work on /home/airflow/.local/lib/python3.12/site-packages/airflow/example_dags/example_bash_operator.py
[2024-05-05T10:52:32.372+0000] {processor.py:830} INFO - Processing file /home/airflow/.local/lib/python3.12/site-packages/airflow/example_dags/example_bash_operator.py for tasks to queue
[2024-05-05T10:52:32.381+0000] {logging_mixin.py:188} INFO - [2024-05-05T10:52:32.381+0000] {dagbag.py:540} INFO - Filling up the DagBag from /home/airflow/.local/lib/python3.12/site-packages/airflow/example_dags/example_bash_operator.py
[2024-05-05T10:52:32.557+0000] {processor.py:840} INFO - DAG(s) 'example_bash_operator' retrieved from /home/airflow/.local/lib/python3.12/site-packages/airflow/example_dags/example_bash_operator.py
[2024-05-05T10:52:33.218+0000] {logging_mixin.py:188} INFO - [2024-05-05T10:52:33.214+0000] {dag.py:3096} INFO - Sync 1 DAGs
[2024-05-05T10:52:33.435+0000] {logging_mixin.py:188} INFO - [2024-05-05T10:52:33.435+0000] {dag.py:3954} INFO - Setting next_dagrun for example_bash_operator to 2024-05-04 00:00:00+00:00, run_after=2024-05-05 00:00:00+00:00
[2024-05-05T10:52:33.756+0000] {processor.py:183} INFO - Processing /home/airflow/.local/lib/python3.12/site-packages/airflow/example_dags/example_bash_operator.py took 1.509 seconds
[2024-05-05T10:53:04.332+0000] {processor.py:161} INFO - Started process (PID=18183) to work on /home/airflow/.local/lib/python3.12/site-packages/airflow/example_dags/example_bash_operator.py
[2024-05-05T10:53:04.333+0000] {processor.py:830} INFO - Processing file /home/airflow/.local/lib/python3.12/site-packages/airflow/example_dags/example_bash_operator.py for tasks to queue
[2024-05-05T10:53:04.334+0000] {logging_mixin.py:188} INFO - [2024-05-05T10:53:04.334+0000] {dagbag.py:540} INFO - Filling up the DagBag from /home/airflow/.local/lib/python3.12/site-packages/airflow/example_dags/example_bash_operator.py
[2024-05-05T10:53:04.348+0000] {processor.py:840} INFO - DAG(s) 'example_bash_operator' retrieved from /home/airflow/.local/lib/python3.12/site-packages/airflow/example_dags/example_bash_operator.py
[2024-05-05T10:53:04.381+0000] {logging_mixin.py:188} INFO - [2024-05-05T10:53:04.381+0000] {dag.py:3096} INFO - Sync 1 DAGs
[2024-05-05T10:53:04.412+0000] {logging_mixin.py:188} INFO - [2024-05-05T10:53:04.411+0000] {dag.py:3954} INFO - Setting next_dagrun for example_bash_operator to 2024-05-04 00:00:00+00:00, run_after=2024-05-05 00:00:00+00:00
[2024-05-05T10:53:04.441+0000] {processor.py:183} INFO - Processing /home/airflow/.local/lib/python3.12/site-packages/airflow/example_dags/example_bash_operator.py took 0.115 seconds
[2024-05-05T10:53:35.153+0000] {processor.py:161} INFO - Started process (PID=18459) to work on /home/airflow/.local/lib/python3.12/site-packages/airflow/example_dags/example_bash_operator.py
[2024-05-05T10:53:35.154+0000] {processor.py:830} INFO - Processing file /home/airflow/.local/lib/python3.12/site-packages/airflow/example_dags/example_bash_operator.py for tasks to queue
[2024-05-05T10:53:35.156+0000] {logging_mixin.py:188} INFO - [2024-05-05T10:53:35.156+0000] {dagbag.py:540} INFO - Filling up the DagBag from /home/airflow/.local/lib/python3.12/site-packages/airflow/example_dags/example_bash_operator.py
[2024-05-05T10:53:35.180+0000] {processor.py:840} INFO - DAG(s) 'example_bash_operator' retrieved from /home/airflow/.local/lib/python3.12/site-packages/airflow/example_dags/example_bash_operator.py
[2024-05-05T10:53:35.262+0000] {logging_mixin.py:188} INFO - [2024-05-05T10:53:35.262+0000] {dag.py:3096} INFO - Sync 1 DAGs
[2024-05-05T10:53:35.332+0000] {logging_mixin.py:188} INFO - [2024-05-05T10:53:35.331+0000] {dag.py:3954} INFO - Setting next_dagrun for example_bash_operator to 2024-05-04 00:00:00+00:00, run_after=2024-05-05 00:00:00+00:00
[2024-05-05T10:53:35.369+0000] {processor.py:183} INFO - Processing /home/airflow/.local/lib/python3.12/site-packages/airflow/example_dags/example_bash_operator.py took 0.235 seconds
[2024-05-05T10:54:05.478+0000] {processor.py:161} INFO - Started process (PID=18744) to work on /home/airflow/.local/lib/python3.12/site-packages/airflow/example_dags/example_bash_operator.py
[2024-05-05T10:54:05.479+0000] {processor.py:830} INFO - Processing file /home/airflow/.local/lib/python3.12/site-packages/airflow/example_dags/example_bash_operator.py for tasks to queue
[2024-05-05T10:54:05.481+0000] {logging_mixin.py:188} INFO - [2024-05-05T10:54:05.480+0000] {dagbag.py:540} INFO - Filling up the DagBag from /home/airflow/.local/lib/python3.12/site-packages/airflow/example_dags/example_bash_operator.py
[2024-05-05T10:54:05.494+0000] {processor.py:840} INFO - DAG(s) 'example_bash_operator' retrieved from /home/airflow/.local/lib/python3.12/site-packages/airflow/example_dags/example_bash_operator.py
[2024-05-05T10:54:05.532+0000] {logging_mixin.py:188} INFO - [2024-05-05T10:54:05.532+0000] {dag.py:3096} INFO - Sync 1 DAGs
[2024-05-05T10:54:05.561+0000] {logging_mixin.py:188} INFO - [2024-05-05T10:54:05.560+0000] {dag.py:3954} INFO - Setting next_dagrun for example_bash_operator to 2024-05-04 00:00:00+00:00, run_after=2024-05-05 00:00:00+00:00
[2024-05-05T10:54:05.584+0000] {processor.py:183} INFO - Processing /home/airflow/.local/lib/python3.12/site-packages/airflow/example_dags/example_bash_operator.py took 0.113 seconds
[2024-05-05T10:54:37.064+0000] {processor.py:161} INFO - Started process (PID=19078) to work on /home/airflow/.local/lib/python3.12/site-packages/airflow/example_dags/example_bash_operator.py
[2024-05-05T10:54:37.064+0000] {processor.py:830} INFO - Processing file /home/airflow/.local/lib/python3.12/site-packages/airflow/example_dags/example_bash_operator.py for tasks to queue
[2024-05-05T10:54:37.066+0000] {logging_mixin.py:188} INFO - [2024-05-05T10:54:37.066+0000] {dagbag.py:540} INFO - Filling up the DagBag from /home/airflow/.local/lib/python3.12/site-packages/airflow/example_dags/example_bash_operator.py
[2024-05-05T10:54:37.079+0000] {processor.py:840} INFO - DAG(s) 'example_bash_operator' retrieved from /home/airflow/.local/lib/python3.12/site-packages/airflow/example_dags/example_bash_operator.py
[2024-05-05T10:54:37.112+0000] {logging_mixin.py:188} INFO - [2024-05-05T10:54:37.111+0000] {dag.py:3096} INFO - Sync 1 DAGs
[2024-05-05T10:54:37.142+0000] {logging_mixin.py:188} INFO - [2024-05-05T10:54:37.142+0000] {dag.py:3954} INFO - Setting next_dagrun for example_bash_operator to 2024-05-04 00:00:00+00:00, run_after=2024-05-05 00:00:00+00:00
[2024-05-05T10:54:37.171+0000] {processor.py:183} INFO - Processing /home/airflow/.local/lib/python3.12/site-packages/airflow/example_dags/example_bash_operator.py took 0.114 seconds
[2024-05-05T10:55:07.915+0000] {processor.py:161} INFO - Started process (PID=19357) to work on /home/airflow/.local/lib/python3.12/site-packages/airflow/example_dags/example_bash_operator.py
[2024-05-05T10:55:07.916+0000] {processor.py:830} INFO - Processing file /home/airflow/.local/lib/python3.12/site-packages/airflow/example_dags/example_bash_operator.py for tasks to queue
[2024-05-05T10:55:07.918+0000] {logging_mixin.py:188} INFO - [2024-05-05T10:55:07.917+0000] {dagbag.py:540} INFO - Filling up the DagBag from /home/airflow/.local/lib/python3.12/site-packages/airflow/example_dags/example_bash_operator.py
[2024-05-05T10:55:07.931+0000] {processor.py:840} INFO - DAG(s) 'example_bash_operator' retrieved from /home/airflow/.local/lib/python3.12/site-packages/airflow/example_dags/example_bash_operator.py
[2024-05-05T10:55:07.965+0000] {logging_mixin.py:188} INFO - [2024-05-05T10:55:07.965+0000] {dag.py:3096} INFO - Sync 1 DAGs
[2024-05-05T10:55:07.994+0000] {logging_mixin.py:188} INFO - [2024-05-05T10:55:07.993+0000] {dag.py:3954} INFO - Setting next_dagrun for example_bash_operator to 2024-05-04 00:00:00+00:00, run_after=2024-05-05 00:00:00+00:00
[2024-05-05T10:55:08.018+0000] {processor.py:183} INFO - Processing /home/airflow/.local/lib/python3.12/site-packages/airflow/example_dags/example_bash_operator.py took 0.109 seconds
[2024-05-05T10:55:38.167+0000] {processor.py:161} INFO - Started process (PID=19630) to work on /home/airflow/.local/lib/python3.12/site-packages/airflow/example_dags/example_bash_operator.py
[2024-05-05T10:55:38.168+0000] {processor.py:830} INFO - Processing file /home/airflow/.local/lib/python3.12/site-packages/airflow/example_dags/example_bash_operator.py for tasks to queue
[2024-05-05T10:55:38.170+0000] {logging_mixin.py:188} INFO - [2024-05-05T10:55:38.169+0000] {dagbag.py:540} INFO - Filling up the DagBag from /home/airflow/.local/lib/python3.12/site-packages/airflow/example_dags/example_bash_operator.py
[2024-05-05T10:55:38.183+0000] {processor.py:840} INFO - DAG(s) 'example_bash_operator' retrieved from /home/airflow/.local/lib/python3.12/site-packages/airflow/example_dags/example_bash_operator.py
[2024-05-05T10:55:38.218+0000] {logging_mixin.py:188} INFO - [2024-05-05T10:55:38.218+0000] {dag.py:3096} INFO - Sync 1 DAGs
[2024-05-05T10:55:38.247+0000] {logging_mixin.py:188} INFO - [2024-05-05T10:55:38.247+0000] {dag.py:3954} INFO - Setting next_dagrun for example_bash_operator to 2024-05-04 00:00:00+00:00, run_after=2024-05-05 00:00:00+00:00
[2024-05-05T10:55:38.272+0000] {processor.py:183} INFO - Processing /home/airflow/.local/lib/python3.12/site-packages/airflow/example_dags/example_bash_operator.py took 0.112 seconds
