[2024-05-05T10:19:27.085+0000] {processor.py:161} INFO - Started process (PID=348) to work on /home/airflow/.local/lib/python3.12/site-packages/airflow/example_dags/example_display_name.py
[2024-05-05T10:19:27.086+0000] {processor.py:830} INFO - Processing file /home/airflow/.local/lib/python3.12/site-packages/airflow/example_dags/example_display_name.py for tasks to queue
[2024-05-05T10:19:27.088+0000] {logging_mixin.py:188} INFO - [2024-05-05T10:19:27.087+0000] {dagbag.py:540} INFO - Filling up the DagBag from /home/airflow/.local/lib/python3.12/site-packages/airflow/example_dags/example_display_name.py
[2024-05-05T10:19:27.101+0000] {processor.py:840} INFO - DAG(s) 'example_display_name' retrieved from /home/airflow/.local/lib/python3.12/site-packages/airflow/example_dags/example_display_name.py
[2024-05-05T10:19:27.418+0000] {logging_mixin.py:188} INFO - [2024-05-05T10:19:27.417+0000] {override.py:1829} INFO - Created Permission View: can delete on DAG:example_display_name
[2024-05-05T10:19:27.448+0000] {logging_mixin.py:188} INFO - [2024-05-05T10:19:27.448+0000] {override.py:1829} INFO - Created Permission View: can edit on DAG:example_display_name
[2024-05-05T10:19:27.468+0000] {logging_mixin.py:188} INFO - [2024-05-05T10:19:27.468+0000] {override.py:1829} INFO - Created Permission View: can read on DAG:example_display_name
[2024-05-05T10:19:27.468+0000] {logging_mixin.py:188} INFO - [2024-05-05T10:19:27.468+0000] {dag.py:3096} INFO - Sync 1 DAGs
[2024-05-05T10:19:27.503+0000] {logging_mixin.py:188} INFO - [2024-05-05T10:19:27.502+0000] {dag.py:3118} INFO - Creating ORM DAG for example_display_name
[2024-05-05T10:19:27.503+0000] {logging_mixin.py:188} INFO - [2024-05-05T10:19:27.503+0000] {dag.py:3954} INFO - Setting next_dagrun for example_display_name to None, run_after=None
[2024-05-05T10:19:27.555+0000] {processor.py:183} INFO - Processing /home/airflow/.local/lib/python3.12/site-packages/airflow/example_dags/example_display_name.py took 0.481 seconds
[2024-05-05T10:19:58.516+0000] {processor.py:161} INFO - Started process (PID=612) to work on /home/airflow/.local/lib/python3.12/site-packages/airflow/example_dags/example_display_name.py
[2024-05-05T10:19:58.517+0000] {processor.py:830} INFO - Processing file /home/airflow/.local/lib/python3.12/site-packages/airflow/example_dags/example_display_name.py for tasks to queue
[2024-05-05T10:19:58.519+0000] {logging_mixin.py:188} INFO - [2024-05-05T10:19:58.519+0000] {dagbag.py:540} INFO - Filling up the DagBag from /home/airflow/.local/lib/python3.12/site-packages/airflow/example_dags/example_display_name.py
[2024-05-05T10:19:58.525+0000] {processor.py:840} INFO - DAG(s) 'example_display_name' retrieved from /home/airflow/.local/lib/python3.12/site-packages/airflow/example_dags/example_display_name.py
[2024-05-05T10:19:58.547+0000] {logging_mixin.py:188} INFO - [2024-05-05T10:19:58.546+0000] {dag.py:3096} INFO - Sync 1 DAGs
[2024-05-05T10:19:58.562+0000] {logging_mixin.py:188} INFO - [2024-05-05T10:19:58.562+0000] {dag.py:3954} INFO - Setting next_dagrun for example_display_name to None, run_after=None
[2024-05-05T10:19:58.586+0000] {processor.py:183} INFO - Processing /home/airflow/.local/lib/python3.12/site-packages/airflow/example_dags/example_display_name.py took 0.076 seconds
[2024-05-05T10:20:28.767+0000] {processor.py:161} INFO - Started process (PID=874) to work on /home/airflow/.local/lib/python3.12/site-packages/airflow/example_dags/example_display_name.py
[2024-05-05T10:20:28.768+0000] {processor.py:830} INFO - Processing file /home/airflow/.local/lib/python3.12/site-packages/airflow/example_dags/example_display_name.py for tasks to queue
[2024-05-05T10:20:28.770+0000] {logging_mixin.py:188} INFO - [2024-05-05T10:20:28.769+0000] {dagbag.py:540} INFO - Filling up the DagBag from /home/airflow/.local/lib/python3.12/site-packages/airflow/example_dags/example_display_name.py
[2024-05-05T10:20:28.775+0000] {processor.py:840} INFO - DAG(s) 'example_display_name' retrieved from /home/airflow/.local/lib/python3.12/site-packages/airflow/example_dags/example_display_name.py
[2024-05-05T10:20:28.797+0000] {logging_mixin.py:188} INFO - [2024-05-05T10:20:28.797+0000] {dag.py:3096} INFO - Sync 1 DAGs
[2024-05-05T10:20:28.812+0000] {logging_mixin.py:188} INFO - [2024-05-05T10:20:28.812+0000] {dag.py:3954} INFO - Setting next_dagrun for example_display_name to None, run_after=None
[2024-05-05T10:20:28.836+0000] {processor.py:183} INFO - Processing /home/airflow/.local/lib/python3.12/site-packages/airflow/example_dags/example_display_name.py took 0.075 seconds
[2024-05-05T10:20:58.930+0000] {processor.py:161} INFO - Started process (PID=1134) to work on /home/airflow/.local/lib/python3.12/site-packages/airflow/example_dags/example_display_name.py
[2024-05-05T10:20:58.931+0000] {processor.py:830} INFO - Processing file /home/airflow/.local/lib/python3.12/site-packages/airflow/example_dags/example_display_name.py for tasks to queue
[2024-05-05T10:20:58.933+0000] {logging_mixin.py:188} INFO - [2024-05-05T10:20:58.933+0000] {dagbag.py:540} INFO - Filling up the DagBag from /home/airflow/.local/lib/python3.12/site-packages/airflow/example_dags/example_display_name.py
[2024-05-05T10:20:58.939+0000] {processor.py:840} INFO - DAG(s) 'example_display_name' retrieved from /home/airflow/.local/lib/python3.12/site-packages/airflow/example_dags/example_display_name.py
[2024-05-05T10:20:58.969+0000] {logging_mixin.py:188} INFO - [2024-05-05T10:20:58.969+0000] {dag.py:3096} INFO - Sync 1 DAGs
[2024-05-05T10:20:58.995+0000] {logging_mixin.py:188} INFO - [2024-05-05T10:20:58.995+0000] {dag.py:3954} INFO - Setting next_dagrun for example_display_name to None, run_after=None
[2024-05-05T10:20:59.022+0000] {processor.py:183} INFO - Processing /home/airflow/.local/lib/python3.12/site-packages/airflow/example_dags/example_display_name.py took 0.099 seconds
[2024-05-05T10:21:29.177+0000] {processor.py:161} INFO - Started process (PID=1396) to work on /home/airflow/.local/lib/python3.12/site-packages/airflow/example_dags/example_display_name.py
[2024-05-05T10:21:29.178+0000] {processor.py:830} INFO - Processing file /home/airflow/.local/lib/python3.12/site-packages/airflow/example_dags/example_display_name.py for tasks to queue
[2024-05-05T10:21:29.180+0000] {logging_mixin.py:188} INFO - [2024-05-05T10:21:29.179+0000] {dagbag.py:540} INFO - Filling up the DagBag from /home/airflow/.local/lib/python3.12/site-packages/airflow/example_dags/example_display_name.py
[2024-05-05T10:21:29.185+0000] {processor.py:840} INFO - DAG(s) 'example_display_name' retrieved from /home/airflow/.local/lib/python3.12/site-packages/airflow/example_dags/example_display_name.py
[2024-05-05T10:21:29.206+0000] {logging_mixin.py:188} INFO - [2024-05-05T10:21:29.206+0000] {dag.py:3096} INFO - Sync 1 DAGs
[2024-05-05T10:21:29.230+0000] {logging_mixin.py:188} INFO - [2024-05-05T10:21:29.229+0000] {dag.py:3954} INFO - Setting next_dagrun for example_display_name to None, run_after=None
[2024-05-05T10:21:29.258+0000] {processor.py:183} INFO - Processing /home/airflow/.local/lib/python3.12/site-packages/airflow/example_dags/example_display_name.py took 0.087 seconds
[2024-05-05T10:21:59.631+0000] {processor.py:161} INFO - Started process (PID=1659) to work on /home/airflow/.local/lib/python3.12/site-packages/airflow/example_dags/example_display_name.py
[2024-05-05T10:21:59.632+0000] {processor.py:830} INFO - Processing file /home/airflow/.local/lib/python3.12/site-packages/airflow/example_dags/example_display_name.py for tasks to queue
[2024-05-05T10:21:59.633+0000] {logging_mixin.py:188} INFO - [2024-05-05T10:21:59.633+0000] {dagbag.py:540} INFO - Filling up the DagBag from /home/airflow/.local/lib/python3.12/site-packages/airflow/example_dags/example_display_name.py
[2024-05-05T10:21:59.640+0000] {processor.py:840} INFO - DAG(s) 'example_display_name' retrieved from /home/airflow/.local/lib/python3.12/site-packages/airflow/example_dags/example_display_name.py
[2024-05-05T10:21:59.661+0000] {logging_mixin.py:188} INFO - [2024-05-05T10:21:59.660+0000] {dag.py:3096} INFO - Sync 1 DAGs
[2024-05-05T10:21:59.678+0000] {logging_mixin.py:188} INFO - [2024-05-05T10:21:59.678+0000] {dag.py:3954} INFO - Setting next_dagrun for example_display_name to None, run_after=None
[2024-05-05T10:21:59.704+0000] {processor.py:183} INFO - Processing /home/airflow/.local/lib/python3.12/site-packages/airflow/example_dags/example_display_name.py took 0.080 seconds
[2024-05-05T10:22:30.494+0000] {processor.py:161} INFO - Started process (PID=1921) to work on /home/airflow/.local/lib/python3.12/site-packages/airflow/example_dags/example_display_name.py
[2024-05-05T10:22:30.506+0000] {processor.py:830} INFO - Processing file /home/airflow/.local/lib/python3.12/site-packages/airflow/example_dags/example_display_name.py for tasks to queue
[2024-05-05T10:22:30.510+0000] {logging_mixin.py:188} INFO - [2024-05-05T10:22:30.510+0000] {dagbag.py:540} INFO - Filling up the DagBag from /home/airflow/.local/lib/python3.12/site-packages/airflow/example_dags/example_display_name.py
[2024-05-05T10:22:30.533+0000] {processor.py:840} INFO - DAG(s) 'example_display_name' retrieved from /home/airflow/.local/lib/python3.12/site-packages/airflow/example_dags/example_display_name.py
[2024-05-05T10:22:30.596+0000] {logging_mixin.py:188} INFO - [2024-05-05T10:22:30.596+0000] {dag.py:3096} INFO - Sync 1 DAGs
[2024-05-05T10:22:30.646+0000] {logging_mixin.py:188} INFO - [2024-05-05T10:22:30.646+0000] {dag.py:3954} INFO - Setting next_dagrun for example_display_name to None, run_after=None
[2024-05-05T10:22:30.727+0000] {processor.py:183} INFO - Processing /home/airflow/.local/lib/python3.12/site-packages/airflow/example_dags/example_display_name.py took 0.239 seconds
[2024-05-05T10:23:01.426+0000] {processor.py:161} INFO - Started process (PID=2287) to work on /home/airflow/.local/lib/python3.12/site-packages/airflow/example_dags/example_display_name.py
[2024-05-05T10:23:01.436+0000] {processor.py:830} INFO - Processing file /home/airflow/.local/lib/python3.12/site-packages/airflow/example_dags/example_display_name.py for tasks to queue
[2024-05-05T10:23:01.438+0000] {logging_mixin.py:188} INFO - [2024-05-05T10:23:01.438+0000] {dagbag.py:540} INFO - Filling up the DagBag from /home/airflow/.local/lib/python3.12/site-packages/airflow/example_dags/example_display_name.py
[2024-05-05T10:23:01.458+0000] {processor.py:840} INFO - DAG(s) 'example_display_name' retrieved from /home/airflow/.local/lib/python3.12/site-packages/airflow/example_dags/example_display_name.py
[2024-05-05T10:23:01.524+0000] {logging_mixin.py:188} INFO - [2024-05-05T10:23:01.524+0000] {dag.py:3096} INFO - Sync 1 DAGs
[2024-05-05T10:23:01.566+0000] {logging_mixin.py:188} INFO - [2024-05-05T10:23:01.566+0000] {dag.py:3954} INFO - Setting next_dagrun for example_display_name to None, run_after=None
[2024-05-05T10:23:01.624+0000] {processor.py:183} INFO - Processing /home/airflow/.local/lib/python3.12/site-packages/airflow/example_dags/example_display_name.py took 0.212 seconds
[2024-05-05T10:23:32.528+0000] {processor.py:161} INFO - Started process (PID=2592) to work on /home/airflow/.local/lib/python3.12/site-packages/airflow/example_dags/example_display_name.py
[2024-05-05T10:23:32.528+0000] {processor.py:830} INFO - Processing file /home/airflow/.local/lib/python3.12/site-packages/airflow/example_dags/example_display_name.py for tasks to queue
[2024-05-05T10:23:32.530+0000] {logging_mixin.py:188} INFO - [2024-05-05T10:23:32.530+0000] {dagbag.py:540} INFO - Filling up the DagBag from /home/airflow/.local/lib/python3.12/site-packages/airflow/example_dags/example_display_name.py
[2024-05-05T10:23:32.535+0000] {processor.py:840} INFO - DAG(s) 'example_display_name' retrieved from /home/airflow/.local/lib/python3.12/site-packages/airflow/example_dags/example_display_name.py
[2024-05-05T10:23:32.556+0000] {logging_mixin.py:188} INFO - [2024-05-05T10:23:32.555+0000] {dag.py:3096} INFO - Sync 1 DAGs
[2024-05-05T10:23:32.575+0000] {logging_mixin.py:188} INFO - [2024-05-05T10:23:32.575+0000] {dag.py:3954} INFO - Setting next_dagrun for example_display_name to None, run_after=None
[2024-05-05T10:23:32.605+0000] {processor.py:183} INFO - Processing /home/airflow/.local/lib/python3.12/site-packages/airflow/example_dags/example_display_name.py took 0.084 seconds
[2024-05-05T10:24:03.083+0000] {processor.py:161} INFO - Started process (PID=2854) to work on /home/airflow/.local/lib/python3.12/site-packages/airflow/example_dags/example_display_name.py
[2024-05-05T10:24:03.084+0000] {processor.py:830} INFO - Processing file /home/airflow/.local/lib/python3.12/site-packages/airflow/example_dags/example_display_name.py for tasks to queue
[2024-05-05T10:24:03.086+0000] {logging_mixin.py:188} INFO - [2024-05-05T10:24:03.085+0000] {dagbag.py:540} INFO - Filling up the DagBag from /home/airflow/.local/lib/python3.12/site-packages/airflow/example_dags/example_display_name.py
[2024-05-05T10:24:03.091+0000] {processor.py:840} INFO - DAG(s) 'example_display_name' retrieved from /home/airflow/.local/lib/python3.12/site-packages/airflow/example_dags/example_display_name.py
[2024-05-05T10:24:03.113+0000] {logging_mixin.py:188} INFO - [2024-05-05T10:24:03.113+0000] {dag.py:3096} INFO - Sync 1 DAGs
[2024-05-05T10:24:03.129+0000] {logging_mixin.py:188} INFO - [2024-05-05T10:24:03.128+0000] {dag.py:3954} INFO - Setting next_dagrun for example_display_name to None, run_after=None
[2024-05-05T10:24:03.160+0000] {processor.py:183} INFO - Processing /home/airflow/.local/lib/python3.12/site-packages/airflow/example_dags/example_display_name.py took 0.083 seconds
[2024-05-05T10:24:33.819+0000] {processor.py:161} INFO - Started process (PID=3116) to work on /home/airflow/.local/lib/python3.12/site-packages/airflow/example_dags/example_display_name.py
[2024-05-05T10:24:33.819+0000] {processor.py:830} INFO - Processing file /home/airflow/.local/lib/python3.12/site-packages/airflow/example_dags/example_display_name.py for tasks to queue
[2024-05-05T10:24:33.821+0000] {logging_mixin.py:188} INFO - [2024-05-05T10:24:33.821+0000] {dagbag.py:540} INFO - Filling up the DagBag from /home/airflow/.local/lib/python3.12/site-packages/airflow/example_dags/example_display_name.py
[2024-05-05T10:24:33.827+0000] {processor.py:840} INFO - DAG(s) 'example_display_name' retrieved from /home/airflow/.local/lib/python3.12/site-packages/airflow/example_dags/example_display_name.py
[2024-05-05T10:24:33.858+0000] {logging_mixin.py:188} INFO - [2024-05-05T10:24:33.858+0000] {dag.py:3096} INFO - Sync 1 DAGs
[2024-05-05T10:24:33.876+0000] {logging_mixin.py:188} INFO - [2024-05-05T10:24:33.876+0000] {dag.py:3954} INFO - Setting next_dagrun for example_display_name to None, run_after=None
[2024-05-05T10:24:33.901+0000] {processor.py:183} INFO - Processing /home/airflow/.local/lib/python3.12/site-packages/airflow/example_dags/example_display_name.py took 0.090 seconds
[2024-05-05T10:25:04.231+0000] {processor.py:161} INFO - Started process (PID=3380) to work on /home/airflow/.local/lib/python3.12/site-packages/airflow/example_dags/example_display_name.py
[2024-05-05T10:25:04.235+0000] {processor.py:830} INFO - Processing file /home/airflow/.local/lib/python3.12/site-packages/airflow/example_dags/example_display_name.py for tasks to queue
[2024-05-05T10:25:04.237+0000] {logging_mixin.py:188} INFO - [2024-05-05T10:25:04.236+0000] {dagbag.py:540} INFO - Filling up the DagBag from /home/airflow/.local/lib/python3.12/site-packages/airflow/example_dags/example_display_name.py
[2024-05-05T10:25:04.281+0000] {processor.py:840} INFO - DAG(s) 'example_display_name' retrieved from /home/airflow/.local/lib/python3.12/site-packages/airflow/example_dags/example_display_name.py
[2024-05-05T10:25:04.333+0000] {logging_mixin.py:188} INFO - [2024-05-05T10:25:04.330+0000] {dag.py:3096} INFO - Sync 1 DAGs
[2024-05-05T10:25:04.352+0000] {logging_mixin.py:188} INFO - [2024-05-05T10:25:04.352+0000] {dag.py:3954} INFO - Setting next_dagrun for example_display_name to None, run_after=None
[2024-05-05T10:25:04.387+0000] {processor.py:183} INFO - Processing /home/airflow/.local/lib/python3.12/site-packages/airflow/example_dags/example_display_name.py took 0.175 seconds
[2024-05-05T10:25:34.747+0000] {processor.py:161} INFO - Started process (PID=3642) to work on /home/airflow/.local/lib/python3.12/site-packages/airflow/example_dags/example_display_name.py
[2024-05-05T10:25:34.748+0000] {processor.py:830} INFO - Processing file /home/airflow/.local/lib/python3.12/site-packages/airflow/example_dags/example_display_name.py for tasks to queue
[2024-05-05T10:25:34.749+0000] {logging_mixin.py:188} INFO - [2024-05-05T10:25:34.749+0000] {dagbag.py:540} INFO - Filling up the DagBag from /home/airflow/.local/lib/python3.12/site-packages/airflow/example_dags/example_display_name.py
[2024-05-05T10:25:34.755+0000] {processor.py:840} INFO - DAG(s) 'example_display_name' retrieved from /home/airflow/.local/lib/python3.12/site-packages/airflow/example_dags/example_display_name.py
[2024-05-05T10:25:34.775+0000] {logging_mixin.py:188} INFO - [2024-05-05T10:25:34.775+0000] {dag.py:3096} INFO - Sync 1 DAGs
[2024-05-05T10:25:34.790+0000] {logging_mixin.py:188} INFO - [2024-05-05T10:25:34.790+0000] {dag.py:3954} INFO - Setting next_dagrun for example_display_name to None, run_after=None
[2024-05-05T10:25:34.815+0000] {processor.py:183} INFO - Processing /home/airflow/.local/lib/python3.12/site-packages/airflow/example_dags/example_display_name.py took 0.074 seconds
[2024-05-05T10:26:05.002+0000] {processor.py:161} INFO - Started process (PID=3904) to work on /home/airflow/.local/lib/python3.12/site-packages/airflow/example_dags/example_display_name.py
[2024-05-05T10:26:05.003+0000] {processor.py:830} INFO - Processing file /home/airflow/.local/lib/python3.12/site-packages/airflow/example_dags/example_display_name.py for tasks to queue
[2024-05-05T10:26:05.004+0000] {logging_mixin.py:188} INFO - [2024-05-05T10:26:05.004+0000] {dagbag.py:540} INFO - Filling up the DagBag from /home/airflow/.local/lib/python3.12/site-packages/airflow/example_dags/example_display_name.py
[2024-05-05T10:26:05.010+0000] {processor.py:840} INFO - DAG(s) 'example_display_name' retrieved from /home/airflow/.local/lib/python3.12/site-packages/airflow/example_dags/example_display_name.py
[2024-05-05T10:26:05.030+0000] {logging_mixin.py:188} INFO - [2024-05-05T10:26:05.030+0000] {dag.py:3096} INFO - Sync 1 DAGs
[2024-05-05T10:26:05.047+0000] {logging_mixin.py:188} INFO - [2024-05-05T10:26:05.047+0000] {dag.py:3954} INFO - Setting next_dagrun for example_display_name to None, run_after=None
[2024-05-05T10:26:05.074+0000] {processor.py:183} INFO - Processing /home/airflow/.local/lib/python3.12/site-packages/airflow/example_dags/example_display_name.py took 0.079 seconds
[2024-05-05T10:26:35.544+0000] {processor.py:161} INFO - Started process (PID=4167) to work on /home/airflow/.local/lib/python3.12/site-packages/airflow/example_dags/example_display_name.py
[2024-05-05T10:26:35.545+0000] {processor.py:830} INFO - Processing file /home/airflow/.local/lib/python3.12/site-packages/airflow/example_dags/example_display_name.py for tasks to queue
[2024-05-05T10:26:35.547+0000] {logging_mixin.py:188} INFO - [2024-05-05T10:26:35.546+0000] {dagbag.py:540} INFO - Filling up the DagBag from /home/airflow/.local/lib/python3.12/site-packages/airflow/example_dags/example_display_name.py
[2024-05-05T10:26:35.552+0000] {processor.py:840} INFO - DAG(s) 'example_display_name' retrieved from /home/airflow/.local/lib/python3.12/site-packages/airflow/example_dags/example_display_name.py
[2024-05-05T10:26:35.573+0000] {logging_mixin.py:188} INFO - [2024-05-05T10:26:35.573+0000] {dag.py:3096} INFO - Sync 1 DAGs
[2024-05-05T10:26:35.589+0000] {logging_mixin.py:188} INFO - [2024-05-05T10:26:35.589+0000] {dag.py:3954} INFO - Setting next_dagrun for example_display_name to None, run_after=None
[2024-05-05T10:26:35.615+0000] {processor.py:183} INFO - Processing /home/airflow/.local/lib/python3.12/site-packages/airflow/example_dags/example_display_name.py took 0.076 seconds
[2024-05-05T10:27:05.916+0000] {processor.py:161} INFO - Started process (PID=4429) to work on /home/airflow/.local/lib/python3.12/site-packages/airflow/example_dags/example_display_name.py
[2024-05-05T10:27:05.917+0000] {processor.py:830} INFO - Processing file /home/airflow/.local/lib/python3.12/site-packages/airflow/example_dags/example_display_name.py for tasks to queue
[2024-05-05T10:27:05.918+0000] {logging_mixin.py:188} INFO - [2024-05-05T10:27:05.918+0000] {dagbag.py:540} INFO - Filling up the DagBag from /home/airflow/.local/lib/python3.12/site-packages/airflow/example_dags/example_display_name.py
[2024-05-05T10:27:05.924+0000] {processor.py:840} INFO - DAG(s) 'example_display_name' retrieved from /home/airflow/.local/lib/python3.12/site-packages/airflow/example_dags/example_display_name.py
[2024-05-05T10:27:05.944+0000] {logging_mixin.py:188} INFO - [2024-05-05T10:27:05.944+0000] {dag.py:3096} INFO - Sync 1 DAGs
[2024-05-05T10:27:05.963+0000] {logging_mixin.py:188} INFO - [2024-05-05T10:27:05.963+0000] {dag.py:3954} INFO - Setting next_dagrun for example_display_name to None, run_after=None
[2024-05-05T10:27:05.988+0000] {processor.py:183} INFO - Processing /home/airflow/.local/lib/python3.12/site-packages/airflow/example_dags/example_display_name.py took 0.078 seconds
[2024-05-05T10:27:36.408+0000] {processor.py:161} INFO - Started process (PID=4691) to work on /home/airflow/.local/lib/python3.12/site-packages/airflow/example_dags/example_display_name.py
[2024-05-05T10:27:36.409+0000] {processor.py:830} INFO - Processing file /home/airflow/.local/lib/python3.12/site-packages/airflow/example_dags/example_display_name.py for tasks to queue
[2024-05-05T10:27:36.411+0000] {logging_mixin.py:188} INFO - [2024-05-05T10:27:36.410+0000] {dagbag.py:540} INFO - Filling up the DagBag from /home/airflow/.local/lib/python3.12/site-packages/airflow/example_dags/example_display_name.py
[2024-05-05T10:27:36.416+0000] {processor.py:840} INFO - DAG(s) 'example_display_name' retrieved from /home/airflow/.local/lib/python3.12/site-packages/airflow/example_dags/example_display_name.py
[2024-05-05T10:27:36.436+0000] {logging_mixin.py:188} INFO - [2024-05-05T10:27:36.436+0000] {dag.py:3096} INFO - Sync 1 DAGs
[2024-05-05T10:27:36.452+0000] {logging_mixin.py:188} INFO - [2024-05-05T10:27:36.452+0000] {dag.py:3954} INFO - Setting next_dagrun for example_display_name to None, run_after=None
[2024-05-05T10:27:36.479+0000] {processor.py:183} INFO - Processing /home/airflow/.local/lib/python3.12/site-packages/airflow/example_dags/example_display_name.py took 0.077 seconds
[2024-05-05T10:28:06.972+0000] {processor.py:161} INFO - Started process (PID=4954) to work on /home/airflow/.local/lib/python3.12/site-packages/airflow/example_dags/example_display_name.py
[2024-05-05T10:28:06.972+0000] {processor.py:830} INFO - Processing file /home/airflow/.local/lib/python3.12/site-packages/airflow/example_dags/example_display_name.py for tasks to queue
[2024-05-05T10:28:06.974+0000] {logging_mixin.py:188} INFO - [2024-05-05T10:28:06.974+0000] {dagbag.py:540} INFO - Filling up the DagBag from /home/airflow/.local/lib/python3.12/site-packages/airflow/example_dags/example_display_name.py
[2024-05-05T10:28:06.979+0000] {processor.py:840} INFO - DAG(s) 'example_display_name' retrieved from /home/airflow/.local/lib/python3.12/site-packages/airflow/example_dags/example_display_name.py
[2024-05-05T10:28:07.000+0000] {logging_mixin.py:188} INFO - [2024-05-05T10:28:07.000+0000] {dag.py:3096} INFO - Sync 1 DAGs
[2024-05-05T10:28:07.038+0000] {logging_mixin.py:188} INFO - [2024-05-05T10:28:07.037+0000] {dag.py:3954} INFO - Setting next_dagrun for example_display_name to None, run_after=None
[2024-05-05T10:28:07.070+0000] {processor.py:183} INFO - Processing /home/airflow/.local/lib/python3.12/site-packages/airflow/example_dags/example_display_name.py took 0.106 seconds
[2024-05-05T10:28:37.166+0000] {processor.py:161} INFO - Started process (PID=5216) to work on /home/airflow/.local/lib/python3.12/site-packages/airflow/example_dags/example_display_name.py
[2024-05-05T10:28:37.167+0000] {processor.py:830} INFO - Processing file /home/airflow/.local/lib/python3.12/site-packages/airflow/example_dags/example_display_name.py for tasks to queue
[2024-05-05T10:28:37.168+0000] {logging_mixin.py:188} INFO - [2024-05-05T10:28:37.168+0000] {dagbag.py:540} INFO - Filling up the DagBag from /home/airflow/.local/lib/python3.12/site-packages/airflow/example_dags/example_display_name.py
[2024-05-05T10:28:37.174+0000] {processor.py:840} INFO - DAG(s) 'example_display_name' retrieved from /home/airflow/.local/lib/python3.12/site-packages/airflow/example_dags/example_display_name.py
[2024-05-05T10:28:37.194+0000] {logging_mixin.py:188} INFO - [2024-05-05T10:28:37.194+0000] {dag.py:3096} INFO - Sync 1 DAGs
[2024-05-05T10:28:37.209+0000] {logging_mixin.py:188} INFO - [2024-05-05T10:28:37.209+0000] {dag.py:3954} INFO - Setting next_dagrun for example_display_name to None, run_after=None
[2024-05-05T10:28:37.243+0000] {processor.py:183} INFO - Processing /home/airflow/.local/lib/python3.12/site-packages/airflow/example_dags/example_display_name.py took 0.083 seconds
[2024-05-05T10:29:07.291+0000] {processor.py:161} INFO - Started process (PID=5475) to work on /home/airflow/.local/lib/python3.12/site-packages/airflow/example_dags/example_display_name.py
[2024-05-05T10:29:07.292+0000] {processor.py:830} INFO - Processing file /home/airflow/.local/lib/python3.12/site-packages/airflow/example_dags/example_display_name.py for tasks to queue
[2024-05-05T10:29:07.293+0000] {logging_mixin.py:188} INFO - [2024-05-05T10:29:07.293+0000] {dagbag.py:540} INFO - Filling up the DagBag from /home/airflow/.local/lib/python3.12/site-packages/airflow/example_dags/example_display_name.py
[2024-05-05T10:29:07.298+0000] {processor.py:840} INFO - DAG(s) 'example_display_name' retrieved from /home/airflow/.local/lib/python3.12/site-packages/airflow/example_dags/example_display_name.py
[2024-05-05T10:29:07.314+0000] {logging_mixin.py:188} INFO - [2024-05-05T10:29:07.314+0000] {dag.py:3096} INFO - Sync 1 DAGs
[2024-05-05T10:29:07.325+0000] {logging_mixin.py:188} INFO - [2024-05-05T10:29:07.324+0000] {dag.py:3954} INFO - Setting next_dagrun for example_display_name to None, run_after=None
[2024-05-05T10:29:07.348+0000] {processor.py:183} INFO - Processing /home/airflow/.local/lib/python3.12/site-packages/airflow/example_dags/example_display_name.py took 0.062 seconds
[2024-05-05T10:29:37.497+0000] {processor.py:161} INFO - Started process (PID=5745) to work on /home/airflow/.local/lib/python3.12/site-packages/airflow/example_dags/example_display_name.py
[2024-05-05T10:29:37.497+0000] {processor.py:830} INFO - Processing file /home/airflow/.local/lib/python3.12/site-packages/airflow/example_dags/example_display_name.py for tasks to queue
[2024-05-05T10:29:37.499+0000] {logging_mixin.py:188} INFO - [2024-05-05T10:29:37.499+0000] {dagbag.py:540} INFO - Filling up the DagBag from /home/airflow/.local/lib/python3.12/site-packages/airflow/example_dags/example_display_name.py
[2024-05-05T10:29:37.505+0000] {processor.py:840} INFO - DAG(s) 'example_display_name' retrieved from /home/airflow/.local/lib/python3.12/site-packages/airflow/example_dags/example_display_name.py
[2024-05-05T10:29:37.525+0000] {logging_mixin.py:188} INFO - [2024-05-05T10:29:37.525+0000] {dag.py:3096} INFO - Sync 1 DAGs
[2024-05-05T10:29:37.541+0000] {logging_mixin.py:188} INFO - [2024-05-05T10:29:37.541+0000] {dag.py:3954} INFO - Setting next_dagrun for example_display_name to None, run_after=None
[2024-05-05T10:29:37.566+0000] {processor.py:183} INFO - Processing /home/airflow/.local/lib/python3.12/site-packages/airflow/example_dags/example_display_name.py took 0.076 seconds
[2024-05-05T10:30:08.372+0000] {processor.py:161} INFO - Started process (PID=6021) to work on /home/airflow/.local/lib/python3.12/site-packages/airflow/example_dags/example_display_name.py
[2024-05-05T10:30:08.372+0000] {processor.py:830} INFO - Processing file /home/airflow/.local/lib/python3.12/site-packages/airflow/example_dags/example_display_name.py for tasks to queue
[2024-05-05T10:30:08.374+0000] {logging_mixin.py:188} INFO - [2024-05-05T10:30:08.374+0000] {dagbag.py:540} INFO - Filling up the DagBag from /home/airflow/.local/lib/python3.12/site-packages/airflow/example_dags/example_display_name.py
[2024-05-05T10:30:08.379+0000] {processor.py:840} INFO - DAG(s) 'example_display_name' retrieved from /home/airflow/.local/lib/python3.12/site-packages/airflow/example_dags/example_display_name.py
[2024-05-05T10:30:08.400+0000] {logging_mixin.py:188} INFO - [2024-05-05T10:30:08.400+0000] {dag.py:3096} INFO - Sync 1 DAGs
[2024-05-05T10:30:08.416+0000] {logging_mixin.py:188} INFO - [2024-05-05T10:30:08.416+0000] {dag.py:3954} INFO - Setting next_dagrun for example_display_name to None, run_after=None
[2024-05-05T10:30:08.441+0000] {processor.py:183} INFO - Processing /home/airflow/.local/lib/python3.12/site-packages/airflow/example_dags/example_display_name.py took 0.076 seconds
[2024-05-05T10:30:39.203+0000] {processor.py:161} INFO - Started process (PID=6288) to work on /home/airflow/.local/lib/python3.12/site-packages/airflow/example_dags/example_display_name.py
[2024-05-05T10:30:39.212+0000] {processor.py:830} INFO - Processing file /home/airflow/.local/lib/python3.12/site-packages/airflow/example_dags/example_display_name.py for tasks to queue
[2024-05-05T10:30:39.214+0000] {logging_mixin.py:188} INFO - [2024-05-05T10:30:39.213+0000] {dagbag.py:540} INFO - Filling up the DagBag from /home/airflow/.local/lib/python3.12/site-packages/airflow/example_dags/example_display_name.py
[2024-05-05T10:30:39.220+0000] {processor.py:840} INFO - DAG(s) 'example_display_name' retrieved from /home/airflow/.local/lib/python3.12/site-packages/airflow/example_dags/example_display_name.py
[2024-05-05T10:30:39.257+0000] {logging_mixin.py:188} INFO - [2024-05-05T10:30:39.257+0000] {dag.py:3096} INFO - Sync 1 DAGs
[2024-05-05T10:30:39.273+0000] {logging_mixin.py:188} INFO - [2024-05-05T10:30:39.272+0000] {dag.py:3954} INFO - Setting next_dagrun for example_display_name to None, run_after=None
[2024-05-05T10:30:39.298+0000] {processor.py:183} INFO - Processing /home/airflow/.local/lib/python3.12/site-packages/airflow/example_dags/example_display_name.py took 0.103 seconds
[2024-05-05T10:31:09.648+0000] {processor.py:161} INFO - Started process (PID=6555) to work on /home/airflow/.local/lib/python3.12/site-packages/airflow/example_dags/example_display_name.py
[2024-05-05T10:31:09.651+0000] {processor.py:830} INFO - Processing file /home/airflow/.local/lib/python3.12/site-packages/airflow/example_dags/example_display_name.py for tasks to queue
[2024-05-05T10:31:09.653+0000] {logging_mixin.py:188} INFO - [2024-05-05T10:31:09.653+0000] {dagbag.py:540} INFO - Filling up the DagBag from /home/airflow/.local/lib/python3.12/site-packages/airflow/example_dags/example_display_name.py
[2024-05-05T10:31:09.659+0000] {processor.py:840} INFO - DAG(s) 'example_display_name' retrieved from /home/airflow/.local/lib/python3.12/site-packages/airflow/example_dags/example_display_name.py
[2024-05-05T10:31:09.683+0000] {logging_mixin.py:188} INFO - [2024-05-05T10:31:09.682+0000] {dag.py:3096} INFO - Sync 1 DAGs
[2024-05-05T10:31:09.698+0000] {logging_mixin.py:188} INFO - [2024-05-05T10:31:09.698+0000] {dag.py:3954} INFO - Setting next_dagrun for example_display_name to None, run_after=None
[2024-05-05T10:31:09.723+0000] {processor.py:183} INFO - Processing /home/airflow/.local/lib/python3.12/site-packages/airflow/example_dags/example_display_name.py took 0.087 seconds
[2024-05-05T10:31:41.502+0000] {processor.py:161} INFO - Started process (PID=6822) to work on /home/airflow/.local/lib/python3.12/site-packages/airflow/example_dags/example_display_name.py
[2024-05-05T10:31:41.503+0000] {processor.py:830} INFO - Processing file /home/airflow/.local/lib/python3.12/site-packages/airflow/example_dags/example_display_name.py for tasks to queue
[2024-05-05T10:31:41.505+0000] {logging_mixin.py:188} INFO - [2024-05-05T10:31:41.504+0000] {dagbag.py:540} INFO - Filling up the DagBag from /home/airflow/.local/lib/python3.12/site-packages/airflow/example_dags/example_display_name.py
[2024-05-05T10:31:41.510+0000] {processor.py:840} INFO - DAG(s) 'example_display_name' retrieved from /home/airflow/.local/lib/python3.12/site-packages/airflow/example_dags/example_display_name.py
[2024-05-05T10:31:41.533+0000] {logging_mixin.py:188} INFO - [2024-05-05T10:31:41.533+0000] {dag.py:3096} INFO - Sync 1 DAGs
[2024-05-05T10:31:41.549+0000] {logging_mixin.py:188} INFO - [2024-05-05T10:31:41.549+0000] {dag.py:3954} INFO - Setting next_dagrun for example_display_name to None, run_after=None
[2024-05-05T10:31:41.580+0000] {processor.py:183} INFO - Processing /home/airflow/.local/lib/python3.12/site-packages/airflow/example_dags/example_display_name.py took 0.085 seconds
[2024-05-05T10:32:12.033+0000] {processor.py:161} INFO - Started process (PID=7085) to work on /home/airflow/.local/lib/python3.12/site-packages/airflow/example_dags/example_display_name.py
[2024-05-05T10:32:12.034+0000] {processor.py:830} INFO - Processing file /home/airflow/.local/lib/python3.12/site-packages/airflow/example_dags/example_display_name.py for tasks to queue
[2024-05-05T10:32:12.036+0000] {logging_mixin.py:188} INFO - [2024-05-05T10:32:12.036+0000] {dagbag.py:540} INFO - Filling up the DagBag from /home/airflow/.local/lib/python3.12/site-packages/airflow/example_dags/example_display_name.py
[2024-05-05T10:32:12.044+0000] {processor.py:840} INFO - DAG(s) 'example_display_name' retrieved from /home/airflow/.local/lib/python3.12/site-packages/airflow/example_dags/example_display_name.py
[2024-05-05T10:32:12.067+0000] {logging_mixin.py:188} INFO - [2024-05-05T10:32:12.067+0000] {dag.py:3096} INFO - Sync 1 DAGs
[2024-05-05T10:32:12.083+0000] {logging_mixin.py:188} INFO - [2024-05-05T10:32:12.083+0000] {dag.py:3954} INFO - Setting next_dagrun for example_display_name to None, run_after=None
[2024-05-05T10:32:12.113+0000] {processor.py:183} INFO - Processing /home/airflow/.local/lib/python3.12/site-packages/airflow/example_dags/example_display_name.py took 0.089 seconds
[2024-05-05T10:32:42.467+0000] {processor.py:161} INFO - Started process (PID=7348) to work on /home/airflow/.local/lib/python3.12/site-packages/airflow/example_dags/example_display_name.py
[2024-05-05T10:32:42.468+0000] {processor.py:830} INFO - Processing file /home/airflow/.local/lib/python3.12/site-packages/airflow/example_dags/example_display_name.py for tasks to queue
[2024-05-05T10:32:42.470+0000] {logging_mixin.py:188} INFO - [2024-05-05T10:32:42.469+0000] {dagbag.py:540} INFO - Filling up the DagBag from /home/airflow/.local/lib/python3.12/site-packages/airflow/example_dags/example_display_name.py
[2024-05-05T10:32:42.476+0000] {processor.py:840} INFO - DAG(s) 'example_display_name' retrieved from /home/airflow/.local/lib/python3.12/site-packages/airflow/example_dags/example_display_name.py
[2024-05-05T10:32:42.496+0000] {logging_mixin.py:188} INFO - [2024-05-05T10:32:42.496+0000] {dag.py:3096} INFO - Sync 1 DAGs
[2024-05-05T10:32:42.513+0000] {logging_mixin.py:188} INFO - [2024-05-05T10:32:42.512+0000] {dag.py:3954} INFO - Setting next_dagrun for example_display_name to None, run_after=None
[2024-05-05T10:32:42.537+0000] {processor.py:183} INFO - Processing /home/airflow/.local/lib/python3.12/site-packages/airflow/example_dags/example_display_name.py took 0.076 seconds
[2024-05-05T10:33:13.650+0000] {processor.py:161} INFO - Started process (PID=7626) to work on /home/airflow/.local/lib/python3.12/site-packages/airflow/example_dags/example_display_name.py
[2024-05-05T10:33:13.651+0000] {processor.py:830} INFO - Processing file /home/airflow/.local/lib/python3.12/site-packages/airflow/example_dags/example_display_name.py for tasks to queue
[2024-05-05T10:33:13.653+0000] {logging_mixin.py:188} INFO - [2024-05-05T10:33:13.653+0000] {dagbag.py:540} INFO - Filling up the DagBag from /home/airflow/.local/lib/python3.12/site-packages/airflow/example_dags/example_display_name.py
[2024-05-05T10:33:13.659+0000] {processor.py:840} INFO - DAG(s) 'example_display_name' retrieved from /home/airflow/.local/lib/python3.12/site-packages/airflow/example_dags/example_display_name.py
[2024-05-05T10:33:13.680+0000] {logging_mixin.py:188} INFO - [2024-05-05T10:33:13.679+0000] {dag.py:3096} INFO - Sync 1 DAGs
[2024-05-05T10:33:13.690+0000] {logging_mixin.py:188} INFO - [2024-05-05T10:33:13.690+0000] {dag.py:3954} INFO - Setting next_dagrun for example_display_name to None, run_after=None
[2024-05-05T10:33:13.712+0000] {processor.py:183} INFO - Processing /home/airflow/.local/lib/python3.12/site-packages/airflow/example_dags/example_display_name.py took 0.067 seconds
[2024-05-05T10:33:45.184+0000] {processor.py:161} INFO - Started process (PID=7895) to work on /home/airflow/.local/lib/python3.12/site-packages/airflow/example_dags/example_display_name.py
[2024-05-05T10:33:45.184+0000] {processor.py:830} INFO - Processing file /home/airflow/.local/lib/python3.12/site-packages/airflow/example_dags/example_display_name.py for tasks to queue
[2024-05-05T10:33:45.186+0000] {logging_mixin.py:188} INFO - [2024-05-05T10:33:45.186+0000] {dagbag.py:540} INFO - Filling up the DagBag from /home/airflow/.local/lib/python3.12/site-packages/airflow/example_dags/example_display_name.py
[2024-05-05T10:33:45.191+0000] {processor.py:840} INFO - DAG(s) 'example_display_name' retrieved from /home/airflow/.local/lib/python3.12/site-packages/airflow/example_dags/example_display_name.py
[2024-05-05T10:33:45.360+0000] {logging_mixin.py:188} INFO - [2024-05-05T10:33:45.359+0000] {dag.py:3096} INFO - Sync 1 DAGs
[2024-05-05T10:33:45.374+0000] {logging_mixin.py:188} INFO - [2024-05-05T10:33:45.374+0000] {dag.py:3954} INFO - Setting next_dagrun for example_display_name to None, run_after=None
[2024-05-05T10:33:45.398+0000] {processor.py:183} INFO - Processing /home/airflow/.local/lib/python3.12/site-packages/airflow/example_dags/example_display_name.py took 0.222 seconds
[2024-05-05T10:34:16.307+0000] {processor.py:161} INFO - Started process (PID=8164) to work on /home/airflow/.local/lib/python3.12/site-packages/airflow/example_dags/example_display_name.py
[2024-05-05T10:34:16.308+0000] {processor.py:830} INFO - Processing file /home/airflow/.local/lib/python3.12/site-packages/airflow/example_dags/example_display_name.py for tasks to queue
[2024-05-05T10:34:16.310+0000] {logging_mixin.py:188} INFO - [2024-05-05T10:34:16.309+0000] {dagbag.py:540} INFO - Filling up the DagBag from /home/airflow/.local/lib/python3.12/site-packages/airflow/example_dags/example_display_name.py
[2024-05-05T10:34:16.316+0000] {processor.py:840} INFO - DAG(s) 'example_display_name' retrieved from /home/airflow/.local/lib/python3.12/site-packages/airflow/example_dags/example_display_name.py
[2024-05-05T10:34:16.338+0000] {logging_mixin.py:188} INFO - [2024-05-05T10:34:16.337+0000] {dag.py:3096} INFO - Sync 1 DAGs
[2024-05-05T10:34:16.354+0000] {logging_mixin.py:188} INFO - [2024-05-05T10:34:16.354+0000] {dag.py:3954} INFO - Setting next_dagrun for example_display_name to None, run_after=None
[2024-05-05T10:34:16.379+0000] {processor.py:183} INFO - Processing /home/airflow/.local/lib/python3.12/site-packages/airflow/example_dags/example_display_name.py took 0.078 seconds
[2024-05-05T10:34:47.044+0000] {processor.py:161} INFO - Started process (PID=8429) to work on /home/airflow/.local/lib/python3.12/site-packages/airflow/example_dags/example_display_name.py
[2024-05-05T10:34:47.044+0000] {processor.py:830} INFO - Processing file /home/airflow/.local/lib/python3.12/site-packages/airflow/example_dags/example_display_name.py for tasks to queue
[2024-05-05T10:34:47.046+0000] {logging_mixin.py:188} INFO - [2024-05-05T10:34:47.045+0000] {dagbag.py:540} INFO - Filling up the DagBag from /home/airflow/.local/lib/python3.12/site-packages/airflow/example_dags/example_display_name.py
[2024-05-05T10:34:47.050+0000] {processor.py:840} INFO - DAG(s) 'example_display_name' retrieved from /home/airflow/.local/lib/python3.12/site-packages/airflow/example_dags/example_display_name.py
[2024-05-05T10:34:47.075+0000] {logging_mixin.py:188} INFO - [2024-05-05T10:34:47.075+0000] {dag.py:3096} INFO - Sync 1 DAGs
[2024-05-05T10:34:47.091+0000] {logging_mixin.py:188} INFO - [2024-05-05T10:34:47.090+0000] {dag.py:3954} INFO - Setting next_dagrun for example_display_name to None, run_after=None
[2024-05-05T10:34:47.118+0000] {processor.py:183} INFO - Processing /home/airflow/.local/lib/python3.12/site-packages/airflow/example_dags/example_display_name.py took 0.082 seconds
[2024-05-05T10:35:17.868+0000] {processor.py:161} INFO - Started process (PID=8697) to work on /home/airflow/.local/lib/python3.12/site-packages/airflow/example_dags/example_display_name.py
[2024-05-05T10:35:17.869+0000] {processor.py:830} INFO - Processing file /home/airflow/.local/lib/python3.12/site-packages/airflow/example_dags/example_display_name.py for tasks to queue
[2024-05-05T10:35:17.871+0000] {logging_mixin.py:188} INFO - [2024-05-05T10:35:17.871+0000] {dagbag.py:540} INFO - Filling up the DagBag from /home/airflow/.local/lib/python3.12/site-packages/airflow/example_dags/example_display_name.py
[2024-05-05T10:35:17.877+0000] {processor.py:840} INFO - DAG(s) 'example_display_name' retrieved from /home/airflow/.local/lib/python3.12/site-packages/airflow/example_dags/example_display_name.py
[2024-05-05T10:35:17.898+0000] {logging_mixin.py:188} INFO - [2024-05-05T10:35:17.898+0000] {dag.py:3096} INFO - Sync 1 DAGs
[2024-05-05T10:35:17.915+0000] {logging_mixin.py:188} INFO - [2024-05-05T10:35:17.914+0000] {dag.py:3954} INFO - Setting next_dagrun for example_display_name to None, run_after=None
[2024-05-05T10:35:17.940+0000] {processor.py:183} INFO - Processing /home/airflow/.local/lib/python3.12/site-packages/airflow/example_dags/example_display_name.py took 0.080 seconds
[2024-05-05T10:35:48.693+0000] {processor.py:161} INFO - Started process (PID=8964) to work on /home/airflow/.local/lib/python3.12/site-packages/airflow/example_dags/example_display_name.py
[2024-05-05T10:35:48.693+0000] {processor.py:830} INFO - Processing file /home/airflow/.local/lib/python3.12/site-packages/airflow/example_dags/example_display_name.py for tasks to queue
[2024-05-05T10:35:48.695+0000] {logging_mixin.py:188} INFO - [2024-05-05T10:35:48.695+0000] {dagbag.py:540} INFO - Filling up the DagBag from /home/airflow/.local/lib/python3.12/site-packages/airflow/example_dags/example_display_name.py
[2024-05-05T10:35:48.701+0000] {processor.py:840} INFO - DAG(s) 'example_display_name' retrieved from /home/airflow/.local/lib/python3.12/site-packages/airflow/example_dags/example_display_name.py
[2024-05-05T10:35:48.721+0000] {logging_mixin.py:188} INFO - [2024-05-05T10:35:48.721+0000] {dag.py:3096} INFO - Sync 1 DAGs
[2024-05-05T10:35:48.736+0000] {logging_mixin.py:188} INFO - [2024-05-05T10:35:48.736+0000] {dag.py:3954} INFO - Setting next_dagrun for example_display_name to None, run_after=None
[2024-05-05T10:35:48.761+0000] {processor.py:183} INFO - Processing /home/airflow/.local/lib/python3.12/site-packages/airflow/example_dags/example_display_name.py took 0.078 seconds
[2024-05-05T10:36:19.151+0000] {processor.py:161} INFO - Started process (PID=9231) to work on /home/airflow/.local/lib/python3.12/site-packages/airflow/example_dags/example_display_name.py
[2024-05-05T10:36:19.151+0000] {processor.py:830} INFO - Processing file /home/airflow/.local/lib/python3.12/site-packages/airflow/example_dags/example_display_name.py for tasks to queue
[2024-05-05T10:36:19.153+0000] {logging_mixin.py:188} INFO - [2024-05-05T10:36:19.153+0000] {dagbag.py:540} INFO - Filling up the DagBag from /home/airflow/.local/lib/python3.12/site-packages/airflow/example_dags/example_display_name.py
[2024-05-05T10:36:19.158+0000] {processor.py:840} INFO - DAG(s) 'example_display_name' retrieved from /home/airflow/.local/lib/python3.12/site-packages/airflow/example_dags/example_display_name.py
[2024-05-05T10:36:19.179+0000] {logging_mixin.py:188} INFO - [2024-05-05T10:36:19.178+0000] {dag.py:3096} INFO - Sync 1 DAGs
[2024-05-05T10:36:19.196+0000] {logging_mixin.py:188} INFO - [2024-05-05T10:36:19.195+0000] {dag.py:3954} INFO - Setting next_dagrun for example_display_name to None, run_after=None
[2024-05-05T10:36:19.222+0000] {processor.py:183} INFO - Processing /home/airflow/.local/lib/python3.12/site-packages/airflow/example_dags/example_display_name.py took 0.078 seconds
[2024-05-05T10:36:49.696+0000] {processor.py:161} INFO - Started process (PID=9498) to work on /home/airflow/.local/lib/python3.12/site-packages/airflow/example_dags/example_display_name.py
[2024-05-05T10:36:49.696+0000] {processor.py:830} INFO - Processing file /home/airflow/.local/lib/python3.12/site-packages/airflow/example_dags/example_display_name.py for tasks to queue
[2024-05-05T10:36:49.698+0000] {logging_mixin.py:188} INFO - [2024-05-05T10:36:49.698+0000] {dagbag.py:540} INFO - Filling up the DagBag from /home/airflow/.local/lib/python3.12/site-packages/airflow/example_dags/example_display_name.py
[2024-05-05T10:36:49.704+0000] {processor.py:840} INFO - DAG(s) 'example_display_name' retrieved from /home/airflow/.local/lib/python3.12/site-packages/airflow/example_dags/example_display_name.py
[2024-05-05T10:36:49.724+0000] {logging_mixin.py:188} INFO - [2024-05-05T10:36:49.723+0000] {dag.py:3096} INFO - Sync 1 DAGs
[2024-05-05T10:36:49.740+0000] {logging_mixin.py:188} INFO - [2024-05-05T10:36:49.739+0000] {dag.py:3954} INFO - Setting next_dagrun for example_display_name to None, run_after=None
[2024-05-05T10:36:49.766+0000] {processor.py:183} INFO - Processing /home/airflow/.local/lib/python3.12/site-packages/airflow/example_dags/example_display_name.py took 0.078 seconds
[2024-05-05T10:37:20.015+0000] {processor.py:161} INFO - Started process (PID=9765) to work on /home/airflow/.local/lib/python3.12/site-packages/airflow/example_dags/example_display_name.py
[2024-05-05T10:37:20.016+0000] {processor.py:830} INFO - Processing file /home/airflow/.local/lib/python3.12/site-packages/airflow/example_dags/example_display_name.py for tasks to queue
[2024-05-05T10:37:20.018+0000] {logging_mixin.py:188} INFO - [2024-05-05T10:37:20.017+0000] {dagbag.py:540} INFO - Filling up the DagBag from /home/airflow/.local/lib/python3.12/site-packages/airflow/example_dags/example_display_name.py
[2024-05-05T10:37:20.022+0000] {processor.py:840} INFO - DAG(s) 'example_display_name' retrieved from /home/airflow/.local/lib/python3.12/site-packages/airflow/example_dags/example_display_name.py
[2024-05-05T10:37:20.043+0000] {logging_mixin.py:188} INFO - [2024-05-05T10:37:20.043+0000] {dag.py:3096} INFO - Sync 1 DAGs
[2024-05-05T10:37:20.059+0000] {logging_mixin.py:188} INFO - [2024-05-05T10:37:20.059+0000] {dag.py:3954} INFO - Setting next_dagrun for example_display_name to None, run_after=None
[2024-05-05T10:37:20.085+0000] {processor.py:183} INFO - Processing /home/airflow/.local/lib/python3.12/site-packages/airflow/example_dags/example_display_name.py took 0.077 seconds
[2024-05-05T10:37:50.502+0000] {processor.py:161} INFO - Started process (PID=10032) to work on /home/airflow/.local/lib/python3.12/site-packages/airflow/example_dags/example_display_name.py
[2024-05-05T10:37:50.502+0000] {processor.py:830} INFO - Processing file /home/airflow/.local/lib/python3.12/site-packages/airflow/example_dags/example_display_name.py for tasks to queue
[2024-05-05T10:37:50.504+0000] {logging_mixin.py:188} INFO - [2024-05-05T10:37:50.504+0000] {dagbag.py:540} INFO - Filling up the DagBag from /home/airflow/.local/lib/python3.12/site-packages/airflow/example_dags/example_display_name.py
[2024-05-05T10:37:50.510+0000] {processor.py:840} INFO - DAG(s) 'example_display_name' retrieved from /home/airflow/.local/lib/python3.12/site-packages/airflow/example_dags/example_display_name.py
[2024-05-05T10:37:50.530+0000] {logging_mixin.py:188} INFO - [2024-05-05T10:37:50.530+0000] {dag.py:3096} INFO - Sync 1 DAGs
[2024-05-05T10:37:50.545+0000] {logging_mixin.py:188} INFO - [2024-05-05T10:37:50.545+0000] {dag.py:3954} INFO - Setting next_dagrun for example_display_name to None, run_after=None
[2024-05-05T10:37:50.572+0000] {processor.py:183} INFO - Processing /home/airflow/.local/lib/python3.12/site-packages/airflow/example_dags/example_display_name.py took 0.078 seconds
[2024-05-05T10:38:21.138+0000] {processor.py:161} INFO - Started process (PID=10299) to work on /home/airflow/.local/lib/python3.12/site-packages/airflow/example_dags/example_display_name.py
[2024-05-05T10:38:21.139+0000] {processor.py:830} INFO - Processing file /home/airflow/.local/lib/python3.12/site-packages/airflow/example_dags/example_display_name.py for tasks to queue
[2024-05-05T10:38:21.141+0000] {logging_mixin.py:188} INFO - [2024-05-05T10:38:21.141+0000] {dagbag.py:540} INFO - Filling up the DagBag from /home/airflow/.local/lib/python3.12/site-packages/airflow/example_dags/example_display_name.py
[2024-05-05T10:38:21.147+0000] {processor.py:840} INFO - DAG(s) 'example_display_name' retrieved from /home/airflow/.local/lib/python3.12/site-packages/airflow/example_dags/example_display_name.py
[2024-05-05T10:38:21.167+0000] {logging_mixin.py:188} INFO - [2024-05-05T10:38:21.167+0000] {dag.py:3096} INFO - Sync 1 DAGs
[2024-05-05T10:38:21.181+0000] {logging_mixin.py:188} INFO - [2024-05-05T10:38:21.181+0000] {dag.py:3954} INFO - Setting next_dagrun for example_display_name to None, run_after=None
[2024-05-05T10:38:21.206+0000] {processor.py:183} INFO - Processing /home/airflow/.local/lib/python3.12/site-packages/airflow/example_dags/example_display_name.py took 0.075 seconds
[2024-05-05T10:38:51.793+0000] {processor.py:161} INFO - Started process (PID=10571) to work on /home/airflow/.local/lib/python3.12/site-packages/airflow/example_dags/example_display_name.py
[2024-05-05T10:38:51.793+0000] {processor.py:830} INFO - Processing file /home/airflow/.local/lib/python3.12/site-packages/airflow/example_dags/example_display_name.py for tasks to queue
[2024-05-05T10:38:51.795+0000] {logging_mixin.py:188} INFO - [2024-05-05T10:38:51.794+0000] {dagbag.py:540} INFO - Filling up the DagBag from /home/airflow/.local/lib/python3.12/site-packages/airflow/example_dags/example_display_name.py
[2024-05-05T10:38:51.801+0000] {processor.py:840} INFO - DAG(s) 'example_display_name' retrieved from /home/airflow/.local/lib/python3.12/site-packages/airflow/example_dags/example_display_name.py
[2024-05-05T10:38:51.853+0000] {logging_mixin.py:188} INFO - [2024-05-05T10:38:51.853+0000] {dag.py:3096} INFO - Sync 1 DAGs
[2024-05-05T10:38:51.886+0000] {logging_mixin.py:188} INFO - [2024-05-05T10:38:51.886+0000] {dag.py:3954} INFO - Setting next_dagrun for example_display_name to None, run_after=None
[2024-05-05T10:38:51.938+0000] {processor.py:183} INFO - Processing /home/airflow/.local/lib/python3.12/site-packages/airflow/example_dags/example_display_name.py took 0.150 seconds
[2024-05-05T10:39:22.006+0000] {processor.py:161} INFO - Started process (PID=10850) to work on /home/airflow/.local/lib/python3.12/site-packages/airflow/example_dags/example_display_name.py
[2024-05-05T10:39:22.007+0000] {processor.py:830} INFO - Processing file /home/airflow/.local/lib/python3.12/site-packages/airflow/example_dags/example_display_name.py for tasks to queue
[2024-05-05T10:39:22.008+0000] {logging_mixin.py:188} INFO - [2024-05-05T10:39:22.008+0000] {dagbag.py:540} INFO - Filling up the DagBag from /home/airflow/.local/lib/python3.12/site-packages/airflow/example_dags/example_display_name.py
[2024-05-05T10:39:22.013+0000] {processor.py:840} INFO - DAG(s) 'example_display_name' retrieved from /home/airflow/.local/lib/python3.12/site-packages/airflow/example_dags/example_display_name.py
[2024-05-05T10:39:22.029+0000] {logging_mixin.py:188} INFO - [2024-05-05T10:39:22.029+0000] {dag.py:3096} INFO - Sync 1 DAGs
[2024-05-05T10:39:22.040+0000] {logging_mixin.py:188} INFO - [2024-05-05T10:39:22.040+0000] {dag.py:3954} INFO - Setting next_dagrun for example_display_name to None, run_after=None
[2024-05-05T10:39:22.061+0000] {processor.py:183} INFO - Processing /home/airflow/.local/lib/python3.12/site-packages/airflow/example_dags/example_display_name.py took 0.059 seconds
[2024-05-05T10:39:52.547+0000] {processor.py:161} INFO - Started process (PID=11121) to work on /home/airflow/.local/lib/python3.12/site-packages/airflow/example_dags/example_display_name.py
[2024-05-05T10:39:52.548+0000] {processor.py:830} INFO - Processing file /home/airflow/.local/lib/python3.12/site-packages/airflow/example_dags/example_display_name.py for tasks to queue
[2024-05-05T10:39:52.550+0000] {logging_mixin.py:188} INFO - [2024-05-05T10:39:52.550+0000] {dagbag.py:540} INFO - Filling up the DagBag from /home/airflow/.local/lib/python3.12/site-packages/airflow/example_dags/example_display_name.py
[2024-05-05T10:39:52.556+0000] {processor.py:840} INFO - DAG(s) 'example_display_name' retrieved from /home/airflow/.local/lib/python3.12/site-packages/airflow/example_dags/example_display_name.py
[2024-05-05T10:39:52.580+0000] {logging_mixin.py:188} INFO - [2024-05-05T10:39:52.579+0000] {dag.py:3096} INFO - Sync 1 DAGs
[2024-05-05T10:39:52.594+0000] {logging_mixin.py:188} INFO - [2024-05-05T10:39:52.594+0000] {dag.py:3954} INFO - Setting next_dagrun for example_display_name to None, run_after=None
[2024-05-05T10:39:52.617+0000] {processor.py:183} INFO - Processing /home/airflow/.local/lib/python3.12/site-packages/airflow/example_dags/example_display_name.py took 0.076 seconds
[2024-05-05T10:40:23.391+0000] {processor.py:161} INFO - Started process (PID=11393) to work on /home/airflow/.local/lib/python3.12/site-packages/airflow/example_dags/example_display_name.py
[2024-05-05T10:40:23.392+0000] {processor.py:830} INFO - Processing file /home/airflow/.local/lib/python3.12/site-packages/airflow/example_dags/example_display_name.py for tasks to queue
[2024-05-05T10:40:23.393+0000] {logging_mixin.py:188} INFO - [2024-05-05T10:40:23.393+0000] {dagbag.py:540} INFO - Filling up the DagBag from /home/airflow/.local/lib/python3.12/site-packages/airflow/example_dags/example_display_name.py
[2024-05-05T10:40:23.399+0000] {processor.py:840} INFO - DAG(s) 'example_display_name' retrieved from /home/airflow/.local/lib/python3.12/site-packages/airflow/example_dags/example_display_name.py
[2024-05-05T10:40:23.420+0000] {logging_mixin.py:188} INFO - [2024-05-05T10:40:23.419+0000] {dag.py:3096} INFO - Sync 1 DAGs
[2024-05-05T10:40:23.435+0000] {logging_mixin.py:188} INFO - [2024-05-05T10:40:23.435+0000] {dag.py:3954} INFO - Setting next_dagrun for example_display_name to None, run_after=None
[2024-05-05T10:40:23.461+0000] {processor.py:183} INFO - Processing /home/airflow/.local/lib/python3.12/site-packages/airflow/example_dags/example_display_name.py took 0.077 seconds
[2024-05-05T10:40:54.102+0000] {processor.py:161} INFO - Started process (PID=11680) to work on /home/airflow/.local/lib/python3.12/site-packages/airflow/example_dags/example_display_name.py
[2024-05-05T10:40:54.103+0000] {processor.py:830} INFO - Processing file /home/airflow/.local/lib/python3.12/site-packages/airflow/example_dags/example_display_name.py for tasks to queue
[2024-05-05T10:40:54.105+0000] {logging_mixin.py:188} INFO - [2024-05-05T10:40:54.104+0000] {dagbag.py:540} INFO - Filling up the DagBag from /home/airflow/.local/lib/python3.12/site-packages/airflow/example_dags/example_display_name.py
[2024-05-05T10:40:54.114+0000] {processor.py:840} INFO - DAG(s) 'example_display_name' retrieved from /home/airflow/.local/lib/python3.12/site-packages/airflow/example_dags/example_display_name.py
[2024-05-05T10:40:54.156+0000] {logging_mixin.py:188} INFO - [2024-05-05T10:40:54.156+0000] {dag.py:3096} INFO - Sync 1 DAGs
[2024-05-05T10:40:54.193+0000] {logging_mixin.py:188} INFO - [2024-05-05T10:40:54.193+0000] {dag.py:3954} INFO - Setting next_dagrun for example_display_name to None, run_after=None
[2024-05-05T10:40:54.254+0000] {processor.py:183} INFO - Processing /home/airflow/.local/lib/python3.12/site-packages/airflow/example_dags/example_display_name.py took 0.162 seconds
[2024-05-05T10:41:24.759+0000] {processor.py:161} INFO - Started process (PID=11953) to work on /home/airflow/.local/lib/python3.12/site-packages/airflow/example_dags/example_display_name.py
[2024-05-05T10:41:24.760+0000] {processor.py:830} INFO - Processing file /home/airflow/.local/lib/python3.12/site-packages/airflow/example_dags/example_display_name.py for tasks to queue
[2024-05-05T10:41:24.762+0000] {logging_mixin.py:188} INFO - [2024-05-05T10:41:24.761+0000] {dagbag.py:540} INFO - Filling up the DagBag from /home/airflow/.local/lib/python3.12/site-packages/airflow/example_dags/example_display_name.py
[2024-05-05T10:41:24.767+0000] {processor.py:840} INFO - DAG(s) 'example_display_name' retrieved from /home/airflow/.local/lib/python3.12/site-packages/airflow/example_dags/example_display_name.py
[2024-05-05T10:41:24.788+0000] {logging_mixin.py:188} INFO - [2024-05-05T10:41:24.788+0000] {dag.py:3096} INFO - Sync 1 DAGs
[2024-05-05T10:41:24.803+0000] {logging_mixin.py:188} INFO - [2024-05-05T10:41:24.803+0000] {dag.py:3954} INFO - Setting next_dagrun for example_display_name to None, run_after=None
[2024-05-05T10:41:24.830+0000] {processor.py:183} INFO - Processing /home/airflow/.local/lib/python3.12/site-packages/airflow/example_dags/example_display_name.py took 0.077 seconds
[2024-05-05T10:41:55.266+0000] {processor.py:161} INFO - Started process (PID=12232) to work on /home/airflow/.local/lib/python3.12/site-packages/airflow/example_dags/example_display_name.py
[2024-05-05T10:41:55.267+0000] {processor.py:830} INFO - Processing file /home/airflow/.local/lib/python3.12/site-packages/airflow/example_dags/example_display_name.py for tasks to queue
[2024-05-05T10:41:55.269+0000] {logging_mixin.py:188} INFO - [2024-05-05T10:41:55.268+0000] {dagbag.py:540} INFO - Filling up the DagBag from /home/airflow/.local/lib/python3.12/site-packages/airflow/example_dags/example_display_name.py
[2024-05-05T10:41:55.276+0000] {processor.py:840} INFO - DAG(s) 'example_display_name' retrieved from /home/airflow/.local/lib/python3.12/site-packages/airflow/example_dags/example_display_name.py
[2024-05-05T10:41:55.297+0000] {logging_mixin.py:188} INFO - [2024-05-05T10:41:55.297+0000] {dag.py:3096} INFO - Sync 1 DAGs
[2024-05-05T10:41:55.313+0000] {logging_mixin.py:188} INFO - [2024-05-05T10:41:55.312+0000] {dag.py:3954} INFO - Setting next_dagrun for example_display_name to None, run_after=None
[2024-05-05T10:41:55.336+0000] {processor.py:183} INFO - Processing /home/airflow/.local/lib/python3.12/site-packages/airflow/example_dags/example_display_name.py took 0.078 seconds
[2024-05-05T10:42:26.197+0000] {processor.py:161} INFO - Started process (PID=12504) to work on /home/airflow/.local/lib/python3.12/site-packages/airflow/example_dags/example_display_name.py
[2024-05-05T10:42:26.198+0000] {processor.py:830} INFO - Processing file /home/airflow/.local/lib/python3.12/site-packages/airflow/example_dags/example_display_name.py for tasks to queue
[2024-05-05T10:42:26.199+0000] {logging_mixin.py:188} INFO - [2024-05-05T10:42:26.199+0000] {dagbag.py:540} INFO - Filling up the DagBag from /home/airflow/.local/lib/python3.12/site-packages/airflow/example_dags/example_display_name.py
[2024-05-05T10:42:26.205+0000] {processor.py:840} INFO - DAG(s) 'example_display_name' retrieved from /home/airflow/.local/lib/python3.12/site-packages/airflow/example_dags/example_display_name.py
[2024-05-05T10:42:26.238+0000] {logging_mixin.py:188} INFO - [2024-05-05T10:42:26.237+0000] {dag.py:3096} INFO - Sync 1 DAGs
[2024-05-05T10:42:26.256+0000] {logging_mixin.py:188} INFO - [2024-05-05T10:42:26.255+0000] {dag.py:3954} INFO - Setting next_dagrun for example_display_name to None, run_after=None
[2024-05-05T10:42:26.288+0000] {processor.py:183} INFO - Processing /home/airflow/.local/lib/python3.12/site-packages/airflow/example_dags/example_display_name.py took 0.097 seconds
[2024-05-05T10:42:57.143+0000] {processor.py:161} INFO - Started process (PID=12783) to work on /home/airflow/.local/lib/python3.12/site-packages/airflow/example_dags/example_display_name.py
[2024-05-05T10:42:57.144+0000] {processor.py:830} INFO - Processing file /home/airflow/.local/lib/python3.12/site-packages/airflow/example_dags/example_display_name.py for tasks to queue
[2024-05-05T10:42:57.145+0000] {logging_mixin.py:188} INFO - [2024-05-05T10:42:57.145+0000] {dagbag.py:540} INFO - Filling up the DagBag from /home/airflow/.local/lib/python3.12/site-packages/airflow/example_dags/example_display_name.py
[2024-05-05T10:42:57.151+0000] {processor.py:840} INFO - DAG(s) 'example_display_name' retrieved from /home/airflow/.local/lib/python3.12/site-packages/airflow/example_dags/example_display_name.py
[2024-05-05T10:42:57.174+0000] {logging_mixin.py:188} INFO - [2024-05-05T10:42:57.174+0000] {dag.py:3096} INFO - Sync 1 DAGs
[2024-05-05T10:42:57.190+0000] {logging_mixin.py:188} INFO - [2024-05-05T10:42:57.190+0000] {dag.py:3954} INFO - Setting next_dagrun for example_display_name to None, run_after=None
[2024-05-05T10:42:57.214+0000] {processor.py:183} INFO - Processing /home/airflow/.local/lib/python3.12/site-packages/airflow/example_dags/example_display_name.py took 0.076 seconds
[2024-05-05T10:43:27.712+0000] {processor.py:161} INFO - Started process (PID=13056) to work on /home/airflow/.local/lib/python3.12/site-packages/airflow/example_dags/example_display_name.py
[2024-05-05T10:43:27.713+0000] {processor.py:830} INFO - Processing file /home/airflow/.local/lib/python3.12/site-packages/airflow/example_dags/example_display_name.py for tasks to queue
[2024-05-05T10:43:27.714+0000] {logging_mixin.py:188} INFO - [2024-05-05T10:43:27.714+0000] {dagbag.py:540} INFO - Filling up the DagBag from /home/airflow/.local/lib/python3.12/site-packages/airflow/example_dags/example_display_name.py
[2024-05-05T10:43:27.720+0000] {processor.py:840} INFO - DAG(s) 'example_display_name' retrieved from /home/airflow/.local/lib/python3.12/site-packages/airflow/example_dags/example_display_name.py
[2024-05-05T10:43:27.740+0000] {logging_mixin.py:188} INFO - [2024-05-05T10:43:27.740+0000] {dag.py:3096} INFO - Sync 1 DAGs
[2024-05-05T10:43:27.756+0000] {logging_mixin.py:188} INFO - [2024-05-05T10:43:27.756+0000] {dag.py:3954} INFO - Setting next_dagrun for example_display_name to None, run_after=None
[2024-05-05T10:43:27.781+0000] {processor.py:183} INFO - Processing /home/airflow/.local/lib/python3.12/site-packages/airflow/example_dags/example_display_name.py took 0.076 seconds
[2024-05-05T10:43:58.207+0000] {processor.py:161} INFO - Started process (PID=13328) to work on /home/airflow/.local/lib/python3.12/site-packages/airflow/example_dags/example_display_name.py
[2024-05-05T10:43:58.208+0000] {processor.py:830} INFO - Processing file /home/airflow/.local/lib/python3.12/site-packages/airflow/example_dags/example_display_name.py for tasks to queue
[2024-05-05T10:43:58.210+0000] {logging_mixin.py:188} INFO - [2024-05-05T10:43:58.209+0000] {dagbag.py:540} INFO - Filling up the DagBag from /home/airflow/.local/lib/python3.12/site-packages/airflow/example_dags/example_display_name.py
[2024-05-05T10:43:58.215+0000] {processor.py:840} INFO - DAG(s) 'example_display_name' retrieved from /home/airflow/.local/lib/python3.12/site-packages/airflow/example_dags/example_display_name.py
[2024-05-05T10:43:58.237+0000] {logging_mixin.py:188} INFO - [2024-05-05T10:43:58.237+0000] {dag.py:3096} INFO - Sync 1 DAGs
[2024-05-05T10:43:58.256+0000] {logging_mixin.py:188} INFO - [2024-05-05T10:43:58.256+0000] {dag.py:3954} INFO - Setting next_dagrun for example_display_name to None, run_after=None
[2024-05-05T10:43:58.296+0000] {processor.py:183} INFO - Processing /home/airflow/.local/lib/python3.12/site-packages/airflow/example_dags/example_display_name.py took 0.095 seconds
[2024-05-05T10:44:29.040+0000] {processor.py:161} INFO - Started process (PID=13600) to work on /home/airflow/.local/lib/python3.12/site-packages/airflow/example_dags/example_display_name.py
[2024-05-05T10:44:29.041+0000] {processor.py:830} INFO - Processing file /home/airflow/.local/lib/python3.12/site-packages/airflow/example_dags/example_display_name.py for tasks to queue
[2024-05-05T10:44:29.043+0000] {logging_mixin.py:188} INFO - [2024-05-05T10:44:29.042+0000] {dagbag.py:540} INFO - Filling up the DagBag from /home/airflow/.local/lib/python3.12/site-packages/airflow/example_dags/example_display_name.py
[2024-05-05T10:44:29.049+0000] {processor.py:840} INFO - DAG(s) 'example_display_name' retrieved from /home/airflow/.local/lib/python3.12/site-packages/airflow/example_dags/example_display_name.py
[2024-05-05T10:44:29.068+0000] {logging_mixin.py:188} INFO - [2024-05-05T10:44:29.068+0000] {dag.py:3096} INFO - Sync 1 DAGs
[2024-05-05T10:44:29.084+0000] {logging_mixin.py:188} INFO - [2024-05-05T10:44:29.084+0000] {dag.py:3954} INFO - Setting next_dagrun for example_display_name to None, run_after=None
[2024-05-05T10:44:29.124+0000] {processor.py:183} INFO - Processing /home/airflow/.local/lib/python3.12/site-packages/airflow/example_dags/example_display_name.py took 0.092 seconds
[2024-05-05T10:44:59.574+0000] {processor.py:161} INFO - Started process (PID=13873) to work on /home/airflow/.local/lib/python3.12/site-packages/airflow/example_dags/example_display_name.py
[2024-05-05T10:44:59.575+0000] {processor.py:830} INFO - Processing file /home/airflow/.local/lib/python3.12/site-packages/airflow/example_dags/example_display_name.py for tasks to queue
[2024-05-05T10:44:59.577+0000] {logging_mixin.py:188} INFO - [2024-05-05T10:44:59.576+0000] {dagbag.py:540} INFO - Filling up the DagBag from /home/airflow/.local/lib/python3.12/site-packages/airflow/example_dags/example_display_name.py
[2024-05-05T10:44:59.582+0000] {processor.py:840} INFO - DAG(s) 'example_display_name' retrieved from /home/airflow/.local/lib/python3.12/site-packages/airflow/example_dags/example_display_name.py
[2024-05-05T10:44:59.618+0000] {logging_mixin.py:188} INFO - [2024-05-05T10:44:59.617+0000] {dag.py:3096} INFO - Sync 1 DAGs
[2024-05-05T10:44:59.634+0000] {logging_mixin.py:188} INFO - [2024-05-05T10:44:59.634+0000] {dag.py:3954} INFO - Setting next_dagrun for example_display_name to None, run_after=None
[2024-05-05T10:44:59.658+0000] {processor.py:183} INFO - Processing /home/airflow/.local/lib/python3.12/site-packages/airflow/example_dags/example_display_name.py took 0.091 seconds
[2024-05-05T10:45:30.054+0000] {processor.py:161} INFO - Started process (PID=14145) to work on /home/airflow/.local/lib/python3.12/site-packages/airflow/example_dags/example_display_name.py
[2024-05-05T10:45:30.055+0000] {processor.py:830} INFO - Processing file /home/airflow/.local/lib/python3.12/site-packages/airflow/example_dags/example_display_name.py for tasks to queue
[2024-05-05T10:45:30.056+0000] {logging_mixin.py:188} INFO - [2024-05-05T10:45:30.056+0000] {dagbag.py:540} INFO - Filling up the DagBag from /home/airflow/.local/lib/python3.12/site-packages/airflow/example_dags/example_display_name.py
[2024-05-05T10:45:30.067+0000] {processor.py:840} INFO - DAG(s) 'example_display_name' retrieved from /home/airflow/.local/lib/python3.12/site-packages/airflow/example_dags/example_display_name.py
[2024-05-05T10:45:30.101+0000] {logging_mixin.py:188} INFO - [2024-05-05T10:45:30.101+0000] {dag.py:3096} INFO - Sync 1 DAGs
[2024-05-05T10:45:30.116+0000] {logging_mixin.py:188} INFO - [2024-05-05T10:45:30.116+0000] {dag.py:3954} INFO - Setting next_dagrun for example_display_name to None, run_after=None
[2024-05-05T10:45:30.141+0000] {processor.py:183} INFO - Processing /home/airflow/.local/lib/python3.12/site-packages/airflow/example_dags/example_display_name.py took 0.095 seconds
[2024-05-05T10:46:00.358+0000] {processor.py:161} INFO - Started process (PID=14417) to work on /home/airflow/.local/lib/python3.12/site-packages/airflow/example_dags/example_display_name.py
[2024-05-05T10:46:00.359+0000] {processor.py:830} INFO - Processing file /home/airflow/.local/lib/python3.12/site-packages/airflow/example_dags/example_display_name.py for tasks to queue
[2024-05-05T10:46:00.361+0000] {logging_mixin.py:188} INFO - [2024-05-05T10:46:00.360+0000] {dagbag.py:540} INFO - Filling up the DagBag from /home/airflow/.local/lib/python3.12/site-packages/airflow/example_dags/example_display_name.py
[2024-05-05T10:46:00.366+0000] {processor.py:840} INFO - DAG(s) 'example_display_name' retrieved from /home/airflow/.local/lib/python3.12/site-packages/airflow/example_dags/example_display_name.py
[2024-05-05T10:46:00.387+0000] {logging_mixin.py:188} INFO - [2024-05-05T10:46:00.386+0000] {dag.py:3096} INFO - Sync 1 DAGs
[2024-05-05T10:46:00.402+0000] {logging_mixin.py:188} INFO - [2024-05-05T10:46:00.402+0000] {dag.py:3954} INFO - Setting next_dagrun for example_display_name to None, run_after=None
[2024-05-05T10:46:00.428+0000] {processor.py:183} INFO - Processing /home/airflow/.local/lib/python3.12/site-packages/airflow/example_dags/example_display_name.py took 0.076 seconds
[2024-05-05T10:46:31.627+0000] {processor.py:161} INFO - Started process (PID=14695) to work on /home/airflow/.local/lib/python3.12/site-packages/airflow/example_dags/example_display_name.py
[2024-05-05T10:46:31.628+0000] {processor.py:830} INFO - Processing file /home/airflow/.local/lib/python3.12/site-packages/airflow/example_dags/example_display_name.py for tasks to queue
[2024-05-05T10:46:31.630+0000] {logging_mixin.py:188} INFO - [2024-05-05T10:46:31.629+0000] {dagbag.py:540} INFO - Filling up the DagBag from /home/airflow/.local/lib/python3.12/site-packages/airflow/example_dags/example_display_name.py
[2024-05-05T10:46:31.635+0000] {processor.py:840} INFO - DAG(s) 'example_display_name' retrieved from /home/airflow/.local/lib/python3.12/site-packages/airflow/example_dags/example_display_name.py
[2024-05-05T10:46:31.658+0000] {logging_mixin.py:188} INFO - [2024-05-05T10:46:31.658+0000] {dag.py:3096} INFO - Sync 1 DAGs
[2024-05-05T10:46:31.675+0000] {logging_mixin.py:188} INFO - [2024-05-05T10:46:31.674+0000] {dag.py:3954} INFO - Setting next_dagrun for example_display_name to None, run_after=None
[2024-05-05T10:46:31.700+0000] {processor.py:183} INFO - Processing /home/airflow/.local/lib/python3.12/site-packages/airflow/example_dags/example_display_name.py took 0.079 seconds
[2024-05-05T10:47:01.926+0000] {processor.py:161} INFO - Started process (PID=14967) to work on /home/airflow/.local/lib/python3.12/site-packages/airflow/example_dags/example_display_name.py
[2024-05-05T10:47:01.927+0000] {processor.py:830} INFO - Processing file /home/airflow/.local/lib/python3.12/site-packages/airflow/example_dags/example_display_name.py for tasks to queue
[2024-05-05T10:47:01.928+0000] {logging_mixin.py:188} INFO - [2024-05-05T10:47:01.928+0000] {dagbag.py:540} INFO - Filling up the DagBag from /home/airflow/.local/lib/python3.12/site-packages/airflow/example_dags/example_display_name.py
[2024-05-05T10:47:01.932+0000] {processor.py:840} INFO - DAG(s) 'example_display_name' retrieved from /home/airflow/.local/lib/python3.12/site-packages/airflow/example_dags/example_display_name.py
[2024-05-05T10:47:01.953+0000] {logging_mixin.py:188} INFO - [2024-05-05T10:47:01.953+0000] {dag.py:3096} INFO - Sync 1 DAGs
[2024-05-05T10:47:01.968+0000] {logging_mixin.py:188} INFO - [2024-05-05T10:47:01.968+0000] {dag.py:3954} INFO - Setting next_dagrun for example_display_name to None, run_after=None
[2024-05-05T10:47:01.994+0000] {processor.py:183} INFO - Processing /home/airflow/.local/lib/python3.12/site-packages/airflow/example_dags/example_display_name.py took 0.074 seconds
[2024-05-05T10:47:32.900+0000] {processor.py:161} INFO - Started process (PID=15239) to work on /home/airflow/.local/lib/python3.12/site-packages/airflow/example_dags/example_display_name.py
[2024-05-05T10:47:32.901+0000] {processor.py:830} INFO - Processing file /home/airflow/.local/lib/python3.12/site-packages/airflow/example_dags/example_display_name.py for tasks to queue
[2024-05-05T10:47:32.903+0000] {logging_mixin.py:188} INFO - [2024-05-05T10:47:32.902+0000] {dagbag.py:540} INFO - Filling up the DagBag from /home/airflow/.local/lib/python3.12/site-packages/airflow/example_dags/example_display_name.py
[2024-05-05T10:47:32.912+0000] {processor.py:840} INFO - DAG(s) 'example_display_name' retrieved from /home/airflow/.local/lib/python3.12/site-packages/airflow/example_dags/example_display_name.py
[2024-05-05T10:47:32.939+0000] {logging_mixin.py:188} INFO - [2024-05-05T10:47:32.939+0000] {dag.py:3096} INFO - Sync 1 DAGs
[2024-05-05T10:47:32.955+0000] {logging_mixin.py:188} INFO - [2024-05-05T10:47:32.955+0000] {dag.py:3954} INFO - Setting next_dagrun for example_display_name to None, run_after=None
[2024-05-05T10:47:32.982+0000] {processor.py:183} INFO - Processing /home/airflow/.local/lib/python3.12/site-packages/airflow/example_dags/example_display_name.py took 0.093 seconds
[2024-05-05T10:48:03.805+0000] {processor.py:161} INFO - Started process (PID=15511) to work on /home/airflow/.local/lib/python3.12/site-packages/airflow/example_dags/example_display_name.py
[2024-05-05T10:48:03.806+0000] {processor.py:830} INFO - Processing file /home/airflow/.local/lib/python3.12/site-packages/airflow/example_dags/example_display_name.py for tasks to queue
[2024-05-05T10:48:03.808+0000] {logging_mixin.py:188} INFO - [2024-05-05T10:48:03.808+0000] {dagbag.py:540} INFO - Filling up the DagBag from /home/airflow/.local/lib/python3.12/site-packages/airflow/example_dags/example_display_name.py
[2024-05-05T10:48:03.814+0000] {processor.py:840} INFO - DAG(s) 'example_display_name' retrieved from /home/airflow/.local/lib/python3.12/site-packages/airflow/example_dags/example_display_name.py
[2024-05-05T10:48:03.834+0000] {logging_mixin.py:188} INFO - [2024-05-05T10:48:03.834+0000] {dag.py:3096} INFO - Sync 1 DAGs
[2024-05-05T10:48:03.849+0000] {logging_mixin.py:188} INFO - [2024-05-05T10:48:03.849+0000] {dag.py:3954} INFO - Setting next_dagrun for example_display_name to None, run_after=None
[2024-05-05T10:48:03.876+0000] {processor.py:183} INFO - Processing /home/airflow/.local/lib/python3.12/site-packages/airflow/example_dags/example_display_name.py took 0.083 seconds
[2024-05-05T10:48:34.866+0000] {processor.py:161} INFO - Started process (PID=15785) to work on /home/airflow/.local/lib/python3.12/site-packages/airflow/example_dags/example_display_name.py
[2024-05-05T10:48:34.866+0000] {processor.py:830} INFO - Processing file /home/airflow/.local/lib/python3.12/site-packages/airflow/example_dags/example_display_name.py for tasks to queue
[2024-05-05T10:48:34.867+0000] {logging_mixin.py:188} INFO - [2024-05-05T10:48:34.867+0000] {dagbag.py:540} INFO - Filling up the DagBag from /home/airflow/.local/lib/python3.12/site-packages/airflow/example_dags/example_display_name.py
[2024-05-05T10:48:34.871+0000] {processor.py:840} INFO - DAG(s) 'example_display_name' retrieved from /home/airflow/.local/lib/python3.12/site-packages/airflow/example_dags/example_display_name.py
[2024-05-05T10:48:34.887+0000] {logging_mixin.py:188} INFO - [2024-05-05T10:48:34.887+0000] {dag.py:3096} INFO - Sync 1 DAGs
[2024-05-05T10:48:34.898+0000] {logging_mixin.py:188} INFO - [2024-05-05T10:48:34.898+0000] {dag.py:3954} INFO - Setting next_dagrun for example_display_name to None, run_after=None
[2024-05-05T10:48:34.918+0000] {processor.py:183} INFO - Processing /home/airflow/.local/lib/python3.12/site-packages/airflow/example_dags/example_display_name.py took 0.057 seconds
[2024-05-05T10:49:05.614+0000] {processor.py:161} INFO - Started process (PID=16055) to work on /home/airflow/.local/lib/python3.12/site-packages/airflow/example_dags/example_display_name.py
[2024-05-05T10:49:05.615+0000] {processor.py:830} INFO - Processing file /home/airflow/.local/lib/python3.12/site-packages/airflow/example_dags/example_display_name.py for tasks to queue
[2024-05-05T10:49:05.617+0000] {logging_mixin.py:188} INFO - [2024-05-05T10:49:05.617+0000] {dagbag.py:540} INFO - Filling up the DagBag from /home/airflow/.local/lib/python3.12/site-packages/airflow/example_dags/example_display_name.py
[2024-05-05T10:49:05.623+0000] {processor.py:840} INFO - DAG(s) 'example_display_name' retrieved from /home/airflow/.local/lib/python3.12/site-packages/airflow/example_dags/example_display_name.py
[2024-05-05T10:49:05.645+0000] {logging_mixin.py:188} INFO - [2024-05-05T10:49:05.645+0000] {dag.py:3096} INFO - Sync 1 DAGs
[2024-05-05T10:49:05.658+0000] {logging_mixin.py:188} INFO - [2024-05-05T10:49:05.658+0000] {dag.py:3954} INFO - Setting next_dagrun for example_display_name to None, run_after=None
[2024-05-05T10:49:05.683+0000] {processor.py:183} INFO - Processing /home/airflow/.local/lib/python3.12/site-packages/airflow/example_dags/example_display_name.py took 0.075 seconds
[2024-05-05T10:49:36.068+0000] {processor.py:161} INFO - Started process (PID=16337) to work on /home/airflow/.local/lib/python3.12/site-packages/airflow/example_dags/example_display_name.py
[2024-05-05T10:49:36.068+0000] {processor.py:830} INFO - Processing file /home/airflow/.local/lib/python3.12/site-packages/airflow/example_dags/example_display_name.py for tasks to queue
[2024-05-05T10:49:36.070+0000] {logging_mixin.py:188} INFO - [2024-05-05T10:49:36.069+0000] {dagbag.py:540} INFO - Filling up the DagBag from /home/airflow/.local/lib/python3.12/site-packages/airflow/example_dags/example_display_name.py
[2024-05-05T10:49:36.075+0000] {processor.py:840} INFO - DAG(s) 'example_display_name' retrieved from /home/airflow/.local/lib/python3.12/site-packages/airflow/example_dags/example_display_name.py
[2024-05-05T10:49:36.096+0000] {logging_mixin.py:188} INFO - [2024-05-05T10:49:36.096+0000] {dag.py:3096} INFO - Sync 1 DAGs
[2024-05-05T10:49:36.112+0000] {logging_mixin.py:188} INFO - [2024-05-05T10:49:36.112+0000] {dag.py:3954} INFO - Setting next_dagrun for example_display_name to None, run_after=None
[2024-05-05T10:49:36.139+0000] {processor.py:183} INFO - Processing /home/airflow/.local/lib/python3.12/site-packages/airflow/example_dags/example_display_name.py took 0.079 seconds
[2024-05-05T10:50:06.913+0000] {processor.py:161} INFO - Started process (PID=16614) to work on /home/airflow/.local/lib/python3.12/site-packages/airflow/example_dags/example_display_name.py
[2024-05-05T10:50:06.914+0000] {processor.py:830} INFO - Processing file /home/airflow/.local/lib/python3.12/site-packages/airflow/example_dags/example_display_name.py for tasks to queue
[2024-05-05T10:50:06.915+0000] {logging_mixin.py:188} INFO - [2024-05-05T10:50:06.915+0000] {dagbag.py:540} INFO - Filling up the DagBag from /home/airflow/.local/lib/python3.12/site-packages/airflow/example_dags/example_display_name.py
[2024-05-05T10:50:06.920+0000] {processor.py:840} INFO - DAG(s) 'example_display_name' retrieved from /home/airflow/.local/lib/python3.12/site-packages/airflow/example_dags/example_display_name.py
[2024-05-05T10:50:06.940+0000] {logging_mixin.py:188} INFO - [2024-05-05T10:50:06.940+0000] {dag.py:3096} INFO - Sync 1 DAGs
[2024-05-05T10:50:06.954+0000] {logging_mixin.py:188} INFO - [2024-05-05T10:50:06.954+0000] {dag.py:3954} INFO - Setting next_dagrun for example_display_name to None, run_after=None
[2024-05-05T10:50:06.981+0000] {processor.py:183} INFO - Processing /home/airflow/.local/lib/python3.12/site-packages/airflow/example_dags/example_display_name.py took 0.075 seconds
[2024-05-05T10:50:37.271+0000] {processor.py:161} INFO - Started process (PID=16891) to work on /home/airflow/.local/lib/python3.12/site-packages/airflow/example_dags/example_display_name.py
[2024-05-05T10:50:37.272+0000] {processor.py:830} INFO - Processing file /home/airflow/.local/lib/python3.12/site-packages/airflow/example_dags/example_display_name.py for tasks to queue
[2024-05-05T10:50:37.273+0000] {logging_mixin.py:188} INFO - [2024-05-05T10:50:37.273+0000] {dagbag.py:540} INFO - Filling up the DagBag from /home/airflow/.local/lib/python3.12/site-packages/airflow/example_dags/example_display_name.py
[2024-05-05T10:50:37.279+0000] {processor.py:840} INFO - DAG(s) 'example_display_name' retrieved from /home/airflow/.local/lib/python3.12/site-packages/airflow/example_dags/example_display_name.py
[2024-05-05T10:50:37.300+0000] {logging_mixin.py:188} INFO - [2024-05-05T10:50:37.300+0000] {dag.py:3096} INFO - Sync 1 DAGs
[2024-05-05T10:50:37.316+0000] {logging_mixin.py:188} INFO - [2024-05-05T10:50:37.316+0000] {dag.py:3954} INFO - Setting next_dagrun for example_display_name to None, run_after=None
[2024-05-05T10:50:37.341+0000] {processor.py:183} INFO - Processing /home/airflow/.local/lib/python3.12/site-packages/airflow/example_dags/example_display_name.py took 0.077 seconds
[2024-05-05T10:51:08.198+0000] {processor.py:161} INFO - Started process (PID=17168) to work on /home/airflow/.local/lib/python3.12/site-packages/airflow/example_dags/example_display_name.py
[2024-05-05T10:51:08.198+0000] {processor.py:830} INFO - Processing file /home/airflow/.local/lib/python3.12/site-packages/airflow/example_dags/example_display_name.py for tasks to queue
[2024-05-05T10:51:08.200+0000] {logging_mixin.py:188} INFO - [2024-05-05T10:51:08.200+0000] {dagbag.py:540} INFO - Filling up the DagBag from /home/airflow/.local/lib/python3.12/site-packages/airflow/example_dags/example_display_name.py
[2024-05-05T10:51:08.207+0000] {processor.py:840} INFO - DAG(s) 'example_display_name' retrieved from /home/airflow/.local/lib/python3.12/site-packages/airflow/example_dags/example_display_name.py
[2024-05-05T10:51:08.230+0000] {logging_mixin.py:188} INFO - [2024-05-05T10:51:08.230+0000] {dag.py:3096} INFO - Sync 1 DAGs
[2024-05-05T10:51:08.246+0000] {logging_mixin.py:188} INFO - [2024-05-05T10:51:08.246+0000] {dag.py:3954} INFO - Setting next_dagrun for example_display_name to None, run_after=None
[2024-05-05T10:51:08.275+0000] {processor.py:183} INFO - Processing /home/airflow/.local/lib/python3.12/site-packages/airflow/example_dags/example_display_name.py took 0.087 seconds
[2024-05-05T10:51:39.178+0000] {processor.py:161} INFO - Started process (PID=17445) to work on /home/airflow/.local/lib/python3.12/site-packages/airflow/example_dags/example_display_name.py
[2024-05-05T10:51:39.179+0000] {processor.py:830} INFO - Processing file /home/airflow/.local/lib/python3.12/site-packages/airflow/example_dags/example_display_name.py for tasks to queue
[2024-05-05T10:51:39.181+0000] {logging_mixin.py:188} INFO - [2024-05-05T10:51:39.181+0000] {dagbag.py:540} INFO - Filling up the DagBag from /home/airflow/.local/lib/python3.12/site-packages/airflow/example_dags/example_display_name.py
[2024-05-05T10:51:39.187+0000] {processor.py:840} INFO - DAG(s) 'example_display_name' retrieved from /home/airflow/.local/lib/python3.12/site-packages/airflow/example_dags/example_display_name.py
[2024-05-05T10:51:39.244+0000] {logging_mixin.py:188} INFO - [2024-05-05T10:51:39.244+0000] {dag.py:3096} INFO - Sync 1 DAGs
[2024-05-05T10:51:39.271+0000] {logging_mixin.py:188} INFO - [2024-05-05T10:51:39.270+0000] {dag.py:3954} INFO - Setting next_dagrun for example_display_name to None, run_after=None
[2024-05-05T10:51:39.299+0000] {processor.py:183} INFO - Processing /home/airflow/.local/lib/python3.12/site-packages/airflow/example_dags/example_display_name.py took 0.128 seconds
[2024-05-05T10:52:09.771+0000] {processor.py:161} INFO - Started process (PID=17722) to work on /home/airflow/.local/lib/python3.12/site-packages/airflow/example_dags/example_display_name.py
[2024-05-05T10:52:09.772+0000] {processor.py:830} INFO - Processing file /home/airflow/.local/lib/python3.12/site-packages/airflow/example_dags/example_display_name.py for tasks to queue
[2024-05-05T10:52:09.773+0000] {logging_mixin.py:188} INFO - [2024-05-05T10:52:09.773+0000] {dagbag.py:540} INFO - Filling up the DagBag from /home/airflow/.local/lib/python3.12/site-packages/airflow/example_dags/example_display_name.py
[2024-05-05T10:52:09.779+0000] {processor.py:840} INFO - DAG(s) 'example_display_name' retrieved from /home/airflow/.local/lib/python3.12/site-packages/airflow/example_dags/example_display_name.py
[2024-05-05T10:52:09.800+0000] {logging_mixin.py:188} INFO - [2024-05-05T10:52:09.799+0000] {dag.py:3096} INFO - Sync 1 DAGs
[2024-05-05T10:52:09.815+0000] {logging_mixin.py:188} INFO - [2024-05-05T10:52:09.815+0000] {dag.py:3954} INFO - Setting next_dagrun for example_display_name to None, run_after=None
[2024-05-05T10:52:09.844+0000] {processor.py:183} INFO - Processing /home/airflow/.local/lib/python3.12/site-packages/airflow/example_dags/example_display_name.py took 0.078 seconds
[2024-05-05T10:52:46.408+0000] {processor.py:161} INFO - Started process (PID=18047) to work on /home/airflow/.local/lib/python3.12/site-packages/airflow/example_dags/example_display_name.py
[2024-05-05T10:52:46.411+0000] {processor.py:830} INFO - Processing file /home/airflow/.local/lib/python3.12/site-packages/airflow/example_dags/example_display_name.py for tasks to queue
[2024-05-05T10:52:46.413+0000] {logging_mixin.py:188} INFO - [2024-05-05T10:52:46.413+0000] {dagbag.py:540} INFO - Filling up the DagBag from /home/airflow/.local/lib/python3.12/site-packages/airflow/example_dags/example_display_name.py
[2024-05-05T10:52:46.420+0000] {processor.py:840} INFO - DAG(s) 'example_display_name' retrieved from /home/airflow/.local/lib/python3.12/site-packages/airflow/example_dags/example_display_name.py
[2024-05-05T10:52:46.443+0000] {logging_mixin.py:188} INFO - [2024-05-05T10:52:46.442+0000] {dag.py:3096} INFO - Sync 1 DAGs
[2024-05-05T10:52:46.469+0000] {logging_mixin.py:188} INFO - [2024-05-05T10:52:46.469+0000] {dag.py:3954} INFO - Setting next_dagrun for example_display_name to None, run_after=None
[2024-05-05T10:52:46.518+0000] {processor.py:183} INFO - Processing /home/airflow/.local/lib/python3.12/site-packages/airflow/example_dags/example_display_name.py took 0.118 seconds
[2024-05-05T10:53:17.212+0000] {processor.py:161} INFO - Started process (PID=18324) to work on /home/airflow/.local/lib/python3.12/site-packages/airflow/example_dags/example_display_name.py
[2024-05-05T10:53:17.213+0000] {processor.py:830} INFO - Processing file /home/airflow/.local/lib/python3.12/site-packages/airflow/example_dags/example_display_name.py for tasks to queue
[2024-05-05T10:53:17.215+0000] {logging_mixin.py:188} INFO - [2024-05-05T10:53:17.215+0000] {dagbag.py:540} INFO - Filling up the DagBag from /home/airflow/.local/lib/python3.12/site-packages/airflow/example_dags/example_display_name.py
[2024-05-05T10:53:17.221+0000] {processor.py:840} INFO - DAG(s) 'example_display_name' retrieved from /home/airflow/.local/lib/python3.12/site-packages/airflow/example_dags/example_display_name.py
[2024-05-05T10:53:17.243+0000] {logging_mixin.py:188} INFO - [2024-05-05T10:53:17.242+0000] {dag.py:3096} INFO - Sync 1 DAGs
[2024-05-05T10:53:17.258+0000] {logging_mixin.py:188} INFO - [2024-05-05T10:53:17.258+0000] {dag.py:3954} INFO - Setting next_dagrun for example_display_name to None, run_after=None
[2024-05-05T10:53:17.284+0000] {processor.py:183} INFO - Processing /home/airflow/.local/lib/python3.12/site-packages/airflow/example_dags/example_display_name.py took 0.079 seconds
[2024-05-05T10:53:48.164+0000] {processor.py:161} INFO - Started process (PID=18601) to work on /home/airflow/.local/lib/python3.12/site-packages/airflow/example_dags/example_display_name.py
[2024-05-05T10:53:48.172+0000] {processor.py:830} INFO - Processing file /home/airflow/.local/lib/python3.12/site-packages/airflow/example_dags/example_display_name.py for tasks to queue
[2024-05-05T10:53:48.173+0000] {logging_mixin.py:188} INFO - [2024-05-05T10:53:48.173+0000] {dagbag.py:540} INFO - Filling up the DagBag from /home/airflow/.local/lib/python3.12/site-packages/airflow/example_dags/example_display_name.py
[2024-05-05T10:53:48.179+0000] {processor.py:840} INFO - DAG(s) 'example_display_name' retrieved from /home/airflow/.local/lib/python3.12/site-packages/airflow/example_dags/example_display_name.py
[2024-05-05T10:53:48.224+0000] {logging_mixin.py:188} INFO - [2024-05-05T10:53:48.223+0000] {dag.py:3096} INFO - Sync 1 DAGs
[2024-05-05T10:53:48.253+0000] {logging_mixin.py:188} INFO - [2024-05-05T10:53:48.253+0000] {dag.py:3954} INFO - Setting next_dagrun for example_display_name to None, run_after=None
[2024-05-05T10:53:48.301+0000] {processor.py:183} INFO - Processing /home/airflow/.local/lib/python3.12/site-packages/airflow/example_dags/example_display_name.py took 0.145 seconds
[2024-05-05T10:54:24.054+0000] {processor.py:161} INFO - Started process (PID=18909) to work on /home/airflow/.local/lib/python3.12/site-packages/airflow/example_dags/example_display_name.py
[2024-05-05T10:54:24.084+0000] {processor.py:830} INFO - Processing file /home/airflow/.local/lib/python3.12/site-packages/airflow/example_dags/example_display_name.py for tasks to queue
[2024-05-05T10:54:24.104+0000] {logging_mixin.py:188} INFO - [2024-05-05T10:54:24.104+0000] {dagbag.py:540} INFO - Filling up the DagBag from /home/airflow/.local/lib/python3.12/site-packages/airflow/example_dags/example_display_name.py
[2024-05-05T10:54:24.150+0000] {processor.py:840} INFO - DAG(s) 'example_display_name' retrieved from /home/airflow/.local/lib/python3.12/site-packages/airflow/example_dags/example_display_name.py
[2024-05-05T10:54:24.549+0000] {logging_mixin.py:188} INFO - [2024-05-05T10:54:24.548+0000] {dag.py:3096} INFO - Sync 1 DAGs
[2024-05-05T10:54:24.694+0000] {logging_mixin.py:188} INFO - [2024-05-05T10:54:24.693+0000] {dag.py:3954} INFO - Setting next_dagrun for example_display_name to None, run_after=None
[2024-05-05T10:54:24.998+0000] {processor.py:183} INFO - Processing /home/airflow/.local/lib/python3.12/site-packages/airflow/example_dags/example_display_name.py took 0.959 seconds
[2024-05-05T10:54:55.767+0000] {processor.py:161} INFO - Started process (PID=19218) to work on /home/airflow/.local/lib/python3.12/site-packages/airflow/example_dags/example_display_name.py
[2024-05-05T10:54:55.767+0000] {processor.py:830} INFO - Processing file /home/airflow/.local/lib/python3.12/site-packages/airflow/example_dags/example_display_name.py for tasks to queue
[2024-05-05T10:54:55.769+0000] {logging_mixin.py:188} INFO - [2024-05-05T10:54:55.769+0000] {dagbag.py:540} INFO - Filling up the DagBag from /home/airflow/.local/lib/python3.12/site-packages/airflow/example_dags/example_display_name.py
[2024-05-05T10:54:55.774+0000] {processor.py:840} INFO - DAG(s) 'example_display_name' retrieved from /home/airflow/.local/lib/python3.12/site-packages/airflow/example_dags/example_display_name.py
[2024-05-05T10:54:55.796+0000] {logging_mixin.py:188} INFO - [2024-05-05T10:54:55.796+0000] {dag.py:3096} INFO - Sync 1 DAGs
[2024-05-05T10:54:55.813+0000] {logging_mixin.py:188} INFO - [2024-05-05T10:54:55.813+0000] {dag.py:3954} INFO - Setting next_dagrun for example_display_name to None, run_after=None
[2024-05-05T10:54:55.841+0000] {processor.py:183} INFO - Processing /home/airflow/.local/lib/python3.12/site-packages/airflow/example_dags/example_display_name.py took 0.081 seconds
[2024-05-05T10:55:26.701+0000] {processor.py:161} INFO - Started process (PID=19495) to work on /home/airflow/.local/lib/python3.12/site-packages/airflow/example_dags/example_display_name.py
[2024-05-05T10:55:26.702+0000] {processor.py:830} INFO - Processing file /home/airflow/.local/lib/python3.12/site-packages/airflow/example_dags/example_display_name.py for tasks to queue
[2024-05-05T10:55:26.703+0000] {logging_mixin.py:188} INFO - [2024-05-05T10:55:26.703+0000] {dagbag.py:540} INFO - Filling up the DagBag from /home/airflow/.local/lib/python3.12/site-packages/airflow/example_dags/example_display_name.py
[2024-05-05T10:55:26.709+0000] {processor.py:840} INFO - DAG(s) 'example_display_name' retrieved from /home/airflow/.local/lib/python3.12/site-packages/airflow/example_dags/example_display_name.py
[2024-05-05T10:55:26.735+0000] {logging_mixin.py:188} INFO - [2024-05-05T10:55:26.735+0000] {dag.py:3096} INFO - Sync 1 DAGs
[2024-05-05T10:55:26.750+0000] {logging_mixin.py:188} INFO - [2024-05-05T10:55:26.750+0000] {dag.py:3954} INFO - Setting next_dagrun for example_display_name to None, run_after=None
[2024-05-05T10:55:26.776+0000] {processor.py:183} INFO - Processing /home/airflow/.local/lib/python3.12/site-packages/airflow/example_dags/example_display_name.py took 0.085 seconds
