[2024-05-05T10:19:24.869+0000] {processor.py:161} INFO - Started process (PID=313) to work on /home/airflow/.local/lib/python3.12/site-packages/airflow/example_dags/tutorial_dag.py
[2024-05-05T10:19:24.870+0000] {processor.py:830} INFO - Processing file /home/airflow/.local/lib/python3.12/site-packages/airflow/example_dags/tutorial_dag.py for tasks to queue
[2024-05-05T10:19:24.873+0000] {logging_mixin.py:188} INFO - [2024-05-05T10:19:24.872+0000] {dagbag.py:540} INFO - Filling up the DagBag from /home/airflow/.local/lib/python3.12/site-packages/airflow/example_dags/tutorial_dag.py
[2024-05-05T10:19:24.895+0000] {processor.py:840} INFO - DAG(s) 'tutorial_dag' retrieved from /home/airflow/.local/lib/python3.12/site-packages/airflow/example_dags/tutorial_dag.py
[2024-05-05T10:19:25.223+0000] {logging_mixin.py:188} INFO - [2024-05-05T10:19:25.222+0000] {override.py:1829} INFO - Created Permission View: can delete on DAG:tutorial_dag
[2024-05-05T10:19:25.244+0000] {logging_mixin.py:188} INFO - [2024-05-05T10:19:25.243+0000] {override.py:1829} INFO - Created Permission View: can edit on DAG:tutorial_dag
[2024-05-05T10:19:25.274+0000] {logging_mixin.py:188} INFO - [2024-05-05T10:19:25.274+0000] {override.py:1829} INFO - Created Permission View: can read on DAG:tutorial_dag
[2024-05-05T10:19:25.274+0000] {logging_mixin.py:188} INFO - [2024-05-05T10:19:25.274+0000] {dag.py:3096} INFO - Sync 1 DAGs
[2024-05-05T10:19:25.326+0000] {logging_mixin.py:188} INFO - [2024-05-05T10:19:25.326+0000] {dag.py:3118} INFO - Creating ORM DAG for tutorial_dag
[2024-05-05T10:19:25.337+0000] {logging_mixin.py:188} INFO - [2024-05-05T10:19:25.337+0000] {dag.py:3954} INFO - Setting next_dagrun for tutorial_dag to None, run_after=None
[2024-05-05T10:19:25.384+0000] {processor.py:183} INFO - Processing /home/airflow/.local/lib/python3.12/site-packages/airflow/example_dags/tutorial_dag.py took 0.528 seconds
[2024-05-05T10:19:56.108+0000] {processor.py:161} INFO - Started process (PID=577) to work on /home/airflow/.local/lib/python3.12/site-packages/airflow/example_dags/tutorial_dag.py
[2024-05-05T10:19:56.109+0000] {processor.py:830} INFO - Processing file /home/airflow/.local/lib/python3.12/site-packages/airflow/example_dags/tutorial_dag.py for tasks to queue
[2024-05-05T10:19:56.111+0000] {logging_mixin.py:188} INFO - [2024-05-05T10:19:56.111+0000] {dagbag.py:540} INFO - Filling up the DagBag from /home/airflow/.local/lib/python3.12/site-packages/airflow/example_dags/tutorial_dag.py
[2024-05-05T10:19:56.116+0000] {processor.py:840} INFO - DAG(s) 'tutorial_dag' retrieved from /home/airflow/.local/lib/python3.12/site-packages/airflow/example_dags/tutorial_dag.py
[2024-05-05T10:19:56.145+0000] {logging_mixin.py:188} INFO - [2024-05-05T10:19:56.144+0000] {dag.py:3096} INFO - Sync 1 DAGs
[2024-05-05T10:19:56.169+0000] {logging_mixin.py:188} INFO - [2024-05-05T10:19:56.169+0000] {dag.py:3954} INFO - Setting next_dagrun for tutorial_dag to None, run_after=None
[2024-05-05T10:19:56.194+0000] {processor.py:183} INFO - Processing /home/airflow/.local/lib/python3.12/site-packages/airflow/example_dags/tutorial_dag.py took 0.092 seconds
[2024-05-05T10:20:26.384+0000] {processor.py:161} INFO - Started process (PID=839) to work on /home/airflow/.local/lib/python3.12/site-packages/airflow/example_dags/tutorial_dag.py
[2024-05-05T10:20:26.385+0000] {processor.py:830} INFO - Processing file /home/airflow/.local/lib/python3.12/site-packages/airflow/example_dags/tutorial_dag.py for tasks to queue
[2024-05-05T10:20:26.386+0000] {logging_mixin.py:188} INFO - [2024-05-05T10:20:26.386+0000] {dagbag.py:540} INFO - Filling up the DagBag from /home/airflow/.local/lib/python3.12/site-packages/airflow/example_dags/tutorial_dag.py
[2024-05-05T10:20:26.392+0000] {processor.py:840} INFO - DAG(s) 'tutorial_dag' retrieved from /home/airflow/.local/lib/python3.12/site-packages/airflow/example_dags/tutorial_dag.py
[2024-05-05T10:20:26.418+0000] {logging_mixin.py:188} INFO - [2024-05-05T10:20:26.417+0000] {dag.py:3096} INFO - Sync 1 DAGs
[2024-05-05T10:20:26.433+0000] {logging_mixin.py:188} INFO - [2024-05-05T10:20:26.433+0000] {dag.py:3954} INFO - Setting next_dagrun for tutorial_dag to None, run_after=None
[2024-05-05T10:20:26.459+0000] {processor.py:183} INFO - Processing /home/airflow/.local/lib/python3.12/site-packages/airflow/example_dags/tutorial_dag.py took 0.082 seconds
[2024-05-05T10:20:56.498+0000] {processor.py:161} INFO - Started process (PID=1101) to work on /home/airflow/.local/lib/python3.12/site-packages/airflow/example_dags/tutorial_dag.py
[2024-05-05T10:20:56.499+0000] {processor.py:830} INFO - Processing file /home/airflow/.local/lib/python3.12/site-packages/airflow/example_dags/tutorial_dag.py for tasks to queue
[2024-05-05T10:20:56.500+0000] {logging_mixin.py:188} INFO - [2024-05-05T10:20:56.500+0000] {dagbag.py:540} INFO - Filling up the DagBag from /home/airflow/.local/lib/python3.12/site-packages/airflow/example_dags/tutorial_dag.py
[2024-05-05T10:20:56.504+0000] {processor.py:840} INFO - DAG(s) 'tutorial_dag' retrieved from /home/airflow/.local/lib/python3.12/site-packages/airflow/example_dags/tutorial_dag.py
[2024-05-05T10:20:56.522+0000] {logging_mixin.py:188} INFO - [2024-05-05T10:20:56.522+0000] {dag.py:3096} INFO - Sync 1 DAGs
[2024-05-05T10:20:56.534+0000] {logging_mixin.py:188} INFO - [2024-05-05T10:20:56.533+0000] {dag.py:3954} INFO - Setting next_dagrun for tutorial_dag to None, run_after=None
[2024-05-05T10:20:56.555+0000] {processor.py:183} INFO - Processing /home/airflow/.local/lib/python3.12/site-packages/airflow/example_dags/tutorial_dag.py took 0.062 seconds
[2024-05-05T10:21:26.945+0000] {processor.py:161} INFO - Started process (PID=1363) to work on /home/airflow/.local/lib/python3.12/site-packages/airflow/example_dags/tutorial_dag.py
[2024-05-05T10:21:26.945+0000] {processor.py:830} INFO - Processing file /home/airflow/.local/lib/python3.12/site-packages/airflow/example_dags/tutorial_dag.py for tasks to queue
[2024-05-05T10:21:26.947+0000] {logging_mixin.py:188} INFO - [2024-05-05T10:21:26.946+0000] {dagbag.py:540} INFO - Filling up the DagBag from /home/airflow/.local/lib/python3.12/site-packages/airflow/example_dags/tutorial_dag.py
[2024-05-05T10:21:26.951+0000] {processor.py:840} INFO - DAG(s) 'tutorial_dag' retrieved from /home/airflow/.local/lib/python3.12/site-packages/airflow/example_dags/tutorial_dag.py
[2024-05-05T10:21:26.966+0000] {logging_mixin.py:188} INFO - [2024-05-05T10:21:26.966+0000] {dag.py:3096} INFO - Sync 1 DAGs
[2024-05-05T10:21:26.976+0000] {logging_mixin.py:188} INFO - [2024-05-05T10:21:26.976+0000] {dag.py:3954} INFO - Setting next_dagrun for tutorial_dag to None, run_after=None
[2024-05-05T10:21:26.996+0000] {processor.py:183} INFO - Processing /home/airflow/.local/lib/python3.12/site-packages/airflow/example_dags/tutorial_dag.py took 0.056 seconds
[2024-05-05T10:21:57.766+0000] {processor.py:161} INFO - Started process (PID=1623) to work on /home/airflow/.local/lib/python3.12/site-packages/airflow/example_dags/tutorial_dag.py
[2024-05-05T10:21:57.781+0000] {processor.py:830} INFO - Processing file /home/airflow/.local/lib/python3.12/site-packages/airflow/example_dags/tutorial_dag.py for tasks to queue
[2024-05-05T10:21:57.792+0000] {logging_mixin.py:188} INFO - [2024-05-05T10:21:57.792+0000] {dagbag.py:540} INFO - Filling up the DagBag from /home/airflow/.local/lib/python3.12/site-packages/airflow/example_dags/tutorial_dag.py
[2024-05-05T10:21:57.798+0000] {processor.py:840} INFO - DAG(s) 'tutorial_dag' retrieved from /home/airflow/.local/lib/python3.12/site-packages/airflow/example_dags/tutorial_dag.py
[2024-05-05T10:21:57.825+0000] {logging_mixin.py:188} INFO - [2024-05-05T10:21:57.824+0000] {dag.py:3096} INFO - Sync 1 DAGs
[2024-05-05T10:21:57.843+0000] {logging_mixin.py:188} INFO - [2024-05-05T10:21:57.843+0000] {dag.py:3954} INFO - Setting next_dagrun for tutorial_dag to None, run_after=None
[2024-05-05T10:21:57.879+0000] {processor.py:183} INFO - Processing /home/airflow/.local/lib/python3.12/site-packages/airflow/example_dags/tutorial_dag.py took 0.146 seconds
[2024-05-05T10:22:28.531+0000] {processor.py:161} INFO - Started process (PID=1886) to work on /home/airflow/.local/lib/python3.12/site-packages/airflow/example_dags/tutorial_dag.py
[2024-05-05T10:22:28.531+0000] {processor.py:830} INFO - Processing file /home/airflow/.local/lib/python3.12/site-packages/airflow/example_dags/tutorial_dag.py for tasks to queue
[2024-05-05T10:22:28.533+0000] {logging_mixin.py:188} INFO - [2024-05-05T10:22:28.533+0000] {dagbag.py:540} INFO - Filling up the DagBag from /home/airflow/.local/lib/python3.12/site-packages/airflow/example_dags/tutorial_dag.py
[2024-05-05T10:22:28.538+0000] {processor.py:840} INFO - DAG(s) 'tutorial_dag' retrieved from /home/airflow/.local/lib/python3.12/site-packages/airflow/example_dags/tutorial_dag.py
[2024-05-05T10:22:28.560+0000] {logging_mixin.py:188} INFO - [2024-05-05T10:22:28.560+0000] {dag.py:3096} INFO - Sync 1 DAGs
[2024-05-05T10:22:28.575+0000] {logging_mixin.py:188} INFO - [2024-05-05T10:22:28.575+0000] {dag.py:3954} INFO - Setting next_dagrun for tutorial_dag to None, run_after=None
[2024-05-05T10:22:28.606+0000] {processor.py:183} INFO - Processing /home/airflow/.local/lib/python3.12/site-packages/airflow/example_dags/tutorial_dag.py took 0.082 seconds
[2024-05-05T10:22:59.889+0000] {processor.py:161} INFO - Started process (PID=2249) to work on /home/airflow/.local/lib/python3.12/site-packages/airflow/example_dags/tutorial_dag.py
[2024-05-05T10:22:59.906+0000] {processor.py:830} INFO - Processing file /home/airflow/.local/lib/python3.12/site-packages/airflow/example_dags/tutorial_dag.py for tasks to queue
[2024-05-05T10:22:59.909+0000] {logging_mixin.py:188} INFO - [2024-05-05T10:22:59.909+0000] {dagbag.py:540} INFO - Filling up the DagBag from /home/airflow/.local/lib/python3.12/site-packages/airflow/example_dags/tutorial_dag.py
[2024-05-05T10:22:59.931+0000] {processor.py:840} INFO - DAG(s) 'tutorial_dag' retrieved from /home/airflow/.local/lib/python3.12/site-packages/airflow/example_dags/tutorial_dag.py
[2024-05-05T10:22:59.962+0000] {logging_mixin.py:188} INFO - [2024-05-05T10:22:59.962+0000] {dag.py:3096} INFO - Sync 1 DAGs
[2024-05-05T10:22:59.986+0000] {logging_mixin.py:188} INFO - [2024-05-05T10:22:59.986+0000] {dag.py:3954} INFO - Setting next_dagrun for tutorial_dag to None, run_after=None
[2024-05-05T10:23:00.035+0000] {processor.py:183} INFO - Processing /home/airflow/.local/lib/python3.12/site-packages/airflow/example_dags/tutorial_dag.py took 0.153 seconds
[2024-05-05T10:23:30.129+0000] {processor.py:161} INFO - Started process (PID=2554) to work on /home/airflow/.local/lib/python3.12/site-packages/airflow/example_dags/tutorial_dag.py
[2024-05-05T10:23:30.130+0000] {processor.py:830} INFO - Processing file /home/airflow/.local/lib/python3.12/site-packages/airflow/example_dags/tutorial_dag.py for tasks to queue
[2024-05-05T10:23:30.131+0000] {logging_mixin.py:188} INFO - [2024-05-05T10:23:30.131+0000] {dagbag.py:540} INFO - Filling up the DagBag from /home/airflow/.local/lib/python3.12/site-packages/airflow/example_dags/tutorial_dag.py
[2024-05-05T10:23:30.135+0000] {processor.py:840} INFO - DAG(s) 'tutorial_dag' retrieved from /home/airflow/.local/lib/python3.12/site-packages/airflow/example_dags/tutorial_dag.py
[2024-05-05T10:23:30.151+0000] {logging_mixin.py:188} INFO - [2024-05-05T10:23:30.151+0000] {dag.py:3096} INFO - Sync 1 DAGs
[2024-05-05T10:23:30.162+0000] {logging_mixin.py:188} INFO - [2024-05-05T10:23:30.162+0000] {dag.py:3954} INFO - Setting next_dagrun for tutorial_dag to None, run_after=None
[2024-05-05T10:23:30.191+0000] {processor.py:183} INFO - Processing /home/airflow/.local/lib/python3.12/site-packages/airflow/example_dags/tutorial_dag.py took 0.066 seconds
[2024-05-05T10:24:00.592+0000] {processor.py:161} INFO - Started process (PID=2816) to work on /home/airflow/.local/lib/python3.12/site-packages/airflow/example_dags/tutorial_dag.py
[2024-05-05T10:24:00.593+0000] {processor.py:830} INFO - Processing file /home/airflow/.local/lib/python3.12/site-packages/airflow/example_dags/tutorial_dag.py for tasks to queue
[2024-05-05T10:24:00.594+0000] {logging_mixin.py:188} INFO - [2024-05-05T10:24:00.594+0000] {dagbag.py:540} INFO - Filling up the DagBag from /home/airflow/.local/lib/python3.12/site-packages/airflow/example_dags/tutorial_dag.py
[2024-05-05T10:24:00.600+0000] {processor.py:840} INFO - DAG(s) 'tutorial_dag' retrieved from /home/airflow/.local/lib/python3.12/site-packages/airflow/example_dags/tutorial_dag.py
[2024-05-05T10:24:00.615+0000] {logging_mixin.py:188} INFO - [2024-05-05T10:24:00.615+0000] {dag.py:3096} INFO - Sync 1 DAGs
[2024-05-05T10:24:00.626+0000] {logging_mixin.py:188} INFO - [2024-05-05T10:24:00.625+0000] {dag.py:3954} INFO - Setting next_dagrun for tutorial_dag to None, run_after=None
[2024-05-05T10:24:00.646+0000] {processor.py:183} INFO - Processing /home/airflow/.local/lib/python3.12/site-packages/airflow/example_dags/tutorial_dag.py took 0.058 seconds
[2024-05-05T10:24:31.378+0000] {processor.py:161} INFO - Started process (PID=3081) to work on /home/airflow/.local/lib/python3.12/site-packages/airflow/example_dags/tutorial_dag.py
[2024-05-05T10:24:31.381+0000] {processor.py:830} INFO - Processing file /home/airflow/.local/lib/python3.12/site-packages/airflow/example_dags/tutorial_dag.py for tasks to queue
[2024-05-05T10:24:31.383+0000] {logging_mixin.py:188} INFO - [2024-05-05T10:24:31.382+0000] {dagbag.py:540} INFO - Filling up the DagBag from /home/airflow/.local/lib/python3.12/site-packages/airflow/example_dags/tutorial_dag.py
[2024-05-05T10:24:31.394+0000] {processor.py:840} INFO - DAG(s) 'tutorial_dag' retrieved from /home/airflow/.local/lib/python3.12/site-packages/airflow/example_dags/tutorial_dag.py
[2024-05-05T10:24:31.423+0000] {logging_mixin.py:188} INFO - [2024-05-05T10:24:31.422+0000] {dag.py:3096} INFO - Sync 1 DAGs
[2024-05-05T10:24:31.437+0000] {logging_mixin.py:188} INFO - [2024-05-05T10:24:31.437+0000] {dag.py:3954} INFO - Setting next_dagrun for tutorial_dag to None, run_after=None
[2024-05-05T10:24:31.458+0000] {processor.py:183} INFO - Processing /home/airflow/.local/lib/python3.12/site-packages/airflow/example_dags/tutorial_dag.py took 0.096 seconds
[2024-05-05T10:25:01.872+0000] {processor.py:161} INFO - Started process (PID=3345) to work on /home/airflow/.local/lib/python3.12/site-packages/airflow/example_dags/tutorial_dag.py
[2024-05-05T10:25:01.872+0000] {processor.py:830} INFO - Processing file /home/airflow/.local/lib/python3.12/site-packages/airflow/example_dags/tutorial_dag.py for tasks to queue
[2024-05-05T10:25:01.876+0000] {logging_mixin.py:188} INFO - [2024-05-05T10:25:01.875+0000] {dagbag.py:540} INFO - Filling up the DagBag from /home/airflow/.local/lib/python3.12/site-packages/airflow/example_dags/tutorial_dag.py
[2024-05-05T10:25:01.882+0000] {processor.py:840} INFO - DAG(s) 'tutorial_dag' retrieved from /home/airflow/.local/lib/python3.12/site-packages/airflow/example_dags/tutorial_dag.py
[2024-05-05T10:25:01.904+0000] {logging_mixin.py:188} INFO - [2024-05-05T10:25:01.904+0000] {dag.py:3096} INFO - Sync 1 DAGs
[2024-05-05T10:25:01.918+0000] {logging_mixin.py:188} INFO - [2024-05-05T10:25:01.918+0000] {dag.py:3954} INFO - Setting next_dagrun for tutorial_dag to None, run_after=None
[2024-05-05T10:25:01.941+0000] {processor.py:183} INFO - Processing /home/airflow/.local/lib/python3.12/site-packages/airflow/example_dags/tutorial_dag.py took 0.076 seconds
[2024-05-05T10:25:32.307+0000] {processor.py:161} INFO - Started process (PID=3607) to work on /home/airflow/.local/lib/python3.12/site-packages/airflow/example_dags/tutorial_dag.py
[2024-05-05T10:25:32.308+0000] {processor.py:830} INFO - Processing file /home/airflow/.local/lib/python3.12/site-packages/airflow/example_dags/tutorial_dag.py for tasks to queue
[2024-05-05T10:25:32.309+0000] {logging_mixin.py:188} INFO - [2024-05-05T10:25:32.309+0000] {dagbag.py:540} INFO - Filling up the DagBag from /home/airflow/.local/lib/python3.12/site-packages/airflow/example_dags/tutorial_dag.py
[2024-05-05T10:25:32.315+0000] {processor.py:840} INFO - DAG(s) 'tutorial_dag' retrieved from /home/airflow/.local/lib/python3.12/site-packages/airflow/example_dags/tutorial_dag.py
[2024-05-05T10:25:32.335+0000] {logging_mixin.py:188} INFO - [2024-05-05T10:25:32.335+0000] {dag.py:3096} INFO - Sync 1 DAGs
[2024-05-05T10:25:32.349+0000] {logging_mixin.py:188} INFO - [2024-05-05T10:25:32.349+0000] {dag.py:3954} INFO - Setting next_dagrun for tutorial_dag to None, run_after=None
[2024-05-05T10:25:32.376+0000] {processor.py:183} INFO - Processing /home/airflow/.local/lib/python3.12/site-packages/airflow/example_dags/tutorial_dag.py took 0.076 seconds
[2024-05-05T10:26:02.630+0000] {processor.py:161} INFO - Started process (PID=3869) to work on /home/airflow/.local/lib/python3.12/site-packages/airflow/example_dags/tutorial_dag.py
[2024-05-05T10:26:02.630+0000] {processor.py:830} INFO - Processing file /home/airflow/.local/lib/python3.12/site-packages/airflow/example_dags/tutorial_dag.py for tasks to queue
[2024-05-05T10:26:02.632+0000] {logging_mixin.py:188} INFO - [2024-05-05T10:26:02.632+0000] {dagbag.py:540} INFO - Filling up the DagBag from /home/airflow/.local/lib/python3.12/site-packages/airflow/example_dags/tutorial_dag.py
[2024-05-05T10:26:02.637+0000] {processor.py:840} INFO - DAG(s) 'tutorial_dag' retrieved from /home/airflow/.local/lib/python3.12/site-packages/airflow/example_dags/tutorial_dag.py
[2024-05-05T10:26:02.656+0000] {logging_mixin.py:188} INFO - [2024-05-05T10:26:02.656+0000] {dag.py:3096} INFO - Sync 1 DAGs
[2024-05-05T10:26:02.666+0000] {logging_mixin.py:188} INFO - [2024-05-05T10:26:02.666+0000] {dag.py:3954} INFO - Setting next_dagrun for tutorial_dag to None, run_after=None
[2024-05-05T10:26:02.688+0000] {processor.py:183} INFO - Processing /home/airflow/.local/lib/python3.12/site-packages/airflow/example_dags/tutorial_dag.py took 0.065 seconds
[2024-05-05T10:26:33.191+0000] {processor.py:161} INFO - Started process (PID=4134) to work on /home/airflow/.local/lib/python3.12/site-packages/airflow/example_dags/tutorial_dag.py
[2024-05-05T10:26:33.192+0000] {processor.py:830} INFO - Processing file /home/airflow/.local/lib/python3.12/site-packages/airflow/example_dags/tutorial_dag.py for tasks to queue
[2024-05-05T10:26:33.193+0000] {logging_mixin.py:188} INFO - [2024-05-05T10:26:33.193+0000] {dagbag.py:540} INFO - Filling up the DagBag from /home/airflow/.local/lib/python3.12/site-packages/airflow/example_dags/tutorial_dag.py
[2024-05-05T10:26:33.197+0000] {processor.py:840} INFO - DAG(s) 'tutorial_dag' retrieved from /home/airflow/.local/lib/python3.12/site-packages/airflow/example_dags/tutorial_dag.py
[2024-05-05T10:26:33.215+0000] {logging_mixin.py:188} INFO - [2024-05-05T10:26:33.215+0000] {dag.py:3096} INFO - Sync 1 DAGs
[2024-05-05T10:26:33.225+0000] {logging_mixin.py:188} INFO - [2024-05-05T10:26:33.225+0000] {dag.py:3954} INFO - Setting next_dagrun for tutorial_dag to None, run_after=None
[2024-05-05T10:26:33.245+0000] {processor.py:183} INFO - Processing /home/airflow/.local/lib/python3.12/site-packages/airflow/example_dags/tutorial_dag.py took 0.060 seconds
[2024-05-05T10:27:03.595+0000] {processor.py:161} INFO - Started process (PID=4396) to work on /home/airflow/.local/lib/python3.12/site-packages/airflow/example_dags/tutorial_dag.py
[2024-05-05T10:27:03.595+0000] {processor.py:830} INFO - Processing file /home/airflow/.local/lib/python3.12/site-packages/airflow/example_dags/tutorial_dag.py for tasks to queue
[2024-05-05T10:27:03.596+0000] {logging_mixin.py:188} INFO - [2024-05-05T10:27:03.596+0000] {dagbag.py:540} INFO - Filling up the DagBag from /home/airflow/.local/lib/python3.12/site-packages/airflow/example_dags/tutorial_dag.py
[2024-05-05T10:27:03.600+0000] {processor.py:840} INFO - DAG(s) 'tutorial_dag' retrieved from /home/airflow/.local/lib/python3.12/site-packages/airflow/example_dags/tutorial_dag.py
[2024-05-05T10:27:03.616+0000] {logging_mixin.py:188} INFO - [2024-05-05T10:27:03.616+0000] {dag.py:3096} INFO - Sync 1 DAGs
[2024-05-05T10:27:03.626+0000] {logging_mixin.py:188} INFO - [2024-05-05T10:27:03.626+0000] {dag.py:3954} INFO - Setting next_dagrun for tutorial_dag to None, run_after=None
[2024-05-05T10:27:03.647+0000] {processor.py:183} INFO - Processing /home/airflow/.local/lib/python3.12/site-packages/airflow/example_dags/tutorial_dag.py took 0.057 seconds
[2024-05-05T10:27:33.953+0000] {processor.py:161} INFO - Started process (PID=4656) to work on /home/airflow/.local/lib/python3.12/site-packages/airflow/example_dags/tutorial_dag.py
[2024-05-05T10:27:33.954+0000] {processor.py:830} INFO - Processing file /home/airflow/.local/lib/python3.12/site-packages/airflow/example_dags/tutorial_dag.py for tasks to queue
[2024-05-05T10:27:33.956+0000] {logging_mixin.py:188} INFO - [2024-05-05T10:27:33.955+0000] {dagbag.py:540} INFO - Filling up the DagBag from /home/airflow/.local/lib/python3.12/site-packages/airflow/example_dags/tutorial_dag.py
[2024-05-05T10:27:33.961+0000] {processor.py:840} INFO - DAG(s) 'tutorial_dag' retrieved from /home/airflow/.local/lib/python3.12/site-packages/airflow/example_dags/tutorial_dag.py
[2024-05-05T10:27:33.983+0000] {logging_mixin.py:188} INFO - [2024-05-05T10:27:33.983+0000] {dag.py:3096} INFO - Sync 1 DAGs
[2024-05-05T10:27:33.999+0000] {logging_mixin.py:188} INFO - [2024-05-05T10:27:33.998+0000] {dag.py:3954} INFO - Setting next_dagrun for tutorial_dag to None, run_after=None
[2024-05-05T10:27:34.024+0000] {processor.py:183} INFO - Processing /home/airflow/.local/lib/python3.12/site-packages/airflow/example_dags/tutorial_dag.py took 0.078 seconds
[2024-05-05T10:28:04.563+0000] {processor.py:161} INFO - Started process (PID=4919) to work on /home/airflow/.local/lib/python3.12/site-packages/airflow/example_dags/tutorial_dag.py
[2024-05-05T10:28:04.564+0000] {processor.py:830} INFO - Processing file /home/airflow/.local/lib/python3.12/site-packages/airflow/example_dags/tutorial_dag.py for tasks to queue
[2024-05-05T10:28:04.566+0000] {logging_mixin.py:188} INFO - [2024-05-05T10:28:04.565+0000] {dagbag.py:540} INFO - Filling up the DagBag from /home/airflow/.local/lib/python3.12/site-packages/airflow/example_dags/tutorial_dag.py
[2024-05-05T10:28:04.570+0000] {processor.py:840} INFO - DAG(s) 'tutorial_dag' retrieved from /home/airflow/.local/lib/python3.12/site-packages/airflow/example_dags/tutorial_dag.py
[2024-05-05T10:28:04.593+0000] {logging_mixin.py:188} INFO - [2024-05-05T10:28:04.592+0000] {dag.py:3096} INFO - Sync 1 DAGs
[2024-05-05T10:28:04.605+0000] {logging_mixin.py:188} INFO - [2024-05-05T10:28:04.605+0000] {dag.py:3954} INFO - Setting next_dagrun for tutorial_dag to None, run_after=None
[2024-05-05T10:28:04.627+0000] {processor.py:183} INFO - Processing /home/airflow/.local/lib/python3.12/site-packages/airflow/example_dags/tutorial_dag.py took 0.074 seconds
[2024-05-05T10:28:34.760+0000] {processor.py:161} INFO - Started process (PID=5183) to work on /home/airflow/.local/lib/python3.12/site-packages/airflow/example_dags/tutorial_dag.py
[2024-05-05T10:28:34.761+0000] {processor.py:830} INFO - Processing file /home/airflow/.local/lib/python3.12/site-packages/airflow/example_dags/tutorial_dag.py for tasks to queue
[2024-05-05T10:28:34.762+0000] {logging_mixin.py:188} INFO - [2024-05-05T10:28:34.762+0000] {dagbag.py:540} INFO - Filling up the DagBag from /home/airflow/.local/lib/python3.12/site-packages/airflow/example_dags/tutorial_dag.py
[2024-05-05T10:28:34.766+0000] {processor.py:840} INFO - DAG(s) 'tutorial_dag' retrieved from /home/airflow/.local/lib/python3.12/site-packages/airflow/example_dags/tutorial_dag.py
[2024-05-05T10:28:34.781+0000] {logging_mixin.py:188} INFO - [2024-05-05T10:28:34.781+0000] {dag.py:3096} INFO - Sync 1 DAGs
[2024-05-05T10:28:34.791+0000] {logging_mixin.py:188} INFO - [2024-05-05T10:28:34.791+0000] {dag.py:3954} INFO - Setting next_dagrun for tutorial_dag to None, run_after=None
[2024-05-05T10:28:34.812+0000] {processor.py:183} INFO - Processing /home/airflow/.local/lib/python3.12/site-packages/airflow/example_dags/tutorial_dag.py took 0.057 seconds
[2024-05-05T10:29:05.889+0000] {processor.py:161} INFO - Started process (PID=5443) to work on /home/airflow/.local/lib/python3.12/site-packages/airflow/example_dags/tutorial_dag.py
[2024-05-05T10:29:05.890+0000] {processor.py:830} INFO - Processing file /home/airflow/.local/lib/python3.12/site-packages/airflow/example_dags/tutorial_dag.py for tasks to queue
[2024-05-05T10:29:05.891+0000] {logging_mixin.py:188} INFO - [2024-05-05T10:29:05.891+0000] {dagbag.py:540} INFO - Filling up the DagBag from /home/airflow/.local/lib/python3.12/site-packages/airflow/example_dags/tutorial_dag.py
[2024-05-05T10:29:05.897+0000] {processor.py:840} INFO - DAG(s) 'tutorial_dag' retrieved from /home/airflow/.local/lib/python3.12/site-packages/airflow/example_dags/tutorial_dag.py
[2024-05-05T10:29:05.919+0000] {logging_mixin.py:188} INFO - [2024-05-05T10:29:05.918+0000] {dag.py:3096} INFO - Sync 1 DAGs
[2024-05-05T10:29:05.937+0000] {logging_mixin.py:188} INFO - [2024-05-05T10:29:05.936+0000] {dag.py:3954} INFO - Setting next_dagrun for tutorial_dag to None, run_after=None
[2024-05-05T10:29:05.965+0000] {processor.py:183} INFO - Processing /home/airflow/.local/lib/python3.12/site-packages/airflow/example_dags/tutorial_dag.py took 0.083 seconds
[2024-05-05T10:29:37.020+0000] {processor.py:161} INFO - Started process (PID=5710) to work on /home/airflow/.local/lib/python3.12/site-packages/airflow/example_dags/tutorial_dag.py
[2024-05-05T10:29:37.021+0000] {processor.py:830} INFO - Processing file /home/airflow/.local/lib/python3.12/site-packages/airflow/example_dags/tutorial_dag.py for tasks to queue
[2024-05-05T10:29:37.022+0000] {logging_mixin.py:188} INFO - [2024-05-05T10:29:37.022+0000] {dagbag.py:540} INFO - Filling up the DagBag from /home/airflow/.local/lib/python3.12/site-packages/airflow/example_dags/tutorial_dag.py
[2024-05-05T10:29:37.028+0000] {processor.py:840} INFO - DAG(s) 'tutorial_dag' retrieved from /home/airflow/.local/lib/python3.12/site-packages/airflow/example_dags/tutorial_dag.py
[2024-05-05T10:29:37.051+0000] {logging_mixin.py:188} INFO - [2024-05-05T10:29:37.050+0000] {dag.py:3096} INFO - Sync 1 DAGs
[2024-05-05T10:29:37.066+0000] {logging_mixin.py:188} INFO - [2024-05-05T10:29:37.066+0000] {dag.py:3954} INFO - Setting next_dagrun for tutorial_dag to None, run_after=None
[2024-05-05T10:29:37.092+0000] {processor.py:183} INFO - Processing /home/airflow/.local/lib/python3.12/site-packages/airflow/example_dags/tutorial_dag.py took 0.079 seconds
[2024-05-05T10:30:07.819+0000] {processor.py:161} INFO - Started process (PID=5986) to work on /home/airflow/.local/lib/python3.12/site-packages/airflow/example_dags/tutorial_dag.py
[2024-05-05T10:30:07.820+0000] {processor.py:830} INFO - Processing file /home/airflow/.local/lib/python3.12/site-packages/airflow/example_dags/tutorial_dag.py for tasks to queue
[2024-05-05T10:30:07.821+0000] {logging_mixin.py:188} INFO - [2024-05-05T10:30:07.821+0000] {dagbag.py:540} INFO - Filling up the DagBag from /home/airflow/.local/lib/python3.12/site-packages/airflow/example_dags/tutorial_dag.py
[2024-05-05T10:30:07.827+0000] {processor.py:840} INFO - DAG(s) 'tutorial_dag' retrieved from /home/airflow/.local/lib/python3.12/site-packages/airflow/example_dags/tutorial_dag.py
[2024-05-05T10:30:07.849+0000] {logging_mixin.py:188} INFO - [2024-05-05T10:30:07.849+0000] {dag.py:3096} INFO - Sync 1 DAGs
[2024-05-05T10:30:07.867+0000] {logging_mixin.py:188} INFO - [2024-05-05T10:30:07.867+0000] {dag.py:3954} INFO - Setting next_dagrun for tutorial_dag to None, run_after=None
[2024-05-05T10:30:07.894+0000] {processor.py:183} INFO - Processing /home/airflow/.local/lib/python3.12/site-packages/airflow/example_dags/tutorial_dag.py took 0.082 seconds
[2024-05-05T10:30:38.682+0000] {processor.py:161} INFO - Started process (PID=6255) to work on /home/airflow/.local/lib/python3.12/site-packages/airflow/example_dags/tutorial_dag.py
[2024-05-05T10:30:38.683+0000] {processor.py:830} INFO - Processing file /home/airflow/.local/lib/python3.12/site-packages/airflow/example_dags/tutorial_dag.py for tasks to queue
[2024-05-05T10:30:38.684+0000] {logging_mixin.py:188} INFO - [2024-05-05T10:30:38.684+0000] {dagbag.py:540} INFO - Filling up the DagBag from /home/airflow/.local/lib/python3.12/site-packages/airflow/example_dags/tutorial_dag.py
[2024-05-05T10:30:38.689+0000] {processor.py:840} INFO - DAG(s) 'tutorial_dag' retrieved from /home/airflow/.local/lib/python3.12/site-packages/airflow/example_dags/tutorial_dag.py
[2024-05-05T10:30:38.707+0000] {logging_mixin.py:188} INFO - [2024-05-05T10:30:38.707+0000] {dag.py:3096} INFO - Sync 1 DAGs
[2024-05-05T10:30:38.717+0000] {logging_mixin.py:188} INFO - [2024-05-05T10:30:38.717+0000] {dag.py:3954} INFO - Setting next_dagrun for tutorial_dag to None, run_after=None
[2024-05-05T10:30:38.738+0000] {processor.py:183} INFO - Processing /home/airflow/.local/lib/python3.12/site-packages/airflow/example_dags/tutorial_dag.py took 0.061 seconds
[2024-05-05T10:31:09.151+0000] {processor.py:161} INFO - Started process (PID=6520) to work on /home/airflow/.local/lib/python3.12/site-packages/airflow/example_dags/tutorial_dag.py
[2024-05-05T10:31:09.152+0000] {processor.py:830} INFO - Processing file /home/airflow/.local/lib/python3.12/site-packages/airflow/example_dags/tutorial_dag.py for tasks to queue
[2024-05-05T10:31:09.154+0000] {logging_mixin.py:188} INFO - [2024-05-05T10:31:09.153+0000] {dagbag.py:540} INFO - Filling up the DagBag from /home/airflow/.local/lib/python3.12/site-packages/airflow/example_dags/tutorial_dag.py
[2024-05-05T10:31:09.159+0000] {processor.py:840} INFO - DAG(s) 'tutorial_dag' retrieved from /home/airflow/.local/lib/python3.12/site-packages/airflow/example_dags/tutorial_dag.py
[2024-05-05T10:31:09.181+0000] {logging_mixin.py:188} INFO - [2024-05-05T10:31:09.181+0000] {dag.py:3096} INFO - Sync 1 DAGs
[2024-05-05T10:31:09.197+0000] {logging_mixin.py:188} INFO - [2024-05-05T10:31:09.197+0000] {dag.py:3954} INFO - Setting next_dagrun for tutorial_dag to None, run_after=None
[2024-05-05T10:31:09.225+0000] {processor.py:183} INFO - Processing /home/airflow/.local/lib/python3.12/site-packages/airflow/example_dags/tutorial_dag.py took 0.081 seconds
[2024-05-05T10:31:40.459+0000] {processor.py:161} INFO - Started process (PID=6787) to work on /home/airflow/.local/lib/python3.12/site-packages/airflow/example_dags/tutorial_dag.py
[2024-05-05T10:31:40.460+0000] {processor.py:830} INFO - Processing file /home/airflow/.local/lib/python3.12/site-packages/airflow/example_dags/tutorial_dag.py for tasks to queue
[2024-05-05T10:31:40.462+0000] {logging_mixin.py:188} INFO - [2024-05-05T10:31:40.461+0000] {dagbag.py:540} INFO - Filling up the DagBag from /home/airflow/.local/lib/python3.12/site-packages/airflow/example_dags/tutorial_dag.py
[2024-05-05T10:31:40.467+0000] {processor.py:840} INFO - DAG(s) 'tutorial_dag' retrieved from /home/airflow/.local/lib/python3.12/site-packages/airflow/example_dags/tutorial_dag.py
[2024-05-05T10:31:40.489+0000] {logging_mixin.py:188} INFO - [2024-05-05T10:31:40.489+0000] {dag.py:3096} INFO - Sync 1 DAGs
[2024-05-05T10:31:40.504+0000] {logging_mixin.py:188} INFO - [2024-05-05T10:31:40.504+0000] {dag.py:3954} INFO - Setting next_dagrun for tutorial_dag to None, run_after=None
[2024-05-05T10:31:40.684+0000] {processor.py:183} INFO - Processing /home/airflow/.local/lib/python3.12/site-packages/airflow/example_dags/tutorial_dag.py took 0.232 seconds
[2024-05-05T10:32:11.484+0000] {processor.py:161} INFO - Started process (PID=7055) to work on /home/airflow/.local/lib/python3.12/site-packages/airflow/example_dags/tutorial_dag.py
[2024-05-05T10:32:11.485+0000] {processor.py:830} INFO - Processing file /home/airflow/.local/lib/python3.12/site-packages/airflow/example_dags/tutorial_dag.py for tasks to queue
[2024-05-05T10:32:11.487+0000] {logging_mixin.py:188} INFO - [2024-05-05T10:32:11.486+0000] {dagbag.py:540} INFO - Filling up the DagBag from /home/airflow/.local/lib/python3.12/site-packages/airflow/example_dags/tutorial_dag.py
[2024-05-05T10:32:11.493+0000] {processor.py:840} INFO - DAG(s) 'tutorial_dag' retrieved from /home/airflow/.local/lib/python3.12/site-packages/airflow/example_dags/tutorial_dag.py
[2024-05-05T10:32:11.554+0000] {logging_mixin.py:188} INFO - [2024-05-05T10:32:11.553+0000] {dag.py:3096} INFO - Sync 1 DAGs
[2024-05-05T10:32:11.582+0000] {logging_mixin.py:188} INFO - [2024-05-05T10:32:11.582+0000] {dag.py:3954} INFO - Setting next_dagrun for tutorial_dag to None, run_after=None
[2024-05-05T10:32:11.605+0000] {processor.py:183} INFO - Processing /home/airflow/.local/lib/python3.12/site-packages/airflow/example_dags/tutorial_dag.py took 0.128 seconds
[2024-05-05T10:32:42.078+0000] {processor.py:161} INFO - Started process (PID=7323) to work on /home/airflow/.local/lib/python3.12/site-packages/airflow/example_dags/tutorial_dag.py
[2024-05-05T10:32:42.079+0000] {processor.py:830} INFO - Processing file /home/airflow/.local/lib/python3.12/site-packages/airflow/example_dags/tutorial_dag.py for tasks to queue
[2024-05-05T10:32:42.081+0000] {logging_mixin.py:188} INFO - [2024-05-05T10:32:42.080+0000] {dagbag.py:540} INFO - Filling up the DagBag from /home/airflow/.local/lib/python3.12/site-packages/airflow/example_dags/tutorial_dag.py
[2024-05-05T10:32:42.086+0000] {processor.py:840} INFO - DAG(s) 'tutorial_dag' retrieved from /home/airflow/.local/lib/python3.12/site-packages/airflow/example_dags/tutorial_dag.py
[2024-05-05T10:32:42.109+0000] {logging_mixin.py:188} INFO - [2024-05-05T10:32:42.109+0000] {dag.py:3096} INFO - Sync 1 DAGs
[2024-05-05T10:32:42.125+0000] {logging_mixin.py:188} INFO - [2024-05-05T10:32:42.124+0000] {dag.py:3954} INFO - Setting next_dagrun for tutorial_dag to None, run_after=None
[2024-05-05T10:32:42.149+0000] {processor.py:183} INFO - Processing /home/airflow/.local/lib/python3.12/site-packages/airflow/example_dags/tutorial_dag.py took 0.078 seconds
[2024-05-05T10:33:13.145+0000] {processor.py:161} INFO - Started process (PID=7591) to work on /home/airflow/.local/lib/python3.12/site-packages/airflow/example_dags/tutorial_dag.py
[2024-05-05T10:33:13.145+0000] {processor.py:830} INFO - Processing file /home/airflow/.local/lib/python3.12/site-packages/airflow/example_dags/tutorial_dag.py for tasks to queue
[2024-05-05T10:33:13.147+0000] {logging_mixin.py:188} INFO - [2024-05-05T10:33:13.147+0000] {dagbag.py:540} INFO - Filling up the DagBag from /home/airflow/.local/lib/python3.12/site-packages/airflow/example_dags/tutorial_dag.py
[2024-05-05T10:33:13.153+0000] {processor.py:840} INFO - DAG(s) 'tutorial_dag' retrieved from /home/airflow/.local/lib/python3.12/site-packages/airflow/example_dags/tutorial_dag.py
[2024-05-05T10:33:13.176+0000] {logging_mixin.py:188} INFO - [2024-05-05T10:33:13.175+0000] {dag.py:3096} INFO - Sync 1 DAGs
[2024-05-05T10:33:13.191+0000] {logging_mixin.py:188} INFO - [2024-05-05T10:33:13.190+0000] {dag.py:3954} INFO - Setting next_dagrun for tutorial_dag to None, run_after=None
[2024-05-05T10:33:13.214+0000] {processor.py:183} INFO - Processing /home/airflow/.local/lib/python3.12/site-packages/airflow/example_dags/tutorial_dag.py took 0.076 seconds
[2024-05-05T10:33:43.830+0000] {processor.py:161} INFO - Started process (PID=7858) to work on /home/airflow/.local/lib/python3.12/site-packages/airflow/example_dags/tutorial_dag.py
[2024-05-05T10:33:43.831+0000] {processor.py:830} INFO - Processing file /home/airflow/.local/lib/python3.12/site-packages/airflow/example_dags/tutorial_dag.py for tasks to queue
[2024-05-05T10:33:43.833+0000] {logging_mixin.py:188} INFO - [2024-05-05T10:33:43.832+0000] {dagbag.py:540} INFO - Filling up the DagBag from /home/airflow/.local/lib/python3.12/site-packages/airflow/example_dags/tutorial_dag.py
[2024-05-05T10:33:43.840+0000] {processor.py:840} INFO - DAG(s) 'tutorial_dag' retrieved from /home/airflow/.local/lib/python3.12/site-packages/airflow/example_dags/tutorial_dag.py
[2024-05-05T10:33:44.031+0000] {logging_mixin.py:188} INFO - [2024-05-05T10:33:44.030+0000] {dag.py:3096} INFO - Sync 1 DAGs
[2024-05-05T10:33:44.044+0000] {logging_mixin.py:188} INFO - [2024-05-05T10:33:44.044+0000] {dag.py:3954} INFO - Setting next_dagrun for tutorial_dag to None, run_after=None
[2024-05-05T10:33:44.072+0000] {processor.py:183} INFO - Processing /home/airflow/.local/lib/python3.12/site-packages/airflow/example_dags/tutorial_dag.py took 0.249 seconds
[2024-05-05T10:34:14.818+0000] {processor.py:161} INFO - Started process (PID=8127) to work on /home/airflow/.local/lib/python3.12/site-packages/airflow/example_dags/tutorial_dag.py
[2024-05-05T10:34:14.819+0000] {processor.py:830} INFO - Processing file /home/airflow/.local/lib/python3.12/site-packages/airflow/example_dags/tutorial_dag.py for tasks to queue
[2024-05-05T10:34:14.821+0000] {logging_mixin.py:188} INFO - [2024-05-05T10:34:14.820+0000] {dagbag.py:540} INFO - Filling up the DagBag from /home/airflow/.local/lib/python3.12/site-packages/airflow/example_dags/tutorial_dag.py
[2024-05-05T10:34:14.827+0000] {processor.py:840} INFO - DAG(s) 'tutorial_dag' retrieved from /home/airflow/.local/lib/python3.12/site-packages/airflow/example_dags/tutorial_dag.py
[2024-05-05T10:34:14.846+0000] {logging_mixin.py:188} INFO - [2024-05-05T10:34:14.846+0000] {dag.py:3096} INFO - Sync 1 DAGs
[2024-05-05T10:34:14.862+0000] {logging_mixin.py:188} INFO - [2024-05-05T10:34:14.862+0000] {dag.py:3954} INFO - Setting next_dagrun for tutorial_dag to None, run_after=None
[2024-05-05T10:34:14.887+0000] {processor.py:183} INFO - Processing /home/airflow/.local/lib/python3.12/site-packages/airflow/example_dags/tutorial_dag.py took 0.077 seconds
[2024-05-05T10:34:45.573+0000] {processor.py:161} INFO - Started process (PID=8394) to work on /home/airflow/.local/lib/python3.12/site-packages/airflow/example_dags/tutorial_dag.py
[2024-05-05T10:34:45.574+0000] {processor.py:830} INFO - Processing file /home/airflow/.local/lib/python3.12/site-packages/airflow/example_dags/tutorial_dag.py for tasks to queue
[2024-05-05T10:34:45.575+0000] {logging_mixin.py:188} INFO - [2024-05-05T10:34:45.575+0000] {dagbag.py:540} INFO - Filling up the DagBag from /home/airflow/.local/lib/python3.12/site-packages/airflow/example_dags/tutorial_dag.py
[2024-05-05T10:34:45.582+0000] {processor.py:840} INFO - DAG(s) 'tutorial_dag' retrieved from /home/airflow/.local/lib/python3.12/site-packages/airflow/example_dags/tutorial_dag.py
[2024-05-05T10:34:45.602+0000] {logging_mixin.py:188} INFO - [2024-05-05T10:34:45.602+0000] {dag.py:3096} INFO - Sync 1 DAGs
[2024-05-05T10:34:45.616+0000] {logging_mixin.py:188} INFO - [2024-05-05T10:34:45.616+0000] {dag.py:3954} INFO - Setting next_dagrun for tutorial_dag to None, run_after=None
[2024-05-05T10:34:45.640+0000] {processor.py:183} INFO - Processing /home/airflow/.local/lib/python3.12/site-packages/airflow/example_dags/tutorial_dag.py took 0.075 seconds
[2024-05-05T10:35:16.301+0000] {processor.py:161} INFO - Started process (PID=8662) to work on /home/airflow/.local/lib/python3.12/site-packages/airflow/example_dags/tutorial_dag.py
[2024-05-05T10:35:16.302+0000] {processor.py:830} INFO - Processing file /home/airflow/.local/lib/python3.12/site-packages/airflow/example_dags/tutorial_dag.py for tasks to queue
[2024-05-05T10:35:16.304+0000] {logging_mixin.py:188} INFO - [2024-05-05T10:35:16.304+0000] {dagbag.py:540} INFO - Filling up the DagBag from /home/airflow/.local/lib/python3.12/site-packages/airflow/example_dags/tutorial_dag.py
[2024-05-05T10:35:16.310+0000] {processor.py:840} INFO - DAG(s) 'tutorial_dag' retrieved from /home/airflow/.local/lib/python3.12/site-packages/airflow/example_dags/tutorial_dag.py
[2024-05-05T10:35:16.335+0000] {logging_mixin.py:188} INFO - [2024-05-05T10:35:16.335+0000] {dag.py:3096} INFO - Sync 1 DAGs
[2024-05-05T10:35:16.351+0000] {logging_mixin.py:188} INFO - [2024-05-05T10:35:16.350+0000] {dag.py:3954} INFO - Setting next_dagrun for tutorial_dag to None, run_after=None
[2024-05-05T10:35:16.376+0000] {processor.py:183} INFO - Processing /home/airflow/.local/lib/python3.12/site-packages/airflow/example_dags/tutorial_dag.py took 0.081 seconds
[2024-05-05T10:35:47.106+0000] {processor.py:161} INFO - Started process (PID=8929) to work on /home/airflow/.local/lib/python3.12/site-packages/airflow/example_dags/tutorial_dag.py
[2024-05-05T10:35:47.108+0000] {processor.py:830} INFO - Processing file /home/airflow/.local/lib/python3.12/site-packages/airflow/example_dags/tutorial_dag.py for tasks to queue
[2024-05-05T10:35:47.110+0000] {logging_mixin.py:188} INFO - [2024-05-05T10:35:47.109+0000] {dagbag.py:540} INFO - Filling up the DagBag from /home/airflow/.local/lib/python3.12/site-packages/airflow/example_dags/tutorial_dag.py
[2024-05-05T10:35:47.116+0000] {processor.py:840} INFO - DAG(s) 'tutorial_dag' retrieved from /home/airflow/.local/lib/python3.12/site-packages/airflow/example_dags/tutorial_dag.py
[2024-05-05T10:35:47.164+0000] {logging_mixin.py:188} INFO - [2024-05-05T10:35:47.164+0000] {dag.py:3096} INFO - Sync 1 DAGs
[2024-05-05T10:35:47.182+0000] {logging_mixin.py:188} INFO - [2024-05-05T10:35:47.181+0000] {dag.py:3954} INFO - Setting next_dagrun for tutorial_dag to None, run_after=None
[2024-05-05T10:35:47.224+0000] {processor.py:183} INFO - Processing /home/airflow/.local/lib/python3.12/site-packages/airflow/example_dags/tutorial_dag.py took 0.119 seconds
[2024-05-05T10:36:17.615+0000] {processor.py:161} INFO - Started process (PID=9196) to work on /home/airflow/.local/lib/python3.12/site-packages/airflow/example_dags/tutorial_dag.py
[2024-05-05T10:36:17.615+0000] {processor.py:830} INFO - Processing file /home/airflow/.local/lib/python3.12/site-packages/airflow/example_dags/tutorial_dag.py for tasks to queue
[2024-05-05T10:36:17.617+0000] {logging_mixin.py:188} INFO - [2024-05-05T10:36:17.617+0000] {dagbag.py:540} INFO - Filling up the DagBag from /home/airflow/.local/lib/python3.12/site-packages/airflow/example_dags/tutorial_dag.py
[2024-05-05T10:36:17.623+0000] {processor.py:840} INFO - DAG(s) 'tutorial_dag' retrieved from /home/airflow/.local/lib/python3.12/site-packages/airflow/example_dags/tutorial_dag.py
[2024-05-05T10:36:17.643+0000] {logging_mixin.py:188} INFO - [2024-05-05T10:36:17.643+0000] {dag.py:3096} INFO - Sync 1 DAGs
[2024-05-05T10:36:17.658+0000] {logging_mixin.py:188} INFO - [2024-05-05T10:36:17.658+0000] {dag.py:3954} INFO - Setting next_dagrun for tutorial_dag to None, run_after=None
[2024-05-05T10:36:17.685+0000] {processor.py:183} INFO - Processing /home/airflow/.local/lib/python3.12/site-packages/airflow/example_dags/tutorial_dag.py took 0.077 seconds
[2024-05-05T10:36:48.167+0000] {processor.py:161} INFO - Started process (PID=9463) to work on /home/airflow/.local/lib/python3.12/site-packages/airflow/example_dags/tutorial_dag.py
[2024-05-05T10:36:48.168+0000] {processor.py:830} INFO - Processing file /home/airflow/.local/lib/python3.12/site-packages/airflow/example_dags/tutorial_dag.py for tasks to queue
[2024-05-05T10:36:48.169+0000] {logging_mixin.py:188} INFO - [2024-05-05T10:36:48.169+0000] {dagbag.py:540} INFO - Filling up the DagBag from /home/airflow/.local/lib/python3.12/site-packages/airflow/example_dags/tutorial_dag.py
[2024-05-05T10:36:48.175+0000] {processor.py:840} INFO - DAG(s) 'tutorial_dag' retrieved from /home/airflow/.local/lib/python3.12/site-packages/airflow/example_dags/tutorial_dag.py
[2024-05-05T10:36:48.195+0000] {logging_mixin.py:188} INFO - [2024-05-05T10:36:48.195+0000] {dag.py:3096} INFO - Sync 1 DAGs
[2024-05-05T10:36:48.211+0000] {logging_mixin.py:188} INFO - [2024-05-05T10:36:48.210+0000] {dag.py:3954} INFO - Setting next_dagrun for tutorial_dag to None, run_after=None
[2024-05-05T10:36:48.234+0000] {processor.py:183} INFO - Processing /home/airflow/.local/lib/python3.12/site-packages/airflow/example_dags/tutorial_dag.py took 0.074 seconds
[2024-05-05T10:37:18.344+0000] {processor.py:161} INFO - Started process (PID=9730) to work on /home/airflow/.local/lib/python3.12/site-packages/airflow/example_dags/tutorial_dag.py
[2024-05-05T10:37:18.345+0000] {processor.py:830} INFO - Processing file /home/airflow/.local/lib/python3.12/site-packages/airflow/example_dags/tutorial_dag.py for tasks to queue
[2024-05-05T10:37:18.346+0000] {logging_mixin.py:188} INFO - [2024-05-05T10:37:18.346+0000] {dagbag.py:540} INFO - Filling up the DagBag from /home/airflow/.local/lib/python3.12/site-packages/airflow/example_dags/tutorial_dag.py
[2024-05-05T10:37:18.352+0000] {processor.py:840} INFO - DAG(s) 'tutorial_dag' retrieved from /home/airflow/.local/lib/python3.12/site-packages/airflow/example_dags/tutorial_dag.py
[2024-05-05T10:37:18.374+0000] {logging_mixin.py:188} INFO - [2024-05-05T10:37:18.374+0000] {dag.py:3096} INFO - Sync 1 DAGs
[2024-05-05T10:37:18.388+0000] {logging_mixin.py:188} INFO - [2024-05-05T10:37:18.388+0000] {dag.py:3954} INFO - Setting next_dagrun for tutorial_dag to None, run_after=None
[2024-05-05T10:37:18.413+0000] {processor.py:183} INFO - Processing /home/airflow/.local/lib/python3.12/site-packages/airflow/example_dags/tutorial_dag.py took 0.077 seconds
[2024-05-05T10:37:48.855+0000] {processor.py:161} INFO - Started process (PID=9994) to work on /home/airflow/.local/lib/python3.12/site-packages/airflow/example_dags/tutorial_dag.py
[2024-05-05T10:37:48.856+0000] {processor.py:830} INFO - Processing file /home/airflow/.local/lib/python3.12/site-packages/airflow/example_dags/tutorial_dag.py for tasks to queue
[2024-05-05T10:37:48.857+0000] {logging_mixin.py:188} INFO - [2024-05-05T10:37:48.857+0000] {dagbag.py:540} INFO - Filling up the DagBag from /home/airflow/.local/lib/python3.12/site-packages/airflow/example_dags/tutorial_dag.py
[2024-05-05T10:37:48.862+0000] {processor.py:840} INFO - DAG(s) 'tutorial_dag' retrieved from /home/airflow/.local/lib/python3.12/site-packages/airflow/example_dags/tutorial_dag.py
[2024-05-05T10:37:48.885+0000] {logging_mixin.py:188} INFO - [2024-05-05T10:37:48.885+0000] {dag.py:3096} INFO - Sync 1 DAGs
[2024-05-05T10:37:48.896+0000] {logging_mixin.py:188} INFO - [2024-05-05T10:37:48.896+0000] {dag.py:3954} INFO - Setting next_dagrun for tutorial_dag to None, run_after=None
[2024-05-05T10:37:48.916+0000] {processor.py:183} INFO - Processing /home/airflow/.local/lib/python3.12/site-packages/airflow/example_dags/tutorial_dag.py took 0.067 seconds
[2024-05-05T10:38:19.492+0000] {processor.py:161} INFO - Started process (PID=10261) to work on /home/airflow/.local/lib/python3.12/site-packages/airflow/example_dags/tutorial_dag.py
[2024-05-05T10:38:19.492+0000] {processor.py:830} INFO - Processing file /home/airflow/.local/lib/python3.12/site-packages/airflow/example_dags/tutorial_dag.py for tasks to queue
[2024-05-05T10:38:19.494+0000] {logging_mixin.py:188} INFO - [2024-05-05T10:38:19.494+0000] {dagbag.py:540} INFO - Filling up the DagBag from /home/airflow/.local/lib/python3.12/site-packages/airflow/example_dags/tutorial_dag.py
[2024-05-05T10:38:19.499+0000] {processor.py:840} INFO - DAG(s) 'tutorial_dag' retrieved from /home/airflow/.local/lib/python3.12/site-packages/airflow/example_dags/tutorial_dag.py
[2024-05-05T10:38:19.521+0000] {logging_mixin.py:188} INFO - [2024-05-05T10:38:19.520+0000] {dag.py:3096} INFO - Sync 1 DAGs
[2024-05-05T10:38:19.535+0000] {logging_mixin.py:188} INFO - [2024-05-05T10:38:19.535+0000] {dag.py:3954} INFO - Setting next_dagrun for tutorial_dag to None, run_after=None
[2024-05-05T10:38:19.560+0000] {processor.py:183} INFO - Processing /home/airflow/.local/lib/python3.12/site-packages/airflow/example_dags/tutorial_dag.py took 0.075 seconds
[2024-05-05T10:38:50.300+0000] {processor.py:161} INFO - Started process (PID=10536) to work on /home/airflow/.local/lib/python3.12/site-packages/airflow/example_dags/tutorial_dag.py
[2024-05-05T10:38:50.301+0000] {processor.py:830} INFO - Processing file /home/airflow/.local/lib/python3.12/site-packages/airflow/example_dags/tutorial_dag.py for tasks to queue
[2024-05-05T10:38:50.303+0000] {logging_mixin.py:188} INFO - [2024-05-05T10:38:50.303+0000] {dagbag.py:540} INFO - Filling up the DagBag from /home/airflow/.local/lib/python3.12/site-packages/airflow/example_dags/tutorial_dag.py
[2024-05-05T10:38:50.309+0000] {processor.py:840} INFO - DAG(s) 'tutorial_dag' retrieved from /home/airflow/.local/lib/python3.12/site-packages/airflow/example_dags/tutorial_dag.py
[2024-05-05T10:38:50.330+0000] {logging_mixin.py:188} INFO - [2024-05-05T10:38:50.330+0000] {dag.py:3096} INFO - Sync 1 DAGs
[2024-05-05T10:38:50.344+0000] {logging_mixin.py:188} INFO - [2024-05-05T10:38:50.344+0000] {dag.py:3954} INFO - Setting next_dagrun for tutorial_dag to None, run_after=None
[2024-05-05T10:38:50.368+0000] {processor.py:183} INFO - Processing /home/airflow/.local/lib/python3.12/site-packages/airflow/example_dags/tutorial_dag.py took 0.075 seconds
[2024-05-05T10:39:21.434+0000] {processor.py:161} INFO - Started process (PID=10808) to work on /home/airflow/.local/lib/python3.12/site-packages/airflow/example_dags/tutorial_dag.py
[2024-05-05T10:39:21.444+0000] {processor.py:830} INFO - Processing file /home/airflow/.local/lib/python3.12/site-packages/airflow/example_dags/tutorial_dag.py for tasks to queue
[2024-05-05T10:39:21.446+0000] {logging_mixin.py:188} INFO - [2024-05-05T10:39:21.446+0000] {dagbag.py:540} INFO - Filling up the DagBag from /home/airflow/.local/lib/python3.12/site-packages/airflow/example_dags/tutorial_dag.py
[2024-05-05T10:39:21.465+0000] {processor.py:840} INFO - DAG(s) 'tutorial_dag' retrieved from /home/airflow/.local/lib/python3.12/site-packages/airflow/example_dags/tutorial_dag.py
[2024-05-05T10:39:21.512+0000] {logging_mixin.py:188} INFO - [2024-05-05T10:39:21.512+0000] {dag.py:3096} INFO - Sync 1 DAGs
[2024-05-05T10:39:21.529+0000] {logging_mixin.py:188} INFO - [2024-05-05T10:39:21.528+0000] {dag.py:3954} INFO - Setting next_dagrun for tutorial_dag to None, run_after=None
[2024-05-05T10:39:21.558+0000] {processor.py:183} INFO - Processing /home/airflow/.local/lib/python3.12/site-packages/airflow/example_dags/tutorial_dag.py took 0.148 seconds
[2024-05-05T10:39:51.780+0000] {processor.py:161} INFO - Started process (PID=11083) to work on /home/airflow/.local/lib/python3.12/site-packages/airflow/example_dags/tutorial_dag.py
[2024-05-05T10:39:51.782+0000] {processor.py:830} INFO - Processing file /home/airflow/.local/lib/python3.12/site-packages/airflow/example_dags/tutorial_dag.py for tasks to queue
[2024-05-05T10:39:51.794+0000] {logging_mixin.py:188} INFO - [2024-05-05T10:39:51.793+0000] {dagbag.py:540} INFO - Filling up the DagBag from /home/airflow/.local/lib/python3.12/site-packages/airflow/example_dags/tutorial_dag.py
[2024-05-05T10:39:51.800+0000] {processor.py:840} INFO - DAG(s) 'tutorial_dag' retrieved from /home/airflow/.local/lib/python3.12/site-packages/airflow/example_dags/tutorial_dag.py
[2024-05-05T10:39:51.823+0000] {logging_mixin.py:188} INFO - [2024-05-05T10:39:51.823+0000] {dag.py:3096} INFO - Sync 1 DAGs
[2024-05-05T10:39:51.869+0000] {logging_mixin.py:188} INFO - [2024-05-05T10:39:51.869+0000] {dag.py:3954} INFO - Setting next_dagrun for tutorial_dag to None, run_after=None
[2024-05-05T10:39:51.917+0000] {processor.py:183} INFO - Processing /home/airflow/.local/lib/python3.12/site-packages/airflow/example_dags/tutorial_dag.py took 0.143 seconds
[2024-05-05T10:40:22.684+0000] {processor.py:161} INFO - Started process (PID=11358) to work on /home/airflow/.local/lib/python3.12/site-packages/airflow/example_dags/tutorial_dag.py
[2024-05-05T10:40:22.685+0000] {processor.py:830} INFO - Processing file /home/airflow/.local/lib/python3.12/site-packages/airflow/example_dags/tutorial_dag.py for tasks to queue
[2024-05-05T10:40:22.687+0000] {logging_mixin.py:188} INFO - [2024-05-05T10:40:22.686+0000] {dagbag.py:540} INFO - Filling up the DagBag from /home/airflow/.local/lib/python3.12/site-packages/airflow/example_dags/tutorial_dag.py
[2024-05-05T10:40:22.693+0000] {processor.py:840} INFO - DAG(s) 'tutorial_dag' retrieved from /home/airflow/.local/lib/python3.12/site-packages/airflow/example_dags/tutorial_dag.py
[2024-05-05T10:40:22.744+0000] {logging_mixin.py:188} INFO - [2024-05-05T10:40:22.744+0000] {dag.py:3096} INFO - Sync 1 DAGs
[2024-05-05T10:40:22.786+0000] {logging_mixin.py:188} INFO - [2024-05-05T10:40:22.786+0000] {dag.py:3954} INFO - Setting next_dagrun for tutorial_dag to None, run_after=None
[2024-05-05T10:40:22.870+0000] {processor.py:183} INFO - Processing /home/airflow/.local/lib/python3.12/site-packages/airflow/example_dags/tutorial_dag.py took 0.206 seconds
[2024-05-05T10:40:53.304+0000] {processor.py:161} INFO - Started process (PID=11645) to work on /home/airflow/.local/lib/python3.12/site-packages/airflow/example_dags/tutorial_dag.py
[2024-05-05T10:40:53.305+0000] {processor.py:830} INFO - Processing file /home/airflow/.local/lib/python3.12/site-packages/airflow/example_dags/tutorial_dag.py for tasks to queue
[2024-05-05T10:40:53.307+0000] {logging_mixin.py:188} INFO - [2024-05-05T10:40:53.307+0000] {dagbag.py:540} INFO - Filling up the DagBag from /home/airflow/.local/lib/python3.12/site-packages/airflow/example_dags/tutorial_dag.py
[2024-05-05T10:40:53.313+0000] {processor.py:840} INFO - DAG(s) 'tutorial_dag' retrieved from /home/airflow/.local/lib/python3.12/site-packages/airflow/example_dags/tutorial_dag.py
[2024-05-05T10:40:53.349+0000] {logging_mixin.py:188} INFO - [2024-05-05T10:40:53.348+0000] {dag.py:3096} INFO - Sync 1 DAGs
[2024-05-05T10:40:53.373+0000] {logging_mixin.py:188} INFO - [2024-05-05T10:40:53.373+0000] {dag.py:3954} INFO - Setting next_dagrun for tutorial_dag to None, run_after=None
[2024-05-05T10:40:53.411+0000] {processor.py:183} INFO - Processing /home/airflow/.local/lib/python3.12/site-packages/airflow/example_dags/tutorial_dag.py took 0.113 seconds
[2024-05-05T10:41:24.145+0000] {processor.py:161} INFO - Started process (PID=11916) to work on /home/airflow/.local/lib/python3.12/site-packages/airflow/example_dags/tutorial_dag.py
[2024-05-05T10:41:24.146+0000] {processor.py:830} INFO - Processing file /home/airflow/.local/lib/python3.12/site-packages/airflow/example_dags/tutorial_dag.py for tasks to queue
[2024-05-05T10:41:24.148+0000] {logging_mixin.py:188} INFO - [2024-05-05T10:41:24.147+0000] {dagbag.py:540} INFO - Filling up the DagBag from /home/airflow/.local/lib/python3.12/site-packages/airflow/example_dags/tutorial_dag.py
[2024-05-05T10:41:24.155+0000] {processor.py:840} INFO - DAG(s) 'tutorial_dag' retrieved from /home/airflow/.local/lib/python3.12/site-packages/airflow/example_dags/tutorial_dag.py
[2024-05-05T10:41:24.194+0000] {logging_mixin.py:188} INFO - [2024-05-05T10:41:24.193+0000] {dag.py:3096} INFO - Sync 1 DAGs
[2024-05-05T10:41:24.211+0000] {logging_mixin.py:188} INFO - [2024-05-05T10:41:24.211+0000] {dag.py:3954} INFO - Setting next_dagrun for tutorial_dag to None, run_after=None
[2024-05-05T10:41:24.253+0000] {processor.py:183} INFO - Processing /home/airflow/.local/lib/python3.12/site-packages/airflow/example_dags/tutorial_dag.py took 0.116 seconds
[2024-05-05T10:41:54.500+0000] {processor.py:161} INFO - Started process (PID=12197) to work on /home/airflow/.local/lib/python3.12/site-packages/airflow/example_dags/tutorial_dag.py
[2024-05-05T10:41:54.501+0000] {processor.py:830} INFO - Processing file /home/airflow/.local/lib/python3.12/site-packages/airflow/example_dags/tutorial_dag.py for tasks to queue
[2024-05-05T10:41:54.503+0000] {logging_mixin.py:188} INFO - [2024-05-05T10:41:54.502+0000] {dagbag.py:540} INFO - Filling up the DagBag from /home/airflow/.local/lib/python3.12/site-packages/airflow/example_dags/tutorial_dag.py
[2024-05-05T10:41:54.508+0000] {processor.py:840} INFO - DAG(s) 'tutorial_dag' retrieved from /home/airflow/.local/lib/python3.12/site-packages/airflow/example_dags/tutorial_dag.py
[2024-05-05T10:41:54.531+0000] {logging_mixin.py:188} INFO - [2024-05-05T10:41:54.530+0000] {dag.py:3096} INFO - Sync 1 DAGs
[2024-05-05T10:41:54.545+0000] {logging_mixin.py:188} INFO - [2024-05-05T10:41:54.545+0000] {dag.py:3954} INFO - Setting next_dagrun for tutorial_dag to None, run_after=None
[2024-05-05T10:41:54.570+0000] {processor.py:183} INFO - Processing /home/airflow/.local/lib/python3.12/site-packages/airflow/example_dags/tutorial_dag.py took 0.076 seconds
[2024-05-05T10:42:25.576+0000] {processor.py:161} INFO - Started process (PID=12467) to work on /home/airflow/.local/lib/python3.12/site-packages/airflow/example_dags/tutorial_dag.py
[2024-05-05T10:42:25.577+0000] {processor.py:830} INFO - Processing file /home/airflow/.local/lib/python3.12/site-packages/airflow/example_dags/tutorial_dag.py for tasks to queue
[2024-05-05T10:42:25.579+0000] {logging_mixin.py:188} INFO - [2024-05-05T10:42:25.578+0000] {dagbag.py:540} INFO - Filling up the DagBag from /home/airflow/.local/lib/python3.12/site-packages/airflow/example_dags/tutorial_dag.py
[2024-05-05T10:42:25.592+0000] {processor.py:840} INFO - DAG(s) 'tutorial_dag' retrieved from /home/airflow/.local/lib/python3.12/site-packages/airflow/example_dags/tutorial_dag.py
[2024-05-05T10:42:25.627+0000] {logging_mixin.py:188} INFO - [2024-05-05T10:42:25.627+0000] {dag.py:3096} INFO - Sync 1 DAGs
[2024-05-05T10:42:25.657+0000] {logging_mixin.py:188} INFO - [2024-05-05T10:42:25.657+0000] {dag.py:3954} INFO - Setting next_dagrun for tutorial_dag to None, run_after=None
[2024-05-05T10:42:25.696+0000] {processor.py:183} INFO - Processing /home/airflow/.local/lib/python3.12/site-packages/airflow/example_dags/tutorial_dag.py took 0.127 seconds
[2024-05-05T10:42:56.598+0000] {processor.py:161} INFO - Started process (PID=12748) to work on /home/airflow/.local/lib/python3.12/site-packages/airflow/example_dags/tutorial_dag.py
[2024-05-05T10:42:56.599+0000] {processor.py:830} INFO - Processing file /home/airflow/.local/lib/python3.12/site-packages/airflow/example_dags/tutorial_dag.py for tasks to queue
[2024-05-05T10:42:56.601+0000] {logging_mixin.py:188} INFO - [2024-05-05T10:42:56.600+0000] {dagbag.py:540} INFO - Filling up the DagBag from /home/airflow/.local/lib/python3.12/site-packages/airflow/example_dags/tutorial_dag.py
[2024-05-05T10:42:56.606+0000] {processor.py:840} INFO - DAG(s) 'tutorial_dag' retrieved from /home/airflow/.local/lib/python3.12/site-packages/airflow/example_dags/tutorial_dag.py
[2024-05-05T10:42:56.629+0000] {logging_mixin.py:188} INFO - [2024-05-05T10:42:56.629+0000] {dag.py:3096} INFO - Sync 1 DAGs
[2024-05-05T10:42:56.645+0000] {logging_mixin.py:188} INFO - [2024-05-05T10:42:56.645+0000] {dag.py:3954} INFO - Setting next_dagrun for tutorial_dag to None, run_after=None
[2024-05-05T10:42:56.671+0000] {processor.py:183} INFO - Processing /home/airflow/.local/lib/python3.12/site-packages/airflow/example_dags/tutorial_dag.py took 0.079 seconds
[2024-05-05T10:43:27.187+0000] {processor.py:161} INFO - Started process (PID=13021) to work on /home/airflow/.local/lib/python3.12/site-packages/airflow/example_dags/tutorial_dag.py
[2024-05-05T10:43:27.187+0000] {processor.py:830} INFO - Processing file /home/airflow/.local/lib/python3.12/site-packages/airflow/example_dags/tutorial_dag.py for tasks to queue
[2024-05-05T10:43:27.189+0000] {logging_mixin.py:188} INFO - [2024-05-05T10:43:27.189+0000] {dagbag.py:540} INFO - Filling up the DagBag from /home/airflow/.local/lib/python3.12/site-packages/airflow/example_dags/tutorial_dag.py
[2024-05-05T10:43:27.195+0000] {processor.py:840} INFO - DAG(s) 'tutorial_dag' retrieved from /home/airflow/.local/lib/python3.12/site-packages/airflow/example_dags/tutorial_dag.py
[2024-05-05T10:43:27.216+0000] {logging_mixin.py:188} INFO - [2024-05-05T10:43:27.216+0000] {dag.py:3096} INFO - Sync 1 DAGs
[2024-05-05T10:43:27.231+0000] {logging_mixin.py:188} INFO - [2024-05-05T10:43:27.231+0000] {dag.py:3954} INFO - Setting next_dagrun for tutorial_dag to None, run_after=None
[2024-05-05T10:43:27.258+0000] {processor.py:183} INFO - Processing /home/airflow/.local/lib/python3.12/site-packages/airflow/example_dags/tutorial_dag.py took 0.077 seconds
[2024-05-05T10:43:57.606+0000] {processor.py:161} INFO - Started process (PID=13293) to work on /home/airflow/.local/lib/python3.12/site-packages/airflow/example_dags/tutorial_dag.py
[2024-05-05T10:43:57.606+0000] {processor.py:830} INFO - Processing file /home/airflow/.local/lib/python3.12/site-packages/airflow/example_dags/tutorial_dag.py for tasks to queue
[2024-05-05T10:43:57.608+0000] {logging_mixin.py:188} INFO - [2024-05-05T10:43:57.608+0000] {dagbag.py:540} INFO - Filling up the DagBag from /home/airflow/.local/lib/python3.12/site-packages/airflow/example_dags/tutorial_dag.py
[2024-05-05T10:43:57.614+0000] {processor.py:840} INFO - DAG(s) 'tutorial_dag' retrieved from /home/airflow/.local/lib/python3.12/site-packages/airflow/example_dags/tutorial_dag.py
[2024-05-05T10:43:57.638+0000] {logging_mixin.py:188} INFO - [2024-05-05T10:43:57.638+0000] {dag.py:3096} INFO - Sync 1 DAGs
[2024-05-05T10:43:57.652+0000] {logging_mixin.py:188} INFO - [2024-05-05T10:43:57.652+0000] {dag.py:3954} INFO - Setting next_dagrun for tutorial_dag to None, run_after=None
[2024-05-05T10:43:57.682+0000] {processor.py:183} INFO - Processing /home/airflow/.local/lib/python3.12/site-packages/airflow/example_dags/tutorial_dag.py took 0.083 seconds
[2024-05-05T10:44:28.465+0000] {processor.py:161} INFO - Started process (PID=13565) to work on /home/airflow/.local/lib/python3.12/site-packages/airflow/example_dags/tutorial_dag.py
[2024-05-05T10:44:28.465+0000] {processor.py:830} INFO - Processing file /home/airflow/.local/lib/python3.12/site-packages/airflow/example_dags/tutorial_dag.py for tasks to queue
[2024-05-05T10:44:28.467+0000] {logging_mixin.py:188} INFO - [2024-05-05T10:44:28.467+0000] {dagbag.py:540} INFO - Filling up the DagBag from /home/airflow/.local/lib/python3.12/site-packages/airflow/example_dags/tutorial_dag.py
[2024-05-05T10:44:28.474+0000] {processor.py:840} INFO - DAG(s) 'tutorial_dag' retrieved from /home/airflow/.local/lib/python3.12/site-packages/airflow/example_dags/tutorial_dag.py
[2024-05-05T10:44:28.496+0000] {logging_mixin.py:188} INFO - [2024-05-05T10:44:28.496+0000] {dag.py:3096} INFO - Sync 1 DAGs
[2024-05-05T10:44:28.511+0000] {logging_mixin.py:188} INFO - [2024-05-05T10:44:28.511+0000] {dag.py:3954} INFO - Setting next_dagrun for tutorial_dag to None, run_after=None
[2024-05-05T10:44:28.538+0000] {processor.py:183} INFO - Processing /home/airflow/.local/lib/python3.12/site-packages/airflow/example_dags/tutorial_dag.py took 0.080 seconds
[2024-05-05T10:44:58.962+0000] {processor.py:161} INFO - Started process (PID=13838) to work on /home/airflow/.local/lib/python3.12/site-packages/airflow/example_dags/tutorial_dag.py
[2024-05-05T10:44:58.963+0000] {processor.py:830} INFO - Processing file /home/airflow/.local/lib/python3.12/site-packages/airflow/example_dags/tutorial_dag.py for tasks to queue
[2024-05-05T10:44:58.965+0000] {logging_mixin.py:188} INFO - [2024-05-05T10:44:58.965+0000] {dagbag.py:540} INFO - Filling up the DagBag from /home/airflow/.local/lib/python3.12/site-packages/airflow/example_dags/tutorial_dag.py
[2024-05-05T10:44:58.971+0000] {processor.py:840} INFO - DAG(s) 'tutorial_dag' retrieved from /home/airflow/.local/lib/python3.12/site-packages/airflow/example_dags/tutorial_dag.py
[2024-05-05T10:44:58.994+0000] {logging_mixin.py:188} INFO - [2024-05-05T10:44:58.993+0000] {dag.py:3096} INFO - Sync 1 DAGs
[2024-05-05T10:44:59.008+0000] {logging_mixin.py:188} INFO - [2024-05-05T10:44:59.008+0000] {dag.py:3954} INFO - Setting next_dagrun for tutorial_dag to None, run_after=None
[2024-05-05T10:44:59.066+0000] {processor.py:183} INFO - Processing /home/airflow/.local/lib/python3.12/site-packages/airflow/example_dags/tutorial_dag.py took 0.110 seconds
[2024-05-05T10:45:29.485+0000] {processor.py:161} INFO - Started process (PID=14108) to work on /home/airflow/.local/lib/python3.12/site-packages/airflow/example_dags/tutorial_dag.py
[2024-05-05T10:45:29.485+0000] {processor.py:830} INFO - Processing file /home/airflow/.local/lib/python3.12/site-packages/airflow/example_dags/tutorial_dag.py for tasks to queue
[2024-05-05T10:45:29.487+0000] {logging_mixin.py:188} INFO - [2024-05-05T10:45:29.487+0000] {dagbag.py:540} INFO - Filling up the DagBag from /home/airflow/.local/lib/python3.12/site-packages/airflow/example_dags/tutorial_dag.py
[2024-05-05T10:45:29.497+0000] {processor.py:840} INFO - DAG(s) 'tutorial_dag' retrieved from /home/airflow/.local/lib/python3.12/site-packages/airflow/example_dags/tutorial_dag.py
[2024-05-05T10:45:29.533+0000] {logging_mixin.py:188} INFO - [2024-05-05T10:45:29.532+0000] {dag.py:3096} INFO - Sync 1 DAGs
[2024-05-05T10:45:29.547+0000] {logging_mixin.py:188} INFO - [2024-05-05T10:45:29.547+0000] {dag.py:3954} INFO - Setting next_dagrun for tutorial_dag to None, run_after=None
[2024-05-05T10:45:29.574+0000] {processor.py:183} INFO - Processing /home/airflow/.local/lib/python3.12/site-packages/airflow/example_dags/tutorial_dag.py took 0.116 seconds
[2024-05-05T10:45:59.661+0000] {processor.py:161} INFO - Started process (PID=14379) to work on /home/airflow/.local/lib/python3.12/site-packages/airflow/example_dags/tutorial_dag.py
[2024-05-05T10:45:59.662+0000] {processor.py:830} INFO - Processing file /home/airflow/.local/lib/python3.12/site-packages/airflow/example_dags/tutorial_dag.py for tasks to queue
[2024-05-05T10:45:59.663+0000] {logging_mixin.py:188} INFO - [2024-05-05T10:45:59.663+0000] {dagbag.py:540} INFO - Filling up the DagBag from /home/airflow/.local/lib/python3.12/site-packages/airflow/example_dags/tutorial_dag.py
[2024-05-05T10:45:59.667+0000] {processor.py:840} INFO - DAG(s) 'tutorial_dag' retrieved from /home/airflow/.local/lib/python3.12/site-packages/airflow/example_dags/tutorial_dag.py
[2024-05-05T10:45:59.685+0000] {logging_mixin.py:188} INFO - [2024-05-05T10:45:59.685+0000] {dag.py:3096} INFO - Sync 1 DAGs
[2024-05-05T10:45:59.695+0000] {logging_mixin.py:188} INFO - [2024-05-05T10:45:59.695+0000] {dag.py:3954} INFO - Setting next_dagrun for tutorial_dag to None, run_after=None
[2024-05-05T10:45:59.715+0000] {processor.py:183} INFO - Processing /home/airflow/.local/lib/python3.12/site-packages/airflow/example_dags/tutorial_dag.py took 0.059 seconds
[2024-05-05T10:46:29.934+0000] {processor.py:161} INFO - Started process (PID=14651) to work on /home/airflow/.local/lib/python3.12/site-packages/airflow/example_dags/tutorial_dag.py
[2024-05-05T10:46:29.935+0000] {processor.py:830} INFO - Processing file /home/airflow/.local/lib/python3.12/site-packages/airflow/example_dags/tutorial_dag.py for tasks to queue
[2024-05-05T10:46:29.937+0000] {logging_mixin.py:188} INFO - [2024-05-05T10:46:29.936+0000] {dagbag.py:540} INFO - Filling up the DagBag from /home/airflow/.local/lib/python3.12/site-packages/airflow/example_dags/tutorial_dag.py
[2024-05-05T10:46:29.942+0000] {processor.py:840} INFO - DAG(s) 'tutorial_dag' retrieved from /home/airflow/.local/lib/python3.12/site-packages/airflow/example_dags/tutorial_dag.py
[2024-05-05T10:46:29.965+0000] {logging_mixin.py:188} INFO - [2024-05-05T10:46:29.965+0000] {dag.py:3096} INFO - Sync 1 DAGs
[2024-05-05T10:46:29.981+0000] {logging_mixin.py:188} INFO - [2024-05-05T10:46:29.981+0000] {dag.py:3954} INFO - Setting next_dagrun for tutorial_dag to None, run_after=None
[2024-05-05T10:46:30.008+0000] {processor.py:183} INFO - Processing /home/airflow/.local/lib/python3.12/site-packages/airflow/example_dags/tutorial_dag.py took 0.081 seconds
[2024-05-05T10:47:00.073+0000] {processor.py:161} INFO - Started process (PID=14923) to work on /home/airflow/.local/lib/python3.12/site-packages/airflow/example_dags/tutorial_dag.py
[2024-05-05T10:47:00.074+0000] {processor.py:830} INFO - Processing file /home/airflow/.local/lib/python3.12/site-packages/airflow/example_dags/tutorial_dag.py for tasks to queue
[2024-05-05T10:47:00.077+0000] {logging_mixin.py:188} INFO - [2024-05-05T10:47:00.076+0000] {dagbag.py:540} INFO - Filling up the DagBag from /home/airflow/.local/lib/python3.12/site-packages/airflow/example_dags/tutorial_dag.py
[2024-05-05T10:47:00.084+0000] {processor.py:840} INFO - DAG(s) 'tutorial_dag' retrieved from /home/airflow/.local/lib/python3.12/site-packages/airflow/example_dags/tutorial_dag.py
[2024-05-05T10:47:00.114+0000] {logging_mixin.py:188} INFO - [2024-05-05T10:47:00.114+0000] {dag.py:3096} INFO - Sync 1 DAGs
[2024-05-05T10:47:00.134+0000] {logging_mixin.py:188} INFO - [2024-05-05T10:47:00.134+0000] {dag.py:3954} INFO - Setting next_dagrun for tutorial_dag to None, run_after=None
[2024-05-05T10:47:00.207+0000] {processor.py:183} INFO - Processing /home/airflow/.local/lib/python3.12/site-packages/airflow/example_dags/tutorial_dag.py took 0.142 seconds
[2024-05-05T10:47:30.331+0000] {processor.py:161} INFO - Started process (PID=15195) to work on /home/airflow/.local/lib/python3.12/site-packages/airflow/example_dags/tutorial_dag.py
[2024-05-05T10:47:30.332+0000] {processor.py:830} INFO - Processing file /home/airflow/.local/lib/python3.12/site-packages/airflow/example_dags/tutorial_dag.py for tasks to queue
[2024-05-05T10:47:30.334+0000] {logging_mixin.py:188} INFO - [2024-05-05T10:47:30.334+0000] {dagbag.py:540} INFO - Filling up the DagBag from /home/airflow/.local/lib/python3.12/site-packages/airflow/example_dags/tutorial_dag.py
[2024-05-05T10:47:30.340+0000] {processor.py:840} INFO - DAG(s) 'tutorial_dag' retrieved from /home/airflow/.local/lib/python3.12/site-packages/airflow/example_dags/tutorial_dag.py
[2024-05-05T10:47:30.367+0000] {logging_mixin.py:188} INFO - [2024-05-05T10:47:30.367+0000] {dag.py:3096} INFO - Sync 1 DAGs
[2024-05-05T10:47:30.383+0000] {logging_mixin.py:188} INFO - [2024-05-05T10:47:30.383+0000] {dag.py:3954} INFO - Setting next_dagrun for tutorial_dag to None, run_after=None
[2024-05-05T10:47:30.408+0000] {processor.py:183} INFO - Processing /home/airflow/.local/lib/python3.12/site-packages/airflow/example_dags/tutorial_dag.py took 0.083 seconds
[2024-05-05T10:48:01.125+0000] {processor.py:161} INFO - Started process (PID=15467) to work on /home/airflow/.local/lib/python3.12/site-packages/airflow/example_dags/tutorial_dag.py
[2024-05-05T10:48:01.126+0000] {processor.py:830} INFO - Processing file /home/airflow/.local/lib/python3.12/site-packages/airflow/example_dags/tutorial_dag.py for tasks to queue
[2024-05-05T10:48:01.128+0000] {logging_mixin.py:188} INFO - [2024-05-05T10:48:01.127+0000] {dagbag.py:540} INFO - Filling up the DagBag from /home/airflow/.local/lib/python3.12/site-packages/airflow/example_dags/tutorial_dag.py
[2024-05-05T10:48:01.133+0000] {processor.py:840} INFO - DAG(s) 'tutorial_dag' retrieved from /home/airflow/.local/lib/python3.12/site-packages/airflow/example_dags/tutorial_dag.py
[2024-05-05T10:48:01.156+0000] {logging_mixin.py:188} INFO - [2024-05-05T10:48:01.156+0000] {dag.py:3096} INFO - Sync 1 DAGs
[2024-05-05T10:48:01.171+0000] {logging_mixin.py:188} INFO - [2024-05-05T10:48:01.171+0000] {dag.py:3954} INFO - Setting next_dagrun for tutorial_dag to None, run_after=None
[2024-05-05T10:48:01.234+0000] {processor.py:183} INFO - Processing /home/airflow/.local/lib/python3.12/site-packages/airflow/example_dags/tutorial_dag.py took 0.117 seconds
[2024-05-05T10:48:32.218+0000] {processor.py:161} INFO - Started process (PID=15745) to work on /home/airflow/.local/lib/python3.12/site-packages/airflow/example_dags/tutorial_dag.py
[2024-05-05T10:48:32.219+0000] {processor.py:830} INFO - Processing file /home/airflow/.local/lib/python3.12/site-packages/airflow/example_dags/tutorial_dag.py for tasks to queue
[2024-05-05T10:48:32.220+0000] {logging_mixin.py:188} INFO - [2024-05-05T10:48:32.220+0000] {dagbag.py:540} INFO - Filling up the DagBag from /home/airflow/.local/lib/python3.12/site-packages/airflow/example_dags/tutorial_dag.py
[2024-05-05T10:48:32.226+0000] {processor.py:840} INFO - DAG(s) 'tutorial_dag' retrieved from /home/airflow/.local/lib/python3.12/site-packages/airflow/example_dags/tutorial_dag.py
[2024-05-05T10:48:32.249+0000] {logging_mixin.py:188} INFO - [2024-05-05T10:48:32.248+0000] {dag.py:3096} INFO - Sync 1 DAGs
[2024-05-05T10:48:32.264+0000] {logging_mixin.py:188} INFO - [2024-05-05T10:48:32.264+0000] {dag.py:3954} INFO - Setting next_dagrun for tutorial_dag to None, run_after=None
[2024-05-05T10:48:32.292+0000] {processor.py:183} INFO - Processing /home/airflow/.local/lib/python3.12/site-packages/airflow/example_dags/tutorial_dag.py took 0.081 seconds
[2024-05-05T10:49:02.921+0000] {processor.py:161} INFO - Started process (PID=16017) to work on /home/airflow/.local/lib/python3.12/site-packages/airflow/example_dags/tutorial_dag.py
[2024-05-05T10:49:02.922+0000] {processor.py:830} INFO - Processing file /home/airflow/.local/lib/python3.12/site-packages/airflow/example_dags/tutorial_dag.py for tasks to queue
[2024-05-05T10:49:02.924+0000] {logging_mixin.py:188} INFO - [2024-05-05T10:49:02.924+0000] {dagbag.py:540} INFO - Filling up the DagBag from /home/airflow/.local/lib/python3.12/site-packages/airflow/example_dags/tutorial_dag.py
[2024-05-05T10:49:02.929+0000] {processor.py:840} INFO - DAG(s) 'tutorial_dag' retrieved from /home/airflow/.local/lib/python3.12/site-packages/airflow/example_dags/tutorial_dag.py
[2024-05-05T10:49:02.953+0000] {logging_mixin.py:188} INFO - [2024-05-05T10:49:02.952+0000] {dag.py:3096} INFO - Sync 1 DAGs
[2024-05-05T10:49:02.969+0000] {logging_mixin.py:188} INFO - [2024-05-05T10:49:02.968+0000] {dag.py:3954} INFO - Setting next_dagrun for tutorial_dag to None, run_after=None
[2024-05-05T10:49:02.993+0000] {processor.py:183} INFO - Processing /home/airflow/.local/lib/python3.12/site-packages/airflow/example_dags/tutorial_dag.py took 0.079 seconds
[2024-05-05T10:49:33.521+0000] {processor.py:161} INFO - Started process (PID=16299) to work on /home/airflow/.local/lib/python3.12/site-packages/airflow/example_dags/tutorial_dag.py
[2024-05-05T10:49:33.522+0000] {processor.py:830} INFO - Processing file /home/airflow/.local/lib/python3.12/site-packages/airflow/example_dags/tutorial_dag.py for tasks to queue
[2024-05-05T10:49:33.523+0000] {logging_mixin.py:188} INFO - [2024-05-05T10:49:33.523+0000] {dagbag.py:540} INFO - Filling up the DagBag from /home/airflow/.local/lib/python3.12/site-packages/airflow/example_dags/tutorial_dag.py
[2024-05-05T10:49:33.529+0000] {processor.py:840} INFO - DAG(s) 'tutorial_dag' retrieved from /home/airflow/.local/lib/python3.12/site-packages/airflow/example_dags/tutorial_dag.py
[2024-05-05T10:49:33.551+0000] {logging_mixin.py:188} INFO - [2024-05-05T10:49:33.551+0000] {dag.py:3096} INFO - Sync 1 DAGs
[2024-05-05T10:49:33.568+0000] {logging_mixin.py:188} INFO - [2024-05-05T10:49:33.568+0000] {dag.py:3954} INFO - Setting next_dagrun for tutorial_dag to None, run_after=None
[2024-05-05T10:49:33.594+0000] {processor.py:183} INFO - Processing /home/airflow/.local/lib/python3.12/site-packages/airflow/example_dags/tutorial_dag.py took 0.079 seconds
[2024-05-05T10:50:04.237+0000] {processor.py:161} INFO - Started process (PID=16572) to work on /home/airflow/.local/lib/python3.12/site-packages/airflow/example_dags/tutorial_dag.py
[2024-05-05T10:50:04.238+0000] {processor.py:830} INFO - Processing file /home/airflow/.local/lib/python3.12/site-packages/airflow/example_dags/tutorial_dag.py for tasks to queue
[2024-05-05T10:50:04.246+0000] {logging_mixin.py:188} INFO - [2024-05-05T10:50:04.239+0000] {dagbag.py:540} INFO - Filling up the DagBag from /home/airflow/.local/lib/python3.12/site-packages/airflow/example_dags/tutorial_dag.py
[2024-05-05T10:50:04.258+0000] {processor.py:840} INFO - DAG(s) 'tutorial_dag' retrieved from /home/airflow/.local/lib/python3.12/site-packages/airflow/example_dags/tutorial_dag.py
[2024-05-05T10:50:04.282+0000] {logging_mixin.py:188} INFO - [2024-05-05T10:50:04.282+0000] {dag.py:3096} INFO - Sync 1 DAGs
[2024-05-05T10:50:04.302+0000] {logging_mixin.py:188} INFO - [2024-05-05T10:50:04.301+0000] {dag.py:3954} INFO - Setting next_dagrun for tutorial_dag to None, run_after=None
[2024-05-05T10:50:04.332+0000] {processor.py:183} INFO - Processing /home/airflow/.local/lib/python3.12/site-packages/airflow/example_dags/tutorial_dag.py took 0.116 seconds
[2024-05-05T10:50:34.716+0000] {processor.py:161} INFO - Started process (PID=16851) to work on /home/airflow/.local/lib/python3.12/site-packages/airflow/example_dags/tutorial_dag.py
[2024-05-05T10:50:34.717+0000] {processor.py:830} INFO - Processing file /home/airflow/.local/lib/python3.12/site-packages/airflow/example_dags/tutorial_dag.py for tasks to queue
[2024-05-05T10:50:34.719+0000] {logging_mixin.py:188} INFO - [2024-05-05T10:50:34.718+0000] {dagbag.py:540} INFO - Filling up the DagBag from /home/airflow/.local/lib/python3.12/site-packages/airflow/example_dags/tutorial_dag.py
[2024-05-05T10:50:34.724+0000] {processor.py:840} INFO - DAG(s) 'tutorial_dag' retrieved from /home/airflow/.local/lib/python3.12/site-packages/airflow/example_dags/tutorial_dag.py
[2024-05-05T10:50:34.746+0000] {logging_mixin.py:188} INFO - [2024-05-05T10:50:34.745+0000] {dag.py:3096} INFO - Sync 1 DAGs
[2024-05-05T10:50:34.761+0000] {logging_mixin.py:188} INFO - [2024-05-05T10:50:34.761+0000] {dag.py:3954} INFO - Setting next_dagrun for tutorial_dag to None, run_after=None
[2024-05-05T10:50:34.785+0000] {processor.py:183} INFO - Processing /home/airflow/.local/lib/python3.12/site-packages/airflow/example_dags/tutorial_dag.py took 0.075 seconds
[2024-05-05T10:51:05.533+0000] {processor.py:161} INFO - Started process (PID=17126) to work on /home/airflow/.local/lib/python3.12/site-packages/airflow/example_dags/tutorial_dag.py
[2024-05-05T10:51:05.538+0000] {processor.py:830} INFO - Processing file /home/airflow/.local/lib/python3.12/site-packages/airflow/example_dags/tutorial_dag.py for tasks to queue
[2024-05-05T10:51:05.541+0000] {logging_mixin.py:188} INFO - [2024-05-05T10:51:05.541+0000] {dagbag.py:540} INFO - Filling up the DagBag from /home/airflow/.local/lib/python3.12/site-packages/airflow/example_dags/tutorial_dag.py
[2024-05-05T10:51:05.547+0000] {processor.py:840} INFO - DAG(s) 'tutorial_dag' retrieved from /home/airflow/.local/lib/python3.12/site-packages/airflow/example_dags/tutorial_dag.py
[2024-05-05T10:51:05.577+0000] {logging_mixin.py:188} INFO - [2024-05-05T10:51:05.577+0000] {dag.py:3096} INFO - Sync 1 DAGs
[2024-05-05T10:51:05.593+0000] {logging_mixin.py:188} INFO - [2024-05-05T10:51:05.593+0000] {dag.py:3954} INFO - Setting next_dagrun for tutorial_dag to None, run_after=None
[2024-05-05T10:51:05.632+0000] {processor.py:183} INFO - Processing /home/airflow/.local/lib/python3.12/site-packages/airflow/example_dags/tutorial_dag.py took 0.111 seconds
[2024-05-05T10:51:36.568+0000] {processor.py:161} INFO - Started process (PID=17405) to work on /home/airflow/.local/lib/python3.12/site-packages/airflow/example_dags/tutorial_dag.py
[2024-05-05T10:51:36.569+0000] {processor.py:830} INFO - Processing file /home/airflow/.local/lib/python3.12/site-packages/airflow/example_dags/tutorial_dag.py for tasks to queue
[2024-05-05T10:51:36.570+0000] {logging_mixin.py:188} INFO - [2024-05-05T10:51:36.570+0000] {dagbag.py:540} INFO - Filling up the DagBag from /home/airflow/.local/lib/python3.12/site-packages/airflow/example_dags/tutorial_dag.py
[2024-05-05T10:51:36.576+0000] {processor.py:840} INFO - DAG(s) 'tutorial_dag' retrieved from /home/airflow/.local/lib/python3.12/site-packages/airflow/example_dags/tutorial_dag.py
[2024-05-05T10:51:36.597+0000] {logging_mixin.py:188} INFO - [2024-05-05T10:51:36.597+0000] {dag.py:3096} INFO - Sync 1 DAGs
[2024-05-05T10:51:36.611+0000] {logging_mixin.py:188} INFO - [2024-05-05T10:51:36.611+0000] {dag.py:3954} INFO - Setting next_dagrun for tutorial_dag to None, run_after=None
[2024-05-05T10:51:36.639+0000] {processor.py:183} INFO - Processing /home/airflow/.local/lib/python3.12/site-packages/airflow/example_dags/tutorial_dag.py took 0.078 seconds
[2024-05-05T10:52:07.143+0000] {processor.py:161} INFO - Started process (PID=17682) to work on /home/airflow/.local/lib/python3.12/site-packages/airflow/example_dags/tutorial_dag.py
[2024-05-05T10:52:07.144+0000] {processor.py:830} INFO - Processing file /home/airflow/.local/lib/python3.12/site-packages/airflow/example_dags/tutorial_dag.py for tasks to queue
[2024-05-05T10:52:07.146+0000] {logging_mixin.py:188} INFO - [2024-05-05T10:52:07.145+0000] {dagbag.py:540} INFO - Filling up the DagBag from /home/airflow/.local/lib/python3.12/site-packages/airflow/example_dags/tutorial_dag.py
[2024-05-05T10:52:07.152+0000] {processor.py:840} INFO - DAG(s) 'tutorial_dag' retrieved from /home/airflow/.local/lib/python3.12/site-packages/airflow/example_dags/tutorial_dag.py
[2024-05-05T10:52:07.173+0000] {logging_mixin.py:188} INFO - [2024-05-05T10:52:07.173+0000] {dag.py:3096} INFO - Sync 1 DAGs
[2024-05-05T10:52:07.196+0000] {logging_mixin.py:188} INFO - [2024-05-05T10:52:07.188+0000] {dag.py:3954} INFO - Setting next_dagrun for tutorial_dag to None, run_after=None
[2024-05-05T10:52:07.231+0000] {processor.py:183} INFO - Processing /home/airflow/.local/lib/python3.12/site-packages/airflow/example_dags/tutorial_dag.py took 0.094 seconds
[2024-05-05T10:52:43.709+0000] {processor.py:161} INFO - Started process (PID=17997) to work on /home/airflow/.local/lib/python3.12/site-packages/airflow/example_dags/tutorial_dag.py
[2024-05-05T10:52:43.714+0000] {processor.py:830} INFO - Processing file /home/airflow/.local/lib/python3.12/site-packages/airflow/example_dags/tutorial_dag.py for tasks to queue
[2024-05-05T10:52:43.732+0000] {logging_mixin.py:188} INFO - [2024-05-05T10:52:43.732+0000] {dagbag.py:540} INFO - Filling up the DagBag from /home/airflow/.local/lib/python3.12/site-packages/airflow/example_dags/tutorial_dag.py
[2024-05-05T10:52:43.755+0000] {processor.py:840} INFO - DAG(s) 'tutorial_dag' retrieved from /home/airflow/.local/lib/python3.12/site-packages/airflow/example_dags/tutorial_dag.py
[2024-05-05T10:52:43.831+0000] {logging_mixin.py:188} INFO - [2024-05-05T10:52:43.831+0000] {dag.py:3096} INFO - Sync 1 DAGs
[2024-05-05T10:52:43.921+0000] {logging_mixin.py:188} INFO - [2024-05-05T10:52:43.921+0000] {dag.py:3954} INFO - Setting next_dagrun for tutorial_dag to None, run_after=None
[2024-05-05T10:52:44.034+0000] {processor.py:183} INFO - Processing /home/airflow/.local/lib/python3.12/site-packages/airflow/example_dags/tutorial_dag.py took 0.347 seconds
[2024-05-05T10:53:14.535+0000] {processor.py:161} INFO - Started process (PID=18280) to work on /home/airflow/.local/lib/python3.12/site-packages/airflow/example_dags/tutorial_dag.py
[2024-05-05T10:53:14.535+0000] {processor.py:830} INFO - Processing file /home/airflow/.local/lib/python3.12/site-packages/airflow/example_dags/tutorial_dag.py for tasks to queue
[2024-05-05T10:53:14.536+0000] {logging_mixin.py:188} INFO - [2024-05-05T10:53:14.536+0000] {dagbag.py:540} INFO - Filling up the DagBag from /home/airflow/.local/lib/python3.12/site-packages/airflow/example_dags/tutorial_dag.py
[2024-05-05T10:53:14.540+0000] {processor.py:840} INFO - DAG(s) 'tutorial_dag' retrieved from /home/airflow/.local/lib/python3.12/site-packages/airflow/example_dags/tutorial_dag.py
[2024-05-05T10:53:14.556+0000] {logging_mixin.py:188} INFO - [2024-05-05T10:53:14.556+0000] {dag.py:3096} INFO - Sync 1 DAGs
[2024-05-05T10:53:14.566+0000] {logging_mixin.py:188} INFO - [2024-05-05T10:53:14.566+0000] {dag.py:3954} INFO - Setting next_dagrun for tutorial_dag to None, run_after=None
[2024-05-05T10:53:14.587+0000] {processor.py:183} INFO - Processing /home/airflow/.local/lib/python3.12/site-packages/airflow/example_dags/tutorial_dag.py took 0.058 seconds
[2024-05-05T10:53:45.410+0000] {processor.py:161} INFO - Started process (PID=18556) to work on /home/airflow/.local/lib/python3.12/site-packages/airflow/example_dags/tutorial_dag.py
[2024-05-05T10:53:45.411+0000] {processor.py:830} INFO - Processing file /home/airflow/.local/lib/python3.12/site-packages/airflow/example_dags/tutorial_dag.py for tasks to queue
[2024-05-05T10:53:45.412+0000] {logging_mixin.py:188} INFO - [2024-05-05T10:53:45.412+0000] {dagbag.py:540} INFO - Filling up the DagBag from /home/airflow/.local/lib/python3.12/site-packages/airflow/example_dags/tutorial_dag.py
[2024-05-05T10:53:45.418+0000] {processor.py:840} INFO - DAG(s) 'tutorial_dag' retrieved from /home/airflow/.local/lib/python3.12/site-packages/airflow/example_dags/tutorial_dag.py
[2024-05-05T10:53:45.435+0000] {logging_mixin.py:188} INFO - [2024-05-05T10:53:45.434+0000] {dag.py:3096} INFO - Sync 1 DAGs
[2024-05-05T10:53:45.446+0000] {logging_mixin.py:188} INFO - [2024-05-05T10:53:45.446+0000] {dag.py:3954} INFO - Setting next_dagrun for tutorial_dag to None, run_after=None
[2024-05-05T10:53:45.465+0000] {processor.py:183} INFO - Processing /home/airflow/.local/lib/python3.12/site-packages/airflow/example_dags/tutorial_dag.py took 0.062 seconds
[2024-05-05T10:54:15.809+0000] {processor.py:161} INFO - Started process (PID=18846) to work on /home/airflow/.local/lib/python3.12/site-packages/airflow/example_dags/tutorial_dag.py
[2024-05-05T10:54:15.809+0000] {processor.py:830} INFO - Processing file /home/airflow/.local/lib/python3.12/site-packages/airflow/example_dags/tutorial_dag.py for tasks to queue
[2024-05-05T10:54:15.810+0000] {logging_mixin.py:188} INFO - [2024-05-05T10:54:15.810+0000] {dagbag.py:540} INFO - Filling up the DagBag from /home/airflow/.local/lib/python3.12/site-packages/airflow/example_dags/tutorial_dag.py
[2024-05-05T10:54:15.815+0000] {processor.py:840} INFO - DAG(s) 'tutorial_dag' retrieved from /home/airflow/.local/lib/python3.12/site-packages/airflow/example_dags/tutorial_dag.py
[2024-05-05T10:54:15.830+0000] {logging_mixin.py:188} INFO - [2024-05-05T10:54:15.830+0000] {dag.py:3096} INFO - Sync 1 DAGs
[2024-05-05T10:54:15.841+0000] {logging_mixin.py:188} INFO - [2024-05-05T10:54:15.841+0000] {dag.py:3954} INFO - Setting next_dagrun for tutorial_dag to None, run_after=None
[2024-05-05T10:54:15.864+0000] {processor.py:183} INFO - Processing /home/airflow/.local/lib/python3.12/site-packages/airflow/example_dags/tutorial_dag.py took 0.060 seconds
[2024-05-05T10:54:46.370+0000] {processor.py:161} INFO - Started process (PID=19180) to work on /home/airflow/.local/lib/python3.12/site-packages/airflow/example_dags/tutorial_dag.py
[2024-05-05T10:54:46.373+0000] {processor.py:830} INFO - Processing file /home/airflow/.local/lib/python3.12/site-packages/airflow/example_dags/tutorial_dag.py for tasks to queue
[2024-05-05T10:54:46.374+0000] {logging_mixin.py:188} INFO - [2024-05-05T10:54:46.374+0000] {dagbag.py:540} INFO - Filling up the DagBag from /home/airflow/.local/lib/python3.12/site-packages/airflow/example_dags/tutorial_dag.py
[2024-05-05T10:54:46.378+0000] {processor.py:840} INFO - DAG(s) 'tutorial_dag' retrieved from /home/airflow/.local/lib/python3.12/site-packages/airflow/example_dags/tutorial_dag.py
[2024-05-05T10:54:46.393+0000] {logging_mixin.py:188} INFO - [2024-05-05T10:54:46.393+0000] {dag.py:3096} INFO - Sync 1 DAGs
[2024-05-05T10:54:46.404+0000] {logging_mixin.py:188} INFO - [2024-05-05T10:54:46.403+0000] {dag.py:3954} INFO - Setting next_dagrun for tutorial_dag to None, run_after=None
[2024-05-05T10:54:46.424+0000] {processor.py:183} INFO - Processing /home/airflow/.local/lib/python3.12/site-packages/airflow/example_dags/tutorial_dag.py took 0.060 seconds
[2024-05-05T10:55:17.172+0000] {processor.py:161} INFO - Started process (PID=19457) to work on /home/airflow/.local/lib/python3.12/site-packages/airflow/example_dags/tutorial_dag.py
[2024-05-05T10:55:17.172+0000] {processor.py:830} INFO - Processing file /home/airflow/.local/lib/python3.12/site-packages/airflow/example_dags/tutorial_dag.py for tasks to queue
[2024-05-05T10:55:17.173+0000] {logging_mixin.py:188} INFO - [2024-05-05T10:55:17.173+0000] {dagbag.py:540} INFO - Filling up the DagBag from /home/airflow/.local/lib/python3.12/site-packages/airflow/example_dags/tutorial_dag.py
[2024-05-05T10:55:17.178+0000] {processor.py:840} INFO - DAG(s) 'tutorial_dag' retrieved from /home/airflow/.local/lib/python3.12/site-packages/airflow/example_dags/tutorial_dag.py
[2024-05-05T10:55:17.194+0000] {logging_mixin.py:188} INFO - [2024-05-05T10:55:17.194+0000] {dag.py:3096} INFO - Sync 1 DAGs
[2024-05-05T10:55:17.204+0000] {logging_mixin.py:188} INFO - [2024-05-05T10:55:17.204+0000] {dag.py:3954} INFO - Setting next_dagrun for tutorial_dag to None, run_after=None
[2024-05-05T10:55:17.226+0000] {processor.py:183} INFO - Processing /home/airflow/.local/lib/python3.12/site-packages/airflow/example_dags/tutorial_dag.py took 0.059 seconds
[2024-05-05T10:55:47.710+0000] {processor.py:161} INFO - Started process (PID=19731) to work on /home/airflow/.local/lib/python3.12/site-packages/airflow/example_dags/tutorial_dag.py
[2024-05-05T10:55:47.711+0000] {processor.py:830} INFO - Processing file /home/airflow/.local/lib/python3.12/site-packages/airflow/example_dags/tutorial_dag.py for tasks to queue
[2024-05-05T10:55:47.712+0000] {logging_mixin.py:188} INFO - [2024-05-05T10:55:47.712+0000] {dagbag.py:540} INFO - Filling up the DagBag from /home/airflow/.local/lib/python3.12/site-packages/airflow/example_dags/tutorial_dag.py
[2024-05-05T10:55:47.718+0000] {processor.py:840} INFO - DAG(s) 'tutorial_dag' retrieved from /home/airflow/.local/lib/python3.12/site-packages/airflow/example_dags/tutorial_dag.py
[2024-05-05T10:55:47.752+0000] {logging_mixin.py:188} INFO - [2024-05-05T10:55:47.752+0000] {dag.py:3096} INFO - Sync 1 DAGs
[2024-05-05T10:55:47.764+0000] {logging_mixin.py:188} INFO - [2024-05-05T10:55:47.763+0000] {dag.py:3954} INFO - Setting next_dagrun for tutorial_dag to None, run_after=None
[2024-05-05T10:55:47.785+0000] {processor.py:183} INFO - Processing /home/airflow/.local/lib/python3.12/site-packages/airflow/example_dags/tutorial_dag.py took 0.081 seconds
