[2024-05-05T10:19:25.498+0000] {processor.py:161} INFO - Started process (PID=323) to work on /home/airflow/.local/lib/python3.12/site-packages/airflow/example_dags/tutorial.py
[2024-05-05T10:19:25.498+0000] {processor.py:830} INFO - Processing file /home/airflow/.local/lib/python3.12/site-packages/airflow/example_dags/tutorial.py for tasks to queue
[2024-05-05T10:19:25.503+0000] {logging_mixin.py:188} INFO - [2024-05-05T10:19:25.500+0000] {dagbag.py:540} INFO - Filling up the DagBag from /home/airflow/.local/lib/python3.12/site-packages/airflow/example_dags/tutorial.py
[2024-05-05T10:19:25.514+0000] {processor.py:840} INFO - DAG(s) 'tutorial' retrieved from /home/airflow/.local/lib/python3.12/site-packages/airflow/example_dags/tutorial.py
[2024-05-05T10:19:25.896+0000] {logging_mixin.py:188} INFO - [2024-05-05T10:19:25.895+0000] {override.py:1829} INFO - Created Permission View: can delete on DAG:tutorial
[2024-05-05T10:19:25.931+0000] {logging_mixin.py:188} INFO - [2024-05-05T10:19:25.931+0000] {override.py:1829} INFO - Created Permission View: can edit on DAG:tutorial
[2024-05-05T10:19:25.965+0000] {logging_mixin.py:188} INFO - [2024-05-05T10:19:25.964+0000] {override.py:1829} INFO - Created Permission View: can read on DAG:tutorial
[2024-05-05T10:19:25.965+0000] {logging_mixin.py:188} INFO - [2024-05-05T10:19:25.965+0000] {dag.py:3096} INFO - Sync 1 DAGs
[2024-05-05T10:19:26.002+0000] {logging_mixin.py:188} INFO - [2024-05-05T10:19:26.002+0000] {dag.py:3118} INFO - Creating ORM DAG for tutorial
[2024-05-05T10:19:26.031+0000] {logging_mixin.py:188} INFO - [2024-05-05T10:19:26.031+0000] {dag.py:3954} INFO - Setting next_dagrun for tutorial to 2024-05-04 00:00:00+00:00, run_after=2024-05-05 00:00:00+00:00
[2024-05-05T10:19:26.068+0000] {processor.py:183} INFO - Processing /home/airflow/.local/lib/python3.12/site-packages/airflow/example_dags/tutorial.py took 0.628 seconds
[2024-05-05T10:19:56.225+0000] {processor.py:161} INFO - Started process (PID=587) to work on /home/airflow/.local/lib/python3.12/site-packages/airflow/example_dags/tutorial.py
[2024-05-05T10:19:56.226+0000] {processor.py:830} INFO - Processing file /home/airflow/.local/lib/python3.12/site-packages/airflow/example_dags/tutorial.py for tasks to queue
[2024-05-05T10:19:56.227+0000] {logging_mixin.py:188} INFO - [2024-05-05T10:19:56.226+0000] {dagbag.py:540} INFO - Filling up the DagBag from /home/airflow/.local/lib/python3.12/site-packages/airflow/example_dags/tutorial.py
[2024-05-05T10:19:56.231+0000] {processor.py:840} INFO - DAG(s) 'tutorial' retrieved from /home/airflow/.local/lib/python3.12/site-packages/airflow/example_dags/tutorial.py
[2024-05-05T10:19:56.246+0000] {logging_mixin.py:188} INFO - [2024-05-05T10:19:56.246+0000] {dag.py:3096} INFO - Sync 1 DAGs
[2024-05-05T10:19:56.263+0000] {logging_mixin.py:188} INFO - [2024-05-05T10:19:56.263+0000] {dag.py:3954} INFO - Setting next_dagrun for tutorial to 2024-05-04 00:00:00+00:00, run_after=2024-05-05 00:00:00+00:00
[2024-05-05T10:19:56.282+0000] {processor.py:183} INFO - Processing /home/airflow/.local/lib/python3.12/site-packages/airflow/example_dags/tutorial.py took 0.063 seconds
[2024-05-05T10:20:26.489+0000] {processor.py:161} INFO - Started process (PID=847) to work on /home/airflow/.local/lib/python3.12/site-packages/airflow/example_dags/tutorial.py
[2024-05-05T10:20:26.489+0000] {processor.py:830} INFO - Processing file /home/airflow/.local/lib/python3.12/site-packages/airflow/example_dags/tutorial.py for tasks to queue
[2024-05-05T10:20:26.491+0000] {logging_mixin.py:188} INFO - [2024-05-05T10:20:26.491+0000] {dagbag.py:540} INFO - Filling up the DagBag from /home/airflow/.local/lib/python3.12/site-packages/airflow/example_dags/tutorial.py
[2024-05-05T10:20:26.496+0000] {processor.py:840} INFO - DAG(s) 'tutorial' retrieved from /home/airflow/.local/lib/python3.12/site-packages/airflow/example_dags/tutorial.py
[2024-05-05T10:20:26.517+0000] {logging_mixin.py:188} INFO - [2024-05-05T10:20:26.517+0000] {dag.py:3096} INFO - Sync 1 DAGs
[2024-05-05T10:20:26.540+0000] {logging_mixin.py:188} INFO - [2024-05-05T10:20:26.540+0000] {dag.py:3954} INFO - Setting next_dagrun for tutorial to 2024-05-04 00:00:00+00:00, run_after=2024-05-05 00:00:00+00:00
[2024-05-05T10:20:26.566+0000] {processor.py:183} INFO - Processing /home/airflow/.local/lib/python3.12/site-packages/airflow/example_dags/tutorial.py took 0.083 seconds
[2024-05-05T10:20:56.668+0000] {processor.py:161} INFO - Started process (PID=1111) to work on /home/airflow/.local/lib/python3.12/site-packages/airflow/example_dags/tutorial.py
[2024-05-05T10:20:56.669+0000] {processor.py:830} INFO - Processing file /home/airflow/.local/lib/python3.12/site-packages/airflow/example_dags/tutorial.py for tasks to queue
[2024-05-05T10:20:56.670+0000] {logging_mixin.py:188} INFO - [2024-05-05T10:20:56.670+0000] {dagbag.py:540} INFO - Filling up the DagBag from /home/airflow/.local/lib/python3.12/site-packages/airflow/example_dags/tutorial.py
[2024-05-05T10:20:56.677+0000] {processor.py:840} INFO - DAG(s) 'tutorial' retrieved from /home/airflow/.local/lib/python3.12/site-packages/airflow/example_dags/tutorial.py
[2024-05-05T10:20:56.700+0000] {logging_mixin.py:188} INFO - [2024-05-05T10:20:56.699+0000] {dag.py:3096} INFO - Sync 1 DAGs
[2024-05-05T10:20:56.720+0000] {logging_mixin.py:188} INFO - [2024-05-05T10:20:56.720+0000] {dag.py:3954} INFO - Setting next_dagrun for tutorial to 2024-05-04 00:00:00+00:00, run_after=2024-05-05 00:00:00+00:00
[2024-05-05T10:20:56.741+0000] {processor.py:183} INFO - Processing /home/airflow/.local/lib/python3.12/site-packages/airflow/example_dags/tutorial.py took 0.080 seconds
[2024-05-05T10:21:27.029+0000] {processor.py:161} INFO - Started process (PID=1371) to work on /home/airflow/.local/lib/python3.12/site-packages/airflow/example_dags/tutorial.py
[2024-05-05T10:21:27.030+0000] {processor.py:830} INFO - Processing file /home/airflow/.local/lib/python3.12/site-packages/airflow/example_dags/tutorial.py for tasks to queue
[2024-05-05T10:21:27.032+0000] {logging_mixin.py:188} INFO - [2024-05-05T10:21:27.031+0000] {dagbag.py:540} INFO - Filling up the DagBag from /home/airflow/.local/lib/python3.12/site-packages/airflow/example_dags/tutorial.py
[2024-05-05T10:21:27.038+0000] {processor.py:840} INFO - DAG(s) 'tutorial' retrieved from /home/airflow/.local/lib/python3.12/site-packages/airflow/example_dags/tutorial.py
[2024-05-05T10:21:27.061+0000] {logging_mixin.py:188} INFO - [2024-05-05T10:21:27.061+0000] {dag.py:3096} INFO - Sync 1 DAGs
[2024-05-05T10:21:27.088+0000] {logging_mixin.py:188} INFO - [2024-05-05T10:21:27.087+0000] {dag.py:3954} INFO - Setting next_dagrun for tutorial to 2024-05-04 00:00:00+00:00, run_after=2024-05-05 00:00:00+00:00
[2024-05-05T10:21:27.112+0000] {processor.py:183} INFO - Processing /home/airflow/.local/lib/python3.12/site-packages/airflow/example_dags/tutorial.py took 0.090 seconds
[2024-05-05T10:21:57.990+0000] {processor.py:161} INFO - Started process (PID=1634) to work on /home/airflow/.local/lib/python3.12/site-packages/airflow/example_dags/tutorial.py
[2024-05-05T10:21:57.991+0000] {processor.py:830} INFO - Processing file /home/airflow/.local/lib/python3.12/site-packages/airflow/example_dags/tutorial.py for tasks to queue
[2024-05-05T10:21:57.992+0000] {logging_mixin.py:188} INFO - [2024-05-05T10:21:57.992+0000] {dagbag.py:540} INFO - Filling up the DagBag from /home/airflow/.local/lib/python3.12/site-packages/airflow/example_dags/tutorial.py
[2024-05-05T10:21:58.000+0000] {processor.py:840} INFO - DAG(s) 'tutorial' retrieved from /home/airflow/.local/lib/python3.12/site-packages/airflow/example_dags/tutorial.py
[2024-05-05T10:21:58.046+0000] {logging_mixin.py:188} INFO - [2024-05-05T10:21:58.046+0000] {dag.py:3096} INFO - Sync 1 DAGs
[2024-05-05T10:21:58.107+0000] {logging_mixin.py:188} INFO - [2024-05-05T10:21:58.106+0000] {dag.py:3954} INFO - Setting next_dagrun for tutorial to 2024-05-04 00:00:00+00:00, run_after=2024-05-05 00:00:00+00:00
[2024-05-05T10:21:58.213+0000] {processor.py:183} INFO - Processing /home/airflow/.local/lib/python3.12/site-packages/airflow/example_dags/tutorial.py took 0.233 seconds
[2024-05-05T10:22:28.878+0000] {processor.py:161} INFO - Started process (PID=1898) to work on /home/airflow/.local/lib/python3.12/site-packages/airflow/example_dags/tutorial.py
[2024-05-05T10:22:28.885+0000] {processor.py:830} INFO - Processing file /home/airflow/.local/lib/python3.12/site-packages/airflow/example_dags/tutorial.py for tasks to queue
[2024-05-05T10:22:28.886+0000] {logging_mixin.py:188} INFO - [2024-05-05T10:22:28.886+0000] {dagbag.py:540} INFO - Filling up the DagBag from /home/airflow/.local/lib/python3.12/site-packages/airflow/example_dags/tutorial.py
[2024-05-05T10:22:28.896+0000] {processor.py:840} INFO - DAG(s) 'tutorial' retrieved from /home/airflow/.local/lib/python3.12/site-packages/airflow/example_dags/tutorial.py
[2024-05-05T10:22:28.999+0000] {logging_mixin.py:188} INFO - [2024-05-05T10:22:28.999+0000] {dag.py:3096} INFO - Sync 1 DAGs
[2024-05-05T10:22:29.073+0000] {logging_mixin.py:188} INFO - [2024-05-05T10:22:29.073+0000] {dag.py:3954} INFO - Setting next_dagrun for tutorial to 2024-05-04 00:00:00+00:00, run_after=2024-05-05 00:00:00+00:00
[2024-05-05T10:22:29.104+0000] {processor.py:183} INFO - Processing /home/airflow/.local/lib/python3.12/site-packages/airflow/example_dags/tutorial.py took 0.232 seconds
[2024-05-05T10:23:00.298+0000] {processor.py:161} INFO - Started process (PID=2259) to work on /home/airflow/.local/lib/python3.12/site-packages/airflow/example_dags/tutorial.py
[2024-05-05T10:23:00.304+0000] {processor.py:830} INFO - Processing file /home/airflow/.local/lib/python3.12/site-packages/airflow/example_dags/tutorial.py for tasks to queue
[2024-05-05T10:23:00.314+0000] {logging_mixin.py:188} INFO - [2024-05-05T10:23:00.305+0000] {dagbag.py:540} INFO - Filling up the DagBag from /home/airflow/.local/lib/python3.12/site-packages/airflow/example_dags/tutorial.py
[2024-05-05T10:23:00.338+0000] {processor.py:840} INFO - DAG(s) 'tutorial' retrieved from /home/airflow/.local/lib/python3.12/site-packages/airflow/example_dags/tutorial.py
[2024-05-05T10:23:00.439+0000] {logging_mixin.py:188} INFO - [2024-05-05T10:23:00.439+0000] {dag.py:3096} INFO - Sync 1 DAGs
[2024-05-05T10:23:00.585+0000] {logging_mixin.py:188} INFO - [2024-05-05T10:23:00.584+0000] {dag.py:3954} INFO - Setting next_dagrun for tutorial to 2024-05-04 00:00:00+00:00, run_after=2024-05-05 00:00:00+00:00
[2024-05-05T10:23:00.668+0000] {processor.py:183} INFO - Processing /home/airflow/.local/lib/python3.12/site-packages/airflow/example_dags/tutorial.py took 0.414 seconds
[2024-05-05T10:23:31.243+0000] {processor.py:161} INFO - Started process (PID=2567) to work on /home/airflow/.local/lib/python3.12/site-packages/airflow/example_dags/tutorial.py
[2024-05-05T10:23:31.244+0000] {processor.py:830} INFO - Processing file /home/airflow/.local/lib/python3.12/site-packages/airflow/example_dags/tutorial.py for tasks to queue
[2024-05-05T10:23:31.246+0000] {logging_mixin.py:188} INFO - [2024-05-05T10:23:31.245+0000] {dagbag.py:540} INFO - Filling up the DagBag from /home/airflow/.local/lib/python3.12/site-packages/airflow/example_dags/tutorial.py
[2024-05-05T10:23:31.252+0000] {processor.py:840} INFO - DAG(s) 'tutorial' retrieved from /home/airflow/.local/lib/python3.12/site-packages/airflow/example_dags/tutorial.py
[2024-05-05T10:23:31.273+0000] {logging_mixin.py:188} INFO - [2024-05-05T10:23:31.273+0000] {dag.py:3096} INFO - Sync 1 DAGs
[2024-05-05T10:23:31.299+0000] {logging_mixin.py:188} INFO - [2024-05-05T10:23:31.298+0000] {dag.py:3954} INFO - Setting next_dagrun for tutorial to 2024-05-04 00:00:00+00:00, run_after=2024-05-05 00:00:00+00:00
[2024-05-05T10:23:31.327+0000] {processor.py:183} INFO - Processing /home/airflow/.local/lib/python3.12/site-packages/airflow/example_dags/tutorial.py took 0.090 seconds
[2024-05-05T10:24:01.690+0000] {processor.py:161} INFO - Started process (PID=2829) to work on /home/airflow/.local/lib/python3.12/site-packages/airflow/example_dags/tutorial.py
[2024-05-05T10:24:01.690+0000] {processor.py:830} INFO - Processing file /home/airflow/.local/lib/python3.12/site-packages/airflow/example_dags/tutorial.py for tasks to queue
[2024-05-05T10:24:01.692+0000] {logging_mixin.py:188} INFO - [2024-05-05T10:24:01.692+0000] {dagbag.py:540} INFO - Filling up the DagBag from /home/airflow/.local/lib/python3.12/site-packages/airflow/example_dags/tutorial.py
[2024-05-05T10:24:01.698+0000] {processor.py:840} INFO - DAG(s) 'tutorial' retrieved from /home/airflow/.local/lib/python3.12/site-packages/airflow/example_dags/tutorial.py
[2024-05-05T10:24:01.720+0000] {logging_mixin.py:188} INFO - [2024-05-05T10:24:01.719+0000] {dag.py:3096} INFO - Sync 1 DAGs
[2024-05-05T10:24:01.746+0000] {logging_mixin.py:188} INFO - [2024-05-05T10:24:01.746+0000] {dag.py:3954} INFO - Setting next_dagrun for tutorial to 2024-05-04 00:00:00+00:00, run_after=2024-05-05 00:00:00+00:00
[2024-05-05T10:24:01.772+0000] {processor.py:183} INFO - Processing /home/airflow/.local/lib/python3.12/site-packages/airflow/example_dags/tutorial.py took 0.089 seconds
[2024-05-05T10:24:32.467+0000] {processor.py:161} INFO - Started process (PID=3091) to work on /home/airflow/.local/lib/python3.12/site-packages/airflow/example_dags/tutorial.py
[2024-05-05T10:24:32.468+0000] {processor.py:830} INFO - Processing file /home/airflow/.local/lib/python3.12/site-packages/airflow/example_dags/tutorial.py for tasks to queue
[2024-05-05T10:24:32.469+0000] {logging_mixin.py:188} INFO - [2024-05-05T10:24:32.469+0000] {dagbag.py:540} INFO - Filling up the DagBag from /home/airflow/.local/lib/python3.12/site-packages/airflow/example_dags/tutorial.py
[2024-05-05T10:24:32.478+0000] {processor.py:840} INFO - DAG(s) 'tutorial' retrieved from /home/airflow/.local/lib/python3.12/site-packages/airflow/example_dags/tutorial.py
[2024-05-05T10:24:32.499+0000] {logging_mixin.py:188} INFO - [2024-05-05T10:24:32.499+0000] {dag.py:3096} INFO - Sync 1 DAGs
[2024-05-05T10:24:32.525+0000] {logging_mixin.py:188} INFO - [2024-05-05T10:24:32.525+0000] {dag.py:3954} INFO - Setting next_dagrun for tutorial to 2024-05-04 00:00:00+00:00, run_after=2024-05-05 00:00:00+00:00
[2024-05-05T10:24:32.566+0000] {processor.py:183} INFO - Processing /home/airflow/.local/lib/python3.12/site-packages/airflow/example_dags/tutorial.py took 0.105 seconds
[2024-05-05T10:25:02.979+0000] {processor.py:161} INFO - Started process (PID=3355) to work on /home/airflow/.local/lib/python3.12/site-packages/airflow/example_dags/tutorial.py
[2024-05-05T10:25:02.979+0000] {processor.py:830} INFO - Processing file /home/airflow/.local/lib/python3.12/site-packages/airflow/example_dags/tutorial.py for tasks to queue
[2024-05-05T10:25:02.982+0000] {logging_mixin.py:188} INFO - [2024-05-05T10:25:02.981+0000] {dagbag.py:540} INFO - Filling up the DagBag from /home/airflow/.local/lib/python3.12/site-packages/airflow/example_dags/tutorial.py
[2024-05-05T10:25:02.988+0000] {processor.py:840} INFO - DAG(s) 'tutorial' retrieved from /home/airflow/.local/lib/python3.12/site-packages/airflow/example_dags/tutorial.py
[2024-05-05T10:25:03.009+0000] {logging_mixin.py:188} INFO - [2024-05-05T10:25:03.009+0000] {dag.py:3096} INFO - Sync 1 DAGs
[2024-05-05T10:25:03.034+0000] {logging_mixin.py:188} INFO - [2024-05-05T10:25:03.034+0000] {dag.py:3954} INFO - Setting next_dagrun for tutorial to 2024-05-04 00:00:00+00:00, run_after=2024-05-05 00:00:00+00:00
[2024-05-05T10:25:03.057+0000] {processor.py:183} INFO - Processing /home/airflow/.local/lib/python3.12/site-packages/airflow/example_dags/tutorial.py took 0.086 seconds
[2024-05-05T10:25:33.427+0000] {processor.py:161} INFO - Started process (PID=3617) to work on /home/airflow/.local/lib/python3.12/site-packages/airflow/example_dags/tutorial.py
[2024-05-05T10:25:33.428+0000] {processor.py:830} INFO - Processing file /home/airflow/.local/lib/python3.12/site-packages/airflow/example_dags/tutorial.py for tasks to queue
[2024-05-05T10:25:33.430+0000] {logging_mixin.py:188} INFO - [2024-05-05T10:25:33.430+0000] {dagbag.py:540} INFO - Filling up the DagBag from /home/airflow/.local/lib/python3.12/site-packages/airflow/example_dags/tutorial.py
[2024-05-05T10:25:33.436+0000] {processor.py:840} INFO - DAG(s) 'tutorial' retrieved from /home/airflow/.local/lib/python3.12/site-packages/airflow/example_dags/tutorial.py
[2024-05-05T10:25:33.456+0000] {logging_mixin.py:188} INFO - [2024-05-05T10:25:33.456+0000] {dag.py:3096} INFO - Sync 1 DAGs
[2024-05-05T10:25:33.483+0000] {logging_mixin.py:188} INFO - [2024-05-05T10:25:33.482+0000] {dag.py:3954} INFO - Setting next_dagrun for tutorial to 2024-05-04 00:00:00+00:00, run_after=2024-05-05 00:00:00+00:00
[2024-05-05T10:25:33.504+0000] {processor.py:183} INFO - Processing /home/airflow/.local/lib/python3.12/site-packages/airflow/example_dags/tutorial.py took 0.086 seconds
[2024-05-05T10:26:03.672+0000] {processor.py:161} INFO - Started process (PID=3879) to work on /home/airflow/.local/lib/python3.12/site-packages/airflow/example_dags/tutorial.py
[2024-05-05T10:26:03.673+0000] {processor.py:830} INFO - Processing file /home/airflow/.local/lib/python3.12/site-packages/airflow/example_dags/tutorial.py for tasks to queue
[2024-05-05T10:26:03.674+0000] {logging_mixin.py:188} INFO - [2024-05-05T10:26:03.674+0000] {dagbag.py:540} INFO - Filling up the DagBag from /home/airflow/.local/lib/python3.12/site-packages/airflow/example_dags/tutorial.py
[2024-05-05T10:26:03.681+0000] {processor.py:840} INFO - DAG(s) 'tutorial' retrieved from /home/airflow/.local/lib/python3.12/site-packages/airflow/example_dags/tutorial.py
[2024-05-05T10:26:03.702+0000] {logging_mixin.py:188} INFO - [2024-05-05T10:26:03.701+0000] {dag.py:3096} INFO - Sync 1 DAGs
[2024-05-05T10:26:03.727+0000] {logging_mixin.py:188} INFO - [2024-05-05T10:26:03.727+0000] {dag.py:3954} INFO - Setting next_dagrun for tutorial to 2024-05-04 00:00:00+00:00, run_after=2024-05-05 00:00:00+00:00
[2024-05-05T10:26:03.754+0000] {processor.py:183} INFO - Processing /home/airflow/.local/lib/python3.12/site-packages/airflow/example_dags/tutorial.py took 0.089 seconds
[2024-05-05T10:26:34.213+0000] {processor.py:161} INFO - Started process (PID=4142) to work on /home/airflow/.local/lib/python3.12/site-packages/airflow/example_dags/tutorial.py
[2024-05-05T10:26:34.213+0000] {processor.py:830} INFO - Processing file /home/airflow/.local/lib/python3.12/site-packages/airflow/example_dags/tutorial.py for tasks to queue
[2024-05-05T10:26:34.215+0000] {logging_mixin.py:188} INFO - [2024-05-05T10:26:34.215+0000] {dagbag.py:540} INFO - Filling up the DagBag from /home/airflow/.local/lib/python3.12/site-packages/airflow/example_dags/tutorial.py
[2024-05-05T10:26:34.222+0000] {processor.py:840} INFO - DAG(s) 'tutorial' retrieved from /home/airflow/.local/lib/python3.12/site-packages/airflow/example_dags/tutorial.py
[2024-05-05T10:26:34.244+0000] {logging_mixin.py:188} INFO - [2024-05-05T10:26:34.244+0000] {dag.py:3096} INFO - Sync 1 DAGs
[2024-05-05T10:26:34.273+0000] {logging_mixin.py:188} INFO - [2024-05-05T10:26:34.272+0000] {dag.py:3954} INFO - Setting next_dagrun for tutorial to 2024-05-04 00:00:00+00:00, run_after=2024-05-05 00:00:00+00:00
[2024-05-05T10:26:34.306+0000] {processor.py:183} INFO - Processing /home/airflow/.local/lib/python3.12/site-packages/airflow/example_dags/tutorial.py took 0.100 seconds
[2024-05-05T10:27:04.675+0000] {processor.py:161} INFO - Started process (PID=4403) to work on /home/airflow/.local/lib/python3.12/site-packages/airflow/example_dags/tutorial.py
[2024-05-05T10:27:04.685+0000] {processor.py:830} INFO - Processing file /home/airflow/.local/lib/python3.12/site-packages/airflow/example_dags/tutorial.py for tasks to queue
[2024-05-05T10:27:04.687+0000] {logging_mixin.py:188} INFO - [2024-05-05T10:27:04.687+0000] {dagbag.py:540} INFO - Filling up the DagBag from /home/airflow/.local/lib/python3.12/site-packages/airflow/example_dags/tutorial.py
[2024-05-05T10:27:04.693+0000] {processor.py:840} INFO - DAG(s) 'tutorial' retrieved from /home/airflow/.local/lib/python3.12/site-packages/airflow/example_dags/tutorial.py
[2024-05-05T10:27:04.714+0000] {logging_mixin.py:188} INFO - [2024-05-05T10:27:04.714+0000] {dag.py:3096} INFO - Sync 1 DAGs
[2024-05-05T10:27:04.739+0000] {logging_mixin.py:188} INFO - [2024-05-05T10:27:04.739+0000] {dag.py:3954} INFO - Setting next_dagrun for tutorial to 2024-05-04 00:00:00+00:00, run_after=2024-05-05 00:00:00+00:00
[2024-05-05T10:27:04.764+0000] {processor.py:183} INFO - Processing /home/airflow/.local/lib/python3.12/site-packages/airflow/example_dags/tutorial.py took 0.123 seconds
[2024-05-05T10:27:35.077+0000] {processor.py:161} INFO - Started process (PID=4666) to work on /home/airflow/.local/lib/python3.12/site-packages/airflow/example_dags/tutorial.py
[2024-05-05T10:27:35.077+0000] {processor.py:830} INFO - Processing file /home/airflow/.local/lib/python3.12/site-packages/airflow/example_dags/tutorial.py for tasks to queue
[2024-05-05T10:27:35.080+0000] {logging_mixin.py:188} INFO - [2024-05-05T10:27:35.079+0000] {dagbag.py:540} INFO - Filling up the DagBag from /home/airflow/.local/lib/python3.12/site-packages/airflow/example_dags/tutorial.py
[2024-05-05T10:27:35.086+0000] {processor.py:840} INFO - DAG(s) 'tutorial' retrieved from /home/airflow/.local/lib/python3.12/site-packages/airflow/example_dags/tutorial.py
[2024-05-05T10:27:35.121+0000] {logging_mixin.py:188} INFO - [2024-05-05T10:27:35.121+0000] {dag.py:3096} INFO - Sync 1 DAGs
[2024-05-05T10:27:35.169+0000] {logging_mixin.py:188} INFO - [2024-05-05T10:27:35.168+0000] {dag.py:3954} INFO - Setting next_dagrun for tutorial to 2024-05-04 00:00:00+00:00, run_after=2024-05-05 00:00:00+00:00
[2024-05-05T10:27:35.227+0000] {processor.py:183} INFO - Processing /home/airflow/.local/lib/python3.12/site-packages/airflow/example_dags/tutorial.py took 0.158 seconds
[2024-05-05T10:28:05.630+0000] {processor.py:161} INFO - Started process (PID=4929) to work on /home/airflow/.local/lib/python3.12/site-packages/airflow/example_dags/tutorial.py
[2024-05-05T10:28:05.630+0000] {processor.py:830} INFO - Processing file /home/airflow/.local/lib/python3.12/site-packages/airflow/example_dags/tutorial.py for tasks to queue
[2024-05-05T10:28:05.632+0000] {logging_mixin.py:188} INFO - [2024-05-05T10:28:05.632+0000] {dagbag.py:540} INFO - Filling up the DagBag from /home/airflow/.local/lib/python3.12/site-packages/airflow/example_dags/tutorial.py
[2024-05-05T10:28:05.640+0000] {processor.py:840} INFO - DAG(s) 'tutorial' retrieved from /home/airflow/.local/lib/python3.12/site-packages/airflow/example_dags/tutorial.py
[2024-05-05T10:28:05.688+0000] {logging_mixin.py:188} INFO - [2024-05-05T10:28:05.688+0000] {dag.py:3096} INFO - Sync 1 DAGs
[2024-05-05T10:28:05.714+0000] {logging_mixin.py:188} INFO - [2024-05-05T10:28:05.714+0000] {dag.py:3954} INFO - Setting next_dagrun for tutorial to 2024-05-04 00:00:00+00:00, run_after=2024-05-05 00:00:00+00:00
[2024-05-05T10:28:05.738+0000] {processor.py:183} INFO - Processing /home/airflow/.local/lib/python3.12/site-packages/airflow/example_dags/tutorial.py took 0.115 seconds
[2024-05-05T10:28:35.784+0000] {processor.py:161} INFO - Started process (PID=5191) to work on /home/airflow/.local/lib/python3.12/site-packages/airflow/example_dags/tutorial.py
[2024-05-05T10:28:35.785+0000] {processor.py:830} INFO - Processing file /home/airflow/.local/lib/python3.12/site-packages/airflow/example_dags/tutorial.py for tasks to queue
[2024-05-05T10:28:35.787+0000] {logging_mixin.py:188} INFO - [2024-05-05T10:28:35.786+0000] {dagbag.py:540} INFO - Filling up the DagBag from /home/airflow/.local/lib/python3.12/site-packages/airflow/example_dags/tutorial.py
[2024-05-05T10:28:35.794+0000] {processor.py:840} INFO - DAG(s) 'tutorial' retrieved from /home/airflow/.local/lib/python3.12/site-packages/airflow/example_dags/tutorial.py
[2024-05-05T10:28:35.815+0000] {logging_mixin.py:188} INFO - [2024-05-05T10:28:35.815+0000] {dag.py:3096} INFO - Sync 1 DAGs
[2024-05-05T10:28:35.842+0000] {logging_mixin.py:188} INFO - [2024-05-05T10:28:35.842+0000] {dag.py:3954} INFO - Setting next_dagrun for tutorial to 2024-05-04 00:00:00+00:00, run_after=2024-05-05 00:00:00+00:00
[2024-05-05T10:28:35.874+0000] {processor.py:183} INFO - Processing /home/airflow/.local/lib/python3.12/site-packages/airflow/example_dags/tutorial.py took 0.096 seconds
[2024-05-05T10:29:06.071+0000] {processor.py:161} INFO - Started process (PID=5455) to work on /home/airflow/.local/lib/python3.12/site-packages/airflow/example_dags/tutorial.py
[2024-05-05T10:29:06.072+0000] {processor.py:830} INFO - Processing file /home/airflow/.local/lib/python3.12/site-packages/airflow/example_dags/tutorial.py for tasks to queue
[2024-05-05T10:29:06.073+0000] {logging_mixin.py:188} INFO - [2024-05-05T10:29:06.073+0000] {dagbag.py:540} INFO - Filling up the DagBag from /home/airflow/.local/lib/python3.12/site-packages/airflow/example_dags/tutorial.py
[2024-05-05T10:29:06.080+0000] {processor.py:840} INFO - DAG(s) 'tutorial' retrieved from /home/airflow/.local/lib/python3.12/site-packages/airflow/example_dags/tutorial.py
[2024-05-05T10:29:06.103+0000] {logging_mixin.py:188} INFO - [2024-05-05T10:29:06.103+0000] {dag.py:3096} INFO - Sync 1 DAGs
[2024-05-05T10:29:06.129+0000] {logging_mixin.py:188} INFO - [2024-05-05T10:29:06.129+0000] {dag.py:3954} INFO - Setting next_dagrun for tutorial to 2024-05-04 00:00:00+00:00, run_after=2024-05-05 00:00:00+00:00
[2024-05-05T10:29:06.154+0000] {processor.py:183} INFO - Processing /home/airflow/.local/lib/python3.12/site-packages/airflow/example_dags/tutorial.py took 0.089 seconds
[2024-05-05T10:29:37.200+0000] {processor.py:161} INFO - Started process (PID=5722) to work on /home/airflow/.local/lib/python3.12/site-packages/airflow/example_dags/tutorial.py
[2024-05-05T10:29:37.200+0000] {processor.py:830} INFO - Processing file /home/airflow/.local/lib/python3.12/site-packages/airflow/example_dags/tutorial.py for tasks to queue
[2024-05-05T10:29:37.202+0000] {logging_mixin.py:188} INFO - [2024-05-05T10:29:37.202+0000] {dagbag.py:540} INFO - Filling up the DagBag from /home/airflow/.local/lib/python3.12/site-packages/airflow/example_dags/tutorial.py
[2024-05-05T10:29:37.209+0000] {processor.py:840} INFO - DAG(s) 'tutorial' retrieved from /home/airflow/.local/lib/python3.12/site-packages/airflow/example_dags/tutorial.py
[2024-05-05T10:29:37.232+0000] {logging_mixin.py:188} INFO - [2024-05-05T10:29:37.232+0000] {dag.py:3096} INFO - Sync 1 DAGs
[2024-05-05T10:29:37.259+0000] {logging_mixin.py:188} INFO - [2024-05-05T10:29:37.259+0000] {dag.py:3954} INFO - Setting next_dagrun for tutorial to 2024-05-04 00:00:00+00:00, run_after=2024-05-05 00:00:00+00:00
[2024-05-05T10:29:37.282+0000] {processor.py:183} INFO - Processing /home/airflow/.local/lib/python3.12/site-packages/airflow/example_dags/tutorial.py took 0.089 seconds
[2024-05-05T10:30:07.929+0000] {processor.py:161} INFO - Started process (PID=5996) to work on /home/airflow/.local/lib/python3.12/site-packages/airflow/example_dags/tutorial.py
[2024-05-05T10:30:07.929+0000] {processor.py:830} INFO - Processing file /home/airflow/.local/lib/python3.12/site-packages/airflow/example_dags/tutorial.py for tasks to queue
[2024-05-05T10:30:07.931+0000] {logging_mixin.py:188} INFO - [2024-05-05T10:30:07.931+0000] {dagbag.py:540} INFO - Filling up the DagBag from /home/airflow/.local/lib/python3.12/site-packages/airflow/example_dags/tutorial.py
[2024-05-05T10:30:07.936+0000] {processor.py:840} INFO - DAG(s) 'tutorial' retrieved from /home/airflow/.local/lib/python3.12/site-packages/airflow/example_dags/tutorial.py
[2024-05-05T10:30:07.958+0000] {logging_mixin.py:188} INFO - [2024-05-05T10:30:07.958+0000] {dag.py:3096} INFO - Sync 1 DAGs
[2024-05-05T10:30:07.995+0000] {logging_mixin.py:188} INFO - [2024-05-05T10:30:07.994+0000] {dag.py:3954} INFO - Setting next_dagrun for tutorial to 2024-05-04 00:00:00+00:00, run_after=2024-05-05 00:00:00+00:00
[2024-05-05T10:30:08.038+0000] {processor.py:183} INFO - Processing /home/airflow/.local/lib/python3.12/site-packages/airflow/example_dags/tutorial.py took 0.115 seconds
[2024-05-05T10:30:38.771+0000] {processor.py:161} INFO - Started process (PID=6263) to work on /home/airflow/.local/lib/python3.12/site-packages/airflow/example_dags/tutorial.py
[2024-05-05T10:30:38.772+0000] {processor.py:830} INFO - Processing file /home/airflow/.local/lib/python3.12/site-packages/airflow/example_dags/tutorial.py for tasks to queue
[2024-05-05T10:30:38.774+0000] {logging_mixin.py:188} INFO - [2024-05-05T10:30:38.773+0000] {dagbag.py:540} INFO - Filling up the DagBag from /home/airflow/.local/lib/python3.12/site-packages/airflow/example_dags/tutorial.py
[2024-05-05T10:30:38.780+0000] {processor.py:840} INFO - DAG(s) 'tutorial' retrieved from /home/airflow/.local/lib/python3.12/site-packages/airflow/example_dags/tutorial.py
[2024-05-05T10:30:38.802+0000] {logging_mixin.py:188} INFO - [2024-05-05T10:30:38.801+0000] {dag.py:3096} INFO - Sync 1 DAGs
[2024-05-05T10:30:38.832+0000] {logging_mixin.py:188} INFO - [2024-05-05T10:30:38.831+0000] {dag.py:3954} INFO - Setting next_dagrun for tutorial to 2024-05-04 00:00:00+00:00, run_after=2024-05-05 00:00:00+00:00
[2024-05-05T10:30:38.873+0000] {processor.py:183} INFO - Processing /home/airflow/.local/lib/python3.12/site-packages/airflow/example_dags/tutorial.py took 0.108 seconds
[2024-05-05T10:31:09.262+0000] {processor.py:161} INFO - Started process (PID=6530) to work on /home/airflow/.local/lib/python3.12/site-packages/airflow/example_dags/tutorial.py
[2024-05-05T10:31:09.262+0000] {processor.py:830} INFO - Processing file /home/airflow/.local/lib/python3.12/site-packages/airflow/example_dags/tutorial.py for tasks to queue
[2024-05-05T10:31:09.264+0000] {logging_mixin.py:188} INFO - [2024-05-05T10:31:09.264+0000] {dagbag.py:540} INFO - Filling up the DagBag from /home/airflow/.local/lib/python3.12/site-packages/airflow/example_dags/tutorial.py
[2024-05-05T10:31:09.270+0000] {processor.py:840} INFO - DAG(s) 'tutorial' retrieved from /home/airflow/.local/lib/python3.12/site-packages/airflow/example_dags/tutorial.py
[2024-05-05T10:31:09.293+0000] {logging_mixin.py:188} INFO - [2024-05-05T10:31:09.293+0000] {dag.py:3096} INFO - Sync 1 DAGs
[2024-05-05T10:31:09.320+0000] {logging_mixin.py:188} INFO - [2024-05-05T10:31:09.320+0000] {dag.py:3954} INFO - Setting next_dagrun for tutorial to 2024-05-04 00:00:00+00:00, run_after=2024-05-05 00:00:00+00:00
[2024-05-05T10:31:09.346+0000] {processor.py:183} INFO - Processing /home/airflow/.local/lib/python3.12/site-packages/airflow/example_dags/tutorial.py took 0.091 seconds
[2024-05-05T10:31:40.740+0000] {processor.py:161} INFO - Started process (PID=6797) to work on /home/airflow/.local/lib/python3.12/site-packages/airflow/example_dags/tutorial.py
[2024-05-05T10:31:40.741+0000] {processor.py:830} INFO - Processing file /home/airflow/.local/lib/python3.12/site-packages/airflow/example_dags/tutorial.py for tasks to queue
[2024-05-05T10:31:40.742+0000] {logging_mixin.py:188} INFO - [2024-05-05T10:31:40.742+0000] {dagbag.py:540} INFO - Filling up the DagBag from /home/airflow/.local/lib/python3.12/site-packages/airflow/example_dags/tutorial.py
[2024-05-05T10:31:40.749+0000] {processor.py:840} INFO - DAG(s) 'tutorial' retrieved from /home/airflow/.local/lib/python3.12/site-packages/airflow/example_dags/tutorial.py
[2024-05-05T10:31:40.771+0000] {logging_mixin.py:188} INFO - [2024-05-05T10:31:40.770+0000] {dag.py:3096} INFO - Sync 1 DAGs
[2024-05-05T10:31:40.950+0000] {logging_mixin.py:188} INFO - [2024-05-05T10:31:40.949+0000] {dag.py:3954} INFO - Setting next_dagrun for tutorial to 2024-05-04 00:00:00+00:00, run_after=2024-05-05 00:00:00+00:00
[2024-05-05T10:31:40.974+0000] {processor.py:183} INFO - Processing /home/airflow/.local/lib/python3.12/site-packages/airflow/example_dags/tutorial.py took 0.241 seconds
[2024-05-05T10:32:11.643+0000] {processor.py:161} INFO - Started process (PID=7065) to work on /home/airflow/.local/lib/python3.12/site-packages/airflow/example_dags/tutorial.py
[2024-05-05T10:32:11.644+0000] {processor.py:830} INFO - Processing file /home/airflow/.local/lib/python3.12/site-packages/airflow/example_dags/tutorial.py for tasks to queue
[2024-05-05T10:32:11.646+0000] {logging_mixin.py:188} INFO - [2024-05-05T10:32:11.646+0000] {dagbag.py:540} INFO - Filling up the DagBag from /home/airflow/.local/lib/python3.12/site-packages/airflow/example_dags/tutorial.py
[2024-05-05T10:32:11.652+0000] {processor.py:840} INFO - DAG(s) 'tutorial' retrieved from /home/airflow/.local/lib/python3.12/site-packages/airflow/example_dags/tutorial.py
[2024-05-05T10:32:11.676+0000] {logging_mixin.py:188} INFO - [2024-05-05T10:32:11.676+0000] {dag.py:3096} INFO - Sync 1 DAGs
[2024-05-05T10:32:11.699+0000] {logging_mixin.py:188} INFO - [2024-05-05T10:32:11.699+0000] {dag.py:3954} INFO - Setting next_dagrun for tutorial to 2024-05-04 00:00:00+00:00, run_after=2024-05-05 00:00:00+00:00
[2024-05-05T10:32:11.879+0000] {processor.py:183} INFO - Processing /home/airflow/.local/lib/python3.12/site-packages/airflow/example_dags/tutorial.py took 0.244 seconds
[2024-05-05T10:32:42.219+0000] {processor.py:161} INFO - Started process (PID=7333) to work on /home/airflow/.local/lib/python3.12/site-packages/airflow/example_dags/tutorial.py
[2024-05-05T10:32:42.220+0000] {processor.py:830} INFO - Processing file /home/airflow/.local/lib/python3.12/site-packages/airflow/example_dags/tutorial.py for tasks to queue
[2024-05-05T10:32:42.221+0000] {logging_mixin.py:188} INFO - [2024-05-05T10:32:42.221+0000] {dagbag.py:540} INFO - Filling up the DagBag from /home/airflow/.local/lib/python3.12/site-packages/airflow/example_dags/tutorial.py
[2024-05-05T10:32:42.228+0000] {processor.py:840} INFO - DAG(s) 'tutorial' retrieved from /home/airflow/.local/lib/python3.12/site-packages/airflow/example_dags/tutorial.py
[2024-05-05T10:32:42.250+0000] {logging_mixin.py:188} INFO - [2024-05-05T10:32:42.250+0000] {dag.py:3096} INFO - Sync 1 DAGs
[2024-05-05T10:32:42.277+0000] {logging_mixin.py:188} INFO - [2024-05-05T10:32:42.277+0000] {dag.py:3954} INFO - Setting next_dagrun for tutorial to 2024-05-04 00:00:00+00:00, run_after=2024-05-05 00:00:00+00:00
[2024-05-05T10:32:42.302+0000] {processor.py:183} INFO - Processing /home/airflow/.local/lib/python3.12/site-packages/airflow/example_dags/tutorial.py took 0.090 seconds
[2024-05-05T10:33:13.336+0000] {processor.py:161} INFO - Started process (PID=7603) to work on /home/airflow/.local/lib/python3.12/site-packages/airflow/example_dags/tutorial.py
[2024-05-05T10:33:13.336+0000] {processor.py:830} INFO - Processing file /home/airflow/.local/lib/python3.12/site-packages/airflow/example_dags/tutorial.py for tasks to queue
[2024-05-05T10:33:13.338+0000] {logging_mixin.py:188} INFO - [2024-05-05T10:33:13.338+0000] {dagbag.py:540} INFO - Filling up the DagBag from /home/airflow/.local/lib/python3.12/site-packages/airflow/example_dags/tutorial.py
[2024-05-05T10:33:13.345+0000] {processor.py:840} INFO - DAG(s) 'tutorial' retrieved from /home/airflow/.local/lib/python3.12/site-packages/airflow/example_dags/tutorial.py
[2024-05-05T10:33:13.367+0000] {logging_mixin.py:188} INFO - [2024-05-05T10:33:13.367+0000] {dag.py:3096} INFO - Sync 1 DAGs
[2024-05-05T10:33:13.394+0000] {logging_mixin.py:188} INFO - [2024-05-05T10:33:13.393+0000] {dag.py:3954} INFO - Setting next_dagrun for tutorial to 2024-05-04 00:00:00+00:00, run_after=2024-05-05 00:00:00+00:00
[2024-05-05T10:33:13.416+0000] {processor.py:183} INFO - Processing /home/airflow/.local/lib/python3.12/site-packages/airflow/example_dags/tutorial.py took 0.087 seconds
[2024-05-05T10:33:44.115+0000] {processor.py:161} INFO - Started process (PID=7868) to work on /home/airflow/.local/lib/python3.12/site-packages/airflow/example_dags/tutorial.py
[2024-05-05T10:33:44.116+0000] {processor.py:830} INFO - Processing file /home/airflow/.local/lib/python3.12/site-packages/airflow/example_dags/tutorial.py for tasks to queue
[2024-05-05T10:33:44.117+0000] {logging_mixin.py:188} INFO - [2024-05-05T10:33:44.117+0000] {dagbag.py:540} INFO - Filling up the DagBag from /home/airflow/.local/lib/python3.12/site-packages/airflow/example_dags/tutorial.py
[2024-05-05T10:33:44.123+0000] {processor.py:840} INFO - DAG(s) 'tutorial' retrieved from /home/airflow/.local/lib/python3.12/site-packages/airflow/example_dags/tutorial.py
[2024-05-05T10:33:44.286+0000] {logging_mixin.py:188} INFO - [2024-05-05T10:33:44.286+0000] {dag.py:3096} INFO - Sync 1 DAGs
[2024-05-05T10:33:44.308+0000] {logging_mixin.py:188} INFO - [2024-05-05T10:33:44.308+0000] {dag.py:3954} INFO - Setting next_dagrun for tutorial to 2024-05-04 00:00:00+00:00, run_after=2024-05-05 00:00:00+00:00
[2024-05-05T10:33:44.331+0000] {processor.py:183} INFO - Processing /home/airflow/.local/lib/python3.12/site-packages/airflow/example_dags/tutorial.py took 0.222 seconds
[2024-05-05T10:34:14.923+0000] {processor.py:161} INFO - Started process (PID=8137) to work on /home/airflow/.local/lib/python3.12/site-packages/airflow/example_dags/tutorial.py
[2024-05-05T10:34:14.923+0000] {processor.py:830} INFO - Processing file /home/airflow/.local/lib/python3.12/site-packages/airflow/example_dags/tutorial.py for tasks to queue
[2024-05-05T10:34:14.925+0000] {logging_mixin.py:188} INFO - [2024-05-05T10:34:14.925+0000] {dagbag.py:540} INFO - Filling up the DagBag from /home/airflow/.local/lib/python3.12/site-packages/airflow/example_dags/tutorial.py
[2024-05-05T10:34:14.931+0000] {processor.py:840} INFO - DAG(s) 'tutorial' retrieved from /home/airflow/.local/lib/python3.12/site-packages/airflow/example_dags/tutorial.py
[2024-05-05T10:34:14.957+0000] {logging_mixin.py:188} INFO - [2024-05-05T10:34:14.957+0000] {dag.py:3096} INFO - Sync 1 DAGs
[2024-05-05T10:34:14.980+0000] {logging_mixin.py:188} INFO - [2024-05-05T10:34:14.980+0000] {dag.py:3954} INFO - Setting next_dagrun for tutorial to 2024-05-04 00:00:00+00:00, run_after=2024-05-05 00:00:00+00:00
[2024-05-05T10:34:15.004+0000] {processor.py:183} INFO - Processing /home/airflow/.local/lib/python3.12/site-packages/airflow/example_dags/tutorial.py took 0.089 seconds
[2024-05-05T10:34:45.679+0000] {processor.py:161} INFO - Started process (PID=8404) to work on /home/airflow/.local/lib/python3.12/site-packages/airflow/example_dags/tutorial.py
[2024-05-05T10:34:45.680+0000] {processor.py:830} INFO - Processing file /home/airflow/.local/lib/python3.12/site-packages/airflow/example_dags/tutorial.py for tasks to queue
[2024-05-05T10:34:45.682+0000] {logging_mixin.py:188} INFO - [2024-05-05T10:34:45.681+0000] {dagbag.py:540} INFO - Filling up the DagBag from /home/airflow/.local/lib/python3.12/site-packages/airflow/example_dags/tutorial.py
[2024-05-05T10:34:45.693+0000] {processor.py:840} INFO - DAG(s) 'tutorial' retrieved from /home/airflow/.local/lib/python3.12/site-packages/airflow/example_dags/tutorial.py
[2024-05-05T10:34:45.713+0000] {logging_mixin.py:188} INFO - [2024-05-05T10:34:45.712+0000] {dag.py:3096} INFO - Sync 1 DAGs
[2024-05-05T10:34:45.744+0000] {logging_mixin.py:188} INFO - [2024-05-05T10:34:45.744+0000] {dag.py:3954} INFO - Setting next_dagrun for tutorial to 2024-05-04 00:00:00+00:00, run_after=2024-05-05 00:00:00+00:00
[2024-05-05T10:34:45.769+0000] {processor.py:183} INFO - Processing /home/airflow/.local/lib/python3.12/site-packages/airflow/example_dags/tutorial.py took 0.099 seconds
[2024-05-05T10:35:16.411+0000] {processor.py:161} INFO - Started process (PID=8672) to work on /home/airflow/.local/lib/python3.12/site-packages/airflow/example_dags/tutorial.py
[2024-05-05T10:35:16.411+0000] {processor.py:830} INFO - Processing file /home/airflow/.local/lib/python3.12/site-packages/airflow/example_dags/tutorial.py for tasks to queue
[2024-05-05T10:35:16.412+0000] {logging_mixin.py:188} INFO - [2024-05-05T10:35:16.412+0000] {dagbag.py:540} INFO - Filling up the DagBag from /home/airflow/.local/lib/python3.12/site-packages/airflow/example_dags/tutorial.py
[2024-05-05T10:35:16.417+0000] {processor.py:840} INFO - DAG(s) 'tutorial' retrieved from /home/airflow/.local/lib/python3.12/site-packages/airflow/example_dags/tutorial.py
[2024-05-05T10:35:16.438+0000] {logging_mixin.py:188} INFO - [2024-05-05T10:35:16.438+0000] {dag.py:3096} INFO - Sync 1 DAGs
[2024-05-05T10:35:16.481+0000] {logging_mixin.py:188} INFO - [2024-05-05T10:35:16.480+0000] {dag.py:3954} INFO - Setting next_dagrun for tutorial to 2024-05-04 00:00:00+00:00, run_after=2024-05-05 00:00:00+00:00
[2024-05-05T10:35:16.513+0000] {processor.py:183} INFO - Processing /home/airflow/.local/lib/python3.12/site-packages/airflow/example_dags/tutorial.py took 0.110 seconds
[2024-05-05T10:35:47.345+0000] {processor.py:161} INFO - Started process (PID=8939) to work on /home/airflow/.local/lib/python3.12/site-packages/airflow/example_dags/tutorial.py
[2024-05-05T10:35:47.346+0000] {processor.py:830} INFO - Processing file /home/airflow/.local/lib/python3.12/site-packages/airflow/example_dags/tutorial.py for tasks to queue
[2024-05-05T10:35:47.348+0000] {logging_mixin.py:188} INFO - [2024-05-05T10:35:47.348+0000] {dagbag.py:540} INFO - Filling up the DagBag from /home/airflow/.local/lib/python3.12/site-packages/airflow/example_dags/tutorial.py
[2024-05-05T10:35:47.360+0000] {processor.py:840} INFO - DAG(s) 'tutorial' retrieved from /home/airflow/.local/lib/python3.12/site-packages/airflow/example_dags/tutorial.py
[2024-05-05T10:35:47.396+0000] {logging_mixin.py:188} INFO - [2024-05-05T10:35:47.395+0000] {dag.py:3096} INFO - Sync 1 DAGs
[2024-05-05T10:35:47.426+0000] {logging_mixin.py:188} INFO - [2024-05-05T10:35:47.426+0000] {dag.py:3954} INFO - Setting next_dagrun for tutorial to 2024-05-04 00:00:00+00:00, run_after=2024-05-05 00:00:00+00:00
[2024-05-05T10:35:47.452+0000] {processor.py:183} INFO - Processing /home/airflow/.local/lib/python3.12/site-packages/airflow/example_dags/tutorial.py took 0.114 seconds
[2024-05-05T10:36:17.720+0000] {processor.py:161} INFO - Started process (PID=9206) to work on /home/airflow/.local/lib/python3.12/site-packages/airflow/example_dags/tutorial.py
[2024-05-05T10:36:17.721+0000] {processor.py:830} INFO - Processing file /home/airflow/.local/lib/python3.12/site-packages/airflow/example_dags/tutorial.py for tasks to queue
[2024-05-05T10:36:17.722+0000] {logging_mixin.py:188} INFO - [2024-05-05T10:36:17.722+0000] {dagbag.py:540} INFO - Filling up the DagBag from /home/airflow/.local/lib/python3.12/site-packages/airflow/example_dags/tutorial.py
[2024-05-05T10:36:17.729+0000] {processor.py:840} INFO - DAG(s) 'tutorial' retrieved from /home/airflow/.local/lib/python3.12/site-packages/airflow/example_dags/tutorial.py
[2024-05-05T10:36:17.751+0000] {logging_mixin.py:188} INFO - [2024-05-05T10:36:17.751+0000] {dag.py:3096} INFO - Sync 1 DAGs
[2024-05-05T10:36:17.772+0000] {logging_mixin.py:188} INFO - [2024-05-05T10:36:17.772+0000] {dag.py:3954} INFO - Setting next_dagrun for tutorial to 2024-05-04 00:00:00+00:00, run_after=2024-05-05 00:00:00+00:00
[2024-05-05T10:36:17.800+0000] {processor.py:183} INFO - Processing /home/airflow/.local/lib/python3.12/site-packages/airflow/example_dags/tutorial.py took 0.087 seconds
[2024-05-05T10:36:48.272+0000] {processor.py:161} INFO - Started process (PID=9473) to work on /home/airflow/.local/lib/python3.12/site-packages/airflow/example_dags/tutorial.py
[2024-05-05T10:36:48.273+0000] {processor.py:830} INFO - Processing file /home/airflow/.local/lib/python3.12/site-packages/airflow/example_dags/tutorial.py for tasks to queue
[2024-05-05T10:36:48.275+0000] {logging_mixin.py:188} INFO - [2024-05-05T10:36:48.275+0000] {dagbag.py:540} INFO - Filling up the DagBag from /home/airflow/.local/lib/python3.12/site-packages/airflow/example_dags/tutorial.py
[2024-05-05T10:36:48.281+0000] {processor.py:840} INFO - DAG(s) 'tutorial' retrieved from /home/airflow/.local/lib/python3.12/site-packages/airflow/example_dags/tutorial.py
[2024-05-05T10:36:48.305+0000] {logging_mixin.py:188} INFO - [2024-05-05T10:36:48.305+0000] {dag.py:3096} INFO - Sync 1 DAGs
[2024-05-05T10:36:48.328+0000] {logging_mixin.py:188} INFO - [2024-05-05T10:36:48.327+0000] {dag.py:3954} INFO - Setting next_dagrun for tutorial to 2024-05-04 00:00:00+00:00, run_after=2024-05-05 00:00:00+00:00
[2024-05-05T10:36:48.352+0000] {processor.py:183} INFO - Processing /home/airflow/.local/lib/python3.12/site-packages/airflow/example_dags/tutorial.py took 0.088 seconds
[2024-05-05T10:37:18.594+0000] {processor.py:161} INFO - Started process (PID=9740) to work on /home/airflow/.local/lib/python3.12/site-packages/airflow/example_dags/tutorial.py
[2024-05-05T10:37:18.595+0000] {processor.py:830} INFO - Processing file /home/airflow/.local/lib/python3.12/site-packages/airflow/example_dags/tutorial.py for tasks to queue
[2024-05-05T10:37:18.597+0000] {logging_mixin.py:188} INFO - [2024-05-05T10:37:18.596+0000] {dagbag.py:540} INFO - Filling up the DagBag from /home/airflow/.local/lib/python3.12/site-packages/airflow/example_dags/tutorial.py
[2024-05-05T10:37:18.603+0000] {processor.py:840} INFO - DAG(s) 'tutorial' retrieved from /home/airflow/.local/lib/python3.12/site-packages/airflow/example_dags/tutorial.py
[2024-05-05T10:37:18.632+0000] {logging_mixin.py:188} INFO - [2024-05-05T10:37:18.632+0000] {dag.py:3096} INFO - Sync 1 DAGs
[2024-05-05T10:37:18.666+0000] {logging_mixin.py:188} INFO - [2024-05-05T10:37:18.666+0000] {dag.py:3954} INFO - Setting next_dagrun for tutorial to 2024-05-04 00:00:00+00:00, run_after=2024-05-05 00:00:00+00:00
[2024-05-05T10:37:18.692+0000] {processor.py:183} INFO - Processing /home/airflow/.local/lib/python3.12/site-packages/airflow/example_dags/tutorial.py took 0.105 seconds
[2024-05-05T10:37:49.030+0000] {processor.py:161} INFO - Started process (PID=10007) to work on /home/airflow/.local/lib/python3.12/site-packages/airflow/example_dags/tutorial.py
[2024-05-05T10:37:49.030+0000] {processor.py:830} INFO - Processing file /home/airflow/.local/lib/python3.12/site-packages/airflow/example_dags/tutorial.py for tasks to queue
[2024-05-05T10:37:49.032+0000] {logging_mixin.py:188} INFO - [2024-05-05T10:37:49.032+0000] {dagbag.py:540} INFO - Filling up the DagBag from /home/airflow/.local/lib/python3.12/site-packages/airflow/example_dags/tutorial.py
[2024-05-05T10:37:49.038+0000] {processor.py:840} INFO - DAG(s) 'tutorial' retrieved from /home/airflow/.local/lib/python3.12/site-packages/airflow/example_dags/tutorial.py
[2024-05-05T10:37:49.061+0000] {logging_mixin.py:188} INFO - [2024-05-05T10:37:49.061+0000] {dag.py:3096} INFO - Sync 1 DAGs
[2024-05-05T10:37:49.086+0000] {logging_mixin.py:188} INFO - [2024-05-05T10:37:49.086+0000] {dag.py:3954} INFO - Setting next_dagrun for tutorial to 2024-05-04 00:00:00+00:00, run_after=2024-05-05 00:00:00+00:00
[2024-05-05T10:37:49.119+0000] {processor.py:183} INFO - Processing /home/airflow/.local/lib/python3.12/site-packages/airflow/example_dags/tutorial.py took 0.096 seconds
[2024-05-05T10:38:19.612+0000] {processor.py:161} INFO - Started process (PID=10268) to work on /home/airflow/.local/lib/python3.12/site-packages/airflow/example_dags/tutorial.py
[2024-05-05T10:38:19.613+0000] {processor.py:830} INFO - Processing file /home/airflow/.local/lib/python3.12/site-packages/airflow/example_dags/tutorial.py for tasks to queue
[2024-05-05T10:38:19.614+0000] {logging_mixin.py:188} INFO - [2024-05-05T10:38:19.614+0000] {dagbag.py:540} INFO - Filling up the DagBag from /home/airflow/.local/lib/python3.12/site-packages/airflow/example_dags/tutorial.py
[2024-05-05T10:38:19.620+0000] {processor.py:840} INFO - DAG(s) 'tutorial' retrieved from /home/airflow/.local/lib/python3.12/site-packages/airflow/example_dags/tutorial.py
[2024-05-05T10:38:19.680+0000] {logging_mixin.py:188} INFO - [2024-05-05T10:38:19.679+0000] {dag.py:3096} INFO - Sync 1 DAGs
[2024-05-05T10:38:19.717+0000] {logging_mixin.py:188} INFO - [2024-05-05T10:38:19.717+0000] {dag.py:3954} INFO - Setting next_dagrun for tutorial to 2024-05-04 00:00:00+00:00, run_after=2024-05-05 00:00:00+00:00
[2024-05-05T10:38:19.742+0000] {processor.py:183} INFO - Processing /home/airflow/.local/lib/python3.12/site-packages/airflow/example_dags/tutorial.py took 0.144 seconds
[2024-05-05T10:38:50.402+0000] {processor.py:161} INFO - Started process (PID=10546) to work on /home/airflow/.local/lib/python3.12/site-packages/airflow/example_dags/tutorial.py
[2024-05-05T10:38:50.403+0000] {processor.py:830} INFO - Processing file /home/airflow/.local/lib/python3.12/site-packages/airflow/example_dags/tutorial.py for tasks to queue
[2024-05-05T10:38:50.405+0000] {logging_mixin.py:188} INFO - [2024-05-05T10:38:50.404+0000] {dagbag.py:540} INFO - Filling up the DagBag from /home/airflow/.local/lib/python3.12/site-packages/airflow/example_dags/tutorial.py
[2024-05-05T10:38:50.411+0000] {processor.py:840} INFO - DAG(s) 'tutorial' retrieved from /home/airflow/.local/lib/python3.12/site-packages/airflow/example_dags/tutorial.py
[2024-05-05T10:38:50.433+0000] {logging_mixin.py:188} INFO - [2024-05-05T10:38:50.433+0000] {dag.py:3096} INFO - Sync 1 DAGs
[2024-05-05T10:38:50.458+0000] {logging_mixin.py:188} INFO - [2024-05-05T10:38:50.458+0000] {dag.py:3954} INFO - Setting next_dagrun for tutorial to 2024-05-04 00:00:00+00:00, run_after=2024-05-05 00:00:00+00:00
[2024-05-05T10:38:50.484+0000] {processor.py:183} INFO - Processing /home/airflow/.local/lib/python3.12/site-packages/airflow/example_dags/tutorial.py took 0.089 seconds
[2024-05-05T10:39:21.594+0000] {processor.py:161} INFO - Started process (PID=10818) to work on /home/airflow/.local/lib/python3.12/site-packages/airflow/example_dags/tutorial.py
[2024-05-05T10:39:21.595+0000] {processor.py:830} INFO - Processing file /home/airflow/.local/lib/python3.12/site-packages/airflow/example_dags/tutorial.py for tasks to queue
[2024-05-05T10:39:21.596+0000] {logging_mixin.py:188} INFO - [2024-05-05T10:39:21.596+0000] {dagbag.py:540} INFO - Filling up the DagBag from /home/airflow/.local/lib/python3.12/site-packages/airflow/example_dags/tutorial.py
[2024-05-05T10:39:21.602+0000] {processor.py:840} INFO - DAG(s) 'tutorial' retrieved from /home/airflow/.local/lib/python3.12/site-packages/airflow/example_dags/tutorial.py
[2024-05-05T10:39:21.625+0000] {logging_mixin.py:188} INFO - [2024-05-05T10:39:21.625+0000] {dag.py:3096} INFO - Sync 1 DAGs
[2024-05-05T10:39:21.655+0000] {logging_mixin.py:188} INFO - [2024-05-05T10:39:21.655+0000] {dag.py:3954} INFO - Setting next_dagrun for tutorial to 2024-05-04 00:00:00+00:00, run_after=2024-05-05 00:00:00+00:00
[2024-05-05T10:39:21.686+0000] {processor.py:183} INFO - Processing /home/airflow/.local/lib/python3.12/site-packages/airflow/example_dags/tutorial.py took 0.099 seconds
[2024-05-05T10:39:51.984+0000] {processor.py:161} INFO - Started process (PID=11091) to work on /home/airflow/.local/lib/python3.12/site-packages/airflow/example_dags/tutorial.py
[2024-05-05T10:39:51.984+0000] {processor.py:830} INFO - Processing file /home/airflow/.local/lib/python3.12/site-packages/airflow/example_dags/tutorial.py for tasks to queue
[2024-05-05T10:39:51.986+0000] {logging_mixin.py:188} INFO - [2024-05-05T10:39:51.986+0000] {dagbag.py:540} INFO - Filling up the DagBag from /home/airflow/.local/lib/python3.12/site-packages/airflow/example_dags/tutorial.py
[2024-05-05T10:39:51.996+0000] {processor.py:840} INFO - DAG(s) 'tutorial' retrieved from /home/airflow/.local/lib/python3.12/site-packages/airflow/example_dags/tutorial.py
[2024-05-05T10:39:52.044+0000] {logging_mixin.py:188} INFO - [2024-05-05T10:39:52.044+0000] {dag.py:3096} INFO - Sync 1 DAGs
[2024-05-05T10:39:52.100+0000] {logging_mixin.py:188} INFO - [2024-05-05T10:39:52.100+0000] {dag.py:3954} INFO - Setting next_dagrun for tutorial to 2024-05-04 00:00:00+00:00, run_after=2024-05-05 00:00:00+00:00
[2024-05-05T10:39:52.155+0000] {processor.py:183} INFO - Processing /home/airflow/.local/lib/python3.12/site-packages/airflow/example_dags/tutorial.py took 0.179 seconds
[2024-05-05T10:40:23.065+0000] {processor.py:161} INFO - Started process (PID=11370) to work on /home/airflow/.local/lib/python3.12/site-packages/airflow/example_dags/tutorial.py
[2024-05-05T10:40:23.065+0000] {processor.py:830} INFO - Processing file /home/airflow/.local/lib/python3.12/site-packages/airflow/example_dags/tutorial.py for tasks to queue
[2024-05-05T10:40:23.067+0000] {logging_mixin.py:188} INFO - [2024-05-05T10:40:23.066+0000] {dagbag.py:540} INFO - Filling up the DagBag from /home/airflow/.local/lib/python3.12/site-packages/airflow/example_dags/tutorial.py
[2024-05-05T10:40:23.073+0000] {processor.py:840} INFO - DAG(s) 'tutorial' retrieved from /home/airflow/.local/lib/python3.12/site-packages/airflow/example_dags/tutorial.py
[2024-05-05T10:40:23.094+0000] {logging_mixin.py:188} INFO - [2024-05-05T10:40:23.094+0000] {dag.py:3096} INFO - Sync 1 DAGs
[2024-05-05T10:40:23.121+0000] {logging_mixin.py:188} INFO - [2024-05-05T10:40:23.121+0000] {dag.py:3954} INFO - Setting next_dagrun for tutorial to 2024-05-04 00:00:00+00:00, run_after=2024-05-05 00:00:00+00:00
[2024-05-05T10:40:23.150+0000] {processor.py:183} INFO - Processing /home/airflow/.local/lib/python3.12/site-packages/airflow/example_dags/tutorial.py took 0.093 seconds
[2024-05-05T10:40:53.675+0000] {processor.py:161} INFO - Started process (PID=11655) to work on /home/airflow/.local/lib/python3.12/site-packages/airflow/example_dags/tutorial.py
[2024-05-05T10:40:53.676+0000] {processor.py:830} INFO - Processing file /home/airflow/.local/lib/python3.12/site-packages/airflow/example_dags/tutorial.py for tasks to queue
[2024-05-05T10:40:53.678+0000] {logging_mixin.py:188} INFO - [2024-05-05T10:40:53.678+0000] {dagbag.py:540} INFO - Filling up the DagBag from /home/airflow/.local/lib/python3.12/site-packages/airflow/example_dags/tutorial.py
[2024-05-05T10:40:53.685+0000] {processor.py:840} INFO - DAG(s) 'tutorial' retrieved from /home/airflow/.local/lib/python3.12/site-packages/airflow/example_dags/tutorial.py
[2024-05-05T10:40:53.708+0000] {logging_mixin.py:188} INFO - [2024-05-05T10:40:53.708+0000] {dag.py:3096} INFO - Sync 1 DAGs
[2024-05-05T10:40:53.733+0000] {logging_mixin.py:188} INFO - [2024-05-05T10:40:53.733+0000] {dag.py:3954} INFO - Setting next_dagrun for tutorial to 2024-05-04 00:00:00+00:00, run_after=2024-05-05 00:00:00+00:00
[2024-05-05T10:40:53.765+0000] {processor.py:183} INFO - Processing /home/airflow/.local/lib/python3.12/site-packages/airflow/example_dags/tutorial.py took 0.096 seconds
[2024-05-05T10:41:24.430+0000] {processor.py:161} INFO - Started process (PID=11930) to work on /home/airflow/.local/lib/python3.12/site-packages/airflow/example_dags/tutorial.py
[2024-05-05T10:41:24.430+0000] {processor.py:830} INFO - Processing file /home/airflow/.local/lib/python3.12/site-packages/airflow/example_dags/tutorial.py for tasks to queue
[2024-05-05T10:41:24.432+0000] {logging_mixin.py:188} INFO - [2024-05-05T10:41:24.432+0000] {dagbag.py:540} INFO - Filling up the DagBag from /home/airflow/.local/lib/python3.12/site-packages/airflow/example_dags/tutorial.py
[2024-05-05T10:41:24.439+0000] {processor.py:840} INFO - DAG(s) 'tutorial' retrieved from /home/airflow/.local/lib/python3.12/site-packages/airflow/example_dags/tutorial.py
[2024-05-05T10:41:24.469+0000] {logging_mixin.py:188} INFO - [2024-05-05T10:41:24.469+0000] {dag.py:3096} INFO - Sync 1 DAGs
[2024-05-05T10:41:24.495+0000] {logging_mixin.py:188} INFO - [2024-05-05T10:41:24.495+0000] {dag.py:3954} INFO - Setting next_dagrun for tutorial to 2024-05-04 00:00:00+00:00, run_after=2024-05-05 00:00:00+00:00
[2024-05-05T10:41:24.519+0000] {processor.py:183} INFO - Processing /home/airflow/.local/lib/python3.12/site-packages/airflow/example_dags/tutorial.py took 0.096 seconds
[2024-05-05T10:41:54.854+0000] {processor.py:161} INFO - Started process (PID=12207) to work on /home/airflow/.local/lib/python3.12/site-packages/airflow/example_dags/tutorial.py
[2024-05-05T10:41:54.854+0000] {processor.py:830} INFO - Processing file /home/airflow/.local/lib/python3.12/site-packages/airflow/example_dags/tutorial.py for tasks to queue
[2024-05-05T10:41:54.868+0000] {logging_mixin.py:188} INFO - [2024-05-05T10:41:54.862+0000] {dagbag.py:540} INFO - Filling up the DagBag from /home/airflow/.local/lib/python3.12/site-packages/airflow/example_dags/tutorial.py
[2024-05-05T10:41:54.874+0000] {processor.py:840} INFO - DAG(s) 'tutorial' retrieved from /home/airflow/.local/lib/python3.12/site-packages/airflow/example_dags/tutorial.py
[2024-05-05T10:41:54.908+0000] {logging_mixin.py:188} INFO - [2024-05-05T10:41:54.908+0000] {dag.py:3096} INFO - Sync 1 DAGs
[2024-05-05T10:41:54.934+0000] {logging_mixin.py:188} INFO - [2024-05-05T10:41:54.934+0000] {dag.py:3954} INFO - Setting next_dagrun for tutorial to 2024-05-04 00:00:00+00:00, run_after=2024-05-05 00:00:00+00:00
[2024-05-05T10:41:54.959+0000] {processor.py:183} INFO - Processing /home/airflow/.local/lib/python3.12/site-packages/airflow/example_dags/tutorial.py took 0.113 seconds
[2024-05-05T10:42:25.851+0000] {processor.py:161} INFO - Started process (PID=12479) to work on /home/airflow/.local/lib/python3.12/site-packages/airflow/example_dags/tutorial.py
[2024-05-05T10:42:25.852+0000] {processor.py:830} INFO - Processing file /home/airflow/.local/lib/python3.12/site-packages/airflow/example_dags/tutorial.py for tasks to queue
[2024-05-05T10:42:25.854+0000] {logging_mixin.py:188} INFO - [2024-05-05T10:42:25.853+0000] {dagbag.py:540} INFO - Filling up the DagBag from /home/airflow/.local/lib/python3.12/site-packages/airflow/example_dags/tutorial.py
[2024-05-05T10:42:25.860+0000] {processor.py:840} INFO - DAG(s) 'tutorial' retrieved from /home/airflow/.local/lib/python3.12/site-packages/airflow/example_dags/tutorial.py
[2024-05-05T10:42:25.885+0000] {logging_mixin.py:188} INFO - [2024-05-05T10:42:25.885+0000] {dag.py:3096} INFO - Sync 1 DAGs
[2024-05-05T10:42:25.911+0000] {logging_mixin.py:188} INFO - [2024-05-05T10:42:25.911+0000] {dag.py:3954} INFO - Setting next_dagrun for tutorial to 2024-05-04 00:00:00+00:00, run_after=2024-05-05 00:00:00+00:00
[2024-05-05T10:42:25.938+0000] {processor.py:183} INFO - Processing /home/airflow/.local/lib/python3.12/site-packages/airflow/example_dags/tutorial.py took 0.094 seconds
[2024-05-05T10:42:56.813+0000] {processor.py:161} INFO - Started process (PID=12760) to work on /home/airflow/.local/lib/python3.12/site-packages/airflow/example_dags/tutorial.py
[2024-05-05T10:42:56.814+0000] {processor.py:830} INFO - Processing file /home/airflow/.local/lib/python3.12/site-packages/airflow/example_dags/tutorial.py for tasks to queue
[2024-05-05T10:42:56.815+0000] {logging_mixin.py:188} INFO - [2024-05-05T10:42:56.815+0000] {dagbag.py:540} INFO - Filling up the DagBag from /home/airflow/.local/lib/python3.12/site-packages/airflow/example_dags/tutorial.py
[2024-05-05T10:42:56.820+0000] {processor.py:840} INFO - DAG(s) 'tutorial' retrieved from /home/airflow/.local/lib/python3.12/site-packages/airflow/example_dags/tutorial.py
[2024-05-05T10:42:56.835+0000] {logging_mixin.py:188} INFO - [2024-05-05T10:42:56.835+0000] {dag.py:3096} INFO - Sync 1 DAGs
[2024-05-05T10:42:56.855+0000] {logging_mixin.py:188} INFO - [2024-05-05T10:42:56.855+0000] {dag.py:3954} INFO - Setting next_dagrun for tutorial to 2024-05-04 00:00:00+00:00, run_after=2024-05-05 00:00:00+00:00
[2024-05-05T10:42:56.875+0000] {processor.py:183} INFO - Processing /home/airflow/.local/lib/python3.12/site-packages/airflow/example_dags/tutorial.py took 0.066 seconds
[2024-05-05T10:43:27.407+0000] {processor.py:161} INFO - Started process (PID=13033) to work on /home/airflow/.local/lib/python3.12/site-packages/airflow/example_dags/tutorial.py
[2024-05-05T10:43:27.408+0000] {processor.py:830} INFO - Processing file /home/airflow/.local/lib/python3.12/site-packages/airflow/example_dags/tutorial.py for tasks to queue
[2024-05-05T10:43:27.409+0000] {logging_mixin.py:188} INFO - [2024-05-05T10:43:27.409+0000] {dagbag.py:540} INFO - Filling up the DagBag from /home/airflow/.local/lib/python3.12/site-packages/airflow/example_dags/tutorial.py
[2024-05-05T10:43:27.414+0000] {processor.py:840} INFO - DAG(s) 'tutorial' retrieved from /home/airflow/.local/lib/python3.12/site-packages/airflow/example_dags/tutorial.py
[2024-05-05T10:43:27.430+0000] {logging_mixin.py:188} INFO - [2024-05-05T10:43:27.429+0000] {dag.py:3096} INFO - Sync 1 DAGs
[2024-05-05T10:43:27.447+0000] {logging_mixin.py:188} INFO - [2024-05-05T10:43:27.447+0000] {dag.py:3954} INFO - Setting next_dagrun for tutorial to 2024-05-04 00:00:00+00:00, run_after=2024-05-05 00:00:00+00:00
[2024-05-05T10:43:27.468+0000] {processor.py:183} INFO - Processing /home/airflow/.local/lib/python3.12/site-packages/airflow/example_dags/tutorial.py took 0.066 seconds
[2024-05-05T10:43:57.833+0000] {processor.py:161} INFO - Started process (PID=13303) to work on /home/airflow/.local/lib/python3.12/site-packages/airflow/example_dags/tutorial.py
[2024-05-05T10:43:57.834+0000] {processor.py:830} INFO - Processing file /home/airflow/.local/lib/python3.12/site-packages/airflow/example_dags/tutorial.py for tasks to queue
[2024-05-05T10:43:57.835+0000] {logging_mixin.py:188} INFO - [2024-05-05T10:43:57.835+0000] {dagbag.py:540} INFO - Filling up the DagBag from /home/airflow/.local/lib/python3.12/site-packages/airflow/example_dags/tutorial.py
[2024-05-05T10:43:57.843+0000] {processor.py:840} INFO - DAG(s) 'tutorial' retrieved from /home/airflow/.local/lib/python3.12/site-packages/airflow/example_dags/tutorial.py
[2024-05-05T10:43:57.865+0000] {logging_mixin.py:188} INFO - [2024-05-05T10:43:57.865+0000] {dag.py:3096} INFO - Sync 1 DAGs
[2024-05-05T10:43:57.889+0000] {logging_mixin.py:188} INFO - [2024-05-05T10:43:57.889+0000] {dag.py:3954} INFO - Setting next_dagrun for tutorial to 2024-05-04 00:00:00+00:00, run_after=2024-05-05 00:00:00+00:00
[2024-05-05T10:43:57.935+0000] {processor.py:183} INFO - Processing /home/airflow/.local/lib/python3.12/site-packages/airflow/example_dags/tutorial.py took 0.109 seconds
[2024-05-05T10:44:28.693+0000] {processor.py:161} INFO - Started process (PID=13575) to work on /home/airflow/.local/lib/python3.12/site-packages/airflow/example_dags/tutorial.py
[2024-05-05T10:44:28.694+0000] {processor.py:830} INFO - Processing file /home/airflow/.local/lib/python3.12/site-packages/airflow/example_dags/tutorial.py for tasks to queue
[2024-05-05T10:44:28.695+0000] {logging_mixin.py:188} INFO - [2024-05-05T10:44:28.695+0000] {dagbag.py:540} INFO - Filling up the DagBag from /home/airflow/.local/lib/python3.12/site-packages/airflow/example_dags/tutorial.py
[2024-05-05T10:44:28.702+0000] {processor.py:840} INFO - DAG(s) 'tutorial' retrieved from /home/airflow/.local/lib/python3.12/site-packages/airflow/example_dags/tutorial.py
[2024-05-05T10:44:28.726+0000] {logging_mixin.py:188} INFO - [2024-05-05T10:44:28.725+0000] {dag.py:3096} INFO - Sync 1 DAGs
[2024-05-05T10:44:28.749+0000] {logging_mixin.py:188} INFO - [2024-05-05T10:44:28.749+0000] {dag.py:3954} INFO - Setting next_dagrun for tutorial to 2024-05-04 00:00:00+00:00, run_after=2024-05-05 00:00:00+00:00
[2024-05-05T10:44:28.773+0000] {processor.py:183} INFO - Processing /home/airflow/.local/lib/python3.12/site-packages/airflow/example_dags/tutorial.py took 0.087 seconds
[2024-05-05T10:44:59.260+0000] {processor.py:161} INFO - Started process (PID=13848) to work on /home/airflow/.local/lib/python3.12/site-packages/airflow/example_dags/tutorial.py
[2024-05-05T10:44:59.261+0000] {processor.py:830} INFO - Processing file /home/airflow/.local/lib/python3.12/site-packages/airflow/example_dags/tutorial.py for tasks to queue
[2024-05-05T10:44:59.262+0000] {logging_mixin.py:188} INFO - [2024-05-05T10:44:59.262+0000] {dagbag.py:540} INFO - Filling up the DagBag from /home/airflow/.local/lib/python3.12/site-packages/airflow/example_dags/tutorial.py
[2024-05-05T10:44:59.268+0000] {processor.py:840} INFO - DAG(s) 'tutorial' retrieved from /home/airflow/.local/lib/python3.12/site-packages/airflow/example_dags/tutorial.py
[2024-05-05T10:44:59.293+0000] {logging_mixin.py:188} INFO - [2024-05-05T10:44:59.293+0000] {dag.py:3096} INFO - Sync 1 DAGs
[2024-05-05T10:44:59.319+0000] {logging_mixin.py:188} INFO - [2024-05-05T10:44:59.319+0000] {dag.py:3954} INFO - Setting next_dagrun for tutorial to 2024-05-04 00:00:00+00:00, run_after=2024-05-05 00:00:00+00:00
[2024-05-05T10:44:59.344+0000] {processor.py:183} INFO - Processing /home/airflow/.local/lib/python3.12/site-packages/airflow/example_dags/tutorial.py took 0.089 seconds
[2024-05-05T10:45:29.729+0000] {processor.py:161} INFO - Started process (PID=14120) to work on /home/airflow/.local/lib/python3.12/site-packages/airflow/example_dags/tutorial.py
[2024-05-05T10:45:29.730+0000] {processor.py:830} INFO - Processing file /home/airflow/.local/lib/python3.12/site-packages/airflow/example_dags/tutorial.py for tasks to queue
[2024-05-05T10:45:29.731+0000] {logging_mixin.py:188} INFO - [2024-05-05T10:45:29.731+0000] {dagbag.py:540} INFO - Filling up the DagBag from /home/airflow/.local/lib/python3.12/site-packages/airflow/example_dags/tutorial.py
[2024-05-05T10:45:29.738+0000] {processor.py:840} INFO - DAG(s) 'tutorial' retrieved from /home/airflow/.local/lib/python3.12/site-packages/airflow/example_dags/tutorial.py
[2024-05-05T10:45:29.760+0000] {logging_mixin.py:188} INFO - [2024-05-05T10:45:29.760+0000] {dag.py:3096} INFO - Sync 1 DAGs
[2024-05-05T10:45:29.782+0000] {logging_mixin.py:188} INFO - [2024-05-05T10:45:29.782+0000] {dag.py:3954} INFO - Setting next_dagrun for tutorial to 2024-05-04 00:00:00+00:00, run_after=2024-05-05 00:00:00+00:00
[2024-05-05T10:45:29.805+0000] {processor.py:183} INFO - Processing /home/airflow/.local/lib/python3.12/site-packages/airflow/example_dags/tutorial.py took 0.083 seconds
[2024-05-05T10:46:00.059+0000] {processor.py:161} INFO - Started process (PID=14394) to work on /home/airflow/.local/lib/python3.12/site-packages/airflow/example_dags/tutorial.py
[2024-05-05T10:46:00.060+0000] {processor.py:830} INFO - Processing file /home/airflow/.local/lib/python3.12/site-packages/airflow/example_dags/tutorial.py for tasks to queue
[2024-05-05T10:46:00.061+0000] {logging_mixin.py:188} INFO - [2024-05-05T10:46:00.061+0000] {dagbag.py:540} INFO - Filling up the DagBag from /home/airflow/.local/lib/python3.12/site-packages/airflow/example_dags/tutorial.py
[2024-05-05T10:46:00.068+0000] {processor.py:840} INFO - DAG(s) 'tutorial' retrieved from /home/airflow/.local/lib/python3.12/site-packages/airflow/example_dags/tutorial.py
[2024-05-05T10:46:00.091+0000] {logging_mixin.py:188} INFO - [2024-05-05T10:46:00.091+0000] {dag.py:3096} INFO - Sync 1 DAGs
[2024-05-05T10:46:00.117+0000] {logging_mixin.py:188} INFO - [2024-05-05T10:46:00.117+0000] {dag.py:3954} INFO - Setting next_dagrun for tutorial to 2024-05-04 00:00:00+00:00, run_after=2024-05-05 00:00:00+00:00
[2024-05-05T10:46:00.141+0000] {processor.py:183} INFO - Processing /home/airflow/.local/lib/python3.12/site-packages/airflow/example_dags/tutorial.py took 0.089 seconds
[2024-05-05T10:46:31.068+0000] {processor.py:161} INFO - Started process (PID=14662) to work on /home/airflow/.local/lib/python3.12/site-packages/airflow/example_dags/tutorial.py
[2024-05-05T10:46:31.069+0000] {processor.py:830} INFO - Processing file /home/airflow/.local/lib/python3.12/site-packages/airflow/example_dags/tutorial.py for tasks to queue
[2024-05-05T10:46:31.072+0000] {logging_mixin.py:188} INFO - [2024-05-05T10:46:31.072+0000] {dagbag.py:540} INFO - Filling up the DagBag from /home/airflow/.local/lib/python3.12/site-packages/airflow/example_dags/tutorial.py
[2024-05-05T10:46:31.080+0000] {processor.py:840} INFO - DAG(s) 'tutorial' retrieved from /home/airflow/.local/lib/python3.12/site-packages/airflow/example_dags/tutorial.py
[2024-05-05T10:46:31.105+0000] {logging_mixin.py:188} INFO - [2024-05-05T10:46:31.105+0000] {dag.py:3096} INFO - Sync 1 DAGs
[2024-05-05T10:46:31.133+0000] {logging_mixin.py:188} INFO - [2024-05-05T10:46:31.133+0000] {dag.py:3954} INFO - Setting next_dagrun for tutorial to 2024-05-04 00:00:00+00:00, run_after=2024-05-05 00:00:00+00:00
[2024-05-05T10:46:31.158+0000] {processor.py:183} INFO - Processing /home/airflow/.local/lib/python3.12/site-packages/airflow/example_dags/tutorial.py took 0.100 seconds
[2024-05-05T10:47:01.256+0000] {processor.py:161} INFO - Started process (PID=14933) to work on /home/airflow/.local/lib/python3.12/site-packages/airflow/example_dags/tutorial.py
[2024-05-05T10:47:01.256+0000] {processor.py:830} INFO - Processing file /home/airflow/.local/lib/python3.12/site-packages/airflow/example_dags/tutorial.py for tasks to queue
[2024-05-05T10:47:01.258+0000] {logging_mixin.py:188} INFO - [2024-05-05T10:47:01.257+0000] {dagbag.py:540} INFO - Filling up the DagBag from /home/airflow/.local/lib/python3.12/site-packages/airflow/example_dags/tutorial.py
[2024-05-05T10:47:01.262+0000] {processor.py:840} INFO - DAG(s) 'tutorial' retrieved from /home/airflow/.local/lib/python3.12/site-packages/airflow/example_dags/tutorial.py
[2024-05-05T10:47:01.278+0000] {logging_mixin.py:188} INFO - [2024-05-05T10:47:01.278+0000] {dag.py:3096} INFO - Sync 1 DAGs
[2024-05-05T10:47:01.295+0000] {logging_mixin.py:188} INFO - [2024-05-05T10:47:01.295+0000] {dag.py:3954} INFO - Setting next_dagrun for tutorial to 2024-05-04 00:00:00+00:00, run_after=2024-05-05 00:00:00+00:00
[2024-05-05T10:47:01.317+0000] {processor.py:183} INFO - Processing /home/airflow/.local/lib/python3.12/site-packages/airflow/example_dags/tutorial.py took 0.066 seconds
[2024-05-05T10:47:31.441+0000] {processor.py:161} INFO - Started process (PID=15205) to work on /home/airflow/.local/lib/python3.12/site-packages/airflow/example_dags/tutorial.py
[2024-05-05T10:47:31.442+0000] {processor.py:830} INFO - Processing file /home/airflow/.local/lib/python3.12/site-packages/airflow/example_dags/tutorial.py for tasks to queue
[2024-05-05T10:47:31.444+0000] {logging_mixin.py:188} INFO - [2024-05-05T10:47:31.443+0000] {dagbag.py:540} INFO - Filling up the DagBag from /home/airflow/.local/lib/python3.12/site-packages/airflow/example_dags/tutorial.py
[2024-05-05T10:47:31.451+0000] {processor.py:840} INFO - DAG(s) 'tutorial' retrieved from /home/airflow/.local/lib/python3.12/site-packages/airflow/example_dags/tutorial.py
[2024-05-05T10:47:31.474+0000] {logging_mixin.py:188} INFO - [2024-05-05T10:47:31.474+0000] {dag.py:3096} INFO - Sync 1 DAGs
[2024-05-05T10:47:31.505+0000] {logging_mixin.py:188} INFO - [2024-05-05T10:47:31.505+0000] {dag.py:3954} INFO - Setting next_dagrun for tutorial to 2024-05-04 00:00:00+00:00, run_after=2024-05-05 00:00:00+00:00
[2024-05-05T10:47:31.530+0000] {processor.py:183} INFO - Processing /home/airflow/.local/lib/python3.12/site-packages/airflow/example_dags/tutorial.py took 0.095 seconds
[2024-05-05T10:48:02.275+0000] {processor.py:161} INFO - Started process (PID=15483) to work on /home/airflow/.local/lib/python3.12/site-packages/airflow/example_dags/tutorial.py
[2024-05-05T10:48:02.275+0000] {processor.py:830} INFO - Processing file /home/airflow/.local/lib/python3.12/site-packages/airflow/example_dags/tutorial.py for tasks to queue
[2024-05-05T10:48:02.277+0000] {logging_mixin.py:188} INFO - [2024-05-05T10:48:02.277+0000] {dagbag.py:540} INFO - Filling up the DagBag from /home/airflow/.local/lib/python3.12/site-packages/airflow/example_dags/tutorial.py
[2024-05-05T10:48:02.283+0000] {processor.py:840} INFO - DAG(s) 'tutorial' retrieved from /home/airflow/.local/lib/python3.12/site-packages/airflow/example_dags/tutorial.py
[2024-05-05T10:48:02.310+0000] {logging_mixin.py:188} INFO - [2024-05-05T10:48:02.310+0000] {dag.py:3096} INFO - Sync 1 DAGs
[2024-05-05T10:48:02.337+0000] {logging_mixin.py:188} INFO - [2024-05-05T10:48:02.337+0000] {dag.py:3954} INFO - Setting next_dagrun for tutorial to 2024-05-04 00:00:00+00:00, run_after=2024-05-05 00:00:00+00:00
[2024-05-05T10:48:02.362+0000] {processor.py:183} INFO - Processing /home/airflow/.local/lib/python3.12/site-packages/airflow/example_dags/tutorial.py took 0.095 seconds
[2024-05-05T10:48:33.330+0000] {processor.py:161} INFO - Started process (PID=15755) to work on /home/airflow/.local/lib/python3.12/site-packages/airflow/example_dags/tutorial.py
[2024-05-05T10:48:33.331+0000] {processor.py:830} INFO - Processing file /home/airflow/.local/lib/python3.12/site-packages/airflow/example_dags/tutorial.py for tasks to queue
[2024-05-05T10:48:33.333+0000] {logging_mixin.py:188} INFO - [2024-05-05T10:48:33.333+0000] {dagbag.py:540} INFO - Filling up the DagBag from /home/airflow/.local/lib/python3.12/site-packages/airflow/example_dags/tutorial.py
[2024-05-05T10:48:33.339+0000] {processor.py:840} INFO - DAG(s) 'tutorial' retrieved from /home/airflow/.local/lib/python3.12/site-packages/airflow/example_dags/tutorial.py
[2024-05-05T10:48:33.365+0000] {logging_mixin.py:188} INFO - [2024-05-05T10:48:33.365+0000] {dag.py:3096} INFO - Sync 1 DAGs
[2024-05-05T10:48:33.395+0000] {logging_mixin.py:188} INFO - [2024-05-05T10:48:33.394+0000] {dag.py:3954} INFO - Setting next_dagrun for tutorial to 2024-05-04 00:00:00+00:00, run_after=2024-05-05 00:00:00+00:00
[2024-05-05T10:48:33.421+0000] {processor.py:183} INFO - Processing /home/airflow/.local/lib/python3.12/site-packages/airflow/example_dags/tutorial.py took 0.098 seconds
[2024-05-05T10:49:04.028+0000] {processor.py:161} INFO - Started process (PID=16027) to work on /home/airflow/.local/lib/python3.12/site-packages/airflow/example_dags/tutorial.py
[2024-05-05T10:49:04.029+0000] {processor.py:830} INFO - Processing file /home/airflow/.local/lib/python3.12/site-packages/airflow/example_dags/tutorial.py for tasks to queue
[2024-05-05T10:49:04.031+0000] {logging_mixin.py:188} INFO - [2024-05-05T10:49:04.031+0000] {dagbag.py:540} INFO - Filling up the DagBag from /home/airflow/.local/lib/python3.12/site-packages/airflow/example_dags/tutorial.py
[2024-05-05T10:49:04.038+0000] {processor.py:840} INFO - DAG(s) 'tutorial' retrieved from /home/airflow/.local/lib/python3.12/site-packages/airflow/example_dags/tutorial.py
[2024-05-05T10:49:04.060+0000] {logging_mixin.py:188} INFO - [2024-05-05T10:49:04.060+0000] {dag.py:3096} INFO - Sync 1 DAGs
[2024-05-05T10:49:04.088+0000] {logging_mixin.py:188} INFO - [2024-05-05T10:49:04.088+0000] {dag.py:3954} INFO - Setting next_dagrun for tutorial to 2024-05-04 00:00:00+00:00, run_after=2024-05-05 00:00:00+00:00
[2024-05-05T10:49:04.113+0000] {processor.py:183} INFO - Processing /home/airflow/.local/lib/python3.12/site-packages/airflow/example_dags/tutorial.py took 0.092 seconds
[2024-05-05T10:49:34.630+0000] {processor.py:161} INFO - Started process (PID=16309) to work on /home/airflow/.local/lib/python3.12/site-packages/airflow/example_dags/tutorial.py
[2024-05-05T10:49:34.631+0000] {processor.py:830} INFO - Processing file /home/airflow/.local/lib/python3.12/site-packages/airflow/example_dags/tutorial.py for tasks to queue
[2024-05-05T10:49:34.633+0000] {logging_mixin.py:188} INFO - [2024-05-05T10:49:34.633+0000] {dagbag.py:540} INFO - Filling up the DagBag from /home/airflow/.local/lib/python3.12/site-packages/airflow/example_dags/tutorial.py
[2024-05-05T10:49:34.641+0000] {processor.py:840} INFO - DAG(s) 'tutorial' retrieved from /home/airflow/.local/lib/python3.12/site-packages/airflow/example_dags/tutorial.py
[2024-05-05T10:49:34.664+0000] {logging_mixin.py:188} INFO - [2024-05-05T10:49:34.663+0000] {dag.py:3096} INFO - Sync 1 DAGs
[2024-05-05T10:49:34.690+0000] {logging_mixin.py:188} INFO - [2024-05-05T10:49:34.690+0000] {dag.py:3954} INFO - Setting next_dagrun for tutorial to 2024-05-04 00:00:00+00:00, run_after=2024-05-05 00:00:00+00:00
[2024-05-05T10:49:34.714+0000] {processor.py:183} INFO - Processing /home/airflow/.local/lib/python3.12/site-packages/airflow/example_dags/tutorial.py took 0.090 seconds
[2024-05-05T10:50:05.413+0000] {processor.py:161} INFO - Started process (PID=16586) to work on /home/airflow/.local/lib/python3.12/site-packages/airflow/example_dags/tutorial.py
[2024-05-05T10:50:05.414+0000] {processor.py:830} INFO - Processing file /home/airflow/.local/lib/python3.12/site-packages/airflow/example_dags/tutorial.py for tasks to queue
[2024-05-05T10:50:05.423+0000] {logging_mixin.py:188} INFO - [2024-05-05T10:50:05.415+0000] {dagbag.py:540} INFO - Filling up the DagBag from /home/airflow/.local/lib/python3.12/site-packages/airflow/example_dags/tutorial.py
[2024-05-05T10:50:05.439+0000] {processor.py:840} INFO - DAG(s) 'tutorial' retrieved from /home/airflow/.local/lib/python3.12/site-packages/airflow/example_dags/tutorial.py
[2024-05-05T10:50:05.467+0000] {logging_mixin.py:188} INFO - [2024-05-05T10:50:05.466+0000] {dag.py:3096} INFO - Sync 1 DAGs
[2024-05-05T10:50:05.495+0000] {logging_mixin.py:188} INFO - [2024-05-05T10:50:05.495+0000] {dag.py:3954} INFO - Setting next_dagrun for tutorial to 2024-05-04 00:00:00+00:00, run_after=2024-05-05 00:00:00+00:00
[2024-05-05T10:50:05.519+0000] {processor.py:183} INFO - Processing /home/airflow/.local/lib/python3.12/site-packages/airflow/example_dags/tutorial.py took 0.113 seconds
[2024-05-05T10:50:35.829+0000] {processor.py:161} INFO - Started process (PID=16863) to work on /home/airflow/.local/lib/python3.12/site-packages/airflow/example_dags/tutorial.py
[2024-05-05T10:50:35.830+0000] {processor.py:830} INFO - Processing file /home/airflow/.local/lib/python3.12/site-packages/airflow/example_dags/tutorial.py for tasks to queue
[2024-05-05T10:50:35.832+0000] {logging_mixin.py:188} INFO - [2024-05-05T10:50:35.831+0000] {dagbag.py:540} INFO - Filling up the DagBag from /home/airflow/.local/lib/python3.12/site-packages/airflow/example_dags/tutorial.py
[2024-05-05T10:50:35.838+0000] {processor.py:840} INFO - DAG(s) 'tutorial' retrieved from /home/airflow/.local/lib/python3.12/site-packages/airflow/example_dags/tutorial.py
[2024-05-05T10:50:35.861+0000] {logging_mixin.py:188} INFO - [2024-05-05T10:50:35.861+0000] {dag.py:3096} INFO - Sync 1 DAGs
[2024-05-05T10:50:35.889+0000] {logging_mixin.py:188} INFO - [2024-05-05T10:50:35.888+0000] {dag.py:3954} INFO - Setting next_dagrun for tutorial to 2024-05-04 00:00:00+00:00, run_after=2024-05-05 00:00:00+00:00
[2024-05-05T10:50:35.914+0000] {processor.py:183} INFO - Processing /home/airflow/.local/lib/python3.12/site-packages/airflow/example_dags/tutorial.py took 0.093 seconds
[2024-05-05T10:51:06.736+0000] {processor.py:161} INFO - Started process (PID=17140) to work on /home/airflow/.local/lib/python3.12/site-packages/airflow/example_dags/tutorial.py
[2024-05-05T10:51:06.737+0000] {processor.py:830} INFO - Processing file /home/airflow/.local/lib/python3.12/site-packages/airflow/example_dags/tutorial.py for tasks to queue
[2024-05-05T10:51:06.739+0000] {logging_mixin.py:188} INFO - [2024-05-05T10:51:06.738+0000] {dagbag.py:540} INFO - Filling up the DagBag from /home/airflow/.local/lib/python3.12/site-packages/airflow/example_dags/tutorial.py
[2024-05-05T10:51:06.745+0000] {processor.py:840} INFO - DAG(s) 'tutorial' retrieved from /home/airflow/.local/lib/python3.12/site-packages/airflow/example_dags/tutorial.py
[2024-05-05T10:51:06.769+0000] {logging_mixin.py:188} INFO - [2024-05-05T10:51:06.768+0000] {dag.py:3096} INFO - Sync 1 DAGs
[2024-05-05T10:51:06.798+0000] {logging_mixin.py:188} INFO - [2024-05-05T10:51:06.798+0000] {dag.py:3954} INFO - Setting next_dagrun for tutorial to 2024-05-04 00:00:00+00:00, run_after=2024-05-05 00:00:00+00:00
[2024-05-05T10:51:06.823+0000] {processor.py:183} INFO - Processing /home/airflow/.local/lib/python3.12/site-packages/airflow/example_dags/tutorial.py took 0.093 seconds
[2024-05-05T10:51:37.680+0000] {processor.py:161} INFO - Started process (PID=17417) to work on /home/airflow/.local/lib/python3.12/site-packages/airflow/example_dags/tutorial.py
[2024-05-05T10:51:37.681+0000] {processor.py:830} INFO - Processing file /home/airflow/.local/lib/python3.12/site-packages/airflow/example_dags/tutorial.py for tasks to queue
[2024-05-05T10:51:37.683+0000] {logging_mixin.py:188} INFO - [2024-05-05T10:51:37.682+0000] {dagbag.py:540} INFO - Filling up the DagBag from /home/airflow/.local/lib/python3.12/site-packages/airflow/example_dags/tutorial.py
[2024-05-05T10:51:37.689+0000] {processor.py:840} INFO - DAG(s) 'tutorial' retrieved from /home/airflow/.local/lib/python3.12/site-packages/airflow/example_dags/tutorial.py
[2024-05-05T10:51:37.729+0000] {logging_mixin.py:188} INFO - [2024-05-05T10:51:37.729+0000] {dag.py:3096} INFO - Sync 1 DAGs
[2024-05-05T10:51:37.755+0000] {logging_mixin.py:188} INFO - [2024-05-05T10:51:37.755+0000] {dag.py:3954} INFO - Setting next_dagrun for tutorial to 2024-05-04 00:00:00+00:00, run_after=2024-05-05 00:00:00+00:00
[2024-05-05T10:51:37.789+0000] {processor.py:183} INFO - Processing /home/airflow/.local/lib/python3.12/site-packages/airflow/example_dags/tutorial.py took 0.116 seconds
[2024-05-05T10:52:08.269+0000] {processor.py:161} INFO - Started process (PID=17694) to work on /home/airflow/.local/lib/python3.12/site-packages/airflow/example_dags/tutorial.py
[2024-05-05T10:52:08.270+0000] {processor.py:830} INFO - Processing file /home/airflow/.local/lib/python3.12/site-packages/airflow/example_dags/tutorial.py for tasks to queue
[2024-05-05T10:52:08.272+0000] {logging_mixin.py:188} INFO - [2024-05-05T10:52:08.271+0000] {dagbag.py:540} INFO - Filling up the DagBag from /home/airflow/.local/lib/python3.12/site-packages/airflow/example_dags/tutorial.py
[2024-05-05T10:52:08.278+0000] {processor.py:840} INFO - DAG(s) 'tutorial' retrieved from /home/airflow/.local/lib/python3.12/site-packages/airflow/example_dags/tutorial.py
[2024-05-05T10:52:08.307+0000] {logging_mixin.py:188} INFO - [2024-05-05T10:52:08.307+0000] {dag.py:3096} INFO - Sync 1 DAGs
[2024-05-05T10:52:08.359+0000] {logging_mixin.py:188} INFO - [2024-05-05T10:52:08.359+0000] {dag.py:3954} INFO - Setting next_dagrun for tutorial to 2024-05-04 00:00:00+00:00, run_after=2024-05-05 00:00:00+00:00
[2024-05-05T10:52:08.380+0000] {processor.py:183} INFO - Processing /home/airflow/.local/lib/python3.12/site-packages/airflow/example_dags/tutorial.py took 0.118 seconds
[2024-05-05T10:52:45.931+0000] {processor.py:161} INFO - Started process (PID=18021) to work on /home/airflow/.local/lib/python3.12/site-packages/airflow/example_dags/tutorial.py
[2024-05-05T10:52:45.934+0000] {processor.py:830} INFO - Processing file /home/airflow/.local/lib/python3.12/site-packages/airflow/example_dags/tutorial.py for tasks to queue
[2024-05-05T10:52:45.936+0000] {logging_mixin.py:188} INFO - [2024-05-05T10:52:45.936+0000] {dagbag.py:540} INFO - Filling up the DagBag from /home/airflow/.local/lib/python3.12/site-packages/airflow/example_dags/tutorial.py
[2024-05-05T10:52:45.943+0000] {processor.py:840} INFO - DAG(s) 'tutorial' retrieved from /home/airflow/.local/lib/python3.12/site-packages/airflow/example_dags/tutorial.py
[2024-05-05T10:52:45.965+0000] {logging_mixin.py:188} INFO - [2024-05-05T10:52:45.965+0000] {dag.py:3096} INFO - Sync 1 DAGs
[2024-05-05T10:52:45.991+0000] {logging_mixin.py:188} INFO - [2024-05-05T10:52:45.991+0000] {dag.py:3954} INFO - Setting next_dagrun for tutorial to 2024-05-04 00:00:00+00:00, run_after=2024-05-05 00:00:00+00:00
[2024-05-05T10:52:46.018+0000] {processor.py:183} INFO - Processing /home/airflow/.local/lib/python3.12/site-packages/airflow/example_dags/tutorial.py took 0.100 seconds
[2024-05-05T10:53:16.704+0000] {processor.py:161} INFO - Started process (PID=18293) to work on /home/airflow/.local/lib/python3.12/site-packages/airflow/example_dags/tutorial.py
[2024-05-05T10:53:16.705+0000] {processor.py:830} INFO - Processing file /home/airflow/.local/lib/python3.12/site-packages/airflow/example_dags/tutorial.py for tasks to queue
[2024-05-05T10:53:16.706+0000] {logging_mixin.py:188} INFO - [2024-05-05T10:53:16.706+0000] {dagbag.py:540} INFO - Filling up the DagBag from /home/airflow/.local/lib/python3.12/site-packages/airflow/example_dags/tutorial.py
[2024-05-05T10:53:16.713+0000] {processor.py:840} INFO - DAG(s) 'tutorial' retrieved from /home/airflow/.local/lib/python3.12/site-packages/airflow/example_dags/tutorial.py
[2024-05-05T10:53:16.735+0000] {logging_mixin.py:188} INFO - [2024-05-05T10:53:16.735+0000] {dag.py:3096} INFO - Sync 1 DAGs
[2024-05-05T10:53:16.764+0000] {logging_mixin.py:188} INFO - [2024-05-05T10:53:16.764+0000] {dag.py:3954} INFO - Setting next_dagrun for tutorial to 2024-05-04 00:00:00+00:00, run_after=2024-05-05 00:00:00+00:00
[2024-05-05T10:53:16.812+0000] {processor.py:183} INFO - Processing /home/airflow/.local/lib/python3.12/site-packages/airflow/example_dags/tutorial.py took 0.115 seconds
[2024-05-05T10:53:47.657+0000] {processor.py:161} INFO - Started process (PID=18576) to work on /home/airflow/.local/lib/python3.12/site-packages/airflow/example_dags/tutorial.py
[2024-05-05T10:53:47.658+0000] {processor.py:830} INFO - Processing file /home/airflow/.local/lib/python3.12/site-packages/airflow/example_dags/tutorial.py for tasks to queue
[2024-05-05T10:53:47.660+0000] {logging_mixin.py:188} INFO - [2024-05-05T10:53:47.659+0000] {dagbag.py:540} INFO - Filling up the DagBag from /home/airflow/.local/lib/python3.12/site-packages/airflow/example_dags/tutorial.py
[2024-05-05T10:53:47.666+0000] {processor.py:840} INFO - DAG(s) 'tutorial' retrieved from /home/airflow/.local/lib/python3.12/site-packages/airflow/example_dags/tutorial.py
[2024-05-05T10:53:47.689+0000] {logging_mixin.py:188} INFO - [2024-05-05T10:53:47.688+0000] {dag.py:3096} INFO - Sync 1 DAGs
[2024-05-05T10:53:47.715+0000] {logging_mixin.py:188} INFO - [2024-05-05T10:53:47.715+0000] {dag.py:3954} INFO - Setting next_dagrun for tutorial to 2024-05-04 00:00:00+00:00, run_after=2024-05-05 00:00:00+00:00
[2024-05-05T10:53:47.741+0000] {processor.py:183} INFO - Processing /home/airflow/.local/lib/python3.12/site-packages/airflow/example_dags/tutorial.py took 0.091 seconds
[2024-05-05T10:54:20.186+0000] {processor.py:161} INFO - Started process (PID=18874) to work on /home/airflow/.local/lib/python3.12/site-packages/airflow/example_dags/tutorial.py
[2024-05-05T10:54:20.187+0000] {processor.py:830} INFO - Processing file /home/airflow/.local/lib/python3.12/site-packages/airflow/example_dags/tutorial.py for tasks to queue
[2024-05-05T10:54:20.196+0000] {logging_mixin.py:188} INFO - [2024-05-05T10:54:20.196+0000] {dagbag.py:540} INFO - Filling up the DagBag from /home/airflow/.local/lib/python3.12/site-packages/airflow/example_dags/tutorial.py
[2024-05-05T10:54:20.245+0000] {processor.py:840} INFO - DAG(s) 'tutorial' retrieved from /home/airflow/.local/lib/python3.12/site-packages/airflow/example_dags/tutorial.py
[2024-05-05T10:54:20.464+0000] {logging_mixin.py:188} INFO - [2024-05-05T10:54:20.464+0000] {dag.py:3096} INFO - Sync 1 DAGs
[2024-05-05T10:54:20.805+0000] {logging_mixin.py:188} INFO - [2024-05-05T10:54:20.804+0000] {dag.py:3954} INFO - Setting next_dagrun for tutorial to 2024-05-04 00:00:00+00:00, run_after=2024-05-05 00:00:00+00:00
[2024-05-05T10:54:20.984+0000] {processor.py:183} INFO - Processing /home/airflow/.local/lib/python3.12/site-packages/airflow/example_dags/tutorial.py took 0.823 seconds
[2024-05-05T10:54:51.465+0000] {processor.py:161} INFO - Started process (PID=19190) to work on /home/airflow/.local/lib/python3.12/site-packages/airflow/example_dags/tutorial.py
[2024-05-05T10:54:51.465+0000] {processor.py:830} INFO - Processing file /home/airflow/.local/lib/python3.12/site-packages/airflow/example_dags/tutorial.py for tasks to queue
[2024-05-05T10:54:51.467+0000] {logging_mixin.py:188} INFO - [2024-05-05T10:54:51.467+0000] {dagbag.py:540} INFO - Filling up the DagBag from /home/airflow/.local/lib/python3.12/site-packages/airflow/example_dags/tutorial.py
[2024-05-05T10:54:51.471+0000] {processor.py:840} INFO - DAG(s) 'tutorial' retrieved from /home/airflow/.local/lib/python3.12/site-packages/airflow/example_dags/tutorial.py
[2024-05-05T10:54:51.488+0000] {logging_mixin.py:188} INFO - [2024-05-05T10:54:51.488+0000] {dag.py:3096} INFO - Sync 1 DAGs
[2024-05-05T10:54:51.508+0000] {logging_mixin.py:188} INFO - [2024-05-05T10:54:51.508+0000] {dag.py:3954} INFO - Setting next_dagrun for tutorial to 2024-05-04 00:00:00+00:00, run_after=2024-05-05 00:00:00+00:00
[2024-05-05T10:54:51.528+0000] {processor.py:183} INFO - Processing /home/airflow/.local/lib/python3.12/site-packages/airflow/example_dags/tutorial.py took 0.068 seconds
[2024-05-05T10:55:22.283+0000] {processor.py:161} INFO - Started process (PID=19467) to work on /home/airflow/.local/lib/python3.12/site-packages/airflow/example_dags/tutorial.py
[2024-05-05T10:55:22.284+0000] {processor.py:830} INFO - Processing file /home/airflow/.local/lib/python3.12/site-packages/airflow/example_dags/tutorial.py for tasks to queue
[2024-05-05T10:55:22.286+0000] {logging_mixin.py:188} INFO - [2024-05-05T10:55:22.286+0000] {dagbag.py:540} INFO - Filling up the DagBag from /home/airflow/.local/lib/python3.12/site-packages/airflow/example_dags/tutorial.py
[2024-05-05T10:55:22.290+0000] {processor.py:840} INFO - DAG(s) 'tutorial' retrieved from /home/airflow/.local/lib/python3.12/site-packages/airflow/example_dags/tutorial.py
[2024-05-05T10:55:22.308+0000] {logging_mixin.py:188} INFO - [2024-05-05T10:55:22.307+0000] {dag.py:3096} INFO - Sync 1 DAGs
[2024-05-05T10:55:22.331+0000] {logging_mixin.py:188} INFO - [2024-05-05T10:55:22.329+0000] {dag.py:3954} INFO - Setting next_dagrun for tutorial to 2024-05-04 00:00:00+00:00, run_after=2024-05-05 00:00:00+00:00
[2024-05-05T10:55:22.358+0000] {processor.py:183} INFO - Processing /home/airflow/.local/lib/python3.12/site-packages/airflow/example_dags/tutorial.py took 0.081 seconds
