[2024-05-05T10:23:07.779+0000] {local_task_job_runner.py:120} INFO - ::group::Pre task execution logs
[2024-05-05T10:23:07.824+0000] {taskinstance.py:2073} INFO - Dependencies all met for dep_context=non-requeueable deps ti=<TaskInstance: example_complex.list_tags_result manual__2024-05-05T10:22:28.612296+00:00 [queued]>
[2024-05-05T10:23:07.835+0000] {taskinstance.py:2073} INFO - Dependencies all met for dep_context=requeueable deps ti=<TaskInstance: example_complex.list_tags_result manual__2024-05-05T10:22:28.612296+00:00 [queued]>
[2024-05-05T10:23:07.836+0000] {taskinstance.py:2303} INFO - Starting attempt 1 of 1
[2024-05-05T10:23:07.858+0000] {taskinstance.py:2327} INFO - Executing <Task(BashOperator): list_tags_result> on 2024-05-05 10:22:28.612296+00:00
[2024-05-05T10:23:07.877+0000] {logging_mixin.py:188} WARNING - /home/***/.local/lib/python3.12/site-packages/***/task/task_runner/standard_task_runner.py:61 DeprecationWarning: This process (pid=2368) is multi-threaded, use of fork() may lead to deadlocks in the child.
[2024-05-05T10:23:07.878+0000] {standard_task_runner.py:63} INFO - Started process 2376 to run task
[2024-05-05T10:23:07.884+0000] {standard_task_runner.py:90} INFO - Running: ['***', 'tasks', 'run', 'example_complex', 'list_tags_result', 'manual__2024-05-05T10:22:28.612296+00:00', '--job-id', '33', '--raw', '--subdir', '/home/***/.local/lib/python3.12/site-packages/***/example_dags/example_complex.py', '--cfg-path', '/tmp/tmp8o23opo8']
[2024-05-05T10:23:07.886+0000] {standard_task_runner.py:91} INFO - Job 33: Subtask list_tags_result
[2024-05-05T10:23:07.948+0000] {task_command.py:426} INFO - Running <TaskInstance: example_complex.list_tags_result manual__2024-05-05T10:22:28.612296+00:00 [running]> on host b2b5d11d7cf5
[2024-05-05T10:23:08.093+0000] {taskinstance.py:2644} INFO - Exporting env vars: AIRFLOW_CTX_DAG_OWNER='***' AIRFLOW_CTX_DAG_ID='example_complex' AIRFLOW_CTX_TASK_ID='list_tags_result' AIRFLOW_CTX_EXECUTION_DATE='2024-05-05T10:22:28.612296+00:00' AIRFLOW_CTX_TRY_NUMBER='1' AIRFLOW_CTX_DAG_RUN_ID='manual__2024-05-05T10:22:28.612296+00:00'
[2024-05-05T10:23:08.095+0000] {taskinstance.py:430} INFO - ::endgroup::
[2024-05-05T10:23:08.096+0000] {subprocess.py:63} INFO - Tmp dir root location: /tmp
[2024-05-05T10:23:08.097+0000] {subprocess.py:75} INFO - Running command: ['/usr/bin/bash', '-c', 'echo list_tags_result']
[2024-05-05T10:23:08.119+0000] {subprocess.py:86} INFO - Output:
[2024-05-05T10:23:08.122+0000] {subprocess.py:93} INFO - list_tags_result
[2024-05-05T10:23:08.123+0000] {subprocess.py:97} INFO - Command exited with return code 0
[2024-05-05T10:23:08.123+0000] {taskinstance.py:441} INFO - ::group::Post task execution logs
[2024-05-05T10:23:08.169+0000] {taskinstance.py:1205} INFO - Marking task as SUCCESS. dag_id=example_complex, task_id=list_tags_result, execution_date=20240505T102228, start_date=20240505T102307, end_date=20240505T102308
[2024-05-05T10:23:08.219+0000] {local_task_job_runner.py:240} INFO - Task exited with return code 0
[2024-05-05T10:23:08.268+0000] {taskinstance.py:3482} INFO - 0 downstream tasks scheduled from follow-on schedule check
[2024-05-05T10:23:08.288+0000] {local_task_job_runner.py:222} INFO - ::endgroup::
